*** /d0library/admin/tmp/d0librar/error_filter/27307/non_error.log	Sat Jul 12 04:18:48 1997
--- /d0library/admin/tmp/d0librar/error_filter/27307/error.log	Sat Jul 12 04:18:47 1997
***************
*** 3328,3333 ****
--- 3328,3334 ----
  
  
  
+ /usr/lib/ar: Warning:ignoring second definition of checksum32_ defined in archive
  
  
  
***************
*** 3342,3347 ****
--- 3343,3349 ----
  
  
  
+ /usr/lib/ar: Warning:ignoring second definition of checksum32_ defined in archive
  
  
  
***************
*** 3356,3361 ****
--- 3358,3364 ----
  
  
  
+ /usr/lib/ar: Warning:ignoring second definition of checksum32_ defined in archive
  
  
  
***************
*** 3370,3375 ****
--- 3373,3379 ----
  
  
  
+ /usr/lib/ar: Warning:ignoring second definition of checksum32_ defined in archive
  
  
  
***************
*** 3384,3389 ****
--- 3388,3394 ----
  
  
  
+ /usr/lib/ar: Warning:ignoring second definition of checksum32_ defined in archive
  
  
  
***************
*** 3398,3403 ****
--- 3403,3409 ----
  
  
  
+ /usr/lib/ar: Warning:ignoring second definition of checksum32_ defined in archive
  
  
  
***************
*** 3412,3417 ****
--- 3418,3424 ----
  
  
  
+ /usr/lib/ar: Warning:ignoring second definition of checksum32_ defined in archive
  
  
  
***************
*** 3426,3431 ****
--- 3433,3439 ----
  
  
  
+ /usr/lib/ar: Warning:ignoring second definition of checksum32_ defined in archive
  
  
  
***************
*** 3440,3445 ****
--- 3448,3454 ----
  
  
  
+ /usr/lib/ar: Warning:ignoring second definition of checksum32_ defined in archive
  
  
  
***************
*** 3454,3459 ****
--- 3463,3469 ----
  
  
  
+ /usr/lib/ar: Warning:ignoring second definition of checksum32_ defined in archive
  
  
  
***************
*** 3468,3473 ****
--- 3478,3484 ----
  
  
  
+ /usr/lib/ar: Warning:ignoring second definition of checksum32_ defined in archive
  
  
  
***************
*** 3482,3487 ****
--- 3493,3499 ----
  
  
  
+ /usr/lib/ar: Warning:ignoring second definition of checksum32_ defined in archive
  
  
  
***************
*** 3496,3501 ****
--- 3508,3514 ----
  
  
  
+ /usr/lib/ar: Warning:ignoring second definition of checksum32_ defined in archive
  
  
  
***************
*** 3510,3515 ****
--- 3523,3529 ----
  
  
  
+ /usr/lib/ar: Warning:ignoring second definition of checksum32_ defined in archive
  
  
  
***************
*** 3524,3529 ****
--- 3538,3544 ----
  
  
  
+ /usr/lib/ar: Warning:ignoring second definition of checksum32_ defined in archive
  
  Copying modules from deb_zebra_util.a into /d0library/general/deb_general.a
  
***************
*** 3539,3544 ****
--- 3554,3560 ----
  
  
  
+ /usr/lib/ar: Warning:ignoring second definition of checksum32_ defined in archive
  
  
  
***************
*** 3553,3558 ****
--- 3569,3575 ----
  
  
  
+ /usr/lib/ar: Warning:ignoring second definition of checksum32_ defined in archive
  
  
  
***************
*** 3567,3572 ****
--- 3584,3590 ----
  
  
  
+ /usr/lib/ar: Warning:ignoring second definition of checksum32_ defined in archive
  
  
  
***************
*** 3581,3586 ****
--- 3599,3605 ----
  
  
  
+ /usr/lib/ar: Warning:ignoring second definition of checksum32_ defined in archive
  
  
  
***************
*** 3595,3600 ****
--- 3614,3620 ----
  
  
  
+ /usr/lib/ar: Warning:ignoring second definition of checksum32_ defined in archive
  
  
  
***************
*** 3609,3614 ****
--- 3629,3635 ----
  
  
  
+ /usr/lib/ar: Warning:ignoring second definition of checksum32_ defined in archive
  
  
  
***************
*** 3623,3628 ****
--- 3644,3650 ----
  
  
  
+ /usr/lib/ar: Warning:ignoring second definition of checksum32_ defined in archive
  
  
  
***************
*** 3637,3642 ****
--- 3659,3665 ----
  
  
  
+ /usr/lib/ar: Warning:ignoring second definition of checksum32_ defined in archive
  
  
  
***************
*** 3651,3656 ****
--- 3674,3680 ----
  
  
  
+ /usr/lib/ar: Warning:ignoring second definition of checksum32_ defined in archive
  
  
  
***************
*** 3665,3670 ****
--- 3689,3695 ----
  
  
  
+ /usr/lib/ar: Warning:ignoring second definition of checksum32_ defined in archive
  
  
  
***************
*** 3679,3684 ****
--- 3704,3710 ----
  
  
  
+ /usr/lib/ar: Warning:ignoring second definition of checksum32_ defined in archive
  
  
  
***************
*** 3693,3698 ****
--- 3719,3725 ----
  
  
  
+ /usr/lib/ar: Warning:ignoring second definition of checksum32_ defined in archive
  
  
  
***************
*** 3707,3712 ****
--- 3734,3740 ----
  
  
  
+ /usr/lib/ar: Warning:ignoring second definition of checksum32_ defined in archive
  
  
  
***************
*** 3721,3726 ****
--- 3749,3755 ----
  
  
  
+ /usr/lib/ar: Warning:ignoring second definition of checksum32_ defined in archive
  
  
  
***************
*** 3735,3740 ****
--- 3764,3770 ----
  
  
  
+ /usr/lib/ar: Warning:ignoring second definition of checksum32_ defined in archive
  
  ff: file not found: /d0library/test/unix/lib/zebra_util_release /d0library/unix/lib/zebra_util_release /d0library/scratch/zebra_util/zebra_util_release
  Deleting old contents of library.
