NEW test_release test_root= /d0library/test/pbd
d0scratch= /d0library/scratch/test
official_root=/d0library/pbd
Fetching files from d0$disk:[d0library.test.pbd...]*.*
Getting list of VMS files and types
8 text files to fetch
Checking directories
Fetching text files
cd d0$disk:[d0library.test.pbd]
lcd /d0library/scratch/test/pbd
ascii
get []000_pbd_v1.12_02;1 000_pbd_v1.12_02
get []cafix.pbd;1 cafix.pbd
get []cms_groups.list;1 cms_groups.list
get []entry_point_lib.lis;1 entry_point_lib.lis
get []make_udst.pbd;1 make_udst.pbd
get []pbd.mms;1 pbd.mms
get []pbd.release;1 pbd.release
get []v1.12_02-rel_notes;1 v1.12_02-rel_notes
Local directory now /d0library/scratch/test/pbd
Checking for executable shell scripts
0 menu files to fetch
0 fx files to fetch
0 fg files to fetch
0 fn files to fetch
0 rr files to fetch
0 rl files to fetch
0 re files to fetch
0 rz files to fetch
ff: file not found: /d0library/test/unix/lib/pbd_pre_release /d0library/unix/lib/pbd_pre_release /d0library/scratch/test/pbd/pbd_pre_release /d0library/pbd/pbd_pre_release
Obsolete phase
Generating debug makefile
Library section:  pbd
Root directory:   /d0library/scratch/test/pbd
Generating preprocessor dependencies
vff: file not found: 
Generating source list
UX:make: WARNING: No suffix list.
UX:make: WARNING: No suffix list.
UX:make: WARNING: No suffix list.
Generating non-debug makefile
Library section:  pbd
Root directory:   /d0library/scratch/test/pbd
Generating preprocessor dependencies
vff: file not found: 
Generating source list
UX:make: WARNING: No suffix list.
Inserting version subroutines into libraries
ff: file not found: v*.for
 Execute 
ff: file not found: /d0library/test/unix/lib/pbd_release /d0library/unix/lib/pbd_release /d0library/scratch/test/pbd/pbd_release /d0library/pbd/pbd_release
Deleting old contents of library.
Moving files from scratch to test area.
