Getting list of VMS files and types
51 text files to fetch
Checking directories
Creating /d0library/scratch/errmsg_util/docs
Creating /d0library/scratch/errmsg_util/params
Creating /d0library/scratch/errmsg_util/source
Fetching text files
cd d0$disk:[d0library.errmsg_util]
lcd /d0library/scratch/errmsg_util
ascii
get []000_errmsg_util_v1.29;1 000_errmsg_util_v1.29
get []cms_groups.list;1 cms_groups.list
get []errmsg_example.com;1 errmsg_example.com
get []errmsg_test.com;1 errmsg_test.com
get []errmsg_util.mem;2 errmsg_util.mem
get []errmsg_util.mms;1 errmsg_util.mms
get []errmsg_util.release;1 errmsg_util.release
get []v1.0-rel_notes;1 v1.0-rel_notes
get []v1.1-rel_notes;1 v1.1-rel_notes
get []v1.11-rel_notes;1 v1.11-rel_notes
get []v1.20-rel_notes;1 v1.20-rel_notes
get []v1.21-rel_notes;1 v1.21-rel_notes
get []v1.22-rel_notes;1 v1.22-rel_notes
get []v1.23-rel_notes;1 v1.23-rel_notes
get []v1.24-rel_notes;1 v1.24-rel_notes
get []v1.25-rel_notes;1 v1.25-rel_notes
get []v1.26-rel_notes;1 v1.26-rel_notes
get []v1.27-rel_notes;1 v1.27-rel_notes
get []v1.28-rel_notes;1 v1.28-rel_notes
get []v1.29-rel_notes;1 v1.29-rel_notes
get []verrmsg_util.for;1 verrmsg_util.for
get [.docs]errmsg_util.rno;1 docs/errmsg_util.rno
get [.params]errmsg.params;1 params/errmsg.params
get [.source]bkermg.for;1 source/bkermg.for
get [.source]elogwr.for;1 source/elogwr.for
get [.source]ermgfl.for;1 source/ermgfl.for
get [.source]errclr.for;1 source/errclr.for
get [.source]errdsp.for;1 source/errdsp.for
get [.source]errfat.for;1 source/errfat.for
get [.source]errfnd.for;1 source/errfnd.for
get [.source]errget.for;1 source/errget.for
get [.source]errhan_e.for;1 source/errhan_e.for
get [.source]errini.for;1 source/errini.for
get [.source]errins.for;1 source/errins.for
get [.source]errint.for;1 source/errint.for
get [.source]errlog.for;1 source/errlog.for
get [.source]errmax.for;1 source/errmax.for
get [.source]errmax_rcp.for;1 source/errmax_rcp.for
get [.source]errmsg.for;1 source/errmsg.for
get [.source]errmsg.rcp;1 source/errmsg.rcp
get [.source]errmsg_example.com;1 source/errmsg_example.com
get [.source]errmsg_example.for;1 source/errmsg_example.for
get [.source]errmsg_test.com;1 source/errmsg_test.com
get [.source]errmsg_test.for;1 source/errmsg_test.for
get [.source]errmzb.for;1 source/errmzb.for
get [.source]errscr.for;1 source/errscr.for
get [.source]errsum.for;1 source/errsum.for
get [.source]errwrn.for;1 source/errwrn.for
get [.source]ewrnwr.for;1 source/ewrnwr.for
get [.source]gzermg.for;1 source/gzermg.for
get [.source]prermg.for;1 source/prermg.for
Local directory now /d0library/scratch/errmsg_util
Checking for executable shell scripts
0 menu files to fetch
0 fx files to fetch
0 fg files to fetch
0 fn files to fetch
0 rr files to fetch
0 rl files to fetch
0 re files to fetch
0 rz files to fetch
ff: file not found: /d0library/test/unix/lib/errmsg_util_pre_release /d0library/unix/lib/errmsg_util_pre_release /d0library/scratch/errmsg_util/errmsg_util_pre_release
Generating debug makefile
Library section:  errmsg_util
Root directory:   /d0library/scratch/errmsg_util
Scanning source files for parent library errmsg_util
Checking uniqueness
23 source files
23 archive files
Uniqueness OK
Generating dependencies for deb_errmsg_util.a
Generating dependencies for debug object files
Generating preprocessor dependencies
Generating source list
UX:make: WARNING: No suffix list.
	touch /d0library/scratch/errmsg_util/source/bkermg.for
	touch /d0library/scratch/errmsg_util/source/elogwr.for
	touch /d0library/scratch/errmsg_util/source/ermgfl.for
	touch /d0library/scratch/errmsg_util/source/errclr.for
	touch /d0library/scratch/errmsg_util/source/errdsp.for
	touch /d0library/scratch/errmsg_util/source/errfat.for
	touch /d0library/scratch/errmsg_util/source/errfnd.for
	touch /d0library/scratch/errmsg_util/source/errget.for
	touch /d0library/scratch/errmsg_util/source/errhan_e.for
	touch /d0library/scratch/errmsg_util/source/errini.for
	touch /d0library/scratch/errmsg_util/source/errins.for
	touch /d0library/scratch/errmsg_util/source/errint.for
	touch /d0library/scratch/errmsg_util/source/errlog.for
	touch /d0library/scratch/errmsg_util/source/errmax.for
	touch /d0library/scratch/errmsg_util/source/errmax_rcp.for
	touch /d0library/scratch/errmsg_util/source/errmsg.for
	touch /d0library/scratch/errmsg_util/source/errmzb.for
	touch /d0library/scratch/errmsg_util/source/errscr.for
	touch /d0library/scratch/errmsg_util/source/errsum.for
	touch /d0library/scratch/errmsg_util/source/errwrn.for
	touch /d0library/scratch/errmsg_util/source/ewrnwr.for
	touch /d0library/scratch/errmsg_util/source/gzermg.for
	touch /d0library/scratch/errmsg_util/source/prermg.for
UX:make: WARNING: No suffix list.
	tasteofd0 SIUNIX < /d0library/scratch/errmsg_util/source/bkermg.for | vmstounix > /d0library/scratch/errmsg_util/source/bkermg.f
	tasteofd0 SIUNIX < /d0library/scratch/errmsg_util/source/elogwr.for | vmstounix > /d0library/scratch/errmsg_util/source/elogwr.f
	tasteofd0 SIUNIX < /d0library/scratch/errmsg_util/source/ermgfl.for | vmstounix > /d0library/scratch/errmsg_util/source/ermgfl.f
	tasteofd0 SIUNIX < /d0library/scratch/errmsg_util/source/errclr.for | vmstounix > /d0library/scratch/errmsg_util/source/errclr.f
	tasteofd0 SIUNIX < /d0library/scratch/errmsg_util/source/errdsp.for | vmstounix > /d0library/scratch/errmsg_util/source/errdsp.f
	tasteofd0 SIUNIX < /d0library/scratch/errmsg_util/source/errfat.for | vmstounix > /d0library/scratch/errmsg_util/source/errfat.f
	tasteofd0 SIUNIX < /d0library/scratch/errmsg_util/source/errfnd.for | vmstounix > /d0library/scratch/errmsg_util/source/errfnd.f
	tasteofd0 SIUNIX < /d0library/scratch/errmsg_util/source/errget.for | vmstounix > /d0library/scratch/errmsg_util/source/errget.f
	tasteofd0 SIUNIX < /d0library/scratch/errmsg_util/source/errhan_e.for | vmstounix > /d0library/scratch/errmsg_util/source/errhan_e.f
	tasteofd0 SIUNIX < /d0library/scratch/errmsg_util/source/errini.for | vmstounix > /d0library/scratch/errmsg_util/source/errini.f
	tasteofd0 SIUNIX < /d0library/scratch/errmsg_util/source/errins.for | vmstounix > /d0library/scratch/errmsg_util/source/errins.f
	tasteofd0 SIUNIX < /d0library/scratch/errmsg_util/source/errint.for | vmstounix > /d0library/scratch/errmsg_util/source/errint.f
	tasteofd0 SIUNIX < /d0library/scratch/errmsg_util/source/errlog.for | vmstounix > /d0library/scratch/errmsg_util/source/errlog.f
	tasteofd0 SIUNIX < /d0library/scratch/errmsg_util/source/errmax.for | vmstounix > /d0library/scratch/errmsg_util/source/errmax.f
	tasteofd0 SIUNIX < /d0library/scratch/errmsg_util/source/errmax_rcp.for | vmstounix > /d0library/scratch/errmsg_util/source/errmax_rcp.f
	tasteofd0 SIUNIX < /d0library/scratch/errmsg_util/source/errmsg.for | vmstounix > /d0library/scratch/errmsg_util/source/errmsg.f
	tasteofd0 SIUNIX < /d0library/scratch/errmsg_util/source/errmzb.for | vmstounix > /d0library/scratch/errmsg_util/source/errmzb.f
	tasteofd0 SIUNIX < /d0library/scratch/errmsg_util/source/errscr.for | vmstounix > /d0library/scratch/errmsg_util/source/errscr.f
	tasteofd0 SIUNIX < /d0library/scratch/errmsg_util/source/errsum.for | vmstounix > /d0library/scratch/errmsg_util/source/errsum.f
	tasteofd0 SIUNIX < /d0library/scratch/errmsg_util/source/errwrn.for | vmstounix > /d0library/scratch/errmsg_util/source/errwrn.f
	tasteofd0 SIUNIX < /d0library/scratch/errmsg_util/source/ewrnwr.for | vmstounix > /d0library/scratch/errmsg_util/source/ewrnwr.f
	tasteofd0 SIUNIX < /d0library/scratch/errmsg_util/source/gzermg.for | vmstounix > /d0library/scratch/errmsg_util/source/gzermg.f
	tasteofd0 SIUNIX < /d0library/scratch/errmsg_util/source/prermg.for | vmstounix > /d0library/scratch/errmsg_util/source/prermg.f
UX:make: WARNING: No suffix list.
	rmdirp /d0library/admin/tmp/d0librar/mmstomake/errmsg_util/errmsg_util
	mkdirp /d0library/admin/tmp/d0librar/mmstomake/errmsg_util/errmsg_util/a1
	mkdirp /d0library/admin/tmp/d0librar/mmstomake/errmsg_util/errmsg_util/a2
	(cd /d0library/scratch;\
	f77 -c -nocpp -static -col72 -backslash -G 0 -Olimit 2500 -Wo,-loopunroll,2 -O0 -g2 errmsg_util/source/bkermg.f ;\
	mv bkermg.o /d0library/admin/tmp/d0librar/mmstomake/errmsg_util/errmsg_util/a1/bkermg.o ;\
	)
	(cd /d0library/scratch;\
	f77 -c -nocpp -static -col72 -backslash -G 0 -Olimit 2500 -Wo,-loopunroll,2 -O0 -g2 errmsg_util/source/elogwr.f ;\
	mv elogwr.o /d0library/admin/tmp/d0librar/mmstomake/errmsg_util/errmsg_util/a1/elogwr.o ;\
	)
	(cd /d0library/scratch;\
	f77 -c -nocpp -static -col72 -backslash -G 0 -Olimit 2500 -Wo,-loopunroll,2 -O0 -g2 errmsg_util/source/ermgfl.f ;\
	mv ermgfl.o /d0library/admin/tmp/d0librar/mmstomake/errmsg_util/errmsg_util/a1/ermgfl.o ;\
	)
	(cd /d0library/scratch;\
	f77 -c -nocpp -static -col72 -backslash -G 0 -Olimit 2500 -Wo,-loopunroll,2 -O0 -g2 errmsg_util/source/errclr.f ;\
	mv errclr.o /d0library/admin/tmp/d0librar/mmstomake/errmsg_util/errmsg_util/a1/errclr.o ;\
	)
	(cd /d0library/scratch;\
	f77 -c -nocpp -static -col72 -backslash -G 0 -Olimit 2500 -Wo,-loopunroll,2 -O0 -g2 errmsg_util/source/errdsp.f ;\
	mv errdsp.o /d0library/admin/tmp/d0librar/mmstomake/errmsg_util/errmsg_util/a1/errdsp.o ;\
	)
	(cd /d0library/scratch;\
	f77 -c -nocpp -static -col72 -backslash -G 0 -Olimit 2500 -Wo,-loopunroll,2 -O0 -g2 errmsg_util/source/errfat.f ;\
	mv errfat.o /d0library/admin/tmp/d0librar/mmstomake/errmsg_util/errmsg_util/a1/errfat.o ;\
	)
	(cd /d0library/scratch;\
	f77 -c -nocpp -static -col72 -backslash -G 0 -Olimit 2500 -Wo,-loopunroll,2 -O0 -g2 errmsg_util/source/errfnd.f ;\
	mv errfnd.o /d0library/admin/tmp/d0librar/mmstomake/errmsg_util/errmsg_util/a1/errfnd.o ;\
	)
	(cd /d0library/scratch;\
	f77 -c -nocpp -static -col72 -backslash -G 0 -Olimit 2500 -Wo,-loopunroll,2 -O0 -g2 errmsg_util/source/errget.f ;\
	mv errget.o /d0library/admin/tmp/d0librar/mmstomake/errmsg_util/errmsg_util/a1/errget.o ;\
	)
	(cd /d0library/scratch;\
	f77 -c -nocpp -static -col72 -backslash -G 0 -Olimit 2500 -Wo,-loopunroll,2 -O0 -g2 errmsg_util/source/errhan_e.f ;\
	mv errhan_e.o /d0library/admin/tmp/d0librar/mmstomake/errmsg_util/errmsg_util/a1/errhan_e.o ;\
	)
	(cd /d0library/scratch;\
	f77 -c -nocpp -static -col72 -backslash -G 0 -Olimit 2500 -Wo,-loopunroll,2 -O0 -g2 errmsg_util/source/errini.f ;\
	mv errini.o /d0library/admin/tmp/d0librar/mmstomake/errmsg_util/errmsg_util/a1/errini.o ;\
	)
	(cd /d0library/scratch;\
	f77 -c -nocpp -static -col72 -backslash -G 0 -Olimit 2500 -Wo,-loopunroll,2 -O0 -g2 errmsg_util/source/errins.f ;\
	mv errins.o /d0library/admin/tmp/d0librar/mmstomake/errmsg_util/errmsg_util/a1/errins.o ;\
	)
	(cd /d0library/scratch;\
	f77 -c -nocpp -static -col72 -backslash -G 0 -Olimit 2500 -Wo,-loopunroll,2 -O0 -g2 errmsg_util/source/errint.f ;\
	mv errint.o /d0library/admin/tmp/d0librar/mmstomake/errmsg_util/errmsg_util/a1/errint.o ;\
	)
	(cd /d0library/scratch;\
	f77 -c -nocpp -static -col72 -backslash -G 0 -Olimit 2500 -Wo,-loopunroll,2 -O0 -g2 errmsg_util/source/errlog.f ;\
	mv errlog.o /d0library/admin/tmp/d0librar/mmstomake/errmsg_util/errmsg_util/a1/errlog.o ;\
	)
	(cd /d0library/scratch;\
	f77 -c -nocpp -static -col72 -backslash -G 0 -Olimit 2500 -Wo,-loopunroll,2 -O0 -g2 errmsg_util/source/errmax.f ;\
	mv errmax.o /d0library/admin/tmp/d0librar/mmstomake/errmsg_util/errmsg_util/a1/errmax.o ;\
	)
	(cd /d0library/scratch;\
	f77 -c -nocpp -static -col72 -backslash -G 0 -Olimit 2500 -Wo,-loopunroll,2 -O0 -g2 errmsg_util/source/errmax_rcp.f ;\
	mv errmax_rcp.o /d0library/admin/tmp/d0librar/mmstomake/errmsg_util/errmsg_util/a1/errmax_rcp.o ;\
	)
	(cd /d0library/scratch;\
	f77 -c -nocpp -static -col72 -backslash -G 0 -Olimit 2500 -Wo,-loopunroll,2 -O0 -g2 errmsg_util/source/errmsg.f ;\
	mv errmsg.o /d0library/admin/tmp/d0librar/mmstomake/errmsg_util/errmsg_util/a1/errmsg.o ;\
	)
	(cd /d0library/scratch;\
	f77 -c -nocpp -static -col72 -backslash -G 0 -Olimit 2500 -Wo,-loopunroll,2 -O0 -g2 errmsg_util/source/errmzb.f ;\
	mv errmzb.o /d0library/admin/tmp/d0librar/mmstomake/errmsg_util/errmsg_util/a1/errmzb.o ;\
	)
	(cd /d0library/scratch;\
	f77 -c -nocpp -static -col72 -backslash -G 0 -Olimit 2500 -Wo,-loopunroll,2 -O0 -g2 errmsg_util/source/errscr.f ;\
	mv errscr.o /d0library/admin/tmp/d0librar/mmstomake/errmsg_util/errmsg_util/a1/errscr.o ;\
	)
	(cd /d0library/scratch;\
	f77 -c -nocpp -static -col72 -backslash -G 0 -Olimit 2500 -Wo,-loopunroll,2 -O0 -g2 errmsg_util/source/errsum.f ;\
	mv errsum.o /d0library/admin/tmp/d0librar/mmstomake/errmsg_util/errmsg_util/a1/errsum.o ;\
	)
	(cd /d0library/scratch;\
	f77 -c -nocpp -static -col72 -backslash -G 0 -Olimit 2500 -Wo,-loopunroll,2 -O0 -g2 errmsg_util/source/errwrn.f ;\
	mv errwrn.o /d0library/admin/tmp/d0librar/mmstomake/errmsg_util/errmsg_util/a1/errwrn.o ;\
	)
	(cd /d0library/scratch;\
	f77 -c -nocpp -static -col72 -backslash -G 0 -Olimit 2500 -Wo,-loopunroll,2 -O0 -g2 errmsg_util/source/ewrnwr.f ;\
	mv ewrnwr.o /d0library/admin/tmp/d0librar/mmstomake/errmsg_util/errmsg_util/a2/ewrnwr.o ;\
	)
	(cd /d0library/scratch;\
	f77 -c -nocpp -static -col72 -backslash -G 0 -Olimit 2500 -Wo,-loopunroll,2 -O0 -g2 errmsg_util/source/gzermg.f ;\
	mv gzermg.o /d0library/admin/tmp/d0librar/mmstomake/errmsg_util/errmsg_util/a2/gzermg.o ;\
	)
	(cd /d0library/scratch;\
	f77 -c -nocpp -static -col72 -backslash -G 0 -Olimit 2500 -Wo,-loopunroll,2 -O0 -g2 errmsg_util/source/prermg.f ;\
	mv prermg.o /d0library/admin/tmp/d0librar/mmstomake/errmsg_util/errmsg_util/a2/prermg.o ;\
	)
	ar crsl /d0library/scratch/errmsg_util/deb_errmsg_util.a `ls /d0library/admin/tmp/d0librar/mmstomake/errmsg_util/errmsg_util/a1/*.o 2> /dev/null`
	ar crsl /d0library/scratch/errmsg_util/deb_errmsg_util.a `ls /d0library/admin/tmp/d0librar/mmstomake/errmsg_util/errmsg_util/a2/*.o 2> /dev/null`
	rmdirp /d0library/admin/tmp/d0librar/mmstomake/errmsg_util/errmsg_util
deb_errmsg_util.a is up to date
Generating non-debug makefile
Library section:  errmsg_util
Root directory:   /d0library/scratch/errmsg_util
Scanning source files for parent library errmsg_util
Checking uniqueness
23 source files
23 archive files
Uniqueness OK
Generating dependencies for errmsg_util.a
Generating dependencies for non-debug object files
Generating preprocessor dependencies
Generating source list
UX:make: WARNING: No suffix list.
	rmdirp /d0library/admin/tmp/d0librar/mmstomake/errmsg_util/errmsg_util
	mkdirp /d0library/admin/tmp/d0librar/mmstomake/errmsg_util/errmsg_util/a1
	mkdirp /d0library/admin/tmp/d0librar/mmstomake/errmsg_util/errmsg_util/a2
	(cd /d0library/scratch;\
	f77 -c -nocpp -static -col72 -backslash -G 0 -Olimit 2500 -Wo,-loopunroll,2 -O2 errmsg_util/source/bkermg.f ;\
	mv bkermg.o /d0library/admin/tmp/d0librar/mmstomake/errmsg_util/errmsg_util/a1/bkermg.o ;\
	)
	(cd /d0library/scratch;\
	f77 -c -nocpp -static -col72 -backslash -G 0 -Olimit 2500 -Wo,-loopunroll,2 -O2 errmsg_util/source/elogwr.f ;\
	mv elogwr.o /d0library/admin/tmp/d0librar/mmstomake/errmsg_util/errmsg_util/a1/elogwr.o ;\
	)
	(cd /d0library/scratch;\
	f77 -c -nocpp -static -col72 -backslash -G 0 -Olimit 2500 -Wo,-loopunroll,2 -O2 errmsg_util/source/ermgfl.f ;\
	mv ermgfl.o /d0library/admin/tmp/d0librar/mmstomake/errmsg_util/errmsg_util/a1/ermgfl.o ;\
	)
	(cd /d0library/scratch;\
	f77 -c -nocpp -static -col72 -backslash -G 0 -Olimit 2500 -Wo,-loopunroll,2 -O2 errmsg_util/source/errclr.f ;\
	mv errclr.o /d0library/admin/tmp/d0librar/mmstomake/errmsg_util/errmsg_util/a1/errclr.o ;\
	)
	(cd /d0library/scratch;\
	f77 -c -nocpp -static -col72 -backslash -G 0 -Olimit 2500 -Wo,-loopunroll,2 -O2 errmsg_util/source/errdsp.f ;\
	mv errdsp.o /d0library/admin/tmp/d0librar/mmstomake/errmsg_util/errmsg_util/a1/errdsp.o ;\
	)
	(cd /d0library/scratch;\
	f77 -c -nocpp -static -col72 -backslash -G 0 -Olimit 2500 -Wo,-loopunroll,2 -O2 errmsg_util/source/errfat.f ;\
	mv errfat.o /d0library/admin/tmp/d0librar/mmstomake/errmsg_util/errmsg_util/a1/errfat.o ;\
	)
	(cd /d0library/scratch;\
	f77 -c -nocpp -static -col72 -backslash -G 0 -Olimit 2500 -Wo,-loopunroll,2 -O2 errmsg_util/source/errfnd.f ;\
	mv errfnd.o /d0library/admin/tmp/d0librar/mmstomake/errmsg_util/errmsg_util/a1/errfnd.o ;\
	)
	(cd /d0library/scratch;\
	f77 -c -nocpp -static -col72 -backslash -G 0 -Olimit 2500 -Wo,-loopunroll,2 -O2 errmsg_util/source/errget.f ;\
	mv errget.o /d0library/admin/tmp/d0librar/mmstomake/errmsg_util/errmsg_util/a1/errget.o ;\
	)
	(cd /d0library/scratch;\
	f77 -c -nocpp -static -col72 -backslash -G 0 -Olimit 2500 -Wo,-loopunroll,2 -O2 errmsg_util/source/errhan_e.f ;\
	mv errhan_e.o /d0library/admin/tmp/d0librar/mmstomake/errmsg_util/errmsg_util/a1/errhan_e.o ;\
	)
	(cd /d0library/scratch;\
	f77 -c -nocpp -static -col72 -backslash -G 0 -Olimit 2500 -Wo,-loopunroll,2 -O2 errmsg_util/source/errini.f ;\
	mv errini.o /d0library/admin/tmp/d0librar/mmstomake/errmsg_util/errmsg_util/a1/errini.o ;\
	)
	(cd /d0library/scratch;\
	f77 -c -nocpp -static -col72 -backslash -G 0 -Olimit 2500 -Wo,-loopunroll,2 -O2 errmsg_util/source/errins.f ;\
	mv errins.o /d0library/admin/tmp/d0librar/mmstomake/errmsg_util/errmsg_util/a1/errins.o ;\
	)
	(cd /d0library/scratch;\
	f77 -c -nocpp -static -col72 -backslash -G 0 -Olimit 2500 -Wo,-loopunroll,2 -O2 errmsg_util/source/errint.f ;\
	mv errint.o /d0library/admin/tmp/d0librar/mmstomake/errmsg_util/errmsg_util/a1/errint.o ;\
	)
	(cd /d0library/scratch;\
	f77 -c -nocpp -static -col72 -backslash -G 0 -Olimit 2500 -Wo,-loopunroll,2 -O2 errmsg_util/source/errlog.f ;\
	mv errlog.o /d0library/admin/tmp/d0librar/mmstomake/errmsg_util/errmsg_util/a1/errlog.o ;\
	)
	(cd /d0library/scratch;\
	f77 -c -nocpp -static -col72 -backslash -G 0 -Olimit 2500 -Wo,-loopunroll,2 -O2 errmsg_util/source/errmax.f ;\
	mv errmax.o /d0library/admin/tmp/d0librar/mmstomake/errmsg_util/errmsg_util/a1/errmax.o ;\
	)
	(cd /d0library/scratch;\
	f77 -c -nocpp -static -col72 -backslash -G 0 -Olimit 2500 -Wo,-loopunroll,2 -O2 errmsg_util/source/errmax_rcp.f ;\
	mv errmax_rcp.o /d0library/admin/tmp/d0librar/mmstomake/errmsg_util/errmsg_util/a1/errmax_rcp.o ;\
	)
	(cd /d0library/scratch;\
	f77 -c -nocpp -static -col72 -backslash -G 0 -Olimit 2500 -Wo,-loopunroll,2 -O2 errmsg_util/source/errmsg.f ;\
	mv errmsg.o /d0library/admin/tmp/d0librar/mmstomake/errmsg_util/errmsg_util/a1/errmsg.o ;\
	)
	(cd /d0library/scratch;\
	f77 -c -nocpp -static -col72 -backslash -G 0 -Olimit 2500 -Wo,-loopunroll,2 -O2 errmsg_util/source/errmzb.f ;\
	mv errmzb.o /d0library/admin/tmp/d0librar/mmstomake/errmsg_util/errmsg_util/a1/errmzb.o ;\
	)
	(cd /d0library/scratch;\
	f77 -c -nocpp -static -col72 -backslash -G 0 -Olimit 2500 -Wo,-loopunroll,2 -O2 errmsg_util/source/errscr.f ;\
	mv errscr.o /d0library/admin/tmp/d0librar/mmstomake/errmsg_util/errmsg_util/a1/errscr.o ;\
	)
	(cd /d0library/scratch;\
	f77 -c -nocpp -static -col72 -backslash -G 0 -Olimit 2500 -Wo,-loopunroll,2 -O2 errmsg_util/source/errsum.f ;\
	mv errsum.o /d0library/admin/tmp/d0librar/mmstomake/errmsg_util/errmsg_util/a1/errsum.o ;\
	)
	(cd /d0library/scratch;\
	f77 -c -nocpp -static -col72 -backslash -G 0 -Olimit 2500 -Wo,-loopunroll,2 -O2 errmsg_util/source/errwrn.f ;\
	mv errwrn.o /d0library/admin/tmp/d0librar/mmstomake/errmsg_util/errmsg_util/a1/errwrn.o ;\
	)
	(cd /d0library/scratch;\
	f77 -c -nocpp -static -col72 -backslash -G 0 -Olimit 2500 -Wo,-loopunroll,2 -O2 errmsg_util/source/ewrnwr.f ;\
	mv ewrnwr.o /d0library/admin/tmp/d0librar/mmstomake/errmsg_util/errmsg_util/a2/ewrnwr.o ;\
	)
	(cd /d0library/scratch;\
	f77 -c -nocpp -static -col72 -backslash -G 0 -Olimit 2500 -Wo,-loopunroll,2 -O2 errmsg_util/source/gzermg.f ;\
	mv gzermg.o /d0library/admin/tmp/d0librar/mmstomake/errmsg_util/errmsg_util/a2/gzermg.o ;\
	)
	(cd /d0library/scratch;\
	f77 -c -nocpp -static -col72 -backslash -G 0 -Olimit 2500 -Wo,-loopunroll,2 -O2 errmsg_util/source/prermg.f ;\
	mv prermg.o /d0library/admin/tmp/d0librar/mmstomake/errmsg_util/errmsg_util/a2/prermg.o ;\
	)
	ar crsl /d0library/scratch/errmsg_util/errmsg_util.a `ls /d0library/admin/tmp/d0librar/mmstomake/errmsg_util/errmsg_util/a1/*.o 2> /dev/null`
	ar crsl /d0library/scratch/errmsg_util/errmsg_util.a `ls /d0library/admin/tmp/d0librar/mmstomake/errmsg_util/errmsg_util/a2/*.o 2> /dev/null`
	rmdirp /d0library/admin/tmp/d0librar/mmstomake/errmsg_util/errmsg_util
errmsg_util.a is up to date
tasteofd0 SIUNIX < /d0library/scratch/errmsg_util/verrmsg_util.for | vmstounix > /d0library/scratch/errmsg_util/verrmsg_util.f
f77 -c -nocpp -static -col72 -backslash -G 0 -Olimit 2500 -Wo,-loopunroll,2 -O0 -g2 /d0library/scratch/errmsg_util/verrmsg_util.f
Inserting version subroutines into libraries
ar crsl /d0library/scratch/errmsg_util/errmsg_util.a verrmsg_util.o
ar crsl /d0library/scratch/errmsg_util/deb_errmsg_util.a verrmsg_util.o
Copying modules from errmsg_util.a into /d0library/general/general.a
/usr/lib/ar: Warning:ignoring second definition of MAIN__ defined in archive

/usr/lib/ar: Warning:ignoring second definition of MAIN__ defined in archive

/usr/lib/ar: Warning:ignoring second definition of MAIN__ defined in archive

/usr/lib/ar: Warning:ignoring second definition of MAIN__ defined in archive

/usr/lib/ar: Warning:ignoring second definition of MAIN__ defined in archive

/usr/lib/ar: Warning:ignoring second definition of MAIN__ defined in archive

/usr/lib/ar: Warning:ignoring second definition of MAIN__ defined in archive

/usr/lib/ar: Warning:ignoring second definition of MAIN__ defined in archive

/usr/lib/ar: Warning:ignoring second definition of MAIN__ defined in archive

/usr/lib/ar: Warning:ignoring second definition of MAIN__ defined in archive

/usr/lib/ar: Warning:ignoring second definition of MAIN__ defined in archive

/usr/lib/ar: Warning:ignoring second definition of MAIN__ defined in archive

/usr/lib/ar: Warning:ignoring second definition of MAIN__ defined in archive

/usr/lib/ar: Warning:ignoring second definition of MAIN__ defined in archive

/usr/lib/ar: Warning:ignoring second definition of MAIN__ defined in archive

/usr/lib/ar: Warning:ignoring second definition of MAIN__ defined in archive

/usr/lib/ar: Warning:ignoring second definition of MAIN__ defined in archive

/usr/lib/ar: Warning:ignoring second definition of MAIN__ defined in archive

/usr/lib/ar: Warning:ignoring second definition of MAIN__ defined in archive

/usr/lib/ar: Warning:ignoring second definition of MAIN__ defined in archive

/usr/lib/ar: Warning:ignoring second definition of MAIN__ defined in archive

/usr/lib/ar: Warning:ignoring second definition of MAIN__ defined in archive

/usr/lib/ar: Warning:ignoring second definition of MAIN__ defined in archive

/usr/lib/ar: Warning:ignoring second definition of MAIN__ defined in archive

/usr/lib/ar: Warning:ignoring second definition of MAIN__ defined in archive

/usr/lib/ar: Warning:ignoring second definition of MAIN__ defined in archive

Copying modules from deb_errmsg_util.a into /d0library/general/deb_general.a
/usr/lib/ar: Warning:ignoring second definition of MAIN__ defined in archive

/usr/lib/ar: Warning:ignoring second definition of MAIN__ defined in archive

/usr/lib/ar: Warning:ignoring second definition of MAIN__ defined in archive

/usr/lib/ar: Warning:ignoring second definition of MAIN__ defined in archive

/usr/lib/ar: Warning:ignoring second definition of MAIN__ defined in archive

/usr/lib/ar: Warning:ignoring second definition of MAIN__ defined in archive

/usr/lib/ar: Warning:ignoring second definition of MAIN__ defined in archive

/usr/lib/ar: Warning:ignoring second definition of MAIN__ defined in archive

/usr/lib/ar: Warning:ignoring second definition of MAIN__ defined in archive

/usr/lib/ar: Warning:ignoring second definition of MAIN__ defined in archive

/usr/lib/ar: Warning:ignoring second definition of MAIN__ defined in archive

/usr/lib/ar: Warning:ignoring second definition of MAIN__ defined in archive

/usr/lib/ar: Warning:ignoring second definition of MAIN__ defined in archive

/usr/lib/ar: Warning:ignoring second definition of MAIN__ defined in archive

/usr/lib/ar: Warning:ignoring second definition of MAIN__ defined in archive

/usr/lib/ar: Warning:ignoring second definition of MAIN__ defined in archive

/usr/lib/ar: Warning:ignoring second definition of MAIN__ defined in archive

/usr/lib/ar: Warning:ignoring second definition of MAIN__ defined in archive

/usr/lib/ar: Warning:ignoring second definition of MAIN__ defined in archive

/usr/lib/ar: Warning:ignoring second definition of MAIN__ defined in archive

/usr/lib/ar: Warning:ignoring second definition of MAIN__ defined in archive

/usr/lib/ar: Warning:ignoring second definition of MAIN__ defined in archive

/usr/lib/ar: Warning:ignoring second definition of MAIN__ defined in archive

/usr/lib/ar: Warning:ignoring second definition of MAIN__ defined in archive

/usr/lib/ar: Warning:ignoring second definition of MAIN__ defined in archive

/usr/lib/ar: Warning:ignoring second definition of MAIN__ defined in archive

ff: file not found: /d0library/test/unix/lib/errmsg_util_release /d0library/unix/lib/errmsg_util_release /d0library/scratch/errmsg_util/errmsg_util_release
Deleting old contents of library.
Moving files from scratch to official area.
Deleting test library
