Getting list of VMS files and types
26 text files to fetch
Checking directories
Creating /d0lib/scratch/nodi3000/source
Fetching text files
cd d0$disk:[d0library.nodi3000]
lcd /d0lib/scratch/nodi3000
ascii
get []000_nodi3000_v1.21;1 000_nodi3000_v1.21
get []entry_points.txt;1 entry_points.txt
get []for004.dat;1 for004.dat
get []nodi3000.mms;1 nodi3000.mms
get []nodi3000.release;1 nodi3000.release
get []v1.0-rel_notes;1 v1.0-rel_notes
get []v1.10-rel_notes;1 v1.10-rel_notes
get []v1.20-rel_notes;1 v1.20-rel_notes
get []v1.21-rel_notes;1 v1.21-rel_notes
get []vnodi3000.for;1 vnodi3000.for
get [.source]ctemex.for;1 source/ctemex.for
get [.source]d0hpld.for;1 source/d0hpld.for
get [.source]d0hplt.for;1 source/d0hplt.for
get [.source]iszgex.for;1 source/iszgex.for
get [.source]mcdcex.for;1 source/mcdcex.for
get [.source]muexec.for;1 source/muexec.for
get [.source]paexec.for;1 source/paexec.for
get [.source]pcexec.for;1 source/pcexec.for
get [.source]pdexec.for;1 source/pdexec.for
get [.source]pfexec.for;1 source/pfexec.for
get [.source]plzexe.for;1 source/plzexe.for
get [.source]ptexec.for;1 source/ptexec.for
get [.source]pvexec.for;1 source/pvexec.for
get [.source]pxhplt.for;1 source/pxhplt.for
get [.source]pxmain.for;1 source/pxmain.for
get [.source]pzexec.for;1 source/pzexec.for
Local directory now /d0lib/scratch/nodi3000
Checking for executable shell scripts
0 menu files to fetch
0 fx files to fetch
0 fg files to fetch
0 fn files to fetch
0 rr files to fetch
0 rl files to fetch
0 re files to fetch
0 rz files to fetch
ff: file not found: /d0lib/unix/lib/nodi3000_pre_release /d0lib/scratch/nodi3000/nodi3000_pre_release
Generating debug makefile
Library section:  nodi3000
Root directory:   /d0lib/scratch/nodi3000
Scanning source files for parent library nodi3000
Checking uniqueness
16 source files
16 archive files
Uniqueness OK
Generating dependencies for deb_nodi3000.a
Generating dependencies for debug object files
Generating preprocessor dependencies
Generating source list
Warning: No suffix list.
	touch /d0lib/scratch/nodi3000/source/ctemex.for
	touch /d0lib/scratch/nodi3000/source/d0hpld.for
	touch /d0lib/scratch/nodi3000/source/d0hplt.for
	touch /d0lib/scratch/nodi3000/source/iszgex.for
	touch /d0lib/scratch/nodi3000/source/mcdcex.for
	touch /d0lib/scratch/nodi3000/source/muexec.for
	touch /d0lib/scratch/nodi3000/source/paexec.for
	touch /d0lib/scratch/nodi3000/source/pcexec.for
	touch /d0lib/scratch/nodi3000/source/pdexec.for
	touch /d0lib/scratch/nodi3000/source/pfexec.for
	touch /d0lib/scratch/nodi3000/source/plzexe.for
	touch /d0lib/scratch/nodi3000/source/ptexec.for
	touch /d0lib/scratch/nodi3000/source/pvexec.for
	touch /d0lib/scratch/nodi3000/source/pxhplt.for
	touch /d0lib/scratch/nodi3000/source/pxmain.for
	touch /d0lib/scratch/nodi3000/source/pzexec.for
Warning: No suffix list.
	tasteofd0 SIUNIX < /d0lib/scratch/nodi3000/source/ctemex.for | vmstounix > /d0lib/scratch/nodi3000/source/ctemex.f
	tasteofd0 SIUNIX < /d0lib/scratch/nodi3000/source/d0hpld.for | vmstounix > /d0lib/scratch/nodi3000/source/d0hpld.f
	tasteofd0 SIUNIX < /d0lib/scratch/nodi3000/source/d0hplt.for | vmstounix > /d0lib/scratch/nodi3000/source/d0hplt.f
	tasteofd0 SIUNIX < /d0lib/scratch/nodi3000/source/iszgex.for | vmstounix > /d0lib/scratch/nodi3000/source/iszgex.f
	tasteofd0 SIUNIX < /d0lib/scratch/nodi3000/source/mcdcex.for | vmstounix > /d0lib/scratch/nodi3000/source/mcdcex.f
	tasteofd0 SIUNIX < /d0lib/scratch/nodi3000/source/muexec.for | vmstounix > /d0lib/scratch/nodi3000/source/muexec.f
	tasteofd0 SIUNIX < /d0lib/scratch/nodi3000/source/paexec.for | vmstounix > /d0lib/scratch/nodi3000/source/paexec.f
	tasteofd0 SIUNIX < /d0lib/scratch/nodi3000/source/pcexec.for | vmstounix > /d0lib/scratch/nodi3000/source/pcexec.f
	tasteofd0 SIUNIX < /d0lib/scratch/nodi3000/source/pdexec.for | vmstounix > /d0lib/scratch/nodi3000/source/pdexec.f
	tasteofd0 SIUNIX < /d0lib/scratch/nodi3000/source/pfexec.for | vmstounix > /d0lib/scratch/nodi3000/source/pfexec.f
	tasteofd0 SIUNIX < /d0lib/scratch/nodi3000/source/plzexe.for | vmstounix > /d0lib/scratch/nodi3000/source/plzexe.f
	tasteofd0 SIUNIX < /d0lib/scratch/nodi3000/source/ptexec.for | vmstounix > /d0lib/scratch/nodi3000/source/ptexec.f
	tasteofd0 SIUNIX < /d0lib/scratch/nodi3000/source/pvexec.for | vmstounix > /d0lib/scratch/nodi3000/source/pvexec.f
	tasteofd0 SIUNIX < /d0lib/scratch/nodi3000/source/pxhplt.for | vmstounix > /d0lib/scratch/nodi3000/source/pxhplt.f
	tasteofd0 SIUNIX < /d0lib/scratch/nodi3000/source/pxmain.for | vmstounix > /d0lib/scratch/nodi3000/source/pxmain.f
	tasteofd0 SIUNIX < /d0lib/scratch/nodi3000/source/pzexec.for | vmstounix > /d0lib/scratch/nodi3000/source/pzexec.f
Warning: No suffix list.
	rmdirp /d0lib/admin/tmp/d0librar/mmstomake/nodi3000/nodi3000
	mkdirp /d0lib/admin/tmp/d0librar/mmstomake/nodi3000/nodi3000/a1
	(cd /d0lib/scratch;\
	f77 -c -nocpp -static -col72 -backslash -G 0 -Olimit 2000 -Wo,-loopunroll,2 -O0 -g2 nodi3000/source/ctemex.f ;\
	mv ctemex.o /d0lib/admin/tmp/d0librar/mmstomake/nodi3000/nodi3000/a1/ctemex.o ;\
	)
	(cd /d0lib/scratch;\
	f77 -c -nocpp -static -col72 -backslash -G 0 -Olimit 2000 -Wo,-loopunroll,2 -O0 -g2 nodi3000/source/d0hpld.f ;\
	mv d0hpld.o /d0lib/admin/tmp/d0librar/mmstomake/nodi3000/nodi3000/a1/d0hpld.o ;\
	)
	(cd /d0lib/scratch;\
	f77 -c -nocpp -static -col72 -backslash -G 0 -Olimit 2000 -Wo,-loopunroll,2 -O0 -g2 nodi3000/source/d0hplt.f ;\
	mv d0hplt.o /d0lib/admin/tmp/d0librar/mmstomake/nodi3000/nodi3000/a1/d0hplt.o ;\
	)
	(cd /d0lib/scratch;\
	f77 -c -nocpp -static -col72 -backslash -G 0 -Olimit 2000 -Wo,-loopunroll,2 -O0 -g2 nodi3000/source/iszgex.f ;\
	mv iszgex.o /d0lib/admin/tmp/d0librar/mmstomake/nodi3000/nodi3000/a1/iszgex.o ;\
	)
	(cd /d0lib/scratch;\
	f77 -c -nocpp -static -col72 -backslash -G 0 -Olimit 2000 -Wo,-loopunroll,2 -O0 -g2 nodi3000/source/mcdcex.f ;\
	mv mcdcex.o /d0lib/admin/tmp/d0librar/mmstomake/nodi3000/nodi3000/a1/mcdcex.o ;\
	)
	(cd /d0lib/scratch;\
	f77 -c -nocpp -static -col72 -backslash -G 0 -Olimit 2000 -Wo,-loopunroll,2 -O0 -g2 nodi3000/source/muexec.f ;\
	mv muexec.o /d0lib/admin/tmp/d0librar/mmstomake/nodi3000/nodi3000/a1/muexec.o ;\
	)
	(cd /d0lib/scratch;\
	f77 -c -nocpp -static -col72 -backslash -G 0 -Olimit 2000 -Wo,-loopunroll,2 -O0 -g2 nodi3000/source/paexec.f ;\
	mv paexec.o /d0lib/admin/tmp/d0librar/mmstomake/nodi3000/nodi3000/a1/paexec.o ;\
	)
	(cd /d0lib/scratch;\
	f77 -c -nocpp -static -col72 -backslash -G 0 -Olimit 2000 -Wo,-loopunroll,2 -O0 -g2 nodi3000/source/pcexec.f ;\
	mv pcexec.o /d0lib/admin/tmp/d0librar/mmstomake/nodi3000/nodi3000/a1/pcexec.o ;\
	)
	(cd /d0lib/scratch;\
	f77 -c -nocpp -static -col72 -backslash -G 0 -Olimit 2000 -Wo,-loopunroll,2 -O0 -g2 nodi3000/source/pdexec.f ;\
	mv pdexec.o /d0lib/admin/tmp/d0librar/mmstomake/nodi3000/nodi3000/a1/pdexec.o ;\
	)
	(cd /d0lib/scratch;\
	f77 -c -nocpp -static -col72 -backslash -G 0 -Olimit 2000 -Wo,-loopunroll,2 -O0 -g2 nodi3000/source/pfexec.f ;\
	mv pfexec.o /d0lib/admin/tmp/d0librar/mmstomake/nodi3000/nodi3000/a1/pfexec.o ;\
	)
	(cd /d0lib/scratch;\
	f77 -c -nocpp -static -col72 -backslash -G 0 -Olimit 2000 -Wo,-loopunroll,2 -O0 -g2 nodi3000/source/plzexe.f ;\
	mv plzexe.o /d0lib/admin/tmp/d0librar/mmstomake/nodi3000/nodi3000/a1/plzexe.o ;\
	)
	(cd /d0lib/scratch;\
	f77 -c -nocpp -static -col72 -backslash -G 0 -Olimit 2000 -Wo,-loopunroll,2 -O0 -g2 nodi3000/source/ptexec.f ;\
	mv ptexec.o /d0lib/admin/tmp/d0librar/mmstomake/nodi3000/nodi3000/a1/ptexec.o ;\
	)
	(cd /d0lib/scratch;\
	f77 -c -nocpp -static -col72 -backslash -G 0 -Olimit 2000 -Wo,-loopunroll,2 -O0 -g2 nodi3000/source/pvexec.f ;\
	mv pvexec.o /d0lib/admin/tmp/d0librar/mmstomake/nodi3000/nodi3000/a1/pvexec.o ;\
	)
	(cd /d0lib/scratch;\
	f77 -c -nocpp -static -col72 -backslash -G 0 -Olimit 2000 -Wo,-loopunroll,2 -O0 -g2 nodi3000/source/pxhplt.f ;\
	mv pxhplt.o /d0lib/admin/tmp/d0librar/mmstomake/nodi3000/nodi3000/a1/pxhplt.o ;\
	)
	(cd /d0lib/scratch;\
	f77 -c -nocpp -static -col72 -backslash -G 0 -Olimit 2000 -Wo,-loopunroll,2 -O0 -g2 nodi3000/source/pxmain.f ;\
	mv pxmain.o /d0lib/admin/tmp/d0librar/mmstomake/nodi3000/nodi3000/a1/pxmain.o ;\
	)
	(cd /d0lib/scratch;\
	f77 -c -nocpp -static -col72 -backslash -G 0 -Olimit 2000 -Wo,-loopunroll,2 -O0 -g2 nodi3000/source/pzexec.f ;\
	mv pzexec.o /d0lib/admin/tmp/d0librar/mmstomake/nodi3000/nodi3000/a1/pzexec.o ;\
	)
	ar crsl /d0lib/scratch/nodi3000/deb_nodi3000.a `ls /d0lib/admin/tmp/d0librar/mmstomake/nodi3000/nodi3000/a1/*.o 2> /dev/null`
	rmdirp /d0lib/admin/tmp/d0librar/mmstomake/nodi3000/nodi3000
deb_nodi3000.a is up to date
Generating non-debug makefile
Library section:  nodi3000
Root directory:   /d0lib/scratch/nodi3000
Scanning source files for parent library nodi3000
Checking uniqueness
16 source files
16 archive files
Uniqueness OK
Generating dependencies for nodi3000.a
Generating dependencies for non-debug object files
Generating preprocessor dependencies
Generating source list
Warning: No suffix list.
	rmdirp /d0lib/admin/tmp/d0librar/mmstomake/nodi3000/nodi3000
	mkdirp /d0lib/admin/tmp/d0librar/mmstomake/nodi3000/nodi3000/a1
	(cd /d0lib/scratch;\
	f77 -c -nocpp -static -col72 -backslash -G 0 -Olimit 2000 -Wo,-loopunroll,2 -O2 nodi3000/source/ctemex.f ;\
	mv ctemex.o /d0lib/admin/tmp/d0librar/mmstomake/nodi3000/nodi3000/a1/ctemex.o ;\
	)

uopt: Warning: u-code 3.19 instead of 3.18
	(cd /d0lib/scratch;\
	f77 -c -nocpp -static -col72 -backslash -G 0 -Olimit 2000 -Wo,-loopunroll,2 -O2 nodi3000/source/d0hpld.f ;\
	mv d0hpld.o /d0lib/admin/tmp/d0librar/mmstomake/nodi3000/nodi3000/a1/d0hpld.o ;\
	)

uopt: Warning: u-code 3.19 instead of 3.18
	(cd /d0lib/scratch;\
	f77 -c -nocpp -static -col72 -backslash -G 0 -Olimit 2000 -Wo,-loopunroll,2 -O2 nodi3000/source/d0hplt.f ;\
	mv d0hplt.o /d0lib/admin/tmp/d0librar/mmstomake/nodi3000/nodi3000/a1/d0hplt.o ;\
	)

uopt: Warning: u-code 3.19 instead of 3.18
	(cd /d0lib/scratch;\
	f77 -c -nocpp -static -col72 -backslash -G 0 -Olimit 2000 -Wo,-loopunroll,2 -O2 nodi3000/source/iszgex.f ;\
	mv iszgex.o /d0lib/admin/tmp/d0librar/mmstomake/nodi3000/nodi3000/a1/iszgex.o ;\
	)

uopt: Warning: u-code 3.19 instead of 3.18
	(cd /d0lib/scratch;\
	f77 -c -nocpp -static -col72 -backslash -G 0 -Olimit 2000 -Wo,-loopunroll,2 -O2 nodi3000/source/mcdcex.f ;\
	mv mcdcex.o /d0lib/admin/tmp/d0librar/mmstomake/nodi3000/nodi3000/a1/mcdcex.o ;\
	)

uopt: Warning: u-code 3.19 instead of 3.18
	(cd /d0lib/scratch;\
	f77 -c -nocpp -static -col72 -backslash -G 0 -Olimit 2000 -Wo,-loopunroll,2 -O2 nodi3000/source/muexec.f ;\
	mv muexec.o /d0lib/admin/tmp/d0librar/mmstomake/nodi3000/nodi3000/a1/muexec.o ;\
	)

uopt: Warning: u-code 3.19 instead of 3.18
	(cd /d0lib/scratch;\
	f77 -c -nocpp -static -col72 -backslash -G 0 -Olimit 2000 -Wo,-loopunroll,2 -O2 nodi3000/source/paexec.f ;\
	mv paexec.o /d0lib/admin/tmp/d0librar/mmstomake/nodi3000/nodi3000/a1/paexec.o ;\
	)

uopt: Warning: u-code 3.19 instead of 3.18
	(cd /d0lib/scratch;\
	f77 -c -nocpp -static -col72 -backslash -G 0 -Olimit 2000 -Wo,-loopunroll,2 -O2 nodi3000/source/pcexec.f ;\
	mv pcexec.o /d0lib/admin/tmp/d0librar/mmstomake/nodi3000/nodi3000/a1/pcexec.o ;\
	)

uopt: Warning: u-code 3.19 instead of 3.18
	(cd /d0lib/scratch;\
	f77 -c -nocpp -static -col72 -backslash -G 0 -Olimit 2000 -Wo,-loopunroll,2 -O2 nodi3000/source/pdexec.f ;\
	mv pdexec.o /d0lib/admin/tmp/d0librar/mmstomake/nodi3000/nodi3000/a1/pdexec.o ;\
	)

uopt: Warning: u-code 3.19 instead of 3.18
	(cd /d0lib/scratch;\
	f77 -c -nocpp -static -col72 -backslash -G 0 -Olimit 2000 -Wo,-loopunroll,2 -O2 nodi3000/source/pfexec.f ;\
	mv pfexec.o /d0lib/admin/tmp/d0librar/mmstomake/nodi3000/nodi3000/a1/pfexec.o ;\
	)

uopt: Warning: u-code 3.19 instead of 3.18
	(cd /d0lib/scratch;\
	f77 -c -nocpp -static -col72 -backslash -G 0 -Olimit 2000 -Wo,-loopunroll,2 -O2 nodi3000/source/plzexe.f ;\
	mv plzexe.o /d0lib/admin/tmp/d0librar/mmstomake/nodi3000/nodi3000/a1/plzexe.o ;\
	)

uopt: Warning: u-code 3.19 instead of 3.18
	(cd /d0lib/scratch;\
	f77 -c -nocpp -static -col72 -backslash -G 0 -Olimit 2000 -Wo,-loopunroll,2 -O2 nodi3000/source/ptexec.f ;\
	mv ptexec.o /d0lib/admin/tmp/d0librar/mmstomake/nodi3000/nodi3000/a1/ptexec.o ;\
	)

uopt: Warning: u-code 3.19 instead of 3.18
	(cd /d0lib/scratch;\
	f77 -c -nocpp -static -col72 -backslash -G 0 -Olimit 2000 -Wo,-loopunroll,2 -O2 nodi3000/source/pvexec.f ;\
	mv pvexec.o /d0lib/admin/tmp/d0librar/mmstomake/nodi3000/nodi3000/a1/pvexec.o ;\
	)

uopt: Warning: u-code 3.19 instead of 3.18
	(cd /d0lib/scratch;\
	f77 -c -nocpp -static -col72 -backslash -G 0 -Olimit 2000 -Wo,-loopunroll,2 -O2 nodi3000/source/pxhplt.f ;\
	mv pxhplt.o /d0lib/admin/tmp/d0librar/mmstomake/nodi3000/nodi3000/a1/pxhplt.o ;\
	)

uopt: Warning: u-code 3.19 instead of 3.18
	(cd /d0lib/scratch;\
	f77 -c -nocpp -static -col72 -backslash -G 0 -Olimit 2000 -Wo,-loopunroll,2 -O2 nodi3000/source/pxmain.f ;\
	mv pxmain.o /d0lib/admin/tmp/d0librar/mmstomake/nodi3000/nodi3000/a1/pxmain.o ;\
	)

uopt: Warning: u-code 3.19 instead of 3.18
	(cd /d0lib/scratch;\
	f77 -c -nocpp -static -col72 -backslash -G 0 -Olimit 2000 -Wo,-loopunroll,2 -O2 nodi3000/source/pzexec.f ;\
	mv pzexec.o /d0lib/admin/tmp/d0librar/mmstomake/nodi3000/nodi3000/a1/pzexec.o ;\
	)

uopt: Warning: u-code 3.19 instead of 3.18
	ar crsl /d0lib/scratch/nodi3000/nodi3000.a `ls /d0lib/admin/tmp/d0librar/mmstomake/nodi3000/nodi3000/a1/*.o 2> /dev/null`
	rmdirp /d0lib/admin/tmp/d0librar/mmstomake/nodi3000/nodi3000
nodi3000.a is up to date
tasteofd0 SIUNIX < /d0lib/scratch/nodi3000/vnodi3000.for | vmstounix > /d0lib/scratch/nodi3000/vnodi3000.f
f77 -c -nocpp -static -col72 -backslash -G 0 -Olimit 2000 -Wo,-loopunroll,2 -O0 -g2 /d0lib/scratch/nodi3000/vnodi3000.f
Inserting version subroutines into libraries
ar crsl /d0lib/scratch/nodi3000/nodi3000.a vnodi3000.o
ar crsl /d0lib/scratch/nodi3000/deb_nodi3000.a vnodi3000.o
ff: file not found: /d0lib/unix/lib/nodi3000_release /d0lib/scratch/nodi3000/nodi3000_release
Deleting old contents of library.
Moving files from scratch to official area.
