*** /d0library/admin/tmp/d0librar/error_filter/8086/non_error.log	Sat Jul 12 03:46:45 1997
--- /d0library/admin/tmp/d0librar/error_filter/8086/error.log	Sat Jul 12 03:46:45 1997
***************
*** 3714,3719 ****
--- 3714,3720 ----
  
  
  
+ /usr/lib/ar: Warning:ignoring second definition of checksum32_ defined in archive
  
  
  
***************
*** 3728,3733 ****
--- 3729,3735 ----
  
  
  
+ /usr/lib/ar: Warning:ignoring second definition of checksum32_ defined in archive
  
  
  
***************
*** 3742,3747 ****
--- 3744,3750 ----
  
  
  
+ /usr/lib/ar: Warning:ignoring second definition of checksum32_ defined in archive
  
  
  
***************
*** 3756,3761 ****
--- 3759,3765 ----
  
  
  
+ /usr/lib/ar: Warning:ignoring second definition of checksum32_ defined in archive
  
  
  
***************
*** 3770,3775 ****
--- 3774,3780 ----
  
  
  
+ /usr/lib/ar: Warning:ignoring second definition of checksum32_ defined in archive
  
  
  
***************
*** 3784,3789 ****
--- 3789,3795 ----
  
  
  
+ /usr/lib/ar: Warning:ignoring second definition of checksum32_ defined in archive
  
  
  
***************
*** 3798,3803 ****
--- 3804,3810 ----
  
  
  
+ /usr/lib/ar: Warning:ignoring second definition of checksum32_ defined in archive
  
  
  
***************
*** 3812,3817 ****
--- 3819,3825 ----
  
  
  
+ /usr/lib/ar: Warning:ignoring second definition of checksum32_ defined in archive
  
  
  
***************
*** 3826,3831 ****
--- 3834,3840 ----
  
  
  
+ /usr/lib/ar: Warning:ignoring second definition of checksum32_ defined in archive
  
  
  
***************
*** 3840,3845 ****
--- 3849,3855 ----
  
  
  
+ /usr/lib/ar: Warning:ignoring second definition of checksum32_ defined in archive
  
  
  
***************
*** 3854,3859 ****
--- 3864,3870 ----
  
  
  
+ /usr/lib/ar: Warning:ignoring second definition of checksum32_ defined in archive
  
  
  
***************
*** 3868,3873 ****
--- 3879,3885 ----
  
  
  
+ /usr/lib/ar: Warning:ignoring second definition of checksum32_ defined in archive
  
  
  
***************
*** 3882,3887 ****
--- 3894,3900 ----
  
  
  
+ /usr/lib/ar: Warning:ignoring second definition of checksum32_ defined in archive
  
  
  
***************
*** 3896,3901 ****
--- 3909,3915 ----
  
  
  
+ /usr/lib/ar: Warning:ignoring second definition of checksum32_ defined in archive
  
  
  
***************
*** 3910,3915 ****
--- 3924,3930 ----
  
  
  
+ /usr/lib/ar: Warning:ignoring second definition of checksum32_ defined in archive
  
  
  
***************
*** 3924,3929 ****
--- 3939,3945 ----
  
  
  
+ /usr/lib/ar: Warning:ignoring second definition of checksum32_ defined in archive
  
  Copying modules from deb_offline_util.a into /d0library/general/deb_general.a
  
***************
*** 3939,3944 ****
--- 3955,3961 ----
  
  
  
+ /usr/lib/ar: Warning:ignoring second definition of checksum32_ defined in archive
  
  
  
***************
*** 3953,3958 ****
--- 3970,3976 ----
  
  
  
+ /usr/lib/ar: Warning:ignoring second definition of checksum32_ defined in archive
  
  
  
***************
*** 3967,3972 ****
--- 3985,3991 ----
  
  
  
+ /usr/lib/ar: Warning:ignoring second definition of checksum32_ defined in archive
  
  
  
***************
*** 3981,3986 ****
--- 4000,4006 ----
  
  
  
+ /usr/lib/ar: Warning:ignoring second definition of checksum32_ defined in archive
  
  
  
***************
*** 3995,4000 ****
--- 4015,4021 ----
  
  
  
+ /usr/lib/ar: Warning:ignoring second definition of checksum32_ defined in archive
  
  
  
***************
*** 4009,4014 ****
--- 4030,4036 ----
  
  
  
+ /usr/lib/ar: Warning:ignoring second definition of checksum32_ defined in archive
  
  
  
***************
*** 4023,4028 ****
--- 4045,4051 ----
  
  
  
+ /usr/lib/ar: Warning:ignoring second definition of checksum32_ defined in archive
  
  
  
***************
*** 4037,4042 ****
--- 4060,4066 ----
  
  
  
+ /usr/lib/ar: Warning:ignoring second definition of checksum32_ defined in archive
  
  
  
***************
*** 4051,4056 ****
--- 4075,4081 ----
  
  
  
+ /usr/lib/ar: Warning:ignoring second definition of checksum32_ defined in archive
  
  
  
***************
*** 4065,4070 ****
--- 4090,4096 ----
  
  
  
+ /usr/lib/ar: Warning:ignoring second definition of checksum32_ defined in archive
  
  
  
***************
*** 4079,4084 ****
--- 4105,4111 ----
  
  
  
+ /usr/lib/ar: Warning:ignoring second definition of checksum32_ defined in archive
  
  
  
***************
*** 4093,4098 ****
--- 4120,4126 ----
  
  
  
+ /usr/lib/ar: Warning:ignoring second definition of checksum32_ defined in archive
  
  
  
***************
*** 4107,4112 ****
--- 4135,4141 ----
  
  
  
+ /usr/lib/ar: Warning:ignoring second definition of checksum32_ defined in archive
  
  
  
***************
*** 4121,4126 ****
--- 4150,4156 ----
  
  
  
+ /usr/lib/ar: Warning:ignoring second definition of checksum32_ defined in archive
  
  
  
***************
*** 4135,4140 ****
--- 4165,4171 ----
  
  
  
+ /usr/lib/ar: Warning:ignoring second definition of checksum32_ defined in archive
  
  
  
***************
*** 4149,4154 ****
--- 4180,4186 ----
  
  
  
+ /usr/lib/ar: Warning:ignoring second definition of checksum32_ defined in archive
  
  ff: file not found: /d0library/test/unix/lib/offline_util_release /d0library/unix/lib/offline_util_release /d0library/scratch/offline_util/offline_util_release
  Deleting old contents of library.
