00001          SUBROUTINE PRTRGR_L15_CRATE_HEADER(LUN, L15_CRATE_HEADER, NLWF)
00002    C----------------------------------------------------------------------
00003    C-
00004    C-   Purpose and Methods : Print out the information from the
00005    C-                         L1.5 Datablock Crate Header.
00006    C-
00007    C-   Inputs  : LUN          The unit number to write the information to
00008    C-             L15CAL_CRATE_HEADER The array of L1.5 Crate Header words
00009    C-
00010    C-   Output  : NLWF         Number of longwords to follow
00011    C-   Controls: none
00012    C-
00013    C-   Created  30-NOV-1993   Johannes V. (Djoko) Wirjawan
00014    C-
00015    C----------------------------------------------------------------------
00016          IMPLICIT NONE
00017          INCLUDE 'D0$PARAMS:L15CALDBB_DATA_BLOCK.PARAMS'
%FORT-F-INCOPEFAI, Open failure on INCLUDE file
00018    C
00019          CHARACTER*8 PRTRGR_INT_TO_HEX
00020          EXTERNAL PRTRGR_INT_TO_HEX
00021    C
00022          INTEGER LUN, L15_CRATE_HEADER(L15CAL_HEADER_LENGTH)
%FORT-E-IMPNONE, Untyped name, must be explicitly typed
00023          INTEGER HEADER_WORD, NLWF
00024    C
00025    C----------------------------------------------------------------------
00026    C
00027          CHARACTER*24 HEADER_LABELS(L15CAL_HEADER_LENGTH)
00028          DATA HEADER_LABELS / 'Header Length Count',
00029         &                     'SYNC Word',
00030         &                     'Controller Word',
00031         &                     'Version Number',
00032         &                     'Revision Number',
00033         &                     'Data Validity Word',
00034         &                     'Mark & Force Pass Mask'/
00035    C<<
00036    C
00037      100 FORMAT(' ', A, T26, ': ', I2)
00038      109 FORMAT(' ', A, T26, ': ', A)
00039          DO HEADER_WORD = 1, L15CAL_HEADER_LENGTH
00040             IF (HEADER_WORD.EQ.1) THEN
00041                WRITE (LUN, 100) HEADER_LABELS(1),
00042         &             L15_CRATE_HEADER(1)
00043             ELSE
00044                WRITE (LUN, 109) HEADER_LABELS(HEADER_WORD),
00045         &             PRTRGR_INT_TO_HEX(L15_CRATE_HEADER(HEADER_WORD))
00046             ENDIF
00047          END DO
00048          NLWF = L15_CRATE_HEADER(1)
00049    C----------------------------------------------------------------------
00050      999 RETURN
00051          END
%FORT-F-ADJARRBOU, Adjustable array bound contains invalid data item
%FORT-F-ADJARRUSE, Adjustable array used in invalid context
