Getting list of VMS files and types
100 text files to fetch
Checking directories
Creating /d0lib/scratch/isajet_util/isajet
Creating /d0lib/scratch/isajet_util/zebra
Fetching text files
cd d0$disk:[d0library.isajet_util]
lcd /d0lib/scratch/isajet_util
ascii
get []000_isajet_util_v1.22a;1 000_isajet_util_v1.22a
get []entry_points.txt;1 entry_points.txt
get []isajet_util.mms;3 isajet_util.mms
get []isajet_util.release;1 isajet_util.release
get []v1.0-rel_notes;1 v1.0-rel_notes
get []v1.01-rel_notes;1 v1.01-rel_notes
get []v1.02-rel_notes;1 v1.02-rel_notes
get []v1.03-rel_notes;1 v1.03-rel_notes
get []v1.10-rel_notes;1 v1.10-rel_notes
get []v1.11-rel_notes;1 v1.11-rel_notes
get []v1.11_02-full_release;1 v1.11_02-full_release
get []v1.13-rel_notes;1 v1.13-rel_notes
get []v1.14-rel_notes;1 v1.14-rel_notes
get []v1.15-rel_notes;1 v1.15-rel_notes
get []v1.16-rel_notes;1 v1.16-rel_notes
get []v1.17-rel_notes;1 v1.17-rel_notes
get []v1.18-rel_notes;1 v1.18-rel_notes
get []v1.19-rel_notes;1 v1.19-rel_notes
get []v1.20-rel_notes;1 v1.20-rel_notes
get []v1.21-rel_notes;1 v1.21-rel_notes
get []v1.22-rel_notes;1 v1.22-rel_notes
get []visajet_util.for;1 visajet_util.for
get [.isajet]amass.for;1 isajet/amass.for
get [.isajet]charge.for;1 isajet/charge.for
get [.isajet]flavor.for;1 isajet/flavor.for
get [.isajet]isasrt.for;1 isajet/isasrt.for
get [.isajet]isa_nus_sum.for;1 isajet/isa_nus_sum.for
get [.isajet]ischar.for;1 isajet/ischar.for
get [.isajet]ispeta.for;1 isajet/ispeta.for
get [.isajet]label.for;1 isajet/label.for
get [.isajet]lboost.for;1 isajet/lboost.for
get [.isajet]priscm.for;1 isajet/priscm.for
get [.zebra]bkisjt.for;1 zebra/bkisjt.for
get [.zebra]bkpjet.for;1 zebra/bkpjet.for
get [.zebra]bkpjhd.for;1 zebra/bkpjhd.for
get [.zebra]bkpjpt.for;1 zebra/bkpjpt.for
get [.zebra]build_pjet.for;1 zebra/build_pjet.for
get [.zebra]gtisaj.for;1 zebra/gtisaj.for
get [.zebra]gtisal.for;1 zebra/gtisal.for
get [.zebra]gtisam.for;1 zebra/gtisam.for
get [.zebra]gtisaq.for;1 zebra/gtisaq.for
get [.zebra]gtiscl.for;1 zebra/gtiscl.for
get [.zebra]gtisjt.for;1 zebra/gtisjt.for
get [.zebra]gtisp1.for;1 zebra/gtisp1.for
get [.zebra]gtisp2.for;1 zebra/gtisp2.for
get [.zebra]gtisv1.for;1 zebra/gtisv1.for
get [.zebra]gtisv2.for;1 zebra/gtisv2.for
get [.zebra]gtpjet.for;1 zebra/gtpjet.for
get [.zebra]gtpjhd.for;1 zebra/gtpjhd.for
get [.zebra]gzisac.for;1 zebra/gzisac.for
get [.zebra]gzisae.for;1 zebra/gzisae.for
get [.zebra]gzisaj.for;1 zebra/gzisaj.for
get [.zebra]gzisal.for;1 zebra/gzisal.for
get [.zebra]gzisam.for;1 zebra/gzisam.for
get [.zebra]gzisaq.for;1 zebra/gzisaq.for
get [.zebra]gziscl.for;1 zebra/gziscl.for
get [.zebra]gziscm.for;1 zebra/gziscm.for
get [.zebra]gzisjt.for;1 zebra/gzisjt.for
get [.zebra]gzismr.for;1 zebra/gzismr.for
get [.zebra]gzisp3.for;1 zebra/gzisp3.for
get [.zebra]gzisv1.for;1 zebra/gzisv1.for
get [.zebra]gzisv2.for;1 zebra/gzisv2.for
get [.zebra]gzpjet.for;1 zebra/gzpjet.for
get [.zebra]gzpjhd.for;1 zebra/gzpjhd.for
get [.zebra]gzpjpt.for;1 zebra/gzpjpt.for
get [.zebra]isarcp_evt.for;1 zebra/isarcp_evt.for
get [.zebra]isa_weight.for;1 zebra/isa_weight.for
get [.zebra]ispeta.for;1 zebra/ispeta.for
get [.zebra]iszjet.for;1 zebra/iszjet.for
get [.zebra]opangl.for;1 zebra/opangl.for
get [.zebra]pjangl.for;1 zebra/pjangl.for
get [.zebra]pjcone.for;1 zebra/pjcone.for
get [.zebra]pjetfl.for;1 zebra/pjetfl.for
get [.zebra]pjisaq.for;1 zebra/pjisaq.for
get [.zebra]pjlink.for;1 zebra/pjlink.for
get [.zebra]pjpart.for;1 zebra/pjpart.for
get [.zebra]pjpget.for;1 zebra/pjpget.for
get [.zebra]pjptfl.for;1 zebra/pjptfl.for
get [.zebra]pjsplit.for;1 zebra/pjsplit.for
get [.zebra]pjuser.for;1 zebra/pjuser.for
get [.zebra]pj_eks.for;1 zebra/pj_eks.for
get [.zebra]prisab.for;1 zebra/prisab.for
get [.zebra]prisac.for;1 zebra/prisac.for
get [.zebra]prisae.for;1 zebra/prisae.for
get [.zebra]prisaf.for;1 zebra/prisaf.for
get [.zebra]prisaj.for;1 zebra/prisaj.for
get [.zebra]prisal.for;1 zebra/prisal.for
get [.zebra]prisam.for;1 zebra/prisam.for
get [.zebra]prisaq.for;1 zebra/prisaq.for
get [.zebra]priscl.for;1 zebra/priscl.for
get [.zebra]prisjt.for;1 zebra/prisjt.for
get [.zebra]prisp1.for;1 zebra/prisp1.for
get [.zebra]prisp2.for;1 zebra/prisp2.for
get [.zebra]prisp3.for;1 zebra/prisp3.for
get [.zebra]prisv1.for;1 zebra/prisv1.for
get [.zebra]prisv2.for;1 zebra/prisv2.for
get [.zebra]prpjet.for;1 zebra/prpjet.for
get [.zebra]prpjhd.for;1 zebra/prpjhd.for
get [.zebra]prtevz.for;1 zebra/prtevz.for
get [.zebra]zvertx.for;1 zebra/zvertx.for
Local directory now /d0lib/scratch/isajet_util
Checking for executable shell scripts
0 menu files to fetch
0 fx files to fetch
0 fg files to fetch
0 fn files to fetch
0 rr files to fetch
0 rl files to fetch
0 re files to fetch
0 rz files to fetch
ff: file not found: /d0lib/unix/lib/isajet_util_pre_release /d0lib/scratch/isajet_util/isajet_util_pre_release
Generating debug makefile
Library section:  isajet_util
Root directory:   /d0lib/scratch/isajet_util
Scanning source files for parent library isajet_util
Checking uniqueness
77 source files
77 archive files
Uniqueness OK
Generating dependencies for deb_isajet_util.a
Generating dependencies for debug object files
Generating preprocessor dependencies
Generating source list
Warning: No suffix list.
	touch /d0lib/scratch/isajet_util/isajet/amass.for
	touch /d0lib/scratch/isajet_util/zebra/bkisjt.for
	touch /d0lib/scratch/isajet_util/zebra/bkpjet.for
	touch /d0lib/scratch/isajet_util/zebra/bkpjhd.for
	touch /d0lib/scratch/isajet_util/zebra/bkpjpt.for
	touch /d0lib/scratch/isajet_util/zebra/build_pjet.for
	touch /d0lib/scratch/isajet_util/isajet/charge.for
	touch /d0lib/scratch/isajet_util/isajet/flavor.for
	touch /d0lib/scratch/isajet_util/zebra/gtisaj.for
	touch /d0lib/scratch/isajet_util/zebra/gtisal.for
	touch /d0lib/scratch/isajet_util/zebra/gtisam.for
	touch /d0lib/scratch/isajet_util/zebra/gtisaq.for
	touch /d0lib/scratch/isajet_util/zebra/gtiscl.for
	touch /d0lib/scratch/isajet_util/zebra/gtisjt.for
	touch /d0lib/scratch/isajet_util/zebra/gtisp1.for
	touch /d0lib/scratch/isajet_util/zebra/gtisp2.for
	touch /d0lib/scratch/isajet_util/zebra/gtisv1.for
	touch /d0lib/scratch/isajet_util/zebra/gtisv2.for
	touch /d0lib/scratch/isajet_util/zebra/gtpjet.for
	touch /d0lib/scratch/isajet_util/zebra/gtpjhd.for
	touch /d0lib/scratch/isajet_util/zebra/gzisac.for
	touch /d0lib/scratch/isajet_util/zebra/gzisae.for
	touch /d0lib/scratch/isajet_util/zebra/gzisaj.for
	touch /d0lib/scratch/isajet_util/zebra/gzisal.for
	touch /d0lib/scratch/isajet_util/zebra/gzisam.for
	touch /d0lib/scratch/isajet_util/zebra/gzisaq.for
	touch /d0lib/scratch/isajet_util/zebra/gziscl.for
	touch /d0lib/scratch/isajet_util/zebra/gziscm.for
	touch /d0lib/scratch/isajet_util/zebra/gzisjt.for
	touch /d0lib/scratch/isajet_util/zebra/gzismr.for
	touch /d0lib/scratch/isajet_util/zebra/gzisp3.for
	touch /d0lib/scratch/isajet_util/zebra/gzisv1.for
	touch /d0lib/scratch/isajet_util/zebra/gzisv2.for
	touch /d0lib/scratch/isajet_util/zebra/gzpjet.for
	touch /d0lib/scratch/isajet_util/zebra/gzpjhd.for
	touch /d0lib/scratch/isajet_util/zebra/gzpjpt.for
	touch /d0lib/scratch/isajet_util/isajet/isa_nus_sum.for
	touch /d0lib/scratch/isajet_util/zebra/isa_weight.for
	touch /d0lib/scratch/isajet_util/zebra/isarcp_evt.for
	touch /d0lib/scratch/isajet_util/isajet/isasrt.for
	touch /d0lib/scratch/isajet_util/isajet/ischar.for
	touch /d0lib/scratch/isajet_util/isajet/ispeta.for
	touch /d0lib/scratch/isajet_util/zebra/iszjet.for
	touch /d0lib/scratch/isajet_util/isajet/label.for
	touch /d0lib/scratch/isajet_util/isajet/lboost.for
	touch /d0lib/scratch/isajet_util/zebra/opangl.for
	touch /d0lib/scratch/isajet_util/zebra/pj_eks.for
	touch /d0lib/scratch/isajet_util/zebra/pjangl.for
	touch /d0lib/scratch/isajet_util/zebra/pjcone.for
	touch /d0lib/scratch/isajet_util/zebra/pjetfl.for
	touch /d0lib/scratch/isajet_util/zebra/pjisaq.for
	touch /d0lib/scratch/isajet_util/zebra/pjlink.for
	touch /d0lib/scratch/isajet_util/zebra/pjpart.for
	touch /d0lib/scratch/isajet_util/zebra/pjpget.for
	touch /d0lib/scratch/isajet_util/zebra/pjptfl.for
	touch /d0lib/scratch/isajet_util/zebra/pjsplit.for
	touch /d0lib/scratch/isajet_util/zebra/pjuser.for
	touch /d0lib/scratch/isajet_util/zebra/prisab.for
	touch /d0lib/scratch/isajet_util/zebra/prisac.for
	touch /d0lib/scratch/isajet_util/zebra/prisae.for
	touch /d0lib/scratch/isajet_util/zebra/prisaf.for
	touch /d0lib/scratch/isajet_util/zebra/prisaj.for
	touch /d0lib/scratch/isajet_util/zebra/prisal.for
	touch /d0lib/scratch/isajet_util/zebra/prisam.for
	touch /d0lib/scratch/isajet_util/zebra/prisaq.for
	touch /d0lib/scratch/isajet_util/zebra/priscl.for
	touch /d0lib/scratch/isajet_util/isajet/priscm.for
	touch /d0lib/scratch/isajet_util/zebra/prisjt.for
	touch /d0lib/scratch/isajet_util/zebra/prisp1.for
	touch /d0lib/scratch/isajet_util/zebra/prisp2.for
	touch /d0lib/scratch/isajet_util/zebra/prisp3.for
	touch /d0lib/scratch/isajet_util/zebra/prisv1.for
	touch /d0lib/scratch/isajet_util/zebra/prisv2.for
	touch /d0lib/scratch/isajet_util/zebra/prpjet.for
	touch /d0lib/scratch/isajet_util/zebra/prpjhd.for
	touch /d0lib/scratch/isajet_util/zebra/prtevz.for
	touch /d0lib/scratch/isajet_util/zebra/zvertx.for
Warning: No suffix list.
	tasteofd0 SIUNIX < /d0lib/scratch/isajet_util/isajet/amass.for | vmstounix > /d0lib/scratch/isajet_util/isajet/amass.f
	tasteofd0 SIUNIX < /d0lib/scratch/isajet_util/zebra/bkisjt.for | vmstounix > /d0lib/scratch/isajet_util/zebra/bkisjt.f
	tasteofd0 SIUNIX < /d0lib/scratch/isajet_util/zebra/bkpjet.for | vmstounix > /d0lib/scratch/isajet_util/zebra/bkpjet.f
	tasteofd0 SIUNIX < /d0lib/scratch/isajet_util/zebra/bkpjhd.for | vmstounix > /d0lib/scratch/isajet_util/zebra/bkpjhd.f
	tasteofd0 SIUNIX < /d0lib/scratch/isajet_util/zebra/bkpjpt.for | vmstounix > /d0lib/scratch/isajet_util/zebra/bkpjpt.f
	tasteofd0 SIUNIX < /d0lib/scratch/isajet_util/zebra/build_pjet.for | vmstounix > /d0lib/scratch/isajet_util/zebra/build_pjet.f
	tasteofd0 SIUNIX < /d0lib/scratch/isajet_util/isajet/charge.for | vmstounix > /d0lib/scratch/isajet_util/isajet/charge.f
	tasteofd0 SIUNIX < /d0lib/scratch/isajet_util/isajet/flavor.for | vmstounix > /d0lib/scratch/isajet_util/isajet/flavor.f
	tasteofd0 SIUNIX < /d0lib/scratch/isajet_util/zebra/gtisaj.for | vmstounix > /d0lib/scratch/isajet_util/zebra/gtisaj.f
	tasteofd0 SIUNIX < /d0lib/scratch/isajet_util/zebra/gtisal.for | vmstounix > /d0lib/scratch/isajet_util/zebra/gtisal.f
	tasteofd0 SIUNIX < /d0lib/scratch/isajet_util/zebra/gtisam.for | vmstounix > /d0lib/scratch/isajet_util/zebra/gtisam.f
	tasteofd0 SIUNIX < /d0lib/scratch/isajet_util/zebra/gtisaq.for | vmstounix > /d0lib/scratch/isajet_util/zebra/gtisaq.f
	tasteofd0 SIUNIX < /d0lib/scratch/isajet_util/zebra/gtiscl.for | vmstounix > /d0lib/scratch/isajet_util/zebra/gtiscl.f
	tasteofd0 SIUNIX < /d0lib/scratch/isajet_util/zebra/gtisjt.for | vmstounix > /d0lib/scratch/isajet_util/zebra/gtisjt.f
	tasteofd0 SIUNIX < /d0lib/scratch/isajet_util/zebra/gtisp1.for | vmstounix > /d0lib/scratch/isajet_util/zebra/gtisp1.f
	tasteofd0 SIUNIX < /d0lib/scratch/isajet_util/zebra/gtisp2.for | vmstounix > /d0lib/scratch/isajet_util/zebra/gtisp2.f
	tasteofd0 SIUNIX < /d0lib/scratch/isajet_util/zebra/gtisv1.for | vmstounix > /d0lib/scratch/isajet_util/zebra/gtisv1.f
	tasteofd0 SIUNIX < /d0lib/scratch/isajet_util/zebra/gtisv2.for | vmstounix > /d0lib/scratch/isajet_util/zebra/gtisv2.f
	tasteofd0 SIUNIX < /d0lib/scratch/isajet_util/zebra/gtpjet.for | vmstounix > /d0lib/scratch/isajet_util/zebra/gtpjet.f
	tasteofd0 SIUNIX < /d0lib/scratch/isajet_util/zebra/gtpjhd.for | vmstounix > /d0lib/scratch/isajet_util/zebra/gtpjhd.f
	tasteofd0 SIUNIX < /d0lib/scratch/isajet_util/zebra/gzisac.for | vmstounix > /d0lib/scratch/isajet_util/zebra/gzisac.f
	tasteofd0 SIUNIX < /d0lib/scratch/isajet_util/zebra/gzisae.for | vmstounix > /d0lib/scratch/isajet_util/zebra/gzisae.f
	tasteofd0 SIUNIX < /d0lib/scratch/isajet_util/zebra/gzisaj.for | vmstounix > /d0lib/scratch/isajet_util/zebra/gzisaj.f
	tasteofd0 SIUNIX < /d0lib/scratch/isajet_util/zebra/gzisal.for | vmstounix > /d0lib/scratch/isajet_util/zebra/gzisal.f
	tasteofd0 SIUNIX < /d0lib/scratch/isajet_util/zebra/gzisam.for | vmstounix > /d0lib/scratch/isajet_util/zebra/gzisam.f
	tasteofd0 SIUNIX < /d0lib/scratch/isajet_util/zebra/gzisaq.for | vmstounix > /d0lib/scratch/isajet_util/zebra/gzisaq.f
	tasteofd0 SIUNIX < /d0lib/scratch/isajet_util/zebra/gziscl.for | vmstounix > /d0lib/scratch/isajet_util/zebra/gziscl.f
	tasteofd0 SIUNIX < /d0lib/scratch/isajet_util/zebra/gziscm.for | vmstounix > /d0lib/scratch/isajet_util/zebra/gziscm.f
	tasteofd0 SIUNIX < /d0lib/scratch/isajet_util/zebra/gzisjt.for | vmstounix > /d0lib/scratch/isajet_util/zebra/gzisjt.f
	tasteofd0 SIUNIX < /d0lib/scratch/isajet_util/zebra/gzismr.for | vmstounix > /d0lib/scratch/isajet_util/zebra/gzismr.f
	tasteofd0 SIUNIX < /d0lib/scratch/isajet_util/zebra/gzisp3.for | vmstounix > /d0lib/scratch/isajet_util/zebra/gzisp3.f
	tasteofd0 SIUNIX < /d0lib/scratch/isajet_util/zebra/gzisv1.for | vmstounix > /d0lib/scratch/isajet_util/zebra/gzisv1.f
	tasteofd0 SIUNIX < /d0lib/scratch/isajet_util/zebra/gzisv2.for | vmstounix > /d0lib/scratch/isajet_util/zebra/gzisv2.f
	tasteofd0 SIUNIX < /d0lib/scratch/isajet_util/zebra/gzpjet.for | vmstounix > /d0lib/scratch/isajet_util/zebra/gzpjet.f
	tasteofd0 SIUNIX < /d0lib/scratch/isajet_util/zebra/gzpjhd.for | vmstounix > /d0lib/scratch/isajet_util/zebra/gzpjhd.f
	tasteofd0 SIUNIX < /d0lib/scratch/isajet_util/zebra/gzpjpt.for | vmstounix > /d0lib/scratch/isajet_util/zebra/gzpjpt.f
	tasteofd0 SIUNIX < /d0lib/scratch/isajet_util/isajet/isa_nus_sum.for | vmstounix > /d0lib/scratch/isajet_util/isajet/isa_nus_sum.f
	tasteofd0 SIUNIX < /d0lib/scratch/isajet_util/zebra/isa_weight.for | vmstounix > /d0lib/scratch/isajet_util/zebra/isa_weight.f
	tasteofd0 SIUNIX < /d0lib/scratch/isajet_util/zebra/isarcp_evt.for | vmstounix > /d0lib/scratch/isajet_util/zebra/isarcp_evt.f
	tasteofd0 SIUNIX < /d0lib/scratch/isajet_util/isajet/isasrt.for | vmstounix > /d0lib/scratch/isajet_util/isajet/isasrt.f
	tasteofd0 SIUNIX < /d0lib/scratch/isajet_util/isajet/ischar.for | vmstounix > /d0lib/scratch/isajet_util/isajet/ischar.f
	tasteofd0 SIUNIX < /d0lib/scratch/isajet_util/isajet/ispeta.for | vmstounix > /d0lib/scratch/isajet_util/isajet/ispeta.f
	tasteofd0 SIUNIX < /d0lib/scratch/isajet_util/zebra/iszjet.for | vmstounix > /d0lib/scratch/isajet_util/zebra/iszjet.f
	tasteofd0 SIUNIX < /d0lib/scratch/isajet_util/isajet/label.for | vmstounix > /d0lib/scratch/isajet_util/isajet/label.f
	tasteofd0 SIUNIX < /d0lib/scratch/isajet_util/isajet/lboost.for | vmstounix > /d0lib/scratch/isajet_util/isajet/lboost.f
	tasteofd0 SIUNIX < /d0lib/scratch/isajet_util/zebra/opangl.for | vmstounix > /d0lib/scratch/isajet_util/zebra/opangl.f
	tasteofd0 SIUNIX < /d0lib/scratch/isajet_util/zebra/pj_eks.for | vmstounix > /d0lib/scratch/isajet_util/zebra/pj_eks.f
	tasteofd0 SIUNIX < /d0lib/scratch/isajet_util/zebra/pjangl.for | vmstounix > /d0lib/scratch/isajet_util/zebra/pjangl.f
	tasteofd0 SIUNIX < /d0lib/scratch/isajet_util/zebra/pjcone.for | vmstounix > /d0lib/scratch/isajet_util/zebra/pjcone.f
	tasteofd0 SIUNIX < /d0lib/scratch/isajet_util/zebra/pjetfl.for | vmstounix > /d0lib/scratch/isajet_util/zebra/pjetfl.f
	tasteofd0 SIUNIX < /d0lib/scratch/isajet_util/zebra/pjisaq.for | vmstounix > /d0lib/scratch/isajet_util/zebra/pjisaq.f
	tasteofd0 SIUNIX < /d0lib/scratch/isajet_util/zebra/pjlink.for | vmstounix > /d0lib/scratch/isajet_util/zebra/pjlink.f
	tasteofd0 SIUNIX < /d0lib/scratch/isajet_util/zebra/pjpart.for | vmstounix > /d0lib/scratch/isajet_util/zebra/pjpart.f
	tasteofd0 SIUNIX < /d0lib/scratch/isajet_util/zebra/pjpget.for | vmstounix > /d0lib/scratch/isajet_util/zebra/pjpget.f
	tasteofd0 SIUNIX < /d0lib/scratch/isajet_util/zebra/pjptfl.for | vmstounix > /d0lib/scratch/isajet_util/zebra/pjptfl.f
	tasteofd0 SIUNIX < /d0lib/scratch/isajet_util/zebra/pjsplit.for | vmstounix > /d0lib/scratch/isajet_util/zebra/pjsplit.f
	tasteofd0 SIUNIX < /d0lib/scratch/isajet_util/zebra/pjuser.for | vmstounix > /d0lib/scratch/isajet_util/zebra/pjuser.f
	tasteofd0 SIUNIX < /d0lib/scratch/isajet_util/zebra/prisab.for | vmstounix > /d0lib/scratch/isajet_util/zebra/prisab.f
	tasteofd0 SIUNIX < /d0lib/scratch/isajet_util/zebra/prisac.for | vmstounix > /d0lib/scratch/isajet_util/zebra/prisac.f
	tasteofd0 SIUNIX < /d0lib/scratch/isajet_util/zebra/prisae.for | vmstounix > /d0lib/scratch/isajet_util/zebra/prisae.f
	tasteofd0 SIUNIX < /d0lib/scratch/isajet_util/zebra/prisaf.for | vmstounix > /d0lib/scratch/isajet_util/zebra/prisaf.f
	tasteofd0 SIUNIX < /d0lib/scratch/isajet_util/zebra/prisaj.for | vmstounix > /d0lib/scratch/isajet_util/zebra/prisaj.f
	tasteofd0 SIUNIX < /d0lib/scratch/isajet_util/zebra/prisal.for | vmstounix > /d0lib/scratch/isajet_util/zebra/prisal.f
	tasteofd0 SIUNIX < /d0lib/scratch/isajet_util/zebra/prisam.for | vmstounix > /d0lib/scratch/isajet_util/zebra/prisam.f
	tasteofd0 SIUNIX < /d0lib/scratch/isajet_util/zebra/prisaq.for | vmstounix > /d0lib/scratch/isajet_util/zebra/prisaq.f
	tasteofd0 SIUNIX < /d0lib/scratch/isajet_util/zebra/priscl.for | vmstounix > /d0lib/scratch/isajet_util/zebra/priscl.f
	tasteofd0 SIUNIX < /d0lib/scratch/isajet_util/isajet/priscm.for | vmstounix > /d0lib/scratch/isajet_util/isajet/priscm.f
	tasteofd0 SIUNIX < /d0lib/scratch/isajet_util/zebra/prisjt.for | vmstounix > /d0lib/scratch/isajet_util/zebra/prisjt.f
	tasteofd0 SIUNIX < /d0lib/scratch/isajet_util/zebra/prisp1.for | vmstounix > /d0lib/scratch/isajet_util/zebra/prisp1.f
	tasteofd0 SIUNIX < /d0lib/scratch/isajet_util/zebra/prisp2.for | vmstounix > /d0lib/scratch/isajet_util/zebra/prisp2.f
	tasteofd0 SIUNIX < /d0lib/scratch/isajet_util/zebra/prisp3.for | vmstounix > /d0lib/scratch/isajet_util/zebra/prisp3.f
	tasteofd0 SIUNIX < /d0lib/scratch/isajet_util/zebra/prisv1.for | vmstounix > /d0lib/scratch/isajet_util/zebra/prisv1.f
	tasteofd0 SIUNIX < /d0lib/scratch/isajet_util/zebra/prisv2.for | vmstounix > /d0lib/scratch/isajet_util/zebra/prisv2.f
	tasteofd0 SIUNIX < /d0lib/scratch/isajet_util/zebra/prpjet.for | vmstounix > /d0lib/scratch/isajet_util/zebra/prpjet.f
	tasteofd0 SIUNIX < /d0lib/scratch/isajet_util/zebra/prpjhd.for | vmstounix > /d0lib/scratch/isajet_util/zebra/prpjhd.f
	tasteofd0 SIUNIX < /d0lib/scratch/isajet_util/zebra/prtevz.for | vmstounix > /d0lib/scratch/isajet_util/zebra/prtevz.f
	tasteofd0 SIUNIX < /d0lib/scratch/isajet_util/zebra/zvertx.for | vmstounix > /d0lib/scratch/isajet_util/zebra/zvertx.f
Warning: No suffix list.
	rmdirp /d0lib/admin/tmp/d0librar/mmstomake/isajet_util/isajet_util
	mkdirp /d0lib/admin/tmp/d0librar/mmstomake/isajet_util/isajet_util/a1
	mkdirp /d0lib/admin/tmp/d0librar/mmstomake/isajet_util/isajet_util/a2
	mkdirp /d0lib/admin/tmp/d0librar/mmstomake/isajet_util/isajet_util/a3
	mkdirp /d0lib/admin/tmp/d0librar/mmstomake/isajet_util/isajet_util/a4
	(cd /d0lib/scratch;\
	f77 -c -nocpp -static -col72 -backslash -G 0 -Olimit 2000 -Wo,-loopunroll,2 -O0 -g2 isajet_util/isajet/amass.f ;\
	mv amass.o /d0lib/admin/tmp/d0librar/mmstomake/isajet_util/isajet_util/a1/amass.o ;\
	)
	(cd /d0lib/scratch;\
	f77 -c -nocpp -static -col72 -backslash -G 0 -Olimit 2000 -Wo,-loopunroll,2 -O0 -g2 isajet_util/zebra/bkisjt.f ;\
	mv bkisjt.o /d0lib/admin/tmp/d0librar/mmstomake/isajet_util/isajet_util/a1/bkisjt.o ;\
	)
	(cd /d0lib/scratch;\
	f77 -c -nocpp -static -col72 -backslash -G 0 -Olimit 2000 -Wo,-loopunroll,2 -O0 -g2 isajet_util/zebra/bkpjet.f ;\
	mv bkpjet.o /d0lib/admin/tmp/d0librar/mmstomake/isajet_util/isajet_util/a1/bkpjet.o ;\
	)
	(cd /d0lib/scratch;\
	f77 -c -nocpp -static -col72 -backslash -G 0 -Olimit 2000 -Wo,-loopunroll,2 -O0 -g2 isajet_util/zebra/bkpjhd.f ;\
	mv bkpjhd.o /d0lib/admin/tmp/d0librar/mmstomake/isajet_util/isajet_util/a1/bkpjhd.o ;\
	)
	(cd /d0lib/scratch;\
	f77 -c -nocpp -static -col72 -backslash -G 0 -Olimit 2000 -Wo,-loopunroll,2 -O0 -g2 isajet_util/zebra/bkpjpt.f ;\
	mv bkpjpt.o /d0lib/admin/tmp/d0librar/mmstomake/isajet_util/isajet_util/a1/bkpjpt.o ;\
	)
	(cd /d0lib/scratch;\
	f77 -c -nocpp -static -col72 -backslash -G 0 -Olimit 2000 -Wo,-loopunroll,2 -O0 -g2 isajet_util/zebra/build_pjet.f ;\
	mv build_pjet.o /d0lib/admin/tmp/d0librar/mmstomake/isajet_util/isajet_util/a1/build_pjet.o ;\
	)
	(cd /d0lib/scratch;\
	f77 -c -nocpp -static -col72 -backslash -G 0 -Olimit 2000 -Wo,-loopunroll,2 -O0 -g2 isajet_util/isajet/charge.f ;\
	mv charge.o /d0lib/admin/tmp/d0librar/mmstomake/isajet_util/isajet_util/a1/charge.o ;\
	)
	(cd /d0lib/scratch;\
	f77 -c -nocpp -static -col72 -backslash -G 0 -Olimit 2000 -Wo,-loopunroll,2 -O0 -g2 isajet_util/isajet/flavor.f ;\
	mv flavor.o /d0lib/admin/tmp/d0librar/mmstomake/isajet_util/isajet_util/a1/flavor.o ;\
	)
	(cd /d0lib/scratch;\
	f77 -c -nocpp -static -col72 -backslash -G 0 -Olimit 2000 -Wo,-loopunroll,2 -O0 -g2 isajet_util/zebra/gtisaj.f ;\
	mv gtisaj.o /d0lib/admin/tmp/d0librar/mmstomake/isajet_util/isajet_util/a1/gtisaj.o ;\
	)
	(cd /d0lib/scratch;\
	f77 -c -nocpp -static -col72 -backslash -G 0 -Olimit 2000 -Wo,-loopunroll,2 -O0 -g2 isajet_util/zebra/gtisal.f ;\
	mv gtisal.o /d0lib/admin/tmp/d0librar/mmstomake/isajet_util/isajet_util/a1/gtisal.o ;\
	)
	(cd /d0lib/scratch;\
	f77 -c -nocpp -static -col72 -backslash -G 0 -Olimit 2000 -Wo,-loopunroll,2 -O0 -g2 isajet_util/zebra/gtisam.f ;\
	mv gtisam.o /d0lib/admin/tmp/d0librar/mmstomake/isajet_util/isajet_util/a1/gtisam.o ;\
	)
	(cd /d0lib/scratch;\
	f77 -c -nocpp -static -col72 -backslash -G 0 -Olimit 2000 -Wo,-loopunroll,2 -O0 -g2 isajet_util/zebra/gtisaq.f ;\
	mv gtisaq.o /d0lib/admin/tmp/d0librar/mmstomake/isajet_util/isajet_util/a1/gtisaq.o ;\
	)
	(cd /d0lib/scratch;\
	f77 -c -nocpp -static -col72 -backslash -G 0 -Olimit 2000 -Wo,-loopunroll,2 -O0 -g2 isajet_util/zebra/gtiscl.f ;\
	mv gtiscl.o /d0lib/admin/tmp/d0librar/mmstomake/isajet_util/isajet_util/a1/gtiscl.o ;\
	)
	(cd /d0lib/scratch;\
	f77 -c -nocpp -static -col72 -backslash -G 0 -Olimit 2000 -Wo,-loopunroll,2 -O0 -g2 isajet_util/zebra/gtisjt.f ;\
	mv gtisjt.o /d0lib/admin/tmp/d0librar/mmstomake/isajet_util/isajet_util/a1/gtisjt.o ;\
	)
	(cd /d0lib/scratch;\
	f77 -c -nocpp -static -col72 -backslash -G 0 -Olimit 2000 -Wo,-loopunroll,2 -O0 -g2 isajet_util/zebra/gtisp1.f ;\
	mv gtisp1.o /d0lib/admin/tmp/d0librar/mmstomake/isajet_util/isajet_util/a1/gtisp1.o ;\
	)
	(cd /d0lib/scratch;\
	f77 -c -nocpp -static -col72 -backslash -G 0 -Olimit 2000 -Wo,-loopunroll,2 -O0 -g2 isajet_util/zebra/gtisp2.f ;\
	mv gtisp2.o /d0lib/admin/tmp/d0librar/mmstomake/isajet_util/isajet_util/a1/gtisp2.o ;\
	)
	(cd /d0lib/scratch;\
	f77 -c -nocpp -static -col72 -backslash -G 0 -Olimit 2000 -Wo,-loopunroll,2 -O0 -g2 isajet_util/zebra/gtisv1.f ;\
	mv gtisv1.o /d0lib/admin/tmp/d0librar/mmstomake/isajet_util/isajet_util/a1/gtisv1.o ;\
	)
	(cd /d0lib/scratch;\
	f77 -c -nocpp -static -col72 -backslash -G 0 -Olimit 2000 -Wo,-loopunroll,2 -O0 -g2 isajet_util/zebra/gtisv2.f ;\
	mv gtisv2.o /d0lib/admin/tmp/d0librar/mmstomake/isajet_util/isajet_util/a1/gtisv2.o ;\
	)
	(cd /d0lib/scratch;\
	f77 -c -nocpp -static -col72 -backslash -G 0 -Olimit 2000 -Wo,-loopunroll,2 -O0 -g2 isajet_util/zebra/gtpjet.f ;\
	mv gtpjet.o /d0lib/admin/tmp/d0librar/mmstomake/isajet_util/isajet_util/a1/gtpjet.o ;\
	)
	(cd /d0lib/scratch;\
	f77 -c -nocpp -static -col72 -backslash -G 0 -Olimit 2000 -Wo,-loopunroll,2 -O0 -g2 isajet_util/zebra/gtpjhd.f ;\
	mv gtpjhd.o /d0lib/admin/tmp/d0librar/mmstomake/isajet_util/isajet_util/a1/gtpjhd.o ;\
	)
	(cd /d0lib/scratch;\
	f77 -c -nocpp -static -col72 -backslash -G 0 -Olimit 2000 -Wo,-loopunroll,2 -O0 -g2 isajet_util/zebra/gzisac.f ;\
	mv gzisac.o /d0lib/admin/tmp/d0librar/mmstomake/isajet_util/isajet_util/a2/gzisac.o ;\
	)
	(cd /d0lib/scratch;\
	f77 -c -nocpp -static -col72 -backslash -G 0 -Olimit 2000 -Wo,-loopunroll,2 -O0 -g2 isajet_util/zebra/gzisae.f ;\
	mv gzisae.o /d0lib/admin/tmp/d0librar/mmstomake/isajet_util/isajet_util/a2/gzisae.o ;\
	)
	(cd /d0lib/scratch;\
	f77 -c -nocpp -static -col72 -backslash -G 0 -Olimit 2000 -Wo,-loopunroll,2 -O0 -g2 isajet_util/zebra/gzisaj.f ;\
	mv gzisaj.o /d0lib/admin/tmp/d0librar/mmstomake/isajet_util/isajet_util/a2/gzisaj.o ;\
	)
	(cd /d0lib/scratch;\
	f77 -c -nocpp -static -col72 -backslash -G 0 -Olimit 2000 -Wo,-loopunroll,2 -O0 -g2 isajet_util/zebra/gzisal.f ;\
	mv gzisal.o /d0lib/admin/tmp/d0librar/mmstomake/isajet_util/isajet_util/a2/gzisal.o ;\
	)
	(cd /d0lib/scratch;\
	f77 -c -nocpp -static -col72 -backslash -G 0 -Olimit 2000 -Wo,-loopunroll,2 -O0 -g2 isajet_util/zebra/gzisam.f ;\
	mv gzisam.o /d0lib/admin/tmp/d0librar/mmstomake/isajet_util/isajet_util/a2/gzisam.o ;\
	)
	(cd /d0lib/scratch;\
	f77 -c -nocpp -static -col72 -backslash -G 0 -Olimit 2000 -Wo,-loopunroll,2 -O0 -g2 isajet_util/zebra/gzisaq.f ;\
	mv gzisaq.o /d0lib/admin/tmp/d0librar/mmstomake/isajet_util/isajet_util/a2/gzisaq.o ;\
	)
	(cd /d0lib/scratch;\
	f77 -c -nocpp -static -col72 -backslash -G 0 -Olimit 2000 -Wo,-loopunroll,2 -O0 -g2 isajet_util/zebra/gziscl.f ;\
	mv gziscl.o /d0lib/admin/tmp/d0librar/mmstomake/isajet_util/isajet_util/a2/gziscl.o ;\
	)
	(cd /d0lib/scratch;\
	f77 -c -nocpp -static -col72 -backslash -G 0 -Olimit 2000 -Wo,-loopunroll,2 -O0 -g2 isajet_util/zebra/gziscm.f ;\
	mv gziscm.o /d0lib/admin/tmp/d0librar/mmstomake/isajet_util/isajet_util/a2/gziscm.o ;\
	)
	(cd /d0lib/scratch;\
	f77 -c -nocpp -static -col72 -backslash -G 0 -Olimit 2000 -Wo,-loopunroll,2 -O0 -g2 isajet_util/zebra/gzisjt.f ;\
	mv gzisjt.o /d0lib/admin/tmp/d0librar/mmstomake/isajet_util/isajet_util/a2/gzisjt.o ;\
	)
	(cd /d0lib/scratch;\
	f77 -c -nocpp -static -col72 -backslash -G 0 -Olimit 2000 -Wo,-loopunroll,2 -O0 -g2 isajet_util/zebra/gzismr.f ;\
	mv gzismr.o /d0lib/admin/tmp/d0librar/mmstomake/isajet_util/isajet_util/a2/gzismr.o ;\
	)
	(cd /d0lib/scratch;\
	f77 -c -nocpp -static -col72 -backslash -G 0 -Olimit 2000 -Wo,-loopunroll,2 -O0 -g2 isajet_util/zebra/gzisp3.f ;\
	mv gzisp3.o /d0lib/admin/tmp/d0librar/mmstomake/isajet_util/isajet_util/a2/gzisp3.o ;\
	)
	(cd /d0lib/scratch;\
	f77 -c -nocpp -static -col72 -backslash -G 0 -Olimit 2000 -Wo,-loopunroll,2 -O0 -g2 isajet_util/zebra/gzisv1.f ;\
	mv gzisv1.o /d0lib/admin/tmp/d0librar/mmstomake/isajet_util/isajet_util/a2/gzisv1.o ;\
	)
	(cd /d0lib/scratch;\
	f77 -c -nocpp -static -col72 -backslash -G 0 -Olimit 2000 -Wo,-loopunroll,2 -O0 -g2 isajet_util/zebra/gzisv2.f ;\
	mv gzisv2.o /d0lib/admin/tmp/d0librar/mmstomake/isajet_util/isajet_util/a2/gzisv2.o ;\
	)
	(cd /d0lib/scratch;\
	f77 -c -nocpp -static -col72 -backslash -G 0 -Olimit 2000 -Wo,-loopunroll,2 -O0 -g2 isajet_util/zebra/gzpjet.f ;\
	mv gzpjet.o /d0lib/admin/tmp/d0librar/mmstomake/isajet_util/isajet_util/a2/gzpjet.o ;\
	)
	(cd /d0lib/scratch;\
	f77 -c -nocpp -static -col72 -backslash -G 0 -Olimit 2000 -Wo,-loopunroll,2 -O0 -g2 isajet_util/zebra/gzpjhd.f ;\
	mv gzpjhd.o /d0lib/admin/tmp/d0librar/mmstomake/isajet_util/isajet_util/a2/gzpjhd.o ;\
	)
	(cd /d0lib/scratch;\
	f77 -c -nocpp -static -col72 -backslash -G 0 -Olimit 2000 -Wo,-loopunroll,2 -O0 -g2 isajet_util/zebra/gzpjpt.f ;\
	mv gzpjpt.o /d0lib/admin/tmp/d0librar/mmstomake/isajet_util/isajet_util/a2/gzpjpt.o ;\
	)
	(cd /d0lib/scratch;\
	f77 -c -nocpp -static -col72 -backslash -G 0 -Olimit 2000 -Wo,-loopunroll,2 -O0 -g2 isajet_util/isajet/isa_nus_sum.f ;\
	mv isa_nus_sum.o /d0lib/admin/tmp/d0librar/mmstomake/isajet_util/isajet_util/a2/isa_nus_sum.o ;\
	)
	(cd /d0lib/scratch;\
	f77 -c -nocpp -static -col72 -backslash -G 0 -Olimit 2000 -Wo,-loopunroll,2 -O0 -g2 isajet_util/zebra/isa_weight.f ;\
	mv isa_weight.o /d0lib/admin/tmp/d0librar/mmstomake/isajet_util/isajet_util/a2/isa_weight.o ;\
	)
	(cd /d0lib/scratch;\
	f77 -c -nocpp -static -col72 -backslash -G 0 -Olimit 2000 -Wo,-loopunroll,2 -O0 -g2 isajet_util/zebra/isarcp_evt.f ;\
	mv isarcp_evt.o /d0lib/admin/tmp/d0librar/mmstomake/isajet_util/isajet_util/a2/isarcp_evt.o ;\
	)
	(cd /d0lib/scratch;\
	f77 -c -nocpp -static -col72 -backslash -G 0 -Olimit 2000 -Wo,-loopunroll,2 -O0 -g2 isajet_util/isajet/isasrt.f ;\
	mv isasrt.o /d0lib/admin/tmp/d0librar/mmstomake/isajet_util/isajet_util/a2/isasrt.o ;\
	)
	(cd /d0lib/scratch;\
	f77 -c -nocpp -static -col72 -backslash -G 0 -Olimit 2000 -Wo,-loopunroll,2 -O0 -g2 isajet_util/isajet/ischar.f ;\
	mv ischar.o /d0lib/admin/tmp/d0librar/mmstomake/isajet_util/isajet_util/a3/ischar.o ;\
	)
	(cd /d0lib/scratch;\
	f77 -c -nocpp -static -col72 -backslash -G 0 -Olimit 2000 -Wo,-loopunroll,2 -O0 -g2 isajet_util/isajet/ispeta.f ;\
	mv ispeta.o /d0lib/admin/tmp/d0librar/mmstomake/isajet_util/isajet_util/a3/ispeta.o ;\
	)
	(cd /d0lib/scratch;\
	f77 -c -nocpp -static -col72 -backslash -G 0 -Olimit 2000 -Wo,-loopunroll,2 -O0 -g2 isajet_util/zebra/iszjet.f ;\
	mv iszjet.o /d0lib/admin/tmp/d0librar/mmstomake/isajet_util/isajet_util/a3/iszjet.o ;\
	)
	(cd /d0lib/scratch;\
	f77 -c -nocpp -static -col72 -backslash -G 0 -Olimit 2000 -Wo,-loopunroll,2 -O0 -g2 isajet_util/isajet/label.f ;\
	mv label.o /d0lib/admin/tmp/d0librar/mmstomake/isajet_util/isajet_util/a3/label.o ;\
	)
	(cd /d0lib/scratch;\
	f77 -c -nocpp -static -col72 -backslash -G 0 -Olimit 2000 -Wo,-loopunroll,2 -O0 -g2 isajet_util/isajet/lboost.f ;\
	mv lboost.o /d0lib/admin/tmp/d0librar/mmstomake/isajet_util/isajet_util/a3/lboost.o ;\
	)
	(cd /d0lib/scratch;\
	f77 -c -nocpp -static -col72 -backslash -G 0 -Olimit 2000 -Wo,-loopunroll,2 -O0 -g2 isajet_util/zebra/opangl.f ;\
	mv opangl.o /d0lib/admin/tmp/d0librar/mmstomake/isajet_util/isajet_util/a3/opangl.o ;\
	)
	(cd /d0lib/scratch;\
	f77 -c -nocpp -static -col72 -backslash -G 0 -Olimit 2000 -Wo,-loopunroll,2 -O0 -g2 isajet_util/zebra/pj_eks.f ;\
	mv pj_eks.o /d0lib/admin/tmp/d0librar/mmstomake/isajet_util/isajet_util/a3/pj_eks.o ;\
	)
	(cd /d0lib/scratch;\
	f77 -c -nocpp -static -col72 -backslash -G 0 -Olimit 2000 -Wo,-loopunroll,2 -O0 -g2 isajet_util/zebra/pjangl.f ;\
	mv pjangl.o /d0lib/admin/tmp/d0librar/mmstomake/isajet_util/isajet_util/a3/pjangl.o ;\
	)
	(cd /d0lib/scratch;\
	f77 -c -nocpp -static -col72 -backslash -G 0 -Olimit 2000 -Wo,-loopunroll,2 -O0 -g2 isajet_util/zebra/pjcone.f ;\
	mv pjcone.o /d0lib/admin/tmp/d0librar/mmstomake/isajet_util/isajet_util/a3/pjcone.o ;\
	)
	(cd /d0lib/scratch;\
	f77 -c -nocpp -static -col72 -backslash -G 0 -Olimit 2000 -Wo,-loopunroll,2 -O0 -g2 isajet_util/zebra/pjetfl.f ;\
	mv pjetfl.o /d0lib/admin/tmp/d0librar/mmstomake/isajet_util/isajet_util/a3/pjetfl.o ;\
	)
	(cd /d0lib/scratch;\
	f77 -c -nocpp -static -col72 -backslash -G 0 -Olimit 2000 -Wo,-loopunroll,2 -O0 -g2 isajet_util/zebra/pjisaq.f ;\
	mv pjisaq.o /d0lib/admin/tmp/d0librar/mmstomake/isajet_util/isajet_util/a3/pjisaq.o ;\
	)
	(cd /d0lib/scratch;\
	f77 -c -nocpp -static -col72 -backslash -G 0 -Olimit 2000 -Wo,-loopunroll,2 -O0 -g2 isajet_util/zebra/pjlink.f ;\
	mv pjlink.o /d0lib/admin/tmp/d0librar/mmstomake/isajet_util/isajet_util/a3/pjlink.o ;\
	)
	(cd /d0lib/scratch;\
	f77 -c -nocpp -static -col72 -backslash -G 0 -Olimit 2000 -Wo,-loopunroll,2 -O0 -g2 isajet_util/zebra/pjpart.f ;\
	mv pjpart.o /d0lib/admin/tmp/d0librar/mmstomake/isajet_util/isajet_util/a3/pjpart.o ;\
	)
	(cd /d0lib/scratch;\
	f77 -c -nocpp -static -col72 -backslash -G 0 -Olimit 2000 -Wo,-loopunroll,2 -O0 -g2 isajet_util/zebra/pjpget.f ;\
	mv pjpget.o /d0lib/admin/tmp/d0librar/mmstomake/isajet_util/isajet_util/a3/pjpget.o ;\
	)
	(cd /d0lib/scratch;\
	f77 -c -nocpp -static -col72 -backslash -G 0 -Olimit 2000 -Wo,-loopunroll,2 -O0 -g2 isajet_util/zebra/pjptfl.f ;\
	mv pjptfl.o /d0lib/admin/tmp/d0librar/mmstomake/isajet_util/isajet_util/a3/pjptfl.o ;\
	)
	(cd /d0lib/scratch;\
	f77 -c -nocpp -static -col72 -backslash -G 0 -Olimit 2000 -Wo,-loopunroll,2 -O0 -g2 isajet_util/zebra/pjsplit.f ;\
	mv pjsplit.o /d0lib/admin/tmp/d0librar/mmstomake/isajet_util/isajet_util/a3/pjsplit.o ;\
	)
	(cd /d0lib/scratch;\
	f77 -c -nocpp -static -col72 -backslash -G 0 -Olimit 2000 -Wo,-loopunroll,2 -O0 -g2 isajet_util/zebra/pjuser.f ;\
	mv pjuser.o /d0lib/admin/tmp/d0librar/mmstomake/isajet_util/isajet_util/a3/pjuser.o ;\
	)
	(cd /d0lib/scratch;\
	f77 -c -nocpp -static -col72 -backslash -G 0 -Olimit 2000 -Wo,-loopunroll,2 -O0 -g2 isajet_util/zebra/prisab.f ;\
	mv prisab.o /d0lib/admin/tmp/d0librar/mmstomake/isajet_util/isajet_util/a3/prisab.o ;\
	)
	(cd /d0lib/scratch;\
	f77 -c -nocpp -static -col72 -backslash -G 0 -Olimit 2000 -Wo,-loopunroll,2 -O0 -g2 isajet_util/zebra/prisac.f ;\
	mv prisac.o /d0lib/admin/tmp/d0librar/mmstomake/isajet_util/isajet_util/a3/prisac.o ;\
	)
	(cd /d0lib/scratch;\
	f77 -c -nocpp -static -col72 -backslash -G 0 -Olimit 2000 -Wo,-loopunroll,2 -O0 -g2 isajet_util/zebra/prisae.f ;\
	mv prisae.o /d0lib/admin/tmp/d0librar/mmstomake/isajet_util/isajet_util/a3/prisae.o ;\
	)
	(cd /d0lib/scratch;\
	f77 -c -nocpp -static -col72 -backslash -G 0 -Olimit 2000 -Wo,-loopunroll,2 -O0 -g2 isajet_util/zebra/prisaf.f ;\
	mv prisaf.o /d0lib/admin/tmp/d0librar/mmstomake/isajet_util/isajet_util/a4/prisaf.o ;\
	)
	(cd /d0lib/scratch;\
	f77 -c -nocpp -static -col72 -backslash -G 0 -Olimit 2000 -Wo,-loopunroll,2 -O0 -g2 isajet_util/zebra/prisaj.f ;\
	mv prisaj.o /d0lib/admin/tmp/d0librar/mmstomake/isajet_util/isajet_util/a4/prisaj.o ;\
	)
	(cd /d0lib/scratch;\
	f77 -c -nocpp -static -col72 -backslash -G 0 -Olimit 2000 -Wo,-loopunroll,2 -O0 -g2 isajet_util/zebra/prisal.f ;\
	mv prisal.o /d0lib/admin/tmp/d0librar/mmstomake/isajet_util/isajet_util/a4/prisal.o ;\
	)
	(cd /d0lib/scratch;\
	f77 -c -nocpp -static -col72 -backslash -G 0 -Olimit 2000 -Wo,-loopunroll,2 -O0 -g2 isajet_util/zebra/prisam.f ;\
	mv prisam.o /d0lib/admin/tmp/d0librar/mmstomake/isajet_util/isajet_util/a4/prisam.o ;\
	)
	(cd /d0lib/scratch;\
	f77 -c -nocpp -static -col72 -backslash -G 0 -Olimit 2000 -Wo,-loopunroll,2 -O0 -g2 isajet_util/zebra/prisaq.f ;\
	mv prisaq.o /d0lib/admin/tmp/d0librar/mmstomake/isajet_util/isajet_util/a4/prisaq.o ;\
	)
	(cd /d0lib/scratch;\
	f77 -c -nocpp -static -col72 -backslash -G 0 -Olimit 2000 -Wo,-loopunroll,2 -O0 -g2 isajet_util/zebra/priscl.f ;\
	mv priscl.o /d0lib/admin/tmp/d0librar/mmstomake/isajet_util/isajet_util/a4/priscl.o ;\
	)
	(cd /d0lib/scratch;\
	f77 -c -nocpp -static -col72 -backslash -G 0 -Olimit 2000 -Wo,-loopunroll,2 -O0 -g2 isajet_util/isajet/priscm.f ;\
	mv priscm.o /d0lib/admin/tmp/d0librar/mmstomake/isajet_util/isajet_util/a4/priscm.o ;\
	)
	(cd /d0lib/scratch;\
	f77 -c -nocpp -static -col72 -backslash -G 0 -Olimit 2000 -Wo,-loopunroll,2 -O0 -g2 isajet_util/zebra/prisjt.f ;\
	mv prisjt.o /d0lib/admin/tmp/d0librar/mmstomake/isajet_util/isajet_util/a4/prisjt.o ;\
	)
	(cd /d0lib/scratch;\
	f77 -c -nocpp -static -col72 -backslash -G 0 -Olimit 2000 -Wo,-loopunroll,2 -O0 -g2 isajet_util/zebra/prisp1.f ;\
	mv prisp1.o /d0lib/admin/tmp/d0librar/mmstomake/isajet_util/isajet_util/a4/prisp1.o ;\
	)
	(cd /d0lib/scratch;\
	f77 -c -nocpp -static -col72 -backslash -G 0 -Olimit 2000 -Wo,-loopunroll,2 -O0 -g2 isajet_util/zebra/prisp2.f ;\
	mv prisp2.o /d0lib/admin/tmp/d0librar/mmstomake/isajet_util/isajet_util/a4/prisp2.o ;\
	)
	(cd /d0lib/scratch;\
	f77 -c -nocpp -static -col72 -backslash -G 0 -Olimit 2000 -Wo,-loopunroll,2 -O0 -g2 isajet_util/zebra/prisp3.f ;\
	mv prisp3.o /d0lib/admin/tmp/d0librar/mmstomake/isajet_util/isajet_util/a4/prisp3.o ;\
	)
	(cd /d0lib/scratch;\
	f77 -c -nocpp -static -col72 -backslash -G 0 -Olimit 2000 -Wo,-loopunroll,2 -O0 -g2 isajet_util/zebra/prisv1.f ;\
	mv prisv1.o /d0lib/admin/tmp/d0librar/mmstomake/isajet_util/isajet_util/a4/prisv1.o ;\
	)
	(cd /d0lib/scratch;\
	f77 -c -nocpp -static -col72 -backslash -G 0 -Olimit 2000 -Wo,-loopunroll,2 -O0 -g2 isajet_util/zebra/prisv2.f ;\
	mv prisv2.o /d0lib/admin/tmp/d0librar/mmstomake/isajet_util/isajet_util/a4/prisv2.o ;\
	)
	(cd /d0lib/scratch;\
	f77 -c -nocpp -static -col72 -backslash -G 0 -Olimit 2000 -Wo,-loopunroll,2 -O0 -g2 isajet_util/zebra/prpjet.f ;\
	mv prpjet.o /d0lib/admin/tmp/d0librar/mmstomake/isajet_util/isajet_util/a4/prpjet.o ;\
	)
	(cd /d0lib/scratch;\
	f77 -c -nocpp -static -col72 -backslash -G 0 -Olimit 2000 -Wo,-loopunroll,2 -O0 -g2 isajet_util/zebra/prpjhd.f ;\
	mv prpjhd.o /d0lib/admin/tmp/d0librar/mmstomake/isajet_util/isajet_util/a4/prpjhd.o ;\
	)
	(cd /d0lib/scratch;\
	f77 -c -nocpp -static -col72 -backslash -G 0 -Olimit 2000 -Wo,-loopunroll,2 -O0 -g2 isajet_util/zebra/prtevz.f ;\
	mv prtevz.o /d0lib/admin/tmp/d0librar/mmstomake/isajet_util/isajet_util/a4/prtevz.o ;\
	)
	(cd /d0lib/scratch;\
	f77 -c -nocpp -static -col72 -backslash -G 0 -Olimit 2000 -Wo,-loopunroll,2 -O0 -g2 isajet_util/zebra/zvertx.f ;\
	mv zvertx.o /d0lib/admin/tmp/d0librar/mmstomake/isajet_util/isajet_util/a4/zvertx.o ;\
	)
	ar crsl /d0lib/scratch/isajet_util/deb_isajet_util.a `ls /d0lib/admin/tmp/d0librar/mmstomake/isajet_util/isajet_util/a1/*.o 2> /dev/null`
	ar crsl /d0lib/scratch/isajet_util/deb_isajet_util.a `ls /d0lib/admin/tmp/d0librar/mmstomake/isajet_util/isajet_util/a2/*.o 2> /dev/null`
	ar crsl /d0lib/scratch/isajet_util/deb_isajet_util.a `ls /d0lib/admin/tmp/d0librar/mmstomake/isajet_util/isajet_util/a3/*.o 2> /dev/null`
	ar crsl /d0lib/scratch/isajet_util/deb_isajet_util.a `ls /d0lib/admin/tmp/d0librar/mmstomake/isajet_util/isajet_util/a4/*.o 2> /dev/null`
	rmdirp /d0lib/admin/tmp/d0librar/mmstomake/isajet_util/isajet_util
deb_isajet_util.a is up to date
Generating non-debug makefile
Library section:  isajet_util
Root directory:   /d0lib/scratch/isajet_util
Scanning source files for parent library isajet_util
Checking uniqueness
77 source files
77 archive files
Uniqueness OK
Generating dependencies for isajet_util.a
Generating dependencies for non-debug object files
Generating preprocessor dependencies
Generating source list
Warning: No suffix list.
	rmdirp /d0lib/admin/tmp/d0librar/mmstomake/isajet_util/isajet_util
	mkdirp /d0lib/admin/tmp/d0librar/mmstomake/isajet_util/isajet_util/a1
	mkdirp /d0lib/admin/tmp/d0librar/mmstomake/isajet_util/isajet_util/a2
	mkdirp /d0lib/admin/tmp/d0librar/mmstomake/isajet_util/isajet_util/a3
	mkdirp /d0lib/admin/tmp/d0librar/mmstomake/isajet_util/isajet_util/a4
	(cd /d0lib/scratch;\
	f77 -c -nocpp -static -col72 -backslash -G 0 -Olimit 2000 -Wo,-loopunroll,2 -O2 isajet_util/isajet/amass.f ;\
	mv amass.o /d0lib/admin/tmp/d0librar/mmstomake/isajet_util/isajet_util/a1/amass.o ;\
	)

uopt: Warning: u-code 3.19 instead of 3.18
	(cd /d0lib/scratch;\
	f77 -c -nocpp -static -col72 -backslash -G 0 -Olimit 2000 -Wo,-loopunroll,2 -O2 isajet_util/zebra/bkisjt.f ;\
	mv bkisjt.o /d0lib/admin/tmp/d0librar/mmstomake/isajet_util/isajet_util/a1/bkisjt.o ;\
	)

uopt: Warning: u-code 3.19 instead of 3.18
	(cd /d0lib/scratch;\
	f77 -c -nocpp -static -col72 -backslash -G 0 -Olimit 2000 -Wo,-loopunroll,2 -O2 isajet_util/zebra/bkpjet.f ;\
	mv bkpjet.o /d0lib/admin/tmp/d0librar/mmstomake/isajet_util/isajet_util/a1/bkpjet.o ;\
	)

uopt: Warning: u-code 3.19 instead of 3.18
	(cd /d0lib/scratch;\
	f77 -c -nocpp -static -col72 -backslash -G 0 -Olimit 2000 -Wo,-loopunroll,2 -O2 isajet_util/zebra/bkpjhd.f ;\
	mv bkpjhd.o /d0lib/admin/tmp/d0librar/mmstomake/isajet_util/isajet_util/a1/bkpjhd.o ;\
	)

uopt: Warning: u-code 3.19 instead of 3.18
	(cd /d0lib/scratch;\
	f77 -c -nocpp -static -col72 -backslash -G 0 -Olimit 2000 -Wo,-loopunroll,2 -O2 isajet_util/zebra/bkpjpt.f ;\
	mv bkpjpt.o /d0lib/admin/tmp/d0librar/mmstomake/isajet_util/isajet_util/a1/bkpjpt.o ;\
	)

uopt: Warning: u-code 3.19 instead of 3.18
	(cd /d0lib/scratch;\
	f77 -c -nocpp -static -col72 -backslash -G 0 -Olimit 2000 -Wo,-loopunroll,2 -O2 isajet_util/zebra/build_pjet.f ;\
	mv build_pjet.o /d0lib/admin/tmp/d0librar/mmstomake/isajet_util/isajet_util/a1/build_pjet.o ;\
	)

uopt: Warning: u-code 3.19 instead of 3.18
	(cd /d0lib/scratch;\
	f77 -c -nocpp -static -col72 -backslash -G 0 -Olimit 2000 -Wo,-loopunroll,2 -O2 isajet_util/isajet/charge.f ;\
	mv charge.o /d0lib/admin/tmp/d0librar/mmstomake/isajet_util/isajet_util/a1/charge.o ;\
	)

uopt: Warning: u-code 3.19 instead of 3.18
	(cd /d0lib/scratch;\
	f77 -c -nocpp -static -col72 -backslash -G 0 -Olimit 2000 -Wo,-loopunroll,2 -O2 isajet_util/isajet/flavor.f ;\
	mv flavor.o /d0lib/admin/tmp/d0librar/mmstomake/isajet_util/isajet_util/a1/flavor.o ;\
	)

uopt: Warning: u-code 3.19 instead of 3.18
	(cd /d0lib/scratch;\
	f77 -c -nocpp -static -col72 -backslash -G 0 -Olimit 2000 -Wo,-loopunroll,2 -O2 isajet_util/zebra/gtisaj.f ;\
	mv gtisaj.o /d0lib/admin/tmp/d0librar/mmstomake/isajet_util/isajet_util/a1/gtisaj.o ;\
	)

uopt: Warning: u-code 3.19 instead of 3.18
	(cd /d0lib/scratch;\
	f77 -c -nocpp -static -col72 -backslash -G 0 -Olimit 2000 -Wo,-loopunroll,2 -O2 isajet_util/zebra/gtisal.f ;\
	mv gtisal.o /d0lib/admin/tmp/d0librar/mmstomake/isajet_util/isajet_util/a1/gtisal.o ;\
	)

uopt: Warning: u-code 3.19 instead of 3.18
	(cd /d0lib/scratch;\
	f77 -c -nocpp -static -col72 -backslash -G 0 -Olimit 2000 -Wo,-loopunroll,2 -O2 isajet_util/zebra/gtisam.f ;\
	mv gtisam.o /d0lib/admin/tmp/d0librar/mmstomake/isajet_util/isajet_util/a1/gtisam.o ;\
	)

uopt: Warning: u-code 3.19 instead of 3.18
	(cd /d0lib/scratch;\
	f77 -c -nocpp -static -col72 -backslash -G 0 -Olimit 2000 -Wo,-loopunroll,2 -O2 isajet_util/zebra/gtisaq.f ;\
	mv gtisaq.o /d0lib/admin/tmp/d0librar/mmstomake/isajet_util/isajet_util/a1/gtisaq.o ;\
	)

uopt: Warning: u-code 3.19 instead of 3.18
	(cd /d0lib/scratch;\
	f77 -c -nocpp -static -col72 -backslash -G 0 -Olimit 2000 -Wo,-loopunroll,2 -O2 isajet_util/zebra/gtiscl.f ;\
	mv gtiscl.o /d0lib/admin/tmp/d0librar/mmstomake/isajet_util/isajet_util/a1/gtiscl.o ;\
	)

uopt: Warning: u-code 3.19 instead of 3.18
	(cd /d0lib/scratch;\
	f77 -c -nocpp -static -col72 -backslash -G 0 -Olimit 2000 -Wo,-loopunroll,2 -O2 isajet_util/zebra/gtisjt.f ;\
	mv gtisjt.o /d0lib/admin/tmp/d0librar/mmstomake/isajet_util/isajet_util/a1/gtisjt.o ;\
	)

uopt: Warning: u-code 3.19 instead of 3.18
	(cd /d0lib/scratch;\
	f77 -c -nocpp -static -col72 -backslash -G 0 -Olimit 2000 -Wo,-loopunroll,2 -O2 isajet_util/zebra/gtisp1.f ;\
	mv gtisp1.o /d0lib/admin/tmp/d0librar/mmstomake/isajet_util/isajet_util/a1/gtisp1.o ;\
	)

uopt: Warning: u-code 3.19 instead of 3.18
	(cd /d0lib/scratch;\
	f77 -c -nocpp -static -col72 -backslash -G 0 -Olimit 2000 -Wo,-loopunroll,2 -O2 isajet_util/zebra/gtisp2.f ;\
	mv gtisp2.o /d0lib/admin/tmp/d0librar/mmstomake/isajet_util/isajet_util/a1/gtisp2.o ;\
	)

uopt: Warning: u-code 3.19 instead of 3.18
	(cd /d0lib/scratch;\
	f77 -c -nocpp -static -col72 -backslash -G 0 -Olimit 2000 -Wo,-loopunroll,2 -O2 isajet_util/zebra/gtisv1.f ;\
	mv gtisv1.o /d0lib/admin/tmp/d0librar/mmstomake/isajet_util/isajet_util/a1/gtisv1.o ;\
	)

uopt: Warning: u-code 3.19 instead of 3.18
	(cd /d0lib/scratch;\
	f77 -c -nocpp -static -col72 -backslash -G 0 -Olimit 2000 -Wo,-loopunroll,2 -O2 isajet_util/zebra/gtisv2.f ;\
	mv gtisv2.o /d0lib/admin/tmp/d0librar/mmstomake/isajet_util/isajet_util/a1/gtisv2.o ;\
	)

uopt: Warning: u-code 3.19 instead of 3.18
	(cd /d0lib/scratch;\
	f77 -c -nocpp -static -col72 -backslash -G 0 -Olimit 2000 -Wo,-loopunroll,2 -O2 isajet_util/zebra/gtpjet.f ;\
	mv gtpjet.o /d0lib/admin/tmp/d0librar/mmstomake/isajet_util/isajet_util/a1/gtpjet.o ;\
	)

uopt: Warning: u-code 3.19 instead of 3.18
	(cd /d0lib/scratch;\
	f77 -c -nocpp -static -col72 -backslash -G 0 -Olimit 2000 -Wo,-loopunroll,2 -O2 isajet_util/zebra/gtpjhd.f ;\
	mv gtpjhd.o /d0lib/admin/tmp/d0librar/mmstomake/isajet_util/isajet_util/a1/gtpjhd.o ;\
	)

uopt: Warning: u-code 3.19 instead of 3.18
	(cd /d0lib/scratch;\
	f77 -c -nocpp -static -col72 -backslash -G 0 -Olimit 2000 -Wo,-loopunroll,2 -O2 isajet_util/zebra/gzisac.f ;\
	mv gzisac.o /d0lib/admin/tmp/d0librar/mmstomake/isajet_util/isajet_util/a2/gzisac.o ;\
	)

uopt: Warning: u-code 3.19 instead of 3.18
	(cd /d0lib/scratch;\
	f77 -c -nocpp -static -col72 -backslash -G 0 -Olimit 2000 -Wo,-loopunroll,2 -O2 isajet_util/zebra/gzisae.f ;\
	mv gzisae.o /d0lib/admin/tmp/d0librar/mmstomake/isajet_util/isajet_util/a2/gzisae.o ;\
	)

uopt: Warning: u-code 3.19 instead of 3.18
	(cd /d0lib/scratch;\
	f77 -c -nocpp -static -col72 -backslash -G 0 -Olimit 2000 -Wo,-loopunroll,2 -O2 isajet_util/zebra/gzisaj.f ;\
	mv gzisaj.o /d0lib/admin/tmp/d0librar/mmstomake/isajet_util/isajet_util/a2/gzisaj.o ;\
	)

uopt: Warning: u-code 3.19 instead of 3.18
	(cd /d0lib/scratch;\
	f77 -c -nocpp -static -col72 -backslash -G 0 -Olimit 2000 -Wo,-loopunroll,2 -O2 isajet_util/zebra/gzisal.f ;\
	mv gzisal.o /d0lib/admin/tmp/d0librar/mmstomake/isajet_util/isajet_util/a2/gzisal.o ;\
	)

uopt: Warning: u-code 3.19 instead of 3.18
	(cd /d0lib/scratch;\
	f77 -c -nocpp -static -col72 -backslash -G 0 -Olimit 2000 -Wo,-loopunroll,2 -O2 isajet_util/zebra/gzisam.f ;\
	mv gzisam.o /d0lib/admin/tmp/d0librar/mmstomake/isajet_util/isajet_util/a2/gzisam.o ;\
	)

uopt: Warning: u-code 3.19 instead of 3.18
	(cd /d0lib/scratch;\
	f77 -c -nocpp -static -col72 -backslash -G 0 -Olimit 2000 -Wo,-loopunroll,2 -O2 isajet_util/zebra/gzisaq.f ;\
	mv gzisaq.o /d0lib/admin/tmp/d0librar/mmstomake/isajet_util/isajet_util/a2/gzisaq.o ;\
	)

uopt: Warning: u-code 3.19 instead of 3.18
	(cd /d0lib/scratch;\
	f77 -c -nocpp -static -col72 -backslash -G 0 -Olimit 2000 -Wo,-loopunroll,2 -O2 isajet_util/zebra/gziscl.f ;\
	mv gziscl.o /d0lib/admin/tmp/d0librar/mmstomake/isajet_util/isajet_util/a2/gziscl.o ;\
	)

uopt: Warning: u-code 3.19 instead of 3.18
	(cd /d0lib/scratch;\
	f77 -c -nocpp -static -col72 -backslash -G 0 -Olimit 2000 -Wo,-loopunroll,2 -O2 isajet_util/zebra/gziscm.f ;\
	mv gziscm.o /d0lib/admin/tmp/d0librar/mmstomake/isajet_util/isajet_util/a2/gziscm.o ;\
	)

uopt: Warning: u-code 3.19 instead of 3.18
	(cd /d0lib/scratch;\
	f77 -c -nocpp -static -col72 -backslash -G 0 -Olimit 2000 -Wo,-loopunroll,2 -O2 isajet_util/zebra/gzisjt.f ;\
	mv gzisjt.o /d0lib/admin/tmp/d0librar/mmstomake/isajet_util/isajet_util/a2/gzisjt.o ;\
	)

uopt: Warning: u-code 3.19 instead of 3.18
	(cd /d0lib/scratch;\
	f77 -c -nocpp -static -col72 -backslash -G 0 -Olimit 2000 -Wo,-loopunroll,2 -O2 isajet_util/zebra/gzismr.f ;\
	mv gzismr.o /d0lib/admin/tmp/d0librar/mmstomake/isajet_util/isajet_util/a2/gzismr.o ;\
	)

uopt: Warning: u-code 3.19 instead of 3.18
	(cd /d0lib/scratch;\
	f77 -c -nocpp -static -col72 -backslash -G 0 -Olimit 2000 -Wo,-loopunroll,2 -O2 isajet_util/zebra/gzisp3.f ;\
	mv gzisp3.o /d0lib/admin/tmp/d0librar/mmstomake/isajet_util/isajet_util/a2/gzisp3.o ;\
	)

uopt: Warning: u-code 3.19 instead of 3.18
	(cd /d0lib/scratch;\
	f77 -c -nocpp -static -col72 -backslash -G 0 -Olimit 2000 -Wo,-loopunroll,2 -O2 isajet_util/zebra/gzisv1.f ;\
	mv gzisv1.o /d0lib/admin/tmp/d0librar/mmstomake/isajet_util/isajet_util/a2/gzisv1.o ;\
	)

uopt: Warning: u-code 3.19 instead of 3.18
	(cd /d0lib/scratch;\
	f77 -c -nocpp -static -col72 -backslash -G 0 -Olimit 2000 -Wo,-loopunroll,2 -O2 isajet_util/zebra/gzisv2.f ;\
	mv gzisv2.o /d0lib/admin/tmp/d0librar/mmstomake/isajet_util/isajet_util/a2/gzisv2.o ;\
	)

uopt: Warning: u-code 3.19 instead of 3.18
	(cd /d0lib/scratch;\
	f77 -c -nocpp -static -col72 -backslash -G 0 -Olimit 2000 -Wo,-loopunroll,2 -O2 isajet_util/zebra/gzpjet.f ;\
	mv gzpjet.o /d0lib/admin/tmp/d0librar/mmstomake/isajet_util/isajet_util/a2/gzpjet.o ;\
	)

uopt: Warning: u-code 3.19 instead of 3.18
	(cd /d0lib/scratch;\
	f77 -c -nocpp -static -col72 -backslash -G 0 -Olimit 2000 -Wo,-loopunroll,2 -O2 isajet_util/zebra/gzpjhd.f ;\
	mv gzpjhd.o /d0lib/admin/tmp/d0librar/mmstomake/isajet_util/isajet_util/a2/gzpjhd.o ;\
	)

uopt: Warning: u-code 3.19 instead of 3.18
	(cd /d0lib/scratch;\
	f77 -c -nocpp -static -col72 -backslash -G 0 -Olimit 2000 -Wo,-loopunroll,2 -O2 isajet_util/zebra/gzpjpt.f ;\
	mv gzpjpt.o /d0lib/admin/tmp/d0librar/mmstomake/isajet_util/isajet_util/a2/gzpjpt.o ;\
	)

uopt: Warning: u-code 3.19 instead of 3.18
	(cd /d0lib/scratch;\
	f77 -c -nocpp -static -col72 -backslash -G 0 -Olimit 2000 -Wo,-loopunroll,2 -O2 isajet_util/isajet/isa_nus_sum.f ;\
	mv isa_nus_sum.o /d0lib/admin/tmp/d0librar/mmstomake/isajet_util/isajet_util/a2/isa_nus_sum.o ;\
	)

uopt: Warning: u-code 3.19 instead of 3.18
	(cd /d0lib/scratch;\
	f77 -c -nocpp -static -col72 -backslash -G 0 -Olimit 2000 -Wo,-loopunroll,2 -O2 isajet_util/zebra/isa_weight.f ;\
	mv isa_weight.o /d0lib/admin/tmp/d0librar/mmstomake/isajet_util/isajet_util/a2/isa_weight.o ;\
	)

uopt: Warning: u-code 3.19 instead of 3.18
	(cd /d0lib/scratch;\
	f77 -c -nocpp -static -col72 -backslash -G 0 -Olimit 2000 -Wo,-loopunroll,2 -O2 isajet_util/zebra/isarcp_evt.f ;\
	mv isarcp_evt.o /d0lib/admin/tmp/d0librar/mmstomake/isajet_util/isajet_util/a2/isarcp_evt.o ;\
	)

uopt: Warning: u-code 3.19 instead of 3.18
	(cd /d0lib/scratch;\
	f77 -c -nocpp -static -col72 -backslash -G 0 -Olimit 2000 -Wo,-loopunroll,2 -O2 isajet_util/isajet/isasrt.f ;\
	mv isasrt.o /d0lib/admin/tmp/d0librar/mmstomake/isajet_util/isajet_util/a2/isasrt.o ;\
	)

uopt: Warning: u-code 3.19 instead of 3.18
	(cd /d0lib/scratch;\
	f77 -c -nocpp -static -col72 -backslash -G 0 -Olimit 2000 -Wo,-loopunroll,2 -O2 isajet_util/isajet/ischar.f ;\
	mv ischar.o /d0lib/admin/tmp/d0librar/mmstomake/isajet_util/isajet_util/a3/ischar.o ;\
	)

uopt: Warning: u-code 3.19 instead of 3.18
	(cd /d0lib/scratch;\
	f77 -c -nocpp -static -col72 -backslash -G 0 -Olimit 2000 -Wo,-loopunroll,2 -O2 isajet_util/isajet/ispeta.f ;\
	mv ispeta.o /d0lib/admin/tmp/d0librar/mmstomake/isajet_util/isajet_util/a3/ispeta.o ;\
	)

uopt: Warning: u-code 3.19 instead of 3.18
	(cd /d0lib/scratch;\
	f77 -c -nocpp -static -col72 -backslash -G 0 -Olimit 2000 -Wo,-loopunroll,2 -O2 isajet_util/zebra/iszjet.f ;\
	mv iszjet.o /d0lib/admin/tmp/d0librar/mmstomake/isajet_util/isajet_util/a3/iszjet.o ;\
	)

uopt: Warning: u-code 3.19 instead of 3.18
	(cd /d0lib/scratch;\
	f77 -c -nocpp -static -col72 -backslash -G 0 -Olimit 2000 -Wo,-loopunroll,2 -O2 isajet_util/isajet/label.f ;\
	mv label.o /d0lib/admin/tmp/d0librar/mmstomake/isajet_util/isajet_util/a3/label.o ;\
	)

uopt: Warning: u-code 3.19 instead of 3.18
	(cd /d0lib/scratch;\
	f77 -c -nocpp -static -col72 -backslash -G 0 -Olimit 2000 -Wo,-loopunroll,2 -O2 isajet_util/isajet/lboost.f ;\
	mv lboost.o /d0lib/admin/tmp/d0librar/mmstomake/isajet_util/isajet_util/a3/lboost.o ;\
	)

uopt: Warning: u-code 3.19 instead of 3.18
	(cd /d0lib/scratch;\
	f77 -c -nocpp -static -col72 -backslash -G 0 -Olimit 2000 -Wo,-loopunroll,2 -O2 isajet_util/zebra/opangl.f ;\
	mv opangl.o /d0lib/admin/tmp/d0librar/mmstomake/isajet_util/isajet_util/a3/opangl.o ;\
	)

uopt: Warning: u-code 3.19 instead of 3.18
	(cd /d0lib/scratch;\
	f77 -c -nocpp -static -col72 -backslash -G 0 -Olimit 2000 -Wo,-loopunroll,2 -O2 isajet_util/zebra/pj_eks.f ;\
	mv pj_eks.o /d0lib/admin/tmp/d0librar/mmstomake/isajet_util/isajet_util/a3/pj_eks.o ;\
	)

uopt: Warning: u-code 3.19 instead of 3.18
	(cd /d0lib/scratch;\
	f77 -c -nocpp -static -col72 -backslash -G 0 -Olimit 2000 -Wo,-loopunroll,2 -O2 isajet_util/zebra/pjangl.f ;\
	mv pjangl.o /d0lib/admin/tmp/d0librar/mmstomake/isajet_util/isajet_util/a3/pjangl.o ;\
	)

uopt: Warning: u-code 3.19 instead of 3.18
	(cd /d0lib/scratch;\
	f77 -c -nocpp -static -col72 -backslash -G 0 -Olimit 2000 -Wo,-loopunroll,2 -O2 isajet_util/zebra/pjcone.f ;\
	mv pjcone.o /d0lib/admin/tmp/d0librar/mmstomake/isajet_util/isajet_util/a3/pjcone.o ;\
	)

uopt: Warning: u-code 3.19 instead of 3.18
	(cd /d0lib/scratch;\
	f77 -c -nocpp -static -col72 -backslash -G 0 -Olimit 2000 -Wo,-loopunroll,2 -O2 isajet_util/zebra/pjetfl.f ;\
	mv pjetfl.o /d0lib/admin/tmp/d0librar/mmstomake/isajet_util/isajet_util/a3/pjetfl.o ;\
	)

uopt: Warning: u-code 3.19 instead of 3.18
	(cd /d0lib/scratch;\
	f77 -c -nocpp -static -col72 -backslash -G 0 -Olimit 2000 -Wo,-loopunroll,2 -O2 isajet_util/zebra/pjisaq.f ;\
	mv pjisaq.o /d0lib/admin/tmp/d0librar/mmstomake/isajet_util/isajet_util/a3/pjisaq.o ;\
	)

uopt: Warning: u-code 3.19 instead of 3.18
	(cd /d0lib/scratch;\
	f77 -c -nocpp -static -col72 -backslash -G 0 -Olimit 2000 -Wo,-loopunroll,2 -O2 isajet_util/zebra/pjlink.f ;\
	mv pjlink.o /d0lib/admin/tmp/d0librar/mmstomake/isajet_util/isajet_util/a3/pjlink.o ;\
	)

uopt: Warning: u-code 3.19 instead of 3.18
	(cd /d0lib/scratch;\
	f77 -c -nocpp -static -col72 -backslash -G 0 -Olimit 2000 -Wo,-loopunroll,2 -O2 isajet_util/zebra/pjpart.f ;\
	mv pjpart.o /d0lib/admin/tmp/d0librar/mmstomake/isajet_util/isajet_util/a3/pjpart.o ;\
	)

uopt: Warning: u-code 3.19 instead of 3.18
	(cd /d0lib/scratch;\
	f77 -c -nocpp -static -col72 -backslash -G 0 -Olimit 2000 -Wo,-loopunroll,2 -O2 isajet_util/zebra/pjpget.f ;\
	mv pjpget.o /d0lib/admin/tmp/d0librar/mmstomake/isajet_util/isajet_util/a3/pjpget.o ;\
	)

uopt: Warning: u-code 3.19 instead of 3.18
	(cd /d0lib/scratch;\
	f77 -c -nocpp -static -col72 -backslash -G 0 -Olimit 2000 -Wo,-loopunroll,2 -O2 isajet_util/zebra/pjptfl.f ;\
	mv pjptfl.o /d0lib/admin/tmp/d0librar/mmstomake/isajet_util/isajet_util/a3/pjptfl.o ;\
	)

uopt: Warning: u-code 3.19 instead of 3.18
	(cd /d0lib/scratch;\
	f77 -c -nocpp -static -col72 -backslash -G 0 -Olimit 2000 -Wo,-loopunroll,2 -O2 isajet_util/zebra/pjsplit.f ;\
	mv pjsplit.o /d0lib/admin/tmp/d0librar/mmstomake/isajet_util/isajet_util/a3/pjsplit.o ;\
	)

uopt: Warning: u-code 3.19 instead of 3.18
	(cd /d0lib/scratch;\
	f77 -c -nocpp -static -col72 -backslash -G 0 -Olimit 2000 -Wo,-loopunroll,2 -O2 isajet_util/zebra/pjuser.f ;\
	mv pjuser.o /d0lib/admin/tmp/d0librar/mmstomake/isajet_util/isajet_util/a3/pjuser.o ;\
	)

uopt: Warning: u-code 3.19 instead of 3.18
	(cd /d0lib/scratch;\
	f77 -c -nocpp -static -col72 -backslash -G 0 -Olimit 2000 -Wo,-loopunroll,2 -O2 isajet_util/zebra/prisab.f ;\
	mv prisab.o /d0lib/admin/tmp/d0librar/mmstomake/isajet_util/isajet_util/a3/prisab.o ;\
	)

uopt: Warning: u-code 3.19 instead of 3.18
	(cd /d0lib/scratch;\
	f77 -c -nocpp -static -col72 -backslash -G 0 -Olimit 2000 -Wo,-loopunroll,2 -O2 isajet_util/zebra/prisac.f ;\
	mv prisac.o /d0lib/admin/tmp/d0librar/mmstomake/isajet_util/isajet_util/a3/prisac.o ;\
	)

uopt: Warning: u-code 3.19 instead of 3.18
	(cd /d0lib/scratch;\
	f77 -c -nocpp -static -col72 -backslash -G 0 -Olimit 2000 -Wo,-loopunroll,2 -O2 isajet_util/zebra/prisae.f ;\
	mv prisae.o /d0lib/admin/tmp/d0librar/mmstomake/isajet_util/isajet_util/a3/prisae.o ;\
	)

uopt: Warning: u-code 3.19 instead of 3.18
	(cd /d0lib/scratch;\
	f77 -c -nocpp -static -col72 -backslash -G 0 -Olimit 2000 -Wo,-loopunroll,2 -O2 isajet_util/zebra/prisaf.f ;\
	mv prisaf.o /d0lib/admin/tmp/d0librar/mmstomake/isajet_util/isajet_util/a4/prisaf.o ;\
	)

uopt: Warning: u-code 3.19 instead of 3.18
	(cd /d0lib/scratch;\
	f77 -c -nocpp -static -col72 -backslash -G 0 -Olimit 2000 -Wo,-loopunroll,2 -O2 isajet_util/zebra/prisaj.f ;\
	mv prisaj.o /d0lib/admin/tmp/d0librar/mmstomake/isajet_util/isajet_util/a4/prisaj.o ;\
	)

uopt: Warning: u-code 3.19 instead of 3.18
	(cd /d0lib/scratch;\
	f77 -c -nocpp -static -col72 -backslash -G 0 -Olimit 2000 -Wo,-loopunroll,2 -O2 isajet_util/zebra/prisal.f ;\
	mv prisal.o /d0lib/admin/tmp/d0librar/mmstomake/isajet_util/isajet_util/a4/prisal.o ;\
	)

uopt: Warning: u-code 3.19 instead of 3.18
	(cd /d0lib/scratch;\
	f77 -c -nocpp -static -col72 -backslash -G 0 -Olimit 2000 -Wo,-loopunroll,2 -O2 isajet_util/zebra/prisam.f ;\
	mv prisam.o /d0lib/admin/tmp/d0librar/mmstomake/isajet_util/isajet_util/a4/prisam.o ;\
	)

uopt: Warning: u-code 3.19 instead of 3.18
	(cd /d0lib/scratch;\
	f77 -c -nocpp -static -col72 -backslash -G 0 -Olimit 2000 -Wo,-loopunroll,2 -O2 isajet_util/zebra/prisaq.f ;\
	mv prisaq.o /d0lib/admin/tmp/d0librar/mmstomake/isajet_util/isajet_util/a4/prisaq.o ;\
	)

uopt: Warning: u-code 3.19 instead of 3.18
	(cd /d0lib/scratch;\
	f77 -c -nocpp -static -col72 -backslash -G 0 -Olimit 2000 -Wo,-loopunroll,2 -O2 isajet_util/zebra/priscl.f ;\
	mv priscl.o /d0lib/admin/tmp/d0librar/mmstomake/isajet_util/isajet_util/a4/priscl.o ;\
	)

uopt: Warning: u-code 3.19 instead of 3.18
	(cd /d0lib/scratch;\
	f77 -c -nocpp -static -col72 -backslash -G 0 -Olimit 2000 -Wo,-loopunroll,2 -O2 isajet_util/isajet/priscm.f ;\
	mv priscm.o /d0lib/admin/tmp/d0librar/mmstomake/isajet_util/isajet_util/a4/priscm.o ;\
	)

uopt: Warning: u-code 3.19 instead of 3.18
	(cd /d0lib/scratch;\
	f77 -c -nocpp -static -col72 -backslash -G 0 -Olimit 2000 -Wo,-loopunroll,2 -O2 isajet_util/zebra/prisjt.f ;\
	mv prisjt.o /d0lib/admin/tmp/d0librar/mmstomake/isajet_util/isajet_util/a4/prisjt.o ;\
	)

uopt: Warning: u-code 3.19 instead of 3.18
	(cd /d0lib/scratch;\
	f77 -c -nocpp -static -col72 -backslash -G 0 -Olimit 2000 -Wo,-loopunroll,2 -O2 isajet_util/zebra/prisp1.f ;\
	mv prisp1.o /d0lib/admin/tmp/d0librar/mmstomake/isajet_util/isajet_util/a4/prisp1.o ;\
	)

uopt: Warning: u-code 3.19 instead of 3.18
	(cd /d0lib/scratch;\
	f77 -c -nocpp -static -col72 -backslash -G 0 -Olimit 2000 -Wo,-loopunroll,2 -O2 isajet_util/zebra/prisp2.f ;\
	mv prisp2.o /d0lib/admin/tmp/d0librar/mmstomake/isajet_util/isajet_util/a4/prisp2.o ;\
	)

uopt: Warning: u-code 3.19 instead of 3.18
	(cd /d0lib/scratch;\
	f77 -c -nocpp -static -col72 -backslash -G 0 -Olimit 2000 -Wo,-loopunroll,2 -O2 isajet_util/zebra/prisp3.f ;\
	mv prisp3.o /d0lib/admin/tmp/d0librar/mmstomake/isajet_util/isajet_util/a4/prisp3.o ;\
	)

uopt: Warning: u-code 3.19 instead of 3.18
	(cd /d0lib/scratch;\
	f77 -c -nocpp -static -col72 -backslash -G 0 -Olimit 2000 -Wo,-loopunroll,2 -O2 isajet_util/zebra/prisv1.f ;\
	mv prisv1.o /d0lib/admin/tmp/d0librar/mmstomake/isajet_util/isajet_util/a4/prisv1.o ;\
	)

uopt: Warning: u-code 3.19 instead of 3.18
	(cd /d0lib/scratch;\
	f77 -c -nocpp -static -col72 -backslash -G 0 -Olimit 2000 -Wo,-loopunroll,2 -O2 isajet_util/zebra/prisv2.f ;\
	mv prisv2.o /d0lib/admin/tmp/d0librar/mmstomake/isajet_util/isajet_util/a4/prisv2.o ;\
	)

uopt: Warning: u-code 3.19 instead of 3.18
	(cd /d0lib/scratch;\
	f77 -c -nocpp -static -col72 -backslash -G 0 -Olimit 2000 -Wo,-loopunroll,2 -O2 isajet_util/zebra/prpjet.f ;\
	mv prpjet.o /d0lib/admin/tmp/d0librar/mmstomake/isajet_util/isajet_util/a4/prpjet.o ;\
	)

uopt: Warning: u-code 3.19 instead of 3.18
	(cd /d0lib/scratch;\
	f77 -c -nocpp -static -col72 -backslash -G 0 -Olimit 2000 -Wo,-loopunroll,2 -O2 isajet_util/zebra/prpjhd.f ;\
	mv prpjhd.o /d0lib/admin/tmp/d0librar/mmstomake/isajet_util/isajet_util/a4/prpjhd.o ;\
	)

uopt: Warning: u-code 3.19 instead of 3.18
	(cd /d0lib/scratch;\
	f77 -c -nocpp -static -col72 -backslash -G 0 -Olimit 2000 -Wo,-loopunroll,2 -O2 isajet_util/zebra/prtevz.f ;\
	mv prtevz.o /d0lib/admin/tmp/d0librar/mmstomake/isajet_util/isajet_util/a4/prtevz.o ;\
	)

uopt: Warning: u-code 3.19 instead of 3.18
	(cd /d0lib/scratch;\
	f77 -c -nocpp -static -col72 -backslash -G 0 -Olimit 2000 -Wo,-loopunroll,2 -O2 isajet_util/zebra/zvertx.f ;\
	mv zvertx.o /d0lib/admin/tmp/d0librar/mmstomake/isajet_util/isajet_util/a4/zvertx.o ;\
	)

uopt: Warning: u-code 3.19 instead of 3.18
	ar crsl /d0lib/scratch/isajet_util/isajet_util.a `ls /d0lib/admin/tmp/d0librar/mmstomake/isajet_util/isajet_util/a1/*.o 2> /dev/null`
	ar crsl /d0lib/scratch/isajet_util/isajet_util.a `ls /d0lib/admin/tmp/d0librar/mmstomake/isajet_util/isajet_util/a2/*.o 2> /dev/null`
	ar crsl /d0lib/scratch/isajet_util/isajet_util.a `ls /d0lib/admin/tmp/d0librar/mmstomake/isajet_util/isajet_util/a3/*.o 2> /dev/null`
	ar crsl /d0lib/scratch/isajet_util/isajet_util.a `ls /d0lib/admin/tmp/d0librar/mmstomake/isajet_util/isajet_util/a4/*.o 2> /dev/null`
	rmdirp /d0lib/admin/tmp/d0librar/mmstomake/isajet_util/isajet_util
isajet_util.a is up to date
tasteofd0 SIUNIX < /d0lib/scratch/isajet_util/visajet_util.for | vmstounix > /d0lib/scratch/isajet_util/visajet_util.f
f77 -c -nocpp -static -col72 -backslash -G 0 -Olimit 2000 -Wo,-loopunroll,2 -O0 -g2 /d0lib/scratch/isajet_util/visajet_util.f
Inserting version subroutines into libraries
ar crsl /d0lib/scratch/isajet_util/isajet_util.a visajet_util.o
ar crsl /d0lib/scratch/isajet_util/deb_isajet_util.a visajet_util.o
Copying modules from isajet_util.a into /d0lib/general/general.a
ar: Warning:ignoring second definition of MAIN__ defined in archive

ar: Warning:ignoring second definition of MAIN__ defined in archive

ar: Warning:ignoring second definition of MAIN__ defined in archive

ar: Warning:ignoring second definition of MAIN__ defined in archive

ar: Warning:ignoring second definition of MAIN__ defined in archive

ar: Warning:ignoring second definition of MAIN__ defined in archive

ar: Warning:ignoring second definition of MAIN__ defined in archive

ar: Warning:ignoring second definition of MAIN__ defined in archive

ar: Warning:ignoring second definition of MAIN__ defined in archive

ar: Warning:ignoring second definition of MAIN__ defined in archive

ar: Warning:ignoring second definition of MAIN__ defined in archive

ar: Warning:ignoring second definition of MAIN__ defined in archive

ar: Warning:ignoring second definition of MAIN__ defined in archive

ar: Warning:ignoring second definition of MAIN__ defined in archive

ar: Warning:ignoring second definition of MAIN__ defined in archive

ar: Warning:ignoring second definition of MAIN__ defined in archive

ar: Warning:ignoring second definition of MAIN__ defined in archive

ar: Warning:ignoring second definition of MAIN__ defined in archive

ar: Warning:ignoring second definition of MAIN__ defined in archive

ar: Warning:ignoring second definition of MAIN__ defined in archive

ar: Warning:ignoring second definition of MAIN__ defined in archive

ar: Warning:ignoring second definition of MAIN__ defined in archive

ar: Warning:ignoring second definition of MAIN__ defined in archive

ar: Warning:ignoring second definition of MAIN__ defined in archive

ar: Warning:ignoring second definition of MAIN__ defined in archive

ar: Warning:ignoring second definition of MAIN__ defined in archive

ar: Warning:ignoring second definition of MAIN__ defined in archive

ar: Warning:ignoring second definition of MAIN__ defined in archive

ar: Warning:ignoring second definition of MAIN__ defined in archive

ar: Warning:ignoring second definition of MAIN__ defined in archive

ar: Warning:ignoring second definition of MAIN__ defined in archive

ar: Warning:ignoring second definition of MAIN__ defined in archive

ar: Warning:ignoring second definition of MAIN__ defined in archive

ar: Warning:ignoring second definition of MAIN__ defined in archive

ar: Warning:ignoring second definition of MAIN__ defined in archive

ar: Warning:ignoring second definition of MAIN__ defined in archive

ar: Warning:ignoring second definition of MAIN__ defined in archive

ar: Warning:ignoring second definition of MAIN__ defined in archive

ar: Warning:ignoring second definition of MAIN__ defined in archive

ar: Warning:ignoring second definition of MAIN__ defined in archive

ar: Warning:ignoring second definition of MAIN__ defined in archive

ar: Warning:ignoring second definition of MAIN__ defined in archive

ar: Warning:ignoring second definition of MAIN__ defined in archive

ar: Warning:ignoring second definition of MAIN__ defined in archive

ar: Warning:ignoring second definition of MAIN__ defined in archive

ar: Warning:ignoring second definition of MAIN__ defined in archive

ar: Warning:ignoring second definition of MAIN__ defined in archive

ar: Warning:ignoring second definition of MAIN__ defined in archive

ar: Warning:ignoring second definition of MAIN__ defined in archive

ar: Warning:ignoring second definition of MAIN__ defined in archive

ar: Warning:ignoring second definition of MAIN__ defined in archive

ar: Warning:ignoring second definition of MAIN__ defined in archive

Copying modules from deb_isajet_util.a into /d0lib/general/deb_general.a
ar: Warning:ignoring second definition of MAIN__ defined in archive

ar: Warning:ignoring second definition of MAIN__ defined in archive

ar: Warning:ignoring second definition of MAIN__ defined in archive

ar: Warning:ignoring second definition of MAIN__ defined in archive

ar: Warning:ignoring second definition of MAIN__ defined in archive

ar: Warning:ignoring second definition of MAIN__ defined in archive

ar: Warning:ignoring second definition of MAIN__ defined in archive

ar: Warning:ignoring second definition of MAIN__ defined in archive

ar: Warning:ignoring second definition of MAIN__ defined in archive

ar: Warning:ignoring second definition of MAIN__ defined in archive

ar: Warning:ignoring second definition of MAIN__ defined in archive

ar: Warning:ignoring second definition of MAIN__ defined in archive

ar: Warning:ignoring second definition of MAIN__ defined in archive

ar: Warning:ignoring second definition of MAIN__ defined in archive

ar: Warning:ignoring second definition of MAIN__ defined in archive

ar: Warning:ignoring second definition of MAIN__ defined in archive

ar: Warning:ignoring second definition of MAIN__ defined in archive

ar: Warning:ignoring second definition of MAIN__ defined in archive

ar: Warning:ignoring second definition of MAIN__ defined in archive

ar: Warning:ignoring second definition of MAIN__ defined in archive

ar: Warning:ignoring second definition of MAIN__ defined in archive

ar: Warning:ignoring second definition of MAIN__ defined in archive

ar: Warning:ignoring second definition of MAIN__ defined in archive

ar: Warning:ignoring second definition of MAIN__ defined in archive

ar: Warning:ignoring second definition of MAIN__ defined in archive

ar: Warning:ignoring second definition of MAIN__ defined in archive

ar: Warning:ignoring second definition of MAIN__ defined in archive

ar: Warning:ignoring second definition of MAIN__ defined in archive

ar: Warning:ignoring second definition of MAIN__ defined in archive

ar: Warning:ignoring second definition of MAIN__ defined in archive

ar: Warning:ignoring second definition of MAIN__ defined in archive

ar: Warning:ignoring second definition of MAIN__ defined in archive

ar: Warning:ignoring second definition of MAIN__ defined in archive

ar: Warning:ignoring second definition of MAIN__ defined in archive

ar: Warning:ignoring second definition of MAIN__ defined in archive

ar: Warning:ignoring second definition of MAIN__ defined in archive

ar: Warning:ignoring second definition of MAIN__ defined in archive

ar: Warning:ignoring second definition of MAIN__ defined in archive

ar: Warning:ignoring second definition of MAIN__ defined in archive

ar: Warning:ignoring second definition of MAIN__ defined in archive

ar: Warning:ignoring second definition of MAIN__ defined in archive

ar: Warning:ignoring second definition of MAIN__ defined in archive

ar: Warning:ignoring second definition of MAIN__ defined in archive

ar: Warning:ignoring second definition of MAIN__ defined in archive

ar: Warning:ignoring second definition of MAIN__ defined in archive

ar: Warning:ignoring second definition of MAIN__ defined in archive

ar: Warning:ignoring second definition of MAIN__ defined in archive

ar: Warning:ignoring second definition of MAIN__ defined in archive

ar: Warning:ignoring second definition of MAIN__ defined in archive

ar: Warning:ignoring second definition of MAIN__ defined in archive

ar: Warning:ignoring second definition of MAIN__ defined in archive

ar: Warning:ignoring second definition of MAIN__ defined in archive

ff: file not found: /d0lib/unix/lib/isajet_util_release /d0lib/scratch/isajet_util/isajet_util_release
Deleting old contents of library.
Moving files from scratch to official area.
