Getting list of VMS files and types
46 text files to fetch
Checking directories
Creating /d0lib/scratch/d0hplt/docs
Creating /d0lib/scratch/d0hplt/source
Fetching text files
cd d0$disk:[d0library.d0hplt]
lcd /d0lib/scratch/d0hplt
ascii
get []000_d0hplt_v1.34;1 000_d0hplt_v1.34
get []cms_groups.list;1 cms_groups.list
get []d0hplt.doc;1 d0hplt.doc
get []d0hplt.mms;1 d0hplt.mms
get []d0hplt.release;1 d0hplt.release
get []v1.0-rel_notes;1 v1.0-rel_notes
get []v1.1-rel_notes;1 v1.1-rel_notes
get []v1.11-rel_notes;1 v1.11-rel_notes
get []v1.20-rel_notes;1 v1.20-rel_notes
get []v1.21-rel_notes;1 v1.21-rel_notes
get []v1.23-rel_notes;1 v1.23-rel_notes
get []v1.24-rel_notes;1 v1.24-rel_notes
get []v1.25-rel_notes;1 v1.25-rel_notes
get []v1.26-rel_notes;1 v1.26-rel_notes
get []v1.27-rel_notes;1 v1.27-rel_notes
get []v1.28-rel_notes;1 v1.28-rel_notes
get []v1.29-rel_notes;1 v1.29-rel_notes
get []v1.30-rel_notes;1 v1.30-rel_notes
get []v1.31-rel_notes;1 v1.31-rel_notes
get []v1.32-rel_notes;1 v1.32-rel_notes
get []v1.33-rel_notes;1 v1.33-rel_notes
get []v1.34-rel_notes;1 v1.34-rel_notes
get []vd0hplt.for;1 vd0hplt.for
get [.docs]d0hplt.doc;1 docs/d0hplt.doc
get [.source]d0hclr.for;1 source/d0hclr.for
get [.source]d0hdrv.for;1 source/d0hdrv.for
get [.source]d0hform.for;1 source/d0hform.for
get [.source]d0hini.for;1 source/d0hini.for
get [.source]d0hint.for;1 source/d0hint.for
get [.source]d0hlab.for;1 source/d0hlab.for
get [.source]d0hldir.for;1 source/d0hldir.for
get [.source]d0hlego.for;1 source/d0hlego.for
get [.source]d0hlnm.for;1 source/d0hlnm.for
get [.source]d0hopen.for;1 source/d0hopen.for
get [.source]d0hpid.for;1 source/d0hpid.for
get [.source]d0hplt_final.for;1 source/d0hplt_final.for
get [.source]d0hplt_setup.for;1 source/d0hplt_setup.for
get [.source]d0hpost.for;1 source/d0hpost.for
get [.source]d0hprt.for;1 source/d0hprt.for
get [.source]d0hshw.for;1 source/d0hshw.for
get [.source]d0hstr.for;1 source/d0hstr.for
get [.source]d0husd.for;1 source/d0husd.for
get [.source]d0h_bump_version.for;1 source/d0h_bump_version.for
get [.source]d0h_file.for;1 source/d0h_file.for
get [.source]di3_start.for;1 source/di3_start.for
get [.source]hplot_save.for;1 source/hplot_save.for
Local directory now /d0lib/scratch/d0hplt
Checking for executable shell scripts
0 menu files to fetch
0 fx files to fetch
0 fg files to fetch
0 fn files to fetch
0 rr files to fetch
0 rl files to fetch
0 re files to fetch
0 rz files to fetch
ff: file not found: /d0lib/unix/lib/d0hplt_pre_release /d0lib/scratch/d0hplt/d0hplt_pre_release
Generating debug makefile
Library section:  d0hplt
Root directory:   /d0lib/scratch/d0hplt
Scanning source files for parent library d0hplt
Checking uniqueness
22 source files
22 archive files
Uniqueness OK
Generating dependencies for deb_d0hplt.a
Generating dependencies for debug object files
Generating preprocessor dependencies
Generating source list
Warning: No suffix list.
	touch /d0lib/scratch/d0hplt/source/d0h_bump_version.for
	touch /d0lib/scratch/d0hplt/source/d0h_file.for
	touch /d0lib/scratch/d0hplt/source/d0hclr.for
	touch /d0lib/scratch/d0hplt/source/d0hdrv.for
	touch /d0lib/scratch/d0hplt/source/d0hform.for
	touch /d0lib/scratch/d0hplt/source/d0hini.for
	touch /d0lib/scratch/d0hplt/source/d0hint.for
	touch /d0lib/scratch/d0hplt/source/d0hlab.for
	touch /d0lib/scratch/d0hplt/source/d0hldir.for
	touch /d0lib/scratch/d0hplt/source/d0hlego.for
	touch /d0lib/scratch/d0hplt/source/d0hlnm.for
	touch /d0lib/scratch/d0hplt/source/d0hopen.for
	touch /d0lib/scratch/d0hplt/source/d0hpid.for
	touch /d0lib/scratch/d0hplt/source/d0hplt_final.for
	touch /d0lib/scratch/d0hplt/source/d0hplt_setup.for
	touch /d0lib/scratch/d0hplt/source/d0hpost.for
	touch /d0lib/scratch/d0hplt/source/d0hprt.for
	touch /d0lib/scratch/d0hplt/source/d0hshw.for
	touch /d0lib/scratch/d0hplt/source/d0hstr.for
	touch /d0lib/scratch/d0hplt/source/d0husd.for
	touch /d0lib/scratch/d0hplt/source/di3_start.for
	touch /d0lib/scratch/d0hplt/source/hplot_save.for
Warning: No suffix list.
	tasteofd0 SIUNIX < /d0lib/scratch/d0hplt/source/d0h_bump_version.for | vmstounix > /d0lib/scratch/d0hplt/source/d0h_bump_version.f
	tasteofd0 SIUNIX < /d0lib/scratch/d0hplt/source/d0h_file.for | vmstounix > /d0lib/scratch/d0hplt/source/d0h_file.f
	tasteofd0 SIUNIX < /d0lib/scratch/d0hplt/source/d0hclr.for | vmstounix > /d0lib/scratch/d0hplt/source/d0hclr.f
	tasteofd0 SIUNIX < /d0lib/scratch/d0hplt/source/d0hdrv.for | vmstounix > /d0lib/scratch/d0hplt/source/d0hdrv.f
	tasteofd0 SIUNIX < /d0lib/scratch/d0hplt/source/d0hform.for | vmstounix > /d0lib/scratch/d0hplt/source/d0hform.f
	tasteofd0 SIUNIX < /d0lib/scratch/d0hplt/source/d0hini.for | vmstounix > /d0lib/scratch/d0hplt/source/d0hini.f
	tasteofd0 SIUNIX < /d0lib/scratch/d0hplt/source/d0hint.for | vmstounix > /d0lib/scratch/d0hplt/source/d0hint.f
	tasteofd0 SIUNIX < /d0lib/scratch/d0hplt/source/d0hlab.for | vmstounix > /d0lib/scratch/d0hplt/source/d0hlab.f
	tasteofd0 SIUNIX < /d0lib/scratch/d0hplt/source/d0hldir.for | vmstounix > /d0lib/scratch/d0hplt/source/d0hldir.f
	tasteofd0 SIUNIX < /d0lib/scratch/d0hplt/source/d0hlego.for | vmstounix > /d0lib/scratch/d0hplt/source/d0hlego.f
	tasteofd0 SIUNIX < /d0lib/scratch/d0hplt/source/d0hlnm.for | vmstounix > /d0lib/scratch/d0hplt/source/d0hlnm.f
	tasteofd0 SIUNIX < /d0lib/scratch/d0hplt/source/d0hopen.for | vmstounix > /d0lib/scratch/d0hplt/source/d0hopen.f
	tasteofd0 SIUNIX < /d0lib/scratch/d0hplt/source/d0hpid.for | vmstounix > /d0lib/scratch/d0hplt/source/d0hpid.f
	tasteofd0 SIUNIX < /d0lib/scratch/d0hplt/source/d0hplt_final.for | vmstounix > /d0lib/scratch/d0hplt/source/d0hplt_final.f
	tasteofd0 SIUNIX < /d0lib/scratch/d0hplt/source/d0hplt_setup.for | vmstounix > /d0lib/scratch/d0hplt/source/d0hplt_setup.f
	tasteofd0 SIUNIX < /d0lib/scratch/d0hplt/source/d0hpost.for | vmstounix > /d0lib/scratch/d0hplt/source/d0hpost.f
	tasteofd0 SIUNIX < /d0lib/scratch/d0hplt/source/d0hprt.for | vmstounix > /d0lib/scratch/d0hplt/source/d0hprt.f
	tasteofd0 SIUNIX < /d0lib/scratch/d0hplt/source/d0hshw.for | vmstounix > /d0lib/scratch/d0hplt/source/d0hshw.f
	tasteofd0 SIUNIX < /d0lib/scratch/d0hplt/source/d0hstr.for | vmstounix > /d0lib/scratch/d0hplt/source/d0hstr.f
	tasteofd0 SIUNIX < /d0lib/scratch/d0hplt/source/d0husd.for | vmstounix > /d0lib/scratch/d0hplt/source/d0husd.f
	tasteofd0 SIUNIX < /d0lib/scratch/d0hplt/source/di3_start.for | vmstounix > /d0lib/scratch/d0hplt/source/di3_start.f
	tasteofd0 SIUNIX < /d0lib/scratch/d0hplt/source/hplot_save.for | vmstounix > /d0lib/scratch/d0hplt/source/hplot_save.f
Warning: No suffix list.
	rmdirp /d0lib/admin/tmp/d0librar/mmstomake/d0hplt/d0hplt
	mkdirp /d0lib/admin/tmp/d0librar/mmstomake/d0hplt/d0hplt/a1
	mkdirp /d0lib/admin/tmp/d0librar/mmstomake/d0hplt/d0hplt/a2
	(cd /d0lib/scratch;\
	f77 -c -nocpp -static -col72 -backslash -G 0 -Olimit 2000 -Wo,-loopunroll,2 -O0 -g2 d0hplt/source/d0h_bump_version.f ;\
	mv d0h_bump_version.o /d0lib/admin/tmp/d0librar/mmstomake/d0hplt/d0hplt/a1/d0h_bsion662.o ;\
	)
	(cd /d0lib/scratch;\
	f77 -c -nocpp -static -col72 -backslash -G 0 -Olimit 2000 -Wo,-loopunroll,2 -O0 -g2 d0hplt/source/d0h_file.f ;\
	mv d0h_file.o /d0lib/admin/tmp/d0librar/mmstomake/d0hplt/d0hplt/a1/d0h_file.o ;\
	)
	(cd /d0lib/scratch;\
	f77 -c -nocpp -static -col72 -backslash -G 0 -Olimit 2000 -Wo,-loopunroll,2 -O0 -g2 d0hplt/source/d0hclr.f ;\
	mv d0hclr.o /d0lib/admin/tmp/d0librar/mmstomake/d0hplt/d0hplt/a1/d0hclr.o ;\
	)
	(cd /d0lib/scratch;\
	f77 -c -nocpp -static -col72 -backslash -G 0 -Olimit 2000 -Wo,-loopunroll,2 -O0 -g2 d0hplt/source/d0hdrv.f ;\
	mv d0hdrv.o /d0lib/admin/tmp/d0librar/mmstomake/d0hplt/d0hplt/a1/d0hdrv.o ;\
	)
	(cd /d0lib/scratch;\
	f77 -c -nocpp -static -col72 -backslash -G 0 -Olimit 2000 -Wo,-loopunroll,2 -O0 -g2 d0hplt/source/d0hform.f ;\
	mv d0hform.o /d0lib/admin/tmp/d0librar/mmstomake/d0hplt/d0hplt/a1/d0hform.o ;\
	)
	(cd /d0lib/scratch;\
	f77 -c -nocpp -static -col72 -backslash -G 0 -Olimit 2000 -Wo,-loopunroll,2 -O0 -g2 d0hplt/source/d0hini.f ;\
	mv d0hini.o /d0lib/admin/tmp/d0librar/mmstomake/d0hplt/d0hplt/a1/d0hini.o ;\
	)
	(cd /d0lib/scratch;\
	f77 -c -nocpp -static -col72 -backslash -G 0 -Olimit 2000 -Wo,-loopunroll,2 -O0 -g2 d0hplt/source/d0hint.f ;\
	mv d0hint.o /d0lib/admin/tmp/d0librar/mmstomake/d0hplt/d0hplt/a1/d0hint.o ;\
	)
	(cd /d0lib/scratch;\
	f77 -c -nocpp -static -col72 -backslash -G 0 -Olimit 2000 -Wo,-loopunroll,2 -O0 -g2 d0hplt/source/d0hlab.f ;\
	mv d0hlab.o /d0lib/admin/tmp/d0librar/mmstomake/d0hplt/d0hplt/a1/d0hlab.o ;\
	)
	(cd /d0lib/scratch;\
	f77 -c -nocpp -static -col72 -backslash -G 0 -Olimit 2000 -Wo,-loopunroll,2 -O0 -g2 d0hplt/source/d0hldir.f ;\
	mv d0hldir.o /d0lib/admin/tmp/d0librar/mmstomake/d0hplt/d0hplt/a1/d0hldir.o ;\
	)
	(cd /d0lib/scratch;\
	f77 -c -nocpp -static -col72 -backslash -G 0 -Olimit 2000 -Wo,-loopunroll,2 -O0 -g2 d0hplt/source/d0hlego.f ;\
	mv d0hlego.o /d0lib/admin/tmp/d0librar/mmstomake/d0hplt/d0hplt/a1/d0hlego.o ;\
	)
	(cd /d0lib/scratch;\
	f77 -c -nocpp -static -col72 -backslash -G 0 -Olimit 2000 -Wo,-loopunroll,2 -O0 -g2 d0hplt/source/d0hlnm.f ;\
	mv d0hlnm.o /d0lib/admin/tmp/d0librar/mmstomake/d0hplt/d0hplt/a1/d0hlnm.o ;\
	)
	(cd /d0lib/scratch;\
	f77 -c -nocpp -static -col72 -backslash -G 0 -Olimit 2000 -Wo,-loopunroll,2 -O0 -g2 d0hplt/source/d0hopen.f ;\
	mv d0hopen.o /d0lib/admin/tmp/d0librar/mmstomake/d0hplt/d0hplt/a1/d0hopen.o ;\
	)
	(cd /d0lib/scratch;\
	f77 -c -nocpp -static -col72 -backslash -G 0 -Olimit 2000 -Wo,-loopunroll,2 -O0 -g2 d0hplt/source/d0hpid.f ;\
	mv d0hpid.o /d0lib/admin/tmp/d0librar/mmstomake/d0hplt/d0hplt/a1/d0hpid.o ;\
	)
	(cd /d0lib/scratch;\
	f77 -c -nocpp -static -col72 -backslash -G 0 -Olimit 2000 -Wo,-loopunroll,2 -O0 -g2 d0hplt/source/d0hplt_final.f ;\
	mv d0hplt_final.o /d0lib/admin/tmp/d0librar/mmstomake/d0hplt/d0hplt/a1/d0hplt_final.o ;\
	)
	(cd /d0lib/scratch;\
	f77 -c -nocpp -static -col72 -backslash -G 0 -Olimit 2000 -Wo,-loopunroll,2 -O0 -g2 d0hplt/source/d0hplt_setup.f ;\
	mv d0hplt_setup.o /d0lib/admin/tmp/d0librar/mmstomake/d0hplt/d0hplt/a1/d0hplt_setup.o ;\
	)
	(cd /d0lib/scratch;\
	f77 -c -nocpp -static -col72 -backslash -G 0 -Olimit 2000 -Wo,-loopunroll,2 -O0 -g2 d0hplt/source/d0hpost.f ;\
	mv d0hpost.o /d0lib/admin/tmp/d0librar/mmstomake/d0hplt/d0hplt/a1/d0hpost.o ;\
	)
	(cd /d0lib/scratch;\
	f77 -c -nocpp -static -col72 -backslash -G 0 -Olimit 2000 -Wo,-loopunroll,2 -O0 -g2 d0hplt/source/d0hprt.f ;\
	mv d0hprt.o /d0lib/admin/tmp/d0librar/mmstomake/d0hplt/d0hplt/a1/d0hprt.o ;\
	)
	(cd /d0lib/scratch;\
	f77 -c -nocpp -static -col72 -backslash -G 0 -Olimit 2000 -Wo,-loopunroll,2 -O0 -g2 d0hplt/source/d0hshw.f ;\
	mv d0hshw.o /d0lib/admin/tmp/d0librar/mmstomake/d0hplt/d0hplt/a1/d0hshw.o ;\
	)
	(cd /d0lib/scratch;\
	f77 -c -nocpp -static -col72 -backslash -G 0 -Olimit 2000 -Wo,-loopunroll,2 -O0 -g2 d0hplt/source/d0hstr.f ;\
	mv d0hstr.o /d0lib/admin/tmp/d0librar/mmstomake/d0hplt/d0hplt/a1/d0hstr.o ;\
	)
	(cd /d0lib/scratch;\
	f77 -c -nocpp -static -col72 -backslash -G 0 -Olimit 2000 -Wo,-loopunroll,2 -O0 -g2 d0hplt/source/d0husd.f ;\
	mv d0husd.o /d0lib/admin/tmp/d0librar/mmstomake/d0hplt/d0hplt/a1/d0husd.o ;\
	)
	(cd /d0lib/scratch;\
	f77 -c -nocpp -static -col72 -backslash -G 0 -Olimit 2000 -Wo,-loopunroll,2 -O0 -g2 d0hplt/source/di3_start.f ;\
	mv di3_start.o /d0lib/admin/tmp/d0librar/mmstomake/d0hplt/d0hplt/a2/di3_start.o ;\
	)
	(cd /d0lib/scratch;\
	f77 -c -nocpp -static -col72 -backslash -G 0 -Olimit 2000 -Wo,-loopunroll,2 -O0 -g2 d0hplt/source/hplot_save.f ;\
	mv hplot_save.o /d0lib/admin/tmp/d0librar/mmstomake/d0hplt/d0hplt/a2/hplot_save.o ;\
	)
	ar crsl /d0lib/scratch/d0hplt/deb_d0hplt.a `ls /d0lib/admin/tmp/d0librar/mmstomake/d0hplt/d0hplt/a1/*.o 2> /dev/null`
	ar crsl /d0lib/scratch/d0hplt/deb_d0hplt.a `ls /d0lib/admin/tmp/d0librar/mmstomake/d0hplt/d0hplt/a2/*.o 2> /dev/null`
	rmdirp /d0lib/admin/tmp/d0librar/mmstomake/d0hplt/d0hplt
deb_d0hplt.a is up to date
Generating non-debug makefile
Library section:  d0hplt
Root directory:   /d0lib/scratch/d0hplt
Scanning source files for parent library d0hplt
Checking uniqueness
22 source files
22 archive files
Uniqueness OK
Generating dependencies for d0hplt.a
Generating dependencies for non-debug object files
Generating preprocessor dependencies
Generating source list
Warning: No suffix list.
	rmdirp /d0lib/admin/tmp/d0librar/mmstomake/d0hplt/d0hplt
	mkdirp /d0lib/admin/tmp/d0librar/mmstomake/d0hplt/d0hplt/a1
	mkdirp /d0lib/admin/tmp/d0librar/mmstomake/d0hplt/d0hplt/a2
	(cd /d0lib/scratch;\
	f77 -c -nocpp -static -col72 -backslash -G 0 -Olimit 2000 -Wo,-loopunroll,2 -O2 d0hplt/source/d0h_bump_version.f ;\
	mv d0h_bump_version.o /d0lib/admin/tmp/d0librar/mmstomake/d0hplt/d0hplt/a1/d0h_bsion662.o ;\
	)

uopt: Warning: u-code 3.19 instead of 3.18
	(cd /d0lib/scratch;\
	f77 -c -nocpp -static -col72 -backslash -G 0 -Olimit 2000 -Wo,-loopunroll,2 -O2 d0hplt/source/d0h_file.f ;\
	mv d0h_file.o /d0lib/admin/tmp/d0librar/mmstomake/d0hplt/d0hplt/a1/d0h_file.o ;\
	)

uopt: Warning: u-code 3.19 instead of 3.18
	(cd /d0lib/scratch;\
	f77 -c -nocpp -static -col72 -backslash -G 0 -Olimit 2000 -Wo,-loopunroll,2 -O2 d0hplt/source/d0hclr.f ;\
	mv d0hclr.o /d0lib/admin/tmp/d0librar/mmstomake/d0hplt/d0hplt/a1/d0hclr.o ;\
	)

uopt: Warning: u-code 3.19 instead of 3.18
	(cd /d0lib/scratch;\
	f77 -c -nocpp -static -col72 -backslash -G 0 -Olimit 2000 -Wo,-loopunroll,2 -O2 d0hplt/source/d0hdrv.f ;\
	mv d0hdrv.o /d0lib/admin/tmp/d0librar/mmstomake/d0hplt/d0hplt/a1/d0hdrv.o ;\
	)

uopt: Warning: u-code 3.19 instead of 3.18
	(cd /d0lib/scratch;\
	f77 -c -nocpp -static -col72 -backslash -G 0 -Olimit 2000 -Wo,-loopunroll,2 -O2 d0hplt/source/d0hform.f ;\
	mv d0hform.o /d0lib/admin/tmp/d0librar/mmstomake/d0hplt/d0hplt/a1/d0hform.o ;\
	)

uopt: Warning: u-code 3.19 instead of 3.18
	(cd /d0lib/scratch;\
	f77 -c -nocpp -static -col72 -backslash -G 0 -Olimit 2000 -Wo,-loopunroll,2 -O2 d0hplt/source/d0hini.f ;\
	mv d0hini.o /d0lib/admin/tmp/d0librar/mmstomake/d0hplt/d0hplt/a1/d0hini.o ;\
	)

uopt: Warning: u-code 3.19 instead of 3.18
	(cd /d0lib/scratch;\
	f77 -c -nocpp -static -col72 -backslash -G 0 -Olimit 2000 -Wo,-loopunroll,2 -O2 d0hplt/source/d0hint.f ;\
	mv d0hint.o /d0lib/admin/tmp/d0librar/mmstomake/d0hplt/d0hplt/a1/d0hint.o ;\
	)

uopt: Warning: u-code 3.19 instead of 3.18
	(cd /d0lib/scratch;\
	f77 -c -nocpp -static -col72 -backslash -G 0 -Olimit 2000 -Wo,-loopunroll,2 -O2 d0hplt/source/d0hlab.f ;\
	mv d0hlab.o /d0lib/admin/tmp/d0librar/mmstomake/d0hplt/d0hplt/a1/d0hlab.o ;\
	)

uopt: Warning: u-code 3.19 instead of 3.18
	(cd /d0lib/scratch;\
	f77 -c -nocpp -static -col72 -backslash -G 0 -Olimit 2000 -Wo,-loopunroll,2 -O2 d0hplt/source/d0hldir.f ;\
	mv d0hldir.o /d0lib/admin/tmp/d0librar/mmstomake/d0hplt/d0hplt/a1/d0hldir.o ;\
	)

uopt: Warning: u-code 3.19 instead of 3.18
	(cd /d0lib/scratch;\
	f77 -c -nocpp -static -col72 -backslash -G 0 -Olimit 2000 -Wo,-loopunroll,2 -O2 d0hplt/source/d0hlego.f ;\
	mv d0hlego.o /d0lib/admin/tmp/d0librar/mmstomake/d0hplt/d0hplt/a1/d0hlego.o ;\
	)

uopt: Warning: u-code 3.19 instead of 3.18
	(cd /d0lib/scratch;\
	f77 -c -nocpp -static -col72 -backslash -G 0 -Olimit 2000 -Wo,-loopunroll,2 -O2 d0hplt/source/d0hlnm.f ;\
	mv d0hlnm.o /d0lib/admin/tmp/d0librar/mmstomake/d0hplt/d0hplt/a1/d0hlnm.o ;\
	)

uopt: Warning: u-code 3.19 instead of 3.18
	(cd /d0lib/scratch;\
	f77 -c -nocpp -static -col72 -backslash -G 0 -Olimit 2000 -Wo,-loopunroll,2 -O2 d0hplt/source/d0hopen.f ;\
	mv d0hopen.o /d0lib/admin/tmp/d0librar/mmstomake/d0hplt/d0hplt/a1/d0hopen.o ;\
	)

uopt: Warning: u-code 3.19 instead of 3.18
	(cd /d0lib/scratch;\
	f77 -c -nocpp -static -col72 -backslash -G 0 -Olimit 2000 -Wo,-loopunroll,2 -O2 d0hplt/source/d0hpid.f ;\
	mv d0hpid.o /d0lib/admin/tmp/d0librar/mmstomake/d0hplt/d0hplt/a1/d0hpid.o ;\
	)

uopt: Warning: u-code 3.19 instead of 3.18
	(cd /d0lib/scratch;\
	f77 -c -nocpp -static -col72 -backslash -G 0 -Olimit 2000 -Wo,-loopunroll,2 -O2 d0hplt/source/d0hplt_final.f ;\
	mv d0hplt_final.o /d0lib/admin/tmp/d0librar/mmstomake/d0hplt/d0hplt/a1/d0hplt_final.o ;\
	)

uopt: Warning: u-code 3.19 instead of 3.18
	(cd /d0lib/scratch;\
	f77 -c -nocpp -static -col72 -backslash -G 0 -Olimit 2000 -Wo,-loopunroll,2 -O2 d0hplt/source/d0hplt_setup.f ;\
	mv d0hplt_setup.o /d0lib/admin/tmp/d0librar/mmstomake/d0hplt/d0hplt/a1/d0hplt_setup.o ;\
	)

uopt: Warning: u-code 3.19 instead of 3.18
	(cd /d0lib/scratch;\
	f77 -c -nocpp -static -col72 -backslash -G 0 -Olimit 2000 -Wo,-loopunroll,2 -O2 d0hplt/source/d0hpost.f ;\
	mv d0hpost.o /d0lib/admin/tmp/d0librar/mmstomake/d0hplt/d0hplt/a1/d0hpost.o ;\
	)

uopt: Warning: u-code 3.19 instead of 3.18
	(cd /d0lib/scratch;\
	f77 -c -nocpp -static -col72 -backslash -G 0 -Olimit 2000 -Wo,-loopunroll,2 -O2 d0hplt/source/d0hprt.f ;\
	mv d0hprt.o /d0lib/admin/tmp/d0librar/mmstomake/d0hplt/d0hplt/a1/d0hprt.o ;\
	)

uopt: Warning: u-code 3.19 instead of 3.18
	(cd /d0lib/scratch;\
	f77 -c -nocpp -static -col72 -backslash -G 0 -Olimit 2000 -Wo,-loopunroll,2 -O2 d0hplt/source/d0hshw.f ;\
	mv d0hshw.o /d0lib/admin/tmp/d0librar/mmstomake/d0hplt/d0hplt/a1/d0hshw.o ;\
	)

uopt: Warning: u-code 3.19 instead of 3.18
	(cd /d0lib/scratch;\
	f77 -c -nocpp -static -col72 -backslash -G 0 -Olimit 2000 -Wo,-loopunroll,2 -O2 d0hplt/source/d0hstr.f ;\
	mv d0hstr.o /d0lib/admin/tmp/d0librar/mmstomake/d0hplt/d0hplt/a1/d0hstr.o ;\
	)

uopt: Warning: u-code 3.19 instead of 3.18
	(cd /d0lib/scratch;\
	f77 -c -nocpp -static -col72 -backslash -G 0 -Olimit 2000 -Wo,-loopunroll,2 -O2 d0hplt/source/d0husd.f ;\
	mv d0husd.o /d0lib/admin/tmp/d0librar/mmstomake/d0hplt/d0hplt/a1/d0husd.o ;\
	)

uopt: Warning: u-code 3.19 instead of 3.18
	(cd /d0lib/scratch;\
	f77 -c -nocpp -static -col72 -backslash -G 0 -Olimit 2000 -Wo,-loopunroll,2 -O2 d0hplt/source/di3_start.f ;\
	mv di3_start.o /d0lib/admin/tmp/d0librar/mmstomake/d0hplt/d0hplt/a2/di3_start.o ;\
	)

uopt: Warning: u-code 3.19 instead of 3.18
	(cd /d0lib/scratch;\
	f77 -c -nocpp -static -col72 -backslash -G 0 -Olimit 2000 -Wo,-loopunroll,2 -O2 d0hplt/source/hplot_save.f ;\
	mv hplot_save.o /d0lib/admin/tmp/d0librar/mmstomake/d0hplt/d0hplt/a2/hplot_save.o ;\
	)

uopt: Warning: u-code 3.19 instead of 3.18
	ar crsl /d0lib/scratch/d0hplt/d0hplt.a `ls /d0lib/admin/tmp/d0librar/mmstomake/d0hplt/d0hplt/a1/*.o 2> /dev/null`
	ar crsl /d0lib/scratch/d0hplt/d0hplt.a `ls /d0lib/admin/tmp/d0librar/mmstomake/d0hplt/d0hplt/a2/*.o 2> /dev/null`
	rmdirp /d0lib/admin/tmp/d0librar/mmstomake/d0hplt/d0hplt
d0hplt.a is up to date
tasteofd0 SIUNIX < /d0lib/scratch/d0hplt/vd0hplt.for | vmstounix > /d0lib/scratch/d0hplt/vd0hplt.f
f77 -c -nocpp -static -col72 -backslash -G 0 -Olimit 2000 -Wo,-loopunroll,2 -O0 -g2 /d0lib/scratch/d0hplt/vd0hplt.f
Inserting version subroutines into libraries
ar crsl /d0lib/scratch/d0hplt/d0hplt.a vd0hplt.o
ar crsl /d0lib/scratch/d0hplt/deb_d0hplt.a vd0hplt.o
Copying modules from d0hplt.a into /d0lib/general/general.a
ar: Warning:ignoring second definition of MAIN__ defined in archive

ar: Warning:ignoring second definition of MAIN__ defined in archive

ar: Warning:ignoring second definition of MAIN__ defined in archive

ar: Warning:ignoring second definition of MAIN__ defined in archive

ar: Warning:ignoring second definition of MAIN__ defined in archive

ar: Warning:ignoring second definition of MAIN__ defined in archive

ar: Warning:ignoring second definition of MAIN__ defined in archive

ar: Warning:ignoring second definition of MAIN__ defined in archive

ar: Warning:ignoring second definition of MAIN__ defined in archive

ar: Warning:ignoring second definition of MAIN__ defined in archive

ar: Warning:ignoring second definition of MAIN__ defined in archive

ar: Warning:ignoring second definition of MAIN__ defined in archive

ar: Warning:ignoring second definition of MAIN__ defined in archive

ar: Warning:ignoring second definition of MAIN__ defined in archive

ar: Warning:ignoring second definition of MAIN__ defined in archive

ar: Warning:ignoring second definition of MAIN__ defined in archive

ar: Warning:ignoring second definition of MAIN__ defined in archive

ar: Warning:ignoring second definition of MAIN__ defined in archive

ar: Warning:ignoring second definition of MAIN__ defined in archive

ar: Warning:ignoring second definition of MAIN__ defined in archive

ar: Warning:ignoring second definition of MAIN__ defined in archive

ar: Warning:ignoring second definition of MAIN__ defined in archive

ar: Warning:ignoring second definition of MAIN__ defined in archive

ar: Warning:ignoring second definition of MAIN__ defined in archive

Copying modules from deb_d0hplt.a into /d0lib/general/deb_general.a
ar: Warning:ignoring second definition of MAIN__ defined in archive

ar: Warning:ignoring second definition of MAIN__ defined in archive

ar: Warning:ignoring second definition of MAIN__ defined in archive

ar: Warning:ignoring second definition of MAIN__ defined in archive

ar: Warning:ignoring second definition of MAIN__ defined in archive

ar: Warning:ignoring second definition of MAIN__ defined in archive

ar: Warning:ignoring second definition of MAIN__ defined in archive

ar: Warning:ignoring second definition of MAIN__ defined in archive

ar: Warning:ignoring second definition of MAIN__ defined in archive

ar: Warning:ignoring second definition of MAIN__ defined in archive

ar: Warning:ignoring second definition of MAIN__ defined in archive

ar: Warning:ignoring second definition of MAIN__ defined in archive

ar: Warning:ignoring second definition of MAIN__ defined in archive

ar: Warning:ignoring second definition of MAIN__ defined in archive

ar: Warning:ignoring second definition of MAIN__ defined in archive

ar: Warning:ignoring second definition of MAIN__ defined in archive

ar: Warning:ignoring second definition of MAIN__ defined in archive

ar: Warning:ignoring second definition of MAIN__ defined in archive

ar: Warning:ignoring second definition of MAIN__ defined in archive

ar: Warning:ignoring second definition of MAIN__ defined in archive

ar: Warning:ignoring second definition of MAIN__ defined in archive

ar: Warning:ignoring second definition of MAIN__ defined in archive

ar: Warning:ignoring second definition of MAIN__ defined in archive

ar: Warning:ignoring second definition of MAIN__ defined in archive

ff: file not found: /d0lib/unix/lib/d0hplt_release /d0lib/scratch/d0hplt/d0hplt_release
Deleting old contents of library.
Moving files from scratch to official area.
