Getting list of VMS files and types
455 text files to fetch
Checking directories
Creating /d0library/scratch/util/clist
Creating /d0library/scratch/util/command_proc
Creating /d0library/scratch/util/comp_stat
Creating /d0library/scratch/util/d0flavor
Creating /d0library/scratch/util/entry_points
Creating /d0library/scratch/util/files
Creating /d0library/scratch/util/fzdiff
Creating /d0library/scratch/util/general
Creating /d0library/scratch/util/opt
Creating /d0library/scratch/util/sources
Creating /d0library/scratch/util/swing
Creating /d0library/scratch/util/util
Creating /d0library/scratch/util/zhist
Fetching text files
cd d0$disk:[d0library.util]
lcd /d0library/scratch/util
ascii
get []000_util.tmp-rel_notes;1 000_util.tmp-rel_notes
get []000_util_v3.61;1 000_util_v3.61
get []allocate_tape.com;1 allocate_tape.com
get []author.com;1 author.com
get []bkxxxx.for;1 bkxxxx.for
get []bstat.mem;2 bstat.mem
get []buildlook.com;1 buildlook.com
get []build_bstat.com;1 build_bstat.com
get []build_chart2.com;1 build_chart2.com
get []build_d0check.com;1 build_d0check.com
get []build_d0flavor.com;1 build_d0flavor.com
get []build_d0flavor.csh;1 build_d0flavor.csh
get []build_dzsum.com;1 build_dzsum.com
get []build_fzdiff.com;1 build_fzdiff.com
get []build_fzdiff.csh;1 build_fzdiff.csh
get []build_fzmode.com;1 build_fzmode.com
get []build_fzton.com;1 build_fzton.com
get []build_mega_autocompare.com;1 build_mega_autocompare.com
get []build_sfortran.com;1 build_sfortran.com
get []build_sort_file_list.com;1 build_sort_file_list.com
get []build_sources.com;1 build_sources.com
get []chart2.doc;1 chart2.doc
get []check_area.com;1 check_area.com
get []check_lib.com;1 check_lib.com
get []check_local_lib.com;1 check_local_lib.com
get []clist.inc;1 clist.inc
get []cmsupdate.list;1 cmsupdate.list
get []cms_groups.list;1 cms_groups.list
get []compare_cms.com;1 compare_cms.com
get []compare_files.com;1 compare_files.com
get []compare_sdir.com;1 compare_sdir.com
get []copy_com_shifts.com;1 copy_com_shifts.com
get []copy_fz.doc;1 copy_fz.doc
get []copy_fz.rcp;1 copy_fz.rcp
get []copy_run_event_list.com;1 copy_run_event_list.com
get []copy_run_summary.com;1 copy_run_summary.com
get []d0check.vmslist;1 d0check.vmslist
get []d0flavor.doc;1 d0flavor.doc
get []d0products.list;1 d0products.list
get []d0setup.com;1 d0setup.com
get []d0setup.csh;1 d0setup.csh
get []d0tekpr.com;1 d0tekpr.com
get []deallocate_tape.com;1 deallocate_tape.com
get []deb_di3000_util4.opt;1 deb_di3000_util4.opt
get []deb_easdi3_util4.opt;1 deb_easdi3_util4.opt
get []deb_uisdi3_util4.opt;1 deb_uisdi3_util4.opt
get []deb_util4.opt;1 deb_util4.opt
get []deb_xwndi3_util4.opt;1 deb_xwndi3_util4.opt
get []default.com;1 default.com
get []define_here.com;1 define_here.com
get []deldir.com;1 deldir.com
get []di3000_util4.opt;1 di3000_util4.opt
get []easdi3_util4.opt;1 easdi3_util4.opt
get []evnt_list.doc;1 evnt_list.doc
get []fm_list_batch.com;1 fm_list_batch.com
get []fzbrowse.doc;1 fzbrowse.doc
get []fzdiff.doc;1 fzdiff.doc
get []fzmode.doc;1 fzmode.doc
get []fzsort.doc;1 fzsort.doc
get []fzton.doc;1 fzton.doc
get []gzxxxx.for;1 gzxxxx.for
get []insert.com;1 insert.com
get []izxxxx.link;1 izxxxx.link
get []lgo.com;1 lgo.com
get []look.doc;1 look.doc
get []look_install.doc;1 look_install.doc
get []mac.doc;1 mac.doc
get []mac_commands_syntax.doc;1 mac_commands_syntax.doc
get []make_d0products_list.com;1 make_d0products_list.com
get []make_dir.com;1 make_dir.com
get []make_tree.com;1 make_tree.com
get []mass_move.com;1 mass_move.com
get []mount_tape.com;1 mount_tape.com
get []parse_incmd.com;1 parse_incmd.com
get []pbd_test.com;1 pbd_test.com
get []pick_events_status.com;1 pick_events_status.com
get []pipe.com;1 pipe.com
get []pipe.doc;1 pipe.doc
get []prxxxx.for;1 prxxxx.for
get []pull_d0library.com;1 pull_d0library.com
get []pull_d0library.list_template;1 pull_d0library.list_template
get []q_solve.com;1 q_solve.com
get []q_solve.doc;1 q_solve.doc
get []remove.com;1 remove.com
get []same.com;1 same.com
get []sample_1.cmd;1 sample_1.cmd
get []sample_2.cmd;1 sample_2.cmd
get []sample_3.cmd;1 sample_3.cmd
get []sample_4.cmd;1 sample_4.cmd
get []setup_bstat.com;1 setup_bstat.com
get []setup_dblinker.com;1 setup_dblinker.com
get []setup_fzdiff.com;1 setup_fzdiff.com
get []setup_fzdiff.csh;1 setup_fzdiff.csh
get []setup_fzsort.com;1 setup_fzsort.com
get []setup_fzsort.csh;1 setup_fzsort.csh
get []setup_fzton.com;1 setup_fzton.com
get []setup_fzton.csh;1 setup_fzton.csh
get []setup_mac.com;1 setup_mac.com
get []setup_paw.com;1 setup_paw.com
get []setup_sfortran.com;1 setup_sfortran.com
get []setup_test.com;1 setup_test.com
get []setup_util.com;1 setup_util.com
get []setup_util.doc;1 setup_util.doc
get []sfo.com;2 sfo.com
get []simple_copy.com;1 simple_copy.com
get []sources.doc;1 sources.doc
get []sql_code_maker.com;1 sql_code_maker.com
get []submit_pull_d0library.com;1 submit_pull_d0library.com
get []swing.doc;1 swing.doc
get []swing_release.notes;1 swing_release.notes
get []tape_util.doc;1 tape_util.doc
get []type_space.com;1 type_space.com
get []uisdi3_util4.opt;1 uisdi3_util4.opt
get []unprotect.com;1 unprotect.com
get []update_lst.com;1 update_lst.com
get []update_lst.doc;1 update_lst.doc
get []util.mms;1 util.mms
get []util.release;1 util.release
get []util4.opt;1 util4.opt
get []util_pre_release.;1 util_pre_release
get []v0.1-rel_notes;1 v0.1-rel_notes
get []v0.2-rel_notes;1 v0.2-rel_notes
get []v0.3-rel_notes;1 v0.3-rel_notes
get []v1.0-rel_notes;1 v1.0-rel_notes
get []v2.0-rel_notes;1 v2.0-rel_notes
get []v2.1-rel_notes;1 v2.1-rel_notes
get []v2.2-rel_notes;1 v2.2-rel_notes
get []v2.3-rel_notes;1 v2.3-rel_notes
get []v3.0-rel_notes;1 v3.0-rel_notes
get []v3.01-rel_notes;1 v3.01-rel_notes
get []v3.02-rel_notes;1 v3.02-rel_notes
get []v3.10-rel_notes;1 v3.10-rel_notes
get []v3.20-rel_notes;1 v3.20-rel_notes
get []v3.30-rel_notes;1 v3.30-rel_notes
get []v3.40-rel_notes;1 v3.40-rel_notes
get []v3.42-rel_notes;1 v3.42-rel_notes
get []v3.43-rel_notes;1 v3.43-rel_notes
get []v3.44-rel_notes;1 v3.44-rel_notes
get []v3.45-rel_notes;1 v3.45-rel_notes
get []v3.46-rel_notes;1 v3.46-rel_notes
get []v3.47-rel_notes;1 v3.47-rel_notes
get []v3.48-rel_notes;1 v3.48-rel_notes
get []v3.49-rel_notes;1 v3.49-rel_notes
get []v3.50-rel_notes;1 v3.50-rel_notes
get []v3.51-rel_notes;1 v3.51-rel_notes
get []v3.52-rel_notes;1 v3.52-rel_notes
get []v3.53-rel_notes;1 v3.53-rel_notes
get []v3.54-rel_notes;1 v3.54-rel_notes
get []v3.55-rel_notes;1 v3.55-rel_notes
get []v3.56-rel_notes;1 v3.56-rel_notes
get []v3.57-rel_notes;1 v3.57-rel_notes
get []v3.58-rel_notes;1 v3.58-rel_notes
get []v3.59-rel_notes;1 v3.59-rel_notes
get []v3.60-rel_notes;1 v3.60-rel_notes
get []v3.61-rel_notes;1 v3.61-rel_notes
get []vutil.for;1 vutil.for
get []whoswhod0.com;1 whoswhod0.com
get []xwndi3_util4.opt;1 xwndi3_util4.opt
get []xxxx.zeb;1 xxxx.zeb
get []xxxxfl.for;1 xxxxfl.for
get []zbank.com;1 zbank.com
get [.clist]clist.c;1 clist/clist.c
get [.clist]clist.inc;1 clist/clist.inc
get [.command_proc]check_area.com;1 command_proc/check_area.com
get [.command_proc]check_lib.com;1 command_proc/check_lib.com
get [.command_proc]check_local_lib.com;1 command_proc/check_local_lib.com
get [.command_proc]cmsupdate.list;1 command_proc/cmsupdate.list
get [.command_proc]compare_cms.com;1 command_proc/compare_cms.com
get [.command_proc]compare_files.com;1 command_proc/compare_files.com
get [.command_proc]compare_sdir.com;1 command_proc/compare_sdir.com
get [.command_proc]copy_com_shifts.com;1 command_proc/copy_com_shifts.com
get [.command_proc]copy_run_event_list.com;1 command_proc/copy_run_event_list.com
get [.command_proc]copy_run_summary.com;1 command_proc/copy_run_summary.com
get [.command_proc]d0check.vmslist;1 command_proc/d0check.vmslist
get [.command_proc]d0products.list;1 command_proc/d0products.list
get [.command_proc]d0setup.com;1 command_proc/d0setup.com
get [.command_proc]d0setup.csh;1 command_proc/d0setup.csh
get [.command_proc]d0tekpr.com;1 command_proc/d0tekpr.com
get [.command_proc]define_here.com;1 command_proc/define_here.com
get [.command_proc]deldir.com;1 command_proc/deldir.com
get [.command_proc]fm_list_batch.com;1 command_proc/fm_list_batch.com
get [.command_proc]insert.com;1 command_proc/insert.com
get [.command_proc]lgo.com;1 command_proc/lgo.com
get [.command_proc]make_d0products_list.com;1 command_proc/make_d0products_list.com
get [.command_proc]make_dir.com;1 command_proc/make_dir.com
get [.command_proc]make_tree.com;1 command_proc/make_tree.com
get [.command_proc]mass_move.com;1 command_proc/mass_move.com
get [.command_proc]pbd_test.com;1 command_proc/pbd_test.com
get [.command_proc]pick_events_status.com;1 command_proc/pick_events_status.com
get [.command_proc]pipe.com;1 command_proc/pipe.com
get [.command_proc]pipe.doc;1 command_proc/pipe.doc
get [.command_proc]pull_d0library.com;1 command_proc/pull_d0library.com
get [.command_proc]pull_d0library.list_template;1 command_proc/pull_d0library.list_template
get [.command_proc]remove.com;1 command_proc/remove.com
get [.command_proc]same.com;1 command_proc/same.com
get [.command_proc]setup_dblinker.com;1 command_proc/setup_dblinker.com
get [.command_proc]setup_paw.com;1 command_proc/setup_paw.com
get [.command_proc]setup_test.com;1 command_proc/setup_test.com
get [.command_proc]setup_util.com;1 command_proc/setup_util.com
get [.command_proc]setup_util.doc;1 command_proc/setup_util.doc
get [.command_proc]sfo.com;1 command_proc/sfo.com
get [.command_proc]sql_code_maker.com;1 command_proc/sql_code_maker.com
get [.command_proc]submit_pull_d0library.com;1 command_proc/submit_pull_d0library.com
get [.command_proc]type_space.com;1 command_proc/type_space.com
get [.command_proc]unprotect.com;1 command_proc/unprotect.com
get [.command_proc]util_pre_release.;1 command_proc/util_pre_release
get [.command_proc]whoswhod0.com;1 command_proc/whoswhod0.com
get [.comp_stat]bstat.c;1 comp_stat/bstat.c
get [.comp_stat]bstat.rno;1 comp_stat/bstat.rno
get [.comp_stat]build_bstat.com;1 comp_stat/build_bstat.com
get [.comp_stat]setup_bstat.com;1 comp_stat/setup_bstat.com
get [.d0flavor]build_d0flavor.com;1 d0flavor/build_d0flavor.com
get [.d0flavor]build_d0flavor.csh;1 d0flavor/build_d0flavor.csh
get [.d0flavor]d0flavor.doc;1 d0flavor/d0flavor.doc
get [.d0flavor]d0flavor.for;1 d0flavor/d0flavor.for
get [.d0flavor]d0open_text.for;1 d0flavor/d0open_text.for
get [.d0flavor]decode_cmd_line.for;1 d0flavor/decode_cmd_line.for
get [.d0flavor]kern_util.for;1 d0flavor/kern_util.for
get [.entry_points]build_entry_list.tpu;1 entry_points/build_entry_list.tpu
get [.entry_points]build_entry_points.com;1 entry_points/build_entry_points.com
get [.files]allocate_tape.com;1 files/allocate_tape.com
get [.files]buildlook.com;1 files/buildlook.com
get [.files]build_fzbrowse.csh;1 files/build_fzbrowse.csh
get [.files]copy_fz.doc;1 files/copy_fz.doc
get [.files]copy_fz.for;1 files/copy_fz.for
get [.files]copy_fz.lnk;1 files/copy_fz.lnk
get [.files]copy_fz.rcp;1 files/copy_fz.rcp
get [.files]copy_fz_lnk.csh;1 files/copy_fz_lnk.csh
get [.files]deallocate_tape.com;1 files/deallocate_tape.com
get [.files]evnt_list.doc;1 files/evnt_list.doc
get [.files]evnt_list.for;1 files/evnt_list.for
get [.files]evnt_list.lnk;1 files/evnt_list.lnk
get [.files]evnt_list_lnk.csh;1 files/evnt_list_lnk.csh
get [.files]fzbrowse.doc;1 files/fzbrowse.doc
get [.files]fzbrowse.lnk;1 files/fzbrowse.lnk
get [.files]fz_inzcom.for;1 files/fz_inzcom.for
get [.files]get_str.for;1 files/get_str.for
get [.files]look.c;1 files/look.c
get [.files]look.doc;1 files/look.doc
get [.files]look_install.doc;1 files/look_install.doc
get [.files]map.for;1 files/map.for
get [.files]mount_tape.com;1 files/mount_tape.com
get [.files]parse_incmd.com;1 files/parse_incmd.com
get [.files]sample_1.cmd;1 files/sample_1.cmd
get [.files]sample_2.cmd;1 files/sample_2.cmd
get [.files]sample_3.cmd;1 files/sample_3.cmd
get [.files]sample_4.cmd;1 files/sample_4.cmd
get [.files]simple_copy.com;1 files/simple_copy.com
get [.files]tape_util.doc;1 files/tape_util.doc
get [.fzdiff]build_fzdiff.com;1 fzdiff/build_fzdiff.com
get [.fzdiff]build_fzdiff.csh;1 fzdiff/build_fzdiff.csh
get [.fzdiff]build_fzton.com;1 fzdiff/build_fzton.com
get [.fzdiff]fzdiff.doc;1 fzdiff/fzdiff.doc
get [.fzdiff]fzdiff.for;1 fzdiff/fzdiff.for
get [.fzdiff]fzdiff.rcp;1 fzdiff/fzdiff.rcp
get [.fzdiff]fzdiff_bkname.for;1 fzdiff/fzdiff_bkname.for
get [.fzdiff]fzdiff_comp.for;1 fzdiff/fzdiff_comp.for
get [.fzdiff]fzdiff_flat.for;1 fzdiff/fzdiff_flat.for
get [.fzdiff]fzdiff_inzcom.for;1 fzdiff/fzdiff_inzcom.for
get [.fzdiff]fzdiff_precomp.for;1 fzdiff/fzdiff_precomp.for
get [.fzdiff]fzdiff_stcomp.for;1 fzdiff/fzdiff_stcomp.for
get [.fzdiff]fzdiff_stlink.for;1 fzdiff/fzdiff_stlink.for
get [.fzdiff]fzdiff_struc.for;1 fzdiff/fzdiff_struc.for
get [.fzdiff]fzdiff_zebcom.inc;1 fzdiff/fzdiff_zebcom.inc
get [.fzdiff]fzeventdis.for;1 fzdiff/fzeventdis.for
get [.fzdiff]fzscramble.for;1 fzdiff/fzscramble.for
get [.fzdiff]fzsort.doc;1 fzdiff/fzsort.doc
get [.fzdiff]fzsort.for;1 fzdiff/fzsort.for
get [.fzdiff]fzton.doc;1 fzdiff/fzton.doc
get [.fzdiff]fzton.for;1 fzdiff/fzton.for
get [.fzdiff]setup_fzdiff.com;1 fzdiff/setup_fzdiff.com
get [.fzdiff]setup_fzdiff.csh;1 fzdiff/setup_fzdiff.csh
get [.fzdiff]setup_fzsort.com;1 fzdiff/setup_fzsort.com
get [.fzdiff]setup_fzsort.csh;1 fzdiff/setup_fzsort.csh
get [.fzdiff]setup_fzton.com;1 fzdiff/setup_fzton.com
get [.fzdiff]setup_fzton.csh;1 fzdiff/setup_fzton.csh
get [.general]d0$hour_offset.dat;1 general/d0$hour_offset.dat
get [.general]d0$second_offset.dat;1 general/d0$second_offset.dat
get [.general]prob_queue_busy.for;1 general/prob_queue_busy.for
get [.general]q_get_unknowns.for;1 general/q_get_unknowns.for
get [.general]q_solve.com;1 general/q_solve.com
get [.general]q_solve.doc;1 general/q_solve.doc
get [.general]q_solve.for;1 general/q_solve.for
get [.general]q_write_headings.for;1 general/q_write_headings.for
get [.general]r_erlang_solve.for;1 general/r_erlang_solve.for
get [.opt]deb_di3000_util4.opt;1 opt/deb_di3000_util4.opt
get [.opt]deb_easdi3_util4.opt;1 opt/deb_easdi3_util4.opt
get [.opt]deb_uisdi3_util4.opt;1 opt/deb_uisdi3_util4.opt
get [.opt]deb_util4.opt;1 opt/deb_util4.opt
get [.opt]deb_xwndi3_util4.opt;1 opt/deb_xwndi3_util4.opt
get [.opt]di3000_util4.opt;1 opt/di3000_util4.opt
get [.opt]easdi3_util4.opt;1 opt/easdi3_util4.opt
get [.opt]uisdi3_util4.opt;1 opt/uisdi3_util4.opt
get [.opt]util4.opt;1 opt/util4.opt
get [.opt]xwndi3_util4.opt;1 opt/xwndi3_util4.opt
get [.sources]build_sources.com;1 sources/build_sources.com
get [.sources]sources.doc;1 sources/sources.doc
get [.sources]sources.for;1 sources/sources.for
get [.sources]sources_commands.cld;1 sources/sources_commands.cld
get [.swing]add_node.for;1 swing/add_node.for
get [.swing]add_node_to_display.for;1 swing/add_node_to_display.for
get [.swing]adjust_node_pointers.for;1 swing/adjust_node_pointers.for
get [.swing]append_fnode.for;1 swing/append_fnode.for
get [.swing]append_node.for;1 swing/append_node.for
get [.swing]change_options.for;1 swing/change_options.for
get [.swing]change_spec.for;1 swing/change_spec.for
get [.swing]check_directory_move.for;1 swing/check_directory_move.for
get [.swing]create_directory.for;1 swing/create_directory.for
get [.swing]crt.for;1 swing/crt.for
get [.swing]define_paste_board.for;1 swing/define_paste_board.for
get [.swing]define_smg_layout.for;1 swing/define_smg_layout.for
get [.swing]delete_directory.for;1 swing/delete_directory.for
get [.swing]delete_file.for;1 swing/delete_file.for
get [.swing]delete_files.for;1 swing/delete_files.for
get [.swing]delete_node.for;1 swing/delete_node.for
get [.swing]dir_to_file.for;1 swing/dir_to_file.for
get [.swing]draw_screen.for;1 swing/draw_screen.for
get [.swing]edit_file.for;1 swing/edit_file.for
get [.swing]execute_dcl.for;1 swing/execute_dcl.for
get [.swing]exit_swing.for;1 swing/exit_swing.for
get [.swing]file_options.for;1 swing/file_options.for
get [.swing]file_to_dir.for;1 swing/file_to_dir.for
get [.swing]find_node.for;1 swing/find_node.for
get [.swing]free_node.for;1 swing/free_node.for
get [.swing]get_location.for;1 swing/get_location.for
get [.swing]hardcopy.for;1 swing/hardcopy.for
get [.swing]help.for;1 swing/help.for
get [.swing]help_filer.for;1 swing/help_filer.for
get [.swing]load_display.for;1 swing/load_display.for
get [.swing]load_files.for;1 swing/load_files.for
get [.swing]load_nodes.for;1 swing/load_nodes.for
get [.swing]modify_file_prot.for;1 swing/modify_file_prot.for
get [.swing]move_file.for;1 swing/move_file.for
get [.swing]move_node.for;1 swing/move_node.for
get [.swing]pd_bar_choice.for;1 swing/pd_bar_choice.for
get [.swing]pd_draw_bar.for;1 swing/pd_draw_bar.for
get [.swing]pd_get_choice.for;1 swing/pd_get_choice.for
get [.swing]pd_list_choice.for;1 swing/pd_list_choice.for
get [.swing]pd_load_bar.for;1 swing/pd_load_bar.for
get [.swing]pd_undraw_bar.for;1 swing/pd_undraw_bar.for
get [.swing]print_file.for;1 swing/print_file.for
get [.swing]print_message.for;1 swing/print_message.for
get [.swing]process_command.for;1 swing/process_command.for
get [.swing]record_structure.for;1 swing/record_structure.for
get [.swing]redefine_smg_layout.for;1 swing/redefine_smg_layout.for
get [.swing]rename_directory.for;1 swing/rename_directory.for
get [.swing]rename_file.for;1 swing/rename_file.for
get [.swing]reset_terminal.for;1 swing/reset_terminal.for
get [.swing]set_notab.for;1 swing/set_notab.for
get [.swing]show_files.for;1 swing/show_files.for
get [.swing]sm_allow_repaint.for;1 swing/sm_allow_repaint.for
get [.swing]sm_repaint_screen.for;1 swing/sm_repaint_screen.for
get [.swing]swing.doc;1 swing/swing.doc
get [.swing]swing.for;1 swing/swing.for
get [.swing]swing.hlp;1 swing/swing.hlp
get [.swing]swing.lnk;1 swing/swing.lnk
get [.swing]swingtables.cld;1 swing/swingtables.cld
get [.swing]swing_release.notes;1 swing/swing_release.notes
get [.swing]translate_logical.for;1 swing/translate_logical.for
get [.swing]update_file_window.for;1 swing/update_file_window.for
get [.swing]update_screen.for;1 swing/update_screen.for
get [.swing]update_window1.for;1 swing/update_window1.for
get [.util]author.com;1 util/author.com
get [.util]bkxxxx.for;1 util/bkxxxx.for
get [.util]build_chart2.com;1 util/build_chart2.com
get [.util]build_d0check.com;1 util/build_d0check.com
get [.util]build_dzsum.com;1 util/build_dzsum.com
get [.util]build_fzmode.com;1 util/build_fzmode.com
get [.util]build_mega_autocompare.com;1 util/build_mega_autocompare.com
get [.util]build_sfortran.com;1 util/build_sfortran.com
get [.util]build_sort_file_list.com;1 util/build_sort_file_list.com
get [.util]chart2.doc;1 util/chart2.doc
get [.util]chart2.for;1 util/chart2.for
get [.util]chart2cld.cld;1 util/chart2cld.cld
get [.util]create_include_list.for;1 util/create_include_list.for
get [.util]create_tsp_file.for;1 util/create_tsp_file.for
get [.util]d0check.for;1 util/d0check.for
get [.util]d0check_commands.cld;1 util/d0check_commands.cld
get [.util]d0check_messages.msg;1 util/d0check_messages.msg
get [.util]d0check_test.fort;1 util/d0check_test.fort
get [.util]d0c_apply_filter.for;1 util/d0c_apply_filter.for
get [.util]d0c_exclude_strings.for;1 util/d0c_exclude_strings.for
get [.util]d0c_get_names.for;1 util/d0c_get_names.for
get [.util]d0c_next_record.for;1 util/d0c_next_record.for
get [.util]d0c_set_filename.for;1 util/d0c_set_filename.for
get [.util]d0c_standards.for;1 util/d0c_standards.for
get [.util]d0c_validate_names.for;1 util/d0c_validate_names.for
get [.util]dbinom.for;1 util/dbinom.for
get [.util]decode_command_com.inc;1 util/decode_command_com.inc
get [.util]decode_command_line.for;1 util/decode_command_line.for
get [.util]default.com;1 util/default.com
get [.util]dzsum.for;1 util/dzsum.for
get [.util]dzsurvey.for;1 util/dzsurvey.for
get [.util]exclude_strings.for;1 util/exclude_strings.for
get [.util]expand_list_com.inc;1 util/expand_list_com.inc
get [.util]extract_attribute_list.for;1 util/extract_attribute_list.for
get [.util]extract_filename.for;1 util/extract_filename.for
get [.util]extract_word.for;1 util/extract_word.for
get [.util]fetch_elements.for;1 util/fetch_elements.for
get [.util]fzmode.doc;1 util/fzmode.doc
get [.util]fzmode.for;1 util/fzmode.for
get [.util]get_includes.for;1 util/get_includes.for
get [.util]get_module_name.for;1 util/get_module_name.for
get [.util]get_revision_date.for;1 util/get_revision_date.for
get [.util]gzxxxx.for;1 util/gzxxxx.for
get [.util]hdbcop.for;1 util/hdbcop.for
get [.util]izxxxx.link;1 util/izxxxx.link
get [.util]mac.doc;1 util/mac.doc
get [.util]mac_2d_pct_diff.for;1 util/mac_2d_pct_diff.for
get [.util]mac_bin_code_defaults.for;1 util/mac_bin_code_defaults.for
get [.util]mac_commands_syntax.doc;1 util/mac_commands_syntax.doc
get [.util]mac_compare.for;1 util/mac_compare.for
get [.util]mac_do_what_you_are_told.for;1 util/mac_do_what_you_are_told.for
get [.util]mac_echo_filename.for;1 util/mac_echo_filename.for
get [.util]mac_ezer_ezgets.for;1 util/mac_ezer_ezgets.for
get [.util]mac_get_next_command.for;1 util/mac_get_next_command.for
get [.util]mac_global_common_read.for;1 util/mac_global_common_read.for
get [.util]mac_hdiff.for;1 util/mac_hdiff.for
get [.util]mac_hdiffb.for;1 util/mac_hdiffb.for
get [.util]mac_instructions.rcp;1 util/mac_instructions.rcp
get [.util]mac_loc_com_str.for;1 util/mac_loc_com_str.for
get [.util]mac_open_data.for;1 util/mac_open_data.for
get [.util]mac_open_outfile_loc.for;1 util/mac_open_outfile_loc.for
get [.util]mac_open_reference.for;1 util/mac_open_reference.for
get [.util]mac_read_6_hist_params.for;1 util/mac_read_6_hist_params.for
get [.util]mac_read_bin_codes.for;1 util/mac_read_bin_codes.for
get [.util]mac_read_bin_code_file.for;1 util/mac_read_bin_code_file.for
get [.util]mac_set_data_file.for;1 util/mac_set_data_file.for
get [.util]mac_set_nbins_tot.for;1 util/mac_set_nbins_tot.for
get [.util]mac_set_reference_file.for;1 util/mac_set_reference_file.for
get [.util]mac_set_switch.for;1 util/mac_set_switch.for
get [.util]mac_what_now.for;1 util/mac_what_now.for
get [.util]mac_write_description.for;1 util/mac_write_description.for
get [.util]match_wild.for;1 util/match_wild.for
get [.util]mega_autocompare_histogram.for;1 util/mega_autocompare_histogram.for
get [.util]mega_autocompare_histogram.lnk;1 util/mega_autocompare_histogram.lnk
get [.util]prob.for;1 util/prob.for
get [.util]prxxxx.for;1 util/prxxxx.for
get [.util]scan_file.for;1 util/scan_file.for
get [.util]scan_file_com.inc;1 util/scan_file_com.inc
get [.util]setup_mac.com;1 util/setup_mac.com
get [.util]setup_sfortran.com;1 util/setup_sfortran.com
get [.util]sfo.com;1 util/sfo.com
get [.util]sfortran.for;1 util/sfortran.for
get [.util]sfortran_messages.msg;1 util/sfortran_messages.msg
get [.util]sfo_parse_command.for;1 util/sfo_parse_command.for
get [.util]sfo_process_command.for;1 util/sfo_process_command.for
get [.util]sort_dependency_list.for;1 util/sort_dependency_list.for
get [.util]sort_file_list.for;1 util/sort_file_list.for
get [.util]update_lst.com;1 util/update_lst.com
get [.util]update_lst.doc;1 util/update_lst.doc
get [.util]xxxx.zeb;1 util/xxxx.zeb
get [.util]xxxxfl.for;1 util/xxxxfl.for
get [.util]zbank.com;1 util/zbank.com
get [.zhist]zhist_install.com;1 zhist/zhist_install.com
Local directory now /d0library/scratch/util
Checking for executable shell scripts
/d0library/scratch/util/build_d0flavor.csh made executable
/d0library/scratch/util/build_fzdiff.csh made executable
/d0library/scratch/util/d0setup.csh made executable
/d0library/scratch/util/setup_fzdiff.csh made executable
/d0library/scratch/util/setup_fzsort.csh made executable
/d0library/scratch/util/setup_fzton.csh made executable
/d0library/scratch/util/util_pre_release made executable
/d0library/scratch/util/command_proc/d0setup.csh made executable
/d0library/scratch/util/command_proc/util_pre_release made executable
/d0library/scratch/util/d0flavor/build_d0flavor.csh made executable
/d0library/scratch/util/files/build_fzbrowse.csh made executable
/d0library/scratch/util/files/copy_fz_lnk.csh made executable
/d0library/scratch/util/files/evnt_list_lnk.csh made executable
/d0library/scratch/util/fzdiff/build_fzdiff.csh made executable
/d0library/scratch/util/fzdiff/setup_fzdiff.csh made executable
/d0library/scratch/util/fzdiff/setup_fzsort.csh made executable
/d0library/scratch/util/fzdiff/setup_fzton.csh made executable
0 menu files to fetch
0 fx files to fetch
0 fg files to fetch
0 fn files to fetch
0 rr files to fetch
0 rl files to fetch
0 re files to fetch
0 rz files to fetch
Generating debug makefile
Library section:  util
Root directory:   /d0library/scratch/util
Scanning source files for parent library bstat
vff: file not found: d0$util$comp_stat:bstat.c
Checking uniqueness
0 source files
0 archive files
Uniqueness OK
Generating dependencies for deb_bstat.a
Generating dependencies for debug object files
Scanning source files for parent library d0flavor
Checking uniqueness
4 source files
4 archive files
Uniqueness OK
Generating dependencies for deb_d0flavor.a
Generating dependencies for debug object files
Scanning source files for parent library fzdiff
Checking uniqueness
13 source files
13 archive files
Uniqueness OK
Generating dependencies for deb_fzdiff.a
Generating dependencies for debug object files
Scanning source files for parent library sources
vff: file not found: d0$util$sources:sources.for
vff: file not found: d0$util$sources:sources_commands.cld
Checking uniqueness
0 source files
0 archive files
Uniqueness OK
Generating dependencies for deb_sources.a
Generating dependencies for debug object files
Scanning source files for parent library util
vff: file not found: d0$util$swing:add_node.for
vff: file not found: d0$util$swing:add_node_to_display.for
vff: file not found: d0$util$swing:adjust_node_pointers.for
vff: file not found: d0$util$swing:append_fnode.for
vff: file not found: d0$util$swing:append_node.for
vff: file not found: d0$util$swing:change_options.for
vff: file not found: d0$util$swing:change_spec.for
vff: file not found: d0$util$util:chart2.for
vff: file not found: d0$util$util:chart2cld.cld
vff: file not found: d0$util$swing:check_directory_move.for
vff: file not found: d0$util$clist:clist.c
vff: file not found: d0$util$swing:create_directory.for
vff: file not found: d0$util$util:create_include_list.for
vff: file not found: d0$util$util:create_tsp_file.for
vff: file not found: d0$util$swing:crt.for
vff: file not found: d0$util$util:d0c_apply_filter.for
vff: file not found: d0$util$util:d0c_exclude_strings.for
vff: file not found: d0$util$util:d0c_get_names.for
vff: file not found: d0$util$util:d0c_next_record.for
vff: file not found: d0$util$util:d0c_set_filename.for
vff: file not found: d0$util$util:d0c_standards.for
vff: file not found: d0$util$util:d0c_validate_names.for
vff: file not found: d0$util$util:d0check.for
vff: file not found: d0$util$util:d0check_commands.cld
vff: file not found: d0$util$util:d0check_messages.msg
vff: file not found: d0$util$util:dbinom.for
vff: file not found: d0$util$util:decode_command_line.for
vff: file not found: d0$util$swing:define_paste_board.for
vff: file not found: d0$util$swing:define_smg_layout.for
vff: file not found: d0$util$swing:delete_directory.for
vff: file not found: d0$util$swing:delete_file.for
vff: file not found: d0$util$swing:delete_files.for
vff: file not found: d0$util$swing:delete_node.for
vff: file not found: d0$util$swing:dir_to_file.for
vff: file not found: d0$util$swing:draw_screen.for
vff: file not found: d0$util$util:dzsum.for
vff: file not found: d0$util$util:dzsurvey.for
vff: file not found: d0$util$swing:edit_file.for
vff: file not found: d0$util$util:exclude_strings.for
vff: file not found: d0$util$swing:execute_dcl.for
vff: file not found: d0$util$swing:exit_swing.for
vff: file not found: d0$util$util:extract_attribute_list.for
vff: file not found: d0$util$util:extract_filename.for
vff: file not found: d0$util$util:extract_word.for
vff: file not found: d0$util$util:fetch_elements.for
vff: file not found: d0$util$swing:file_options.for
vff: file not found: d0$util$swing:file_to_dir.for
vff: file not found: d0$util$swing:find_node.for
vff: file not found: d0$util$swing:free_node.for
vff: file not found: d0$util$util:fzmode.for
vff: file not found: d0$util$util:get_includes.for
vff: file not found: d0$util$swing:get_location.for
vff: file not found: d0$util$util:get_module_name.for
vff: file not found: d0$util$util:get_revision_date.for
vff: file not found: d0$util$swing:hardcopy.for
vff: file not found: d0$util$util:hdbcop.for
vff: file not found: d0$util$swing:help.for
vff: file not found: d0$util$swing:help_filer.for
vff: file not found: d0$util$swing:load_display.for
vff: file not found: d0$util$swing:load_files.for
vff: file not found: d0$util$swing:load_nodes.for
vff: file not found: d0$util$util:mac_2d_pct_diff.for
vff: file not found: d0$util$util:mac_bin_code_defaults.for
vff: file not found: d0$util$util:mac_compare.for
vff: file not found: d0$util$util:mac_do_what_you_are_told.for
vff: file not found: d0$util$util:mac_echo_filename.for
vff: file not found: d0$util$util:mac_ezer_ezgets.for
vff: file not found: d0$util$util:mac_get_next_command.for
vff: file not found: d0$util$util:mac_global_common_read.for
vff: file not found: d0$util$util:mac_hdiff.for
vff: file not found: d0$util$util:mac_hdiffb.for
vff: file not found: d0$util$util:mac_loc_com_str.for
vff: file not found: d0$util$util:mac_open_data.for
vff: file not found: d0$util$util:mac_open_outfile_loc.for
vff: file not found: d0$util$util:mac_open_reference.for
vff: file not found: d0$util$util:mac_read_6_hist_params.for
vff: file not found: d0$util$util:mac_read_bin_code_file.for
vff: file not found: d0$util$util:mac_read_bin_codes.for
vff: file not found: d0$util$util:mac_set_data_file.for
vff: file not found: d0$util$util:mac_set_nbins_tot.for
vff: file not found: d0$util$util:mac_set_reference_file.for
vff: file not found: d0$util$util:mac_set_switch.for
vff: file not found: d0$util$util:mac_what_now.for
vff: file not found: d0$util$util:mac_write_description.for
vff: file not found: d0$util$util:match_wild.for
vff: file not found: d0$util$util:mega_autocompare_histogram.for
vff: file not found: d0$util$swing:modify_file_prot.for
vff: file not found: d0$util$swing:move_file.for
vff: file not found: d0$util$swing:move_node.for
vff: file not found: d0$util$swing:pd_bar_choice.for
vff: file not found: d0$util$swing:pd_draw_bar.for
vff: file not found: d0$util$swing:pd_get_choice.for
vff: file not found: d0$util$swing:pd_list_choice.for
vff: file not found: d0$util$swing:pd_load_bar.for
vff: file not found: d0$util$swing:pd_undraw_bar.for
vff: file not found: d0$util$swing:print_file.for
vff: file not found: d0$util$swing:print_message.for
vff: file not found: d0$util$util:prob.for
vff: file not found: d0$util$swing:process_command.for
vff: file not found: d0$util$swing:record_structure.for
vff: file not found: d0$util$swing:redefine_smg_layout.for
vff: file not found: d0$util$swing:rename_directory.for
vff: file not found: d0$util$swing:rename_file.for
vff: file not found: d0$util$swing:reset_terminal.for
vff: file not found: d0$util$util:scan_file.for
vff: file not found: d0$util$swing:set_notab.for
vff: file not found: d0$util$util:sfo_parse_command.for
vff: file not found: d0$util$util:sfo_process_command.for
vff: file not found: d0$util$util:sfortran.for
vff: file not found: d0$util$util:sfortran_messages.msg
vff: file not found: d0$util$swing:show_files.for
vff: file not found: d0$util$swing:sm_allow_repaint.for
vff: file not found: d0$util$swing:sm_repaint_screen.for
vff: file not found: d0$util$util:sort_dependency_list.for
vff: file not found: d0$util$util:sort_file_list.for
vff: file not found: d0$util$swing:swing.for
vff: file not found: d0$util$swing:swingtables.cld
vff: file not found: d0$util$swing:translate_logical.for
vff: file not found: d0$util$swing:update_file_window.for
vff: file not found: d0$util$swing:update_screen.for
vff: file not found: d0$util$swing:update_window1.for
Checking uniqueness
5 source files
5 archive files
Uniqueness OK
Generating dependencies for deb_util.a
Generating dependencies for debug object files
Generating preprocessor dependencies
vff: file not found: d0$util$swing:add_node.for
vff: file not found: d0$util$swing:add_node_to_display.for
vff: file not found: d0$util$swing:adjust_node_pointers.for
vff: file not found: d0$util$swing:append_fnode.for
vff: file not found: d0$util$swing:append_node.for
vff: file not found: d0$util$comp_stat:bstat.c
vff: file not found: d0$util$swing:change_options.for
vff: file not found: d0$util$swing:change_spec.for
vff: file not found: d0$util$util:chart2.for
vff: file not found: d0$util$util:chart2cld.cld
vff: file not found: d0$util$swing:check_directory_move.for
vff: file not found: d0$util$clist:clist.c
vff: file not found: d0$util$swing:create_directory.for
vff: file not found: d0$util$util:create_include_list.for
vff: file not found: d0$util$util:create_tsp_file.for
vff: file not found: d0$util$swing:crt.for
vff: file not found: d0$util$util:d0c_apply_filter.for
vff: file not found: d0$util$util:d0c_exclude_strings.for
vff: file not found: d0$util$util:d0c_get_names.for
vff: file not found: d0$util$util:d0c_next_record.for
vff: file not found: d0$util$util:d0c_set_filename.for
vff: file not found: d0$util$util:d0c_standards.for
vff: file not found: d0$util$util:d0c_validate_names.for
vff: file not found: d0$util$util:d0check.for
vff: file not found: d0$util$util:d0check_commands.cld
vff: file not found: d0$util$util:d0check_messages.msg
vff: file not found: d0$util$util:dbinom.for
vff: file not found: d0$util$util:decode_command_line.for
vff: file not found: d0$util$swing:define_paste_board.for
vff: file not found: d0$util$swing:define_smg_layout.for
vff: file not found: d0$util$swing:delete_directory.for
vff: file not found: d0$util$swing:delete_file.for
vff: file not found: d0$util$swing:delete_files.for
vff: file not found: d0$util$swing:delete_node.for
vff: file not found: d0$util$swing:dir_to_file.for
vff: file not found: d0$util$swing:draw_screen.for
vff: file not found: d0$util$util:dzsum.for
vff: file not found: d0$util$util:dzsurvey.for
vff: file not found: d0$util$swing:edit_file.for
vff: file not found: d0$util$util:exclude_strings.for
vff: file not found: d0$util$swing:execute_dcl.for
vff: file not found: d0$util$swing:exit_swing.for
vff: file not found: d0$util$util:extract_attribute_list.for
vff: file not found: d0$util$util:extract_filename.for
vff: file not found: d0$util$util:extract_word.for
vff: file not found: d0$util$util:fetch_elements.for
vff: file not found: d0$util$swing:file_options.for
vff: file not found: d0$util$swing:file_to_dir.for
vff: file not found: d0$util$swing:find_node.for
vff: file not found: d0$util$swing:free_node.for
vff: file not found: d0$util$util:fzmode.for
vff: file not found: d0$util$util:get_includes.for
vff: file not found: d0$util$swing:get_location.for
vff: file not found: d0$util$util:get_module_name.for
vff: file not found: d0$util$util:get_revision_date.for
vff: file not found: d0$util$swing:hardcopy.for
vff: file not found: d0$util$util:hdbcop.for
vff: file not found: d0$util$swing:help.for
vff: file not found: d0$util$swing:help_filer.for
vff: file not found: d0$util$swing:load_display.for
vff: file not found: d0$util$swing:load_files.for
vff: file not found: d0$util$swing:load_nodes.for
vff: file not found: d0$util$util:mac_2d_pct_diff.for
vff: file not found: d0$util$util:mac_bin_code_defaults.for
vff: file not found: d0$util$util:mac_compare.for
vff: file not found: d0$util$util:mac_do_what_you_are_told.for
vff: file not found: d0$util$util:mac_echo_filename.for
vff: file not found: d0$util$util:mac_ezer_ezgets.for
vff: file not found: d0$util$util:mac_get_next_command.for
vff: file not found: d0$util$util:mac_global_common_read.for
vff: file not found: d0$util$util:mac_hdiff.for
vff: file not found: d0$util$util:mac_hdiffb.for
vff: file not found: d0$util$util:mac_loc_com_str.for
vff: file not found: d0$util$util:mac_open_data.for
vff: file not found: d0$util$util:mac_open_outfile_loc.for
vff: file not found: d0$util$util:mac_open_reference.for
vff: file not found: d0$util$util:mac_read_6_hist_params.for
vff: file not found: d0$util$util:mac_read_bin_code_file.for
vff: file not found: d0$util$util:mac_read_bin_codes.for
vff: file not found: d0$util$util:mac_set_data_file.for
vff: file not found: d0$util$util:mac_set_nbins_tot.for
vff: file not found: d0$util$util:mac_set_reference_file.for
vff: file not found: d0$util$util:mac_set_switch.for
vff: file not found: d0$util$util:mac_what_now.for
vff: file not found: d0$util$util:mac_write_description.for
vff: file not found: d0$util$util:match_wild.for
vff: file not found: d0$util$util:mega_autocompare_histogram.for
vff: file not found: d0$util$swing:modify_file_prot.for
vff: file not found: d0$util$swing:move_file.for
vff: file not found: d0$util$swing:move_node.for
vff: file not found: d0$util$swing:pd_bar_choice.for
vff: file not found: d0$util$swing:pd_draw_bar.for
vff: file not found: d0$util$swing:pd_get_choice.for
vff: file not found: d0$util$swing:pd_list_choice.for
vff: file not found: d0$util$swing:pd_load_bar.for
vff: file not found: d0$util$swing:pd_undraw_bar.for
vff: file not found: d0$util$swing:print_file.for
vff: file not found: d0$util$swing:print_message.for
vff: file not found: d0$util$util:prob.for
vff: file not found: d0$util$swing:process_command.for
vff: file not found: d0$util$swing:record_structure.for
vff: file not found: d0$util$swing:redefine_smg_layout.for
vff: file not found: d0$util$swing:rename_directory.for
vff: file not found: d0$util$swing:rename_file.for
vff: file not found: d0$util$swing:reset_terminal.for
vff: file not found: d0$util$util:scan_file.for
vff: file not found: d0$util$swing:set_notab.for
vff: file not found: d0$util$util:sfo_parse_command.for
vff: file not found: d0$util$util:sfo_process_command.for
vff: file not found: d0$util$util:sfortran.for
vff: file not found: d0$util$util:sfortran_messages.msg
vff: file not found: d0$util$swing:show_files.for
vff: file not found: d0$util$swing:sm_allow_repaint.for
vff: file not found: d0$util$swing:sm_repaint_screen.for
vff: file not found: d0$util$util:sort_dependency_list.for
vff: file not found: d0$util$util:sort_file_list.for
vff: file not found: d0$util$sources:sources.for
vff: file not found: d0$util$sources:sources_commands.cld
vff: file not found: d0$util$swing:swing.for
vff: file not found: d0$util$swing:swingtables.cld
vff: file not found: d0$util$swing:translate_logical.for
vff: file not found: d0$util$swing:update_file_window.for
vff: file not found: d0$util$swing:update_screen.for
vff: file not found: d0$util$swing:update_window1.for
Generating source list
UX:make: WARNING: No suffix list.
	touch /d0library/scratch/util/files/copy_fz.for
	touch /d0library/scratch/util/d0flavor/d0flavor.for
	touch /d0library/scratch/util/d0flavor/d0open_text.for
	touch /d0library/scratch/util/d0flavor/decode_cmd_line.for
	touch /d0library/scratch/util/files/evnt_list.for
	touch /d0library/scratch/util/files/fz_inzcom.for
	touch /d0library/scratch/util/fzdiff/fzdiff.for
	touch /d0library/scratch/util/fzdiff/fzdiff_bkname.for
	touch /d0library/scratch/util/fzdiff/fzdiff_comp.for
	touch /d0library/scratch/util/fzdiff/fzdiff_flat.for
	touch /d0library/scratch/util/fzdiff/fzdiff_inzcom.for
	touch /d0library/scratch/util/fzdiff/fzdiff_precomp.for
	touch /d0library/scratch/util/fzdiff/fzdiff_stcomp.for
	touch /d0library/scratch/util/fzdiff/fzdiff_stlink.for
	touch /d0library/scratch/util/fzdiff/fzdiff_struc.for
	touch /d0library/scratch/util/fzdiff/fzeventdis.for
	touch /d0library/scratch/util/fzdiff/fzscramble.for
	touch /d0library/scratch/util/fzdiff/fzsort.for
	touch /d0library/scratch/util/fzdiff/fzton.for
	touch /d0library/scratch/util/files/get_str.for
	touch /d0library/scratch/util/d0flavor/kern_util.for
	touch /d0library/scratch/util/files/map.for
UX:make: WARNING: No suffix list.
	tasteofd0 SIUNIX < /d0library/scratch/util/files/copy_fz.for | vmstounix > /d0library/scratch/util/files/copy_fz.f
	tasteofd0 SIUNIX < /d0library/scratch/util/d0flavor/d0flavor.for | vmstounix > /d0library/scratch/util/d0flavor/d0flavor.f
	tasteofd0 SIUNIX < /d0library/scratch/util/d0flavor/d0open_text.for | vmstounix > /d0library/scratch/util/d0flavor/d0open_text.f
	tasteofd0 SIUNIX < /d0library/scratch/util/d0flavor/decode_cmd_line.for | vmstounix > /d0library/scratch/util/d0flavor/decode_cmd_line.f
	tasteofd0 SIUNIX < /d0library/scratch/util/files/evnt_list.for | vmstounix > /d0library/scratch/util/files/evnt_list.f
	tasteofd0 SIUNIX < /d0library/scratch/util/files/fz_inzcom.for | vmstounix > /d0library/scratch/util/files/fz_inzcom.f
	tasteofd0 SIUNIX < /d0library/scratch/util/fzdiff/fzdiff.for | vmstounix > /d0library/scratch/util/fzdiff/fzdiff.f
	tasteofd0 SIUNIX < /d0library/scratch/util/fzdiff/fzdiff_bkname.for | vmstounix > /d0library/scratch/util/fzdiff/fzdiff_bkname.f
	tasteofd0 SIUNIX < /d0library/scratch/util/fzdiff/fzdiff_comp.for | vmstounix > /d0library/scratch/util/fzdiff/fzdiff_comp.f
	tasteofd0 SIUNIX < /d0library/scratch/util/fzdiff/fzdiff_flat.for | vmstounix > /d0library/scratch/util/fzdiff/fzdiff_flat.f
	tasteofd0 SIUNIX < /d0library/scratch/util/fzdiff/fzdiff_inzcom.for | vmstounix > /d0library/scratch/util/fzdiff/fzdiff_inzcom.f
	tasteofd0 SIUNIX < /d0library/scratch/util/fzdiff/fzdiff_precomp.for | vmstounix > /d0library/scratch/util/fzdiff/fzdiff_precomp.f
	tasteofd0 SIUNIX < /d0library/scratch/util/fzdiff/fzdiff_stcomp.for | vmstounix > /d0library/scratch/util/fzdiff/fzdiff_stcomp.f
	tasteofd0 SIUNIX < /d0library/scratch/util/fzdiff/fzdiff_stlink.for | vmstounix > /d0library/scratch/util/fzdiff/fzdiff_stlink.f
	tasteofd0 SIUNIX < /d0library/scratch/util/fzdiff/fzdiff_struc.for | vmstounix > /d0library/scratch/util/fzdiff/fzdiff_struc.f
	tasteofd0 SIUNIX < /d0library/scratch/util/fzdiff/fzeventdis.for | vmstounix > /d0library/scratch/util/fzdiff/fzeventdis.f
	tasteofd0 SIUNIX < /d0library/scratch/util/fzdiff/fzscramble.for | vmstounix > /d0library/scratch/util/fzdiff/fzscramble.f
	tasteofd0 SIUNIX < /d0library/scratch/util/fzdiff/fzsort.for | vmstounix > /d0library/scratch/util/fzdiff/fzsort.f
	tasteofd0 SIUNIX < /d0library/scratch/util/fzdiff/fzton.for | vmstounix > /d0library/scratch/util/fzdiff/fzton.f
	tasteofd0 SIUNIX < /d0library/scratch/util/files/get_str.for | vmstounix > /d0library/scratch/util/files/get_str.f
	tasteofd0 SIUNIX < /d0library/scratch/util/d0flavor/kern_util.for | vmstounix > /d0library/scratch/util/d0flavor/kern_util.f
	tasteofd0 SIUNIX < /d0library/scratch/util/files/map.for | vmstounix > /d0library/scratch/util/files/map.f
UX:make: WARNING: No suffix list.
	rmdirp /d0library/admin/tmp/d0librar/mmstomake/util/bstat
	rmdirp /d0library/admin/tmp/d0librar/mmstomake/util/bstat
deb_bstat.a is up to date
	rmdirp /d0library/admin/tmp/d0librar/mmstomake/util/d0flavor
	mkdirp /d0library/admin/tmp/d0librar/mmstomake/util/d0flavor/a1
	(cd /d0library/scratch;\
	f77 -c -nocpp -static -col72 -backslash -G 0 -Olimit 2500 -Wo,-loopunroll,2 -O0 -g2 util/d0flavor/d0flavor.f ;\
	mv d0flavor.o /d0library/admin/tmp/d0librar/mmstomake/util/d0flavor/a1/d0flavor.o ;\
	)
	(cd /d0library/scratch;\
	f77 -c -nocpp -static -col72 -backslash -G 0 -Olimit 2500 -Wo,-loopunroll,2 -O0 -g2 util/d0flavor/d0open_text.f ;\
	mv d0open_text.o /d0library/admin/tmp/d0librar/mmstomake/util/d0flavor/a1/d0open_text.o ;\
	)
	(cd /d0library/scratch;\
	f77 -c -nocpp -static -col72 -backslash -G 0 -Olimit 2500 -Wo,-loopunroll,2 -O0 -g2 util/d0flavor/decode_cmd_line.f ;\
	mv decode_cmd_line.o /d0library/admin/tmp/d0librar/mmstomake/util/d0flavor/a1/decodline544.o ;\
	)
	(cd /d0library/scratch;\
	f77 -c -nocpp -static -col72 -backslash -G 0 -Olimit 2500 -Wo,-loopunroll,2 -O0 -g2 util/d0flavor/kern_util.f ;\
	mv kern_util.o /d0library/admin/tmp/d0librar/mmstomake/util/d0flavor/a1/kern_util.o ;\
	)
	ar crsl /d0library/scratch/util/deb_d0flavor.a `ls /d0library/admin/tmp/d0librar/mmstomake/util/d0flavor/a1/*.o 2> /dev/null`
	rmdirp /d0library/admin/tmp/d0librar/mmstomake/util/d0flavor
deb_d0flavor.a is up to date
	rmdirp /d0library/admin/tmp/d0librar/mmstomake/util/fzdiff
	mkdirp /d0library/admin/tmp/d0librar/mmstomake/util/fzdiff/a1
	(cd /d0library/scratch;\
	f77 -c -nocpp -static -col72 -backslash -G 0 -Olimit 2500 -Wo,-loopunroll,2 -O0 -g2 util/fzdiff/fzdiff.f ;\
	mv fzdiff.o /d0library/admin/tmp/d0librar/mmstomake/util/fzdiff/a1/fzdiff.o ;\
	)
	(cd /d0library/scratch;\
	f77 -c -nocpp -static -col72 -backslash -G 0 -Olimit 2500 -Wo,-loopunroll,2 -O0 -g2 util/fzdiff/fzdiff_bkname.f ;\
	mv fzdiff_bkname.o /d0library/admin/tmp/d0librar/mmstomake/util/fzdiff/a1/fzdifname360.o ;\
	)
	(cd /d0library/scratch;\
	f77 -c -nocpp -static -col72 -backslash -G 0 -Olimit 2500 -Wo,-loopunroll,2 -O0 -g2 util/fzdiff/fzdiff_comp.f ;\
	mv fzdiff_comp.o /d0library/admin/tmp/d0librar/mmstomake/util/fzdiff/a1/fzdiff_comp.o ;\
	)
	(cd /d0library/scratch;\
	f77 -c -nocpp -static -col72 -backslash -G 0 -Olimit 2500 -Wo,-loopunroll,2 -O0 -g2 util/fzdiff/fzdiff_flat.f ;\
	mv fzdiff_flat.o /d0library/admin/tmp/d0librar/mmstomake/util/fzdiff/a1/fzdiff_flat.o ;\
	)
	(cd /d0library/scratch;\
	f77 -c -nocpp -static -col72 -backslash -G 0 -Olimit 2500 -Wo,-loopunroll,2 -O0 -g2 util/fzdiff/fzdiff_inzcom.f ;\
	mv fzdiff_inzcom.o /d0library/admin/tmp/d0librar/mmstomake/util/fzdiff/a1/fzdifzcom394.o ;\
	)
	(cd /d0library/scratch;\
	f77 -c -nocpp -static -col72 -backslash -G 0 -Olimit 2500 -Wo,-loopunroll,2 -O0 -g2 util/fzdiff/fzdiff_precomp.f ;\
	mv fzdiff_precomp.o /d0library/admin/tmp/d0librar/mmstomake/util/fzdiff/a1/fzdifcomp496.o ;\
	)
	(cd /d0library/scratch;\
	f77 -c -nocpp -static -col72 -backslash -G 0 -Olimit 2500 -Wo,-loopunroll,2 -O0 -g2 util/fzdiff/fzdiff_stcomp.f ;\
	mv fzdiff_stcomp.o /d0library/admin/tmp/d0librar/mmstomake/util/fzdiff/a1/fzdifcomp400.o ;\
	)
	(cd /d0library/scratch;\
	f77 -c -nocpp -static -col72 -backslash -G 0 -Olimit 2500 -Wo,-loopunroll,2 -O0 -g2 util/fzdiff/fzdiff_stlink.f ;\
	mv fzdiff_stlink.o /d0library/admin/tmp/d0librar/mmstomake/util/fzdiff/a1/fzdiflink399.o ;\
	)
	(cd /d0library/scratch;\
	f77 -c -nocpp -static -col72 -backslash -G 0 -Olimit 2500 -Wo,-loopunroll,2 -O0 -g2 util/fzdiff/fzdiff_struc.f ;\
	mv fzdiff_struc.o /d0library/admin/tmp/d0librar/mmstomake/util/fzdiff/a1/fzdiff_struc.o ;\
	)
	(cd /d0library/scratch;\
	f77 -c -nocpp -static -col72 -backslash -G 0 -Olimit 2500 -Wo,-loopunroll,2 -O0 -g2 util/fzdiff/fzeventdis.f ;\
	mv fzeventdis.o /d0library/admin/tmp/d0librar/mmstomake/util/fzdiff/a1/fzeventdis.o ;\
	)
	(cd /d0library/scratch;\
	f77 -c -nocpp -static -col72 -backslash -G 0 -Olimit 2500 -Wo,-loopunroll,2 -O0 -g2 util/fzdiff/fzscramble.f ;\
	mv fzscramble.o /d0library/admin/tmp/d0librar/mmstomake/util/fzdiff/a1/fzscramble.o ;\
	)
	(cd /d0library/scratch;\
	f77 -c -nocpp -static -col72 -backslash -G 0 -Olimit 2500 -Wo,-loopunroll,2 -O0 -g2 util/fzdiff/fzsort.f ;\
	mv fzsort.o /d0library/admin/tmp/d0librar/mmstomake/util/fzdiff/a1/fzsort.o ;\
	)
	(cd /d0library/scratch;\
	f77 -c -nocpp -static -col72 -backslash -G 0 -Olimit 2500 -Wo,-loopunroll,2 -O0 -g2 util/fzdiff/fzton.f ;\
	mv fzton.o /d0library/admin/tmp/d0librar/mmstomake/util/fzdiff/a1/fzton.o ;\
	)
	ar crsl /d0library/scratch/util/deb_fzdiff.a `ls /d0library/admin/tmp/d0librar/mmstomake/util/fzdiff/a1/*.o 2> /dev/null`
/usr/lib/ar: Warning:ignoring second definition of MAIN__ defined in archive

/usr/lib/ar: Warning:ignoring second definition of MAIN__ defined in archive

/usr/lib/ar: Warning:ignoring second definition of MAIN__ defined in archive

	rmdirp /d0library/admin/tmp/d0librar/mmstomake/util/fzdiff
deb_fzdiff.a is up to date
	rmdirp /d0library/admin/tmp/d0librar/mmstomake/util/sources
	rmdirp /d0library/admin/tmp/d0librar/mmstomake/util/sources
deb_sources.a is up to date
	rmdirp /d0library/admin/tmp/d0librar/mmstomake/util/util
	mkdirp /d0library/admin/tmp/d0librar/mmstomake/util/util/a1
	(cd /d0library/scratch;\
	f77 -c -nocpp -static -col72 -backslash -G 0 -Olimit 2500 -Wo,-loopunroll,2 -O0 -g2 util/files/copy_fz.f ;\
	mv copy_fz.o /d0library/admin/tmp/d0librar/mmstomake/util/util/a1/copy_fz.o ;\
	)
	(cd /d0library/scratch;\
	f77 -c -nocpp -static -col72 -backslash -G 0 -Olimit 2500 -Wo,-loopunroll,2 -O0 -g2 util/files/evnt_list.f ;\
	mv evnt_list.o /d0library/admin/tmp/d0librar/mmstomake/util/util/a1/evnt_list.o ;\
	)
	(cd /d0library/scratch;\
	f77 -c -nocpp -static -col72 -backslash -G 0 -Olimit 2500 -Wo,-loopunroll,2 -O0 -g2 util/files/fz_inzcom.f ;\
	mv fz_inzcom.o /d0library/admin/tmp/d0librar/mmstomake/util/util/a1/fz_inzcom.o ;\
	)
	(cd /d0library/scratch;\
	f77 -c -nocpp -static -col72 -backslash -G 0 -Olimit 2500 -Wo,-loopunroll,2 -O0 -g2 util/files/get_str.f ;\
	mv get_str.o /d0library/admin/tmp/d0librar/mmstomake/util/util/a1/get_str.o ;\
	)
	(cd /d0library/scratch;\
	f77 -c -nocpp -static -col72 -backslash -G 0 -Olimit 2500 -Wo,-loopunroll,2 -O0 -g2 util/files/map.f ;\
	mv map.o /d0library/admin/tmp/d0librar/mmstomake/util/util/a1/map.o ;\
	)
	ar crsl /d0library/scratch/util/deb_util.a `ls /d0library/admin/tmp/d0librar/mmstomake/util/util/a1/*.o 2> /dev/null`
/usr/lib/ar: Warning:ignoring second definition of MAIN__ defined in archive

/usr/lib/ar: Warning:ignoring second definition of MAIN__ defined in archive

	rmdirp /d0library/admin/tmp/d0librar/mmstomake/util/util
deb_util.a is up to date
Generating non-debug makefile
Library section:  util
Root directory:   /d0library/scratch/util
Scanning source files for parent library bstat
vff: file not found: d0$util$comp_stat:bstat.c
Checking uniqueness
0 source files
0 archive files
Uniqueness OK
Generating dependencies for bstat.a
Generating dependencies for non-debug object files
Scanning source files for parent library d0flavor
Checking uniqueness
4 source files
4 archive files
Uniqueness OK
Generating dependencies for d0flavor.a
Generating dependencies for non-debug object files
Scanning source files for parent library fzdiff
Checking uniqueness
13 source files
13 archive files
Uniqueness OK
Generating dependencies for fzdiff.a
Generating dependencies for non-debug object files
Scanning source files for parent library sources
vff: file not found: d0$util$sources:sources.for
vff: file not found: d0$util$sources:sources_commands.cld
Checking uniqueness
0 source files
0 archive files
Uniqueness OK
Generating dependencies for sources.a
Generating dependencies for non-debug object files
Scanning source files for parent library util
vff: file not found: d0$util$swing:add_node.for
vff: file not found: d0$util$swing:add_node_to_display.for
vff: file not found: d0$util$swing:adjust_node_pointers.for
vff: file not found: d0$util$swing:append_fnode.for
vff: file not found: d0$util$swing:append_node.for
vff: file not found: d0$util$swing:change_options.for
vff: file not found: d0$util$swing:change_spec.for
vff: file not found: d0$util$util:chart2.for
vff: file not found: d0$util$util:chart2cld.cld
vff: file not found: d0$util$swing:check_directory_move.for
vff: file not found: d0$util$clist:clist.c
vff: file not found: d0$util$swing:create_directory.for
vff: file not found: d0$util$util:create_include_list.for
vff: file not found: d0$util$util:create_tsp_file.for
vff: file not found: d0$util$swing:crt.for
vff: file not found: d0$util$util:d0c_apply_filter.for
vff: file not found: d0$util$util:d0c_exclude_strings.for
vff: file not found: d0$util$util:d0c_get_names.for
vff: file not found: d0$util$util:d0c_next_record.for
vff: file not found: d0$util$util:d0c_set_filename.for
vff: file not found: d0$util$util:d0c_standards.for
vff: file not found: d0$util$util:d0c_validate_names.for
vff: file not found: d0$util$util:d0check.for
vff: file not found: d0$util$util:d0check_commands.cld
vff: file not found: d0$util$util:d0check_messages.msg
vff: file not found: d0$util$util:dbinom.for
vff: file not found: d0$util$util:decode_command_line.for
vff: file not found: d0$util$swing:define_paste_board.for
vff: file not found: d0$util$swing:define_smg_layout.for
vff: file not found: d0$util$swing:delete_directory.for
vff: file not found: d0$util$swing:delete_file.for
vff: file not found: d0$util$swing:delete_files.for
vff: file not found: d0$util$swing:delete_node.for
vff: file not found: d0$util$swing:dir_to_file.for
vff: file not found: d0$util$swing:draw_screen.for
vff: file not found: d0$util$util:dzsum.for
vff: file not found: d0$util$util:dzsurvey.for
vff: file not found: d0$util$swing:edit_file.for
vff: file not found: d0$util$util:exclude_strings.for
vff: file not found: d0$util$swing:execute_dcl.for
vff: file not found: d0$util$swing:exit_swing.for
vff: file not found: d0$util$util:extract_attribute_list.for
vff: file not found: d0$util$util:extract_filename.for
vff: file not found: d0$util$util:extract_word.for
vff: file not found: d0$util$util:fetch_elements.for
vff: file not found: d0$util$swing:file_options.for
vff: file not found: d0$util$swing:file_to_dir.for
vff: file not found: d0$util$swing:find_node.for
vff: file not found: d0$util$swing:free_node.for
vff: file not found: d0$util$util:fzmode.for
vff: file not found: d0$util$util:get_includes.for
vff: file not found: d0$util$swing:get_location.for
vff: file not found: d0$util$util:get_module_name.for
vff: file not found: d0$util$util:get_revision_date.for
vff: file not found: d0$util$swing:hardcopy.for
vff: file not found: d0$util$util:hdbcop.for
vff: file not found: d0$util$swing:help.for
vff: file not found: d0$util$swing:help_filer.for
vff: file not found: d0$util$swing:load_display.for
vff: file not found: d0$util$swing:load_files.for
vff: file not found: d0$util$swing:load_nodes.for
vff: file not found: d0$util$util:mac_2d_pct_diff.for
vff: file not found: d0$util$util:mac_bin_code_defaults.for
vff: file not found: d0$util$util:mac_compare.for
vff: file not found: d0$util$util:mac_do_what_you_are_told.for
vff: file not found: d0$util$util:mac_echo_filename.for
vff: file not found: d0$util$util:mac_ezer_ezgets.for
vff: file not found: d0$util$util:mac_get_next_command.for
vff: file not found: d0$util$util:mac_global_common_read.for
vff: file not found: d0$util$util:mac_hdiff.for
vff: file not found: d0$util$util:mac_hdiffb.for
vff: file not found: d0$util$util:mac_loc_com_str.for
vff: file not found: d0$util$util:mac_open_data.for
vff: file not found: d0$util$util:mac_open_outfile_loc.for
vff: file not found: d0$util$util:mac_open_reference.for
vff: file not found: d0$util$util:mac_read_6_hist_params.for
vff: file not found: d0$util$util:mac_read_bin_code_file.for
vff: file not found: d0$util$util:mac_read_bin_codes.for
vff: file not found: d0$util$util:mac_set_data_file.for
vff: file not found: d0$util$util:mac_set_nbins_tot.for
vff: file not found: d0$util$util:mac_set_reference_file.for
vff: file not found: d0$util$util:mac_set_switch.for
vff: file not found: d0$util$util:mac_what_now.for
vff: file not found: d0$util$util:mac_write_description.for
vff: file not found: d0$util$util:match_wild.for
vff: file not found: d0$util$util:mega_autocompare_histogram.for
vff: file not found: d0$util$swing:modify_file_prot.for
vff: file not found: d0$util$swing:move_file.for
vff: file not found: d0$util$swing:move_node.for
vff: file not found: d0$util$swing:pd_bar_choice.for
vff: file not found: d0$util$swing:pd_draw_bar.for
vff: file not found: d0$util$swing:pd_get_choice.for
vff: file not found: d0$util$swing:pd_list_choice.for
vff: file not found: d0$util$swing:pd_load_bar.for
vff: file not found: d0$util$swing:pd_undraw_bar.for
vff: file not found: d0$util$swing:print_file.for
vff: file not found: d0$util$swing:print_message.for
vff: file not found: d0$util$util:prob.for
vff: file not found: d0$util$swing:process_command.for
vff: file not found: d0$util$swing:record_structure.for
vff: file not found: d0$util$swing:redefine_smg_layout.for
vff: file not found: d0$util$swing:rename_directory.for
vff: file not found: d0$util$swing:rename_file.for
vff: file not found: d0$util$swing:reset_terminal.for
vff: file not found: d0$util$util:scan_file.for
vff: file not found: d0$util$swing:set_notab.for
vff: file not found: d0$util$util:sfo_parse_command.for
vff: file not found: d0$util$util:sfo_process_command.for
vff: file not found: d0$util$util:sfortran.for
vff: file not found: d0$util$util:sfortran_messages.msg
vff: file not found: d0$util$swing:show_files.for
vff: file not found: d0$util$swing:sm_allow_repaint.for
vff: file not found: d0$util$swing:sm_repaint_screen.for
vff: file not found: d0$util$util:sort_dependency_list.for
vff: file not found: d0$util$util:sort_file_list.for
vff: file not found: d0$util$swing:swing.for
vff: file not found: d0$util$swing:swingtables.cld
vff: file not found: d0$util$swing:translate_logical.for
vff: file not found: d0$util$swing:update_file_window.for
vff: file not found: d0$util$swing:update_screen.for
vff: file not found: d0$util$swing:update_window1.for
Checking uniqueness
5 source files
5 archive files
Uniqueness OK
Generating dependencies for util.a
Generating dependencies for non-debug object files
Generating preprocessor dependencies
vff: file not found: d0$util$swing:add_node.for
vff: file not found: d0$util$swing:add_node_to_display.for
vff: file not found: d0$util$swing:adjust_node_pointers.for
vff: file not found: d0$util$swing:append_fnode.for
vff: file not found: d0$util$swing:append_node.for
vff: file not found: d0$util$comp_stat:bstat.c
vff: file not found: d0$util$swing:change_options.for
vff: file not found: d0$util$swing:change_spec.for
vff: file not found: d0$util$util:chart2.for
vff: file not found: d0$util$util:chart2cld.cld
vff: file not found: d0$util$swing:check_directory_move.for
vff: file not found: d0$util$clist:clist.c
vff: file not found: d0$util$swing:create_directory.for
vff: file not found: d0$util$util:create_include_list.for
vff: file not found: d0$util$util:create_tsp_file.for
vff: file not found: d0$util$swing:crt.for
vff: file not found: d0$util$util:d0c_apply_filter.for
vff: file not found: d0$util$util:d0c_exclude_strings.for
vff: file not found: d0$util$util:d0c_get_names.for
vff: file not found: d0$util$util:d0c_next_record.for
vff: file not found: d0$util$util:d0c_set_filename.for
vff: file not found: d0$util$util:d0c_standards.for
vff: file not found: d0$util$util:d0c_validate_names.for
vff: file not found: d0$util$util:d0check.for
vff: file not found: d0$util$util:d0check_commands.cld
vff: file not found: d0$util$util:d0check_messages.msg
vff: file not found: d0$util$util:dbinom.for
vff: file not found: d0$util$util:decode_command_line.for
vff: file not found: d0$util$swing:define_paste_board.for
vff: file not found: d0$util$swing:define_smg_layout.for
vff: file not found: d0$util$swing:delete_directory.for
vff: file not found: d0$util$swing:delete_file.for
vff: file not found: d0$util$swing:delete_files.for
vff: file not found: d0$util$swing:delete_node.for
vff: file not found: d0$util$swing:dir_to_file.for
vff: file not found: d0$util$swing:draw_screen.for
vff: file not found: d0$util$util:dzsum.for
vff: file not found: d0$util$util:dzsurvey.for
vff: file not found: d0$util$swing:edit_file.for
vff: file not found: d0$util$util:exclude_strings.for
vff: file not found: d0$util$swing:execute_dcl.for
vff: file not found: d0$util$swing:exit_swing.for
vff: file not found: d0$util$util:extract_attribute_list.for
vff: file not found: d0$util$util:extract_filename.for
vff: file not found: d0$util$util:extract_word.for
vff: file not found: d0$util$util:fetch_elements.for
vff: file not found: d0$util$swing:file_options.for
vff: file not found: d0$util$swing:file_to_dir.for
vff: file not found: d0$util$swing:find_node.for
vff: file not found: d0$util$swing:free_node.for
vff: file not found: d0$util$util:fzmode.for
vff: file not found: d0$util$util:get_includes.for
vff: file not found: d0$util$swing:get_location.for
vff: file not found: d0$util$util:get_module_name.for
vff: file not found: d0$util$util:get_revision_date.for
vff: file not found: d0$util$swing:hardcopy.for
vff: file not found: d0$util$util:hdbcop.for
vff: file not found: d0$util$swing:help.for
vff: file not found: d0$util$swing:help_filer.for
vff: file not found: d0$util$swing:load_display.for
vff: file not found: d0$util$swing:load_files.for
vff: file not found: d0$util$swing:load_nodes.for
vff: file not found: d0$util$util:mac_2d_pct_diff.for
vff: file not found: d0$util$util:mac_bin_code_defaults.for
vff: file not found: d0$util$util:mac_compare.for
vff: file not found: d0$util$util:mac_do_what_you_are_told.for
vff: file not found: d0$util$util:mac_echo_filename.for
vff: file not found: d0$util$util:mac_ezer_ezgets.for
vff: file not found: d0$util$util:mac_get_next_command.for
vff: file not found: d0$util$util:mac_global_common_read.for
vff: file not found: d0$util$util:mac_hdiff.for
vff: file not found: d0$util$util:mac_hdiffb.for
vff: file not found: d0$util$util:mac_loc_com_str.for
vff: file not found: d0$util$util:mac_open_data.for
vff: file not found: d0$util$util:mac_open_outfile_loc.for
vff: file not found: d0$util$util:mac_open_reference.for
vff: file not found: d0$util$util:mac_read_6_hist_params.for
vff: file not found: d0$util$util:mac_read_bin_code_file.for
vff: file not found: d0$util$util:mac_read_bin_codes.for
vff: file not found: d0$util$util:mac_set_data_file.for
vff: file not found: d0$util$util:mac_set_nbins_tot.for
vff: file not found: d0$util$util:mac_set_reference_file.for
vff: file not found: d0$util$util:mac_set_switch.for
vff: file not found: d0$util$util:mac_what_now.for
vff: file not found: d0$util$util:mac_write_description.for
vff: file not found: d0$util$util:match_wild.for
vff: file not found: d0$util$util:mega_autocompare_histogram.for
vff: file not found: d0$util$swing:modify_file_prot.for
vff: file not found: d0$util$swing:move_file.for
vff: file not found: d0$util$swing:move_node.for
vff: file not found: d0$util$swing:pd_bar_choice.for
vff: file not found: d0$util$swing:pd_draw_bar.for
vff: file not found: d0$util$swing:pd_get_choice.for
vff: file not found: d0$util$swing:pd_list_choice.for
vff: file not found: d0$util$swing:pd_load_bar.for
vff: file not found: d0$util$swing:pd_undraw_bar.for
vff: file not found: d0$util$swing:print_file.for
vff: file not found: d0$util$swing:print_message.for
vff: file not found: d0$util$util:prob.for
vff: file not found: d0$util$swing:process_command.for
vff: file not found: d0$util$swing:record_structure.for
vff: file not found: d0$util$swing:redefine_smg_layout.for
vff: file not found: d0$util$swing:rename_directory.for
vff: file not found: d0$util$swing:rename_file.for
vff: file not found: d0$util$swing:reset_terminal.for
vff: file not found: d0$util$util:scan_file.for
vff: file not found: d0$util$swing:set_notab.for
vff: file not found: d0$util$util:sfo_parse_command.for
vff: file not found: d0$util$util:sfo_process_command.for
vff: file not found: d0$util$util:sfortran.for
vff: file not found: d0$util$util:sfortran_messages.msg
vff: file not found: d0$util$swing:show_files.for
vff: file not found: d0$util$swing:sm_allow_repaint.for
vff: file not found: d0$util$swing:sm_repaint_screen.for
vff: file not found: d0$util$util:sort_dependency_list.for
vff: file not found: d0$util$util:sort_file_list.for
vff: file not found: d0$util$sources:sources.for
vff: file not found: d0$util$sources:sources_commands.cld
vff: file not found: d0$util$swing:swing.for
vff: file not found: d0$util$swing:swingtables.cld
vff: file not found: d0$util$swing:translate_logical.for
vff: file not found: d0$util$swing:update_file_window.for
vff: file not found: d0$util$swing:update_screen.for
vff: file not found: d0$util$swing:update_window1.for
Generating source list
UX:make: WARNING: No suffix list.
	rmdirp /d0library/admin/tmp/d0librar/mmstomake/util/bstat
	rmdirp /d0library/admin/tmp/d0librar/mmstomake/util/bstat
bstat.a is up to date
	rmdirp /d0library/admin/tmp/d0librar/mmstomake/util/d0flavor
	mkdirp /d0library/admin/tmp/d0librar/mmstomake/util/d0flavor/a1
	(cd /d0library/scratch;\
	f77 -c -nocpp -static -col72 -backslash -G 0 -Olimit 2500 -Wo,-loopunroll,2 -O2 util/d0flavor/d0flavor.f ;\
	mv d0flavor.o /d0library/admin/tmp/d0librar/mmstomake/util/d0flavor/a1/d0flavor.o ;\
	)
	(cd /d0library/scratch;\
	f77 -c -nocpp -static -col72 -backslash -G 0 -Olimit 2500 -Wo,-loopunroll,2 -O2 util/d0flavor/d0open_text.f ;\
	mv d0open_text.o /d0library/admin/tmp/d0librar/mmstomake/util/d0flavor/a1/d0open_text.o ;\
	)
	(cd /d0library/scratch;\
	f77 -c -nocpp -static -col72 -backslash -G 0 -Olimit 2500 -Wo,-loopunroll,2 -O2 util/d0flavor/decode_cmd_line.f ;\
	mv decode_cmd_line.o /d0library/admin/tmp/d0librar/mmstomake/util/d0flavor/a1/decodline544.o ;\
	)
	(cd /d0library/scratch;\
	f77 -c -nocpp -static -col72 -backslash -G 0 -Olimit 2500 -Wo,-loopunroll,2 -O2 util/d0flavor/kern_util.f ;\
	mv kern_util.o /d0library/admin/tmp/d0librar/mmstomake/util/d0flavor/a1/kern_util.o ;\
	)
	ar crsl /d0library/scratch/util/d0flavor.a `ls /d0library/admin/tmp/d0librar/mmstomake/util/d0flavor/a1/*.o 2> /dev/null`
	rmdirp /d0library/admin/tmp/d0librar/mmstomake/util/d0flavor
d0flavor.a is up to date
	rmdirp /d0library/admin/tmp/d0librar/mmstomake/util/fzdiff
	mkdirp /d0library/admin/tmp/d0librar/mmstomake/util/fzdiff/a1
	(cd /d0library/scratch;\
	f77 -c -nocpp -static -col72 -backslash -G 0 -Olimit 2500 -Wo,-loopunroll,2 -O2 util/fzdiff/fzdiff.f ;\
	mv fzdiff.o /d0library/admin/tmp/d0librar/mmstomake/util/fzdiff/a1/fzdiff.o ;\
	)
	(cd /d0library/scratch;\
	f77 -c -nocpp -static -col72 -backslash -G 0 -Olimit 2500 -Wo,-loopunroll,2 -O2 util/fzdiff/fzdiff_bkname.f ;\
	mv fzdiff_bkname.o /d0library/admin/tmp/d0librar/mmstomake/util/fzdiff/a1/fzdifname360.o ;\
	)
	(cd /d0library/scratch;\
	f77 -c -nocpp -static -col72 -backslash -G 0 -Olimit 2500 -Wo,-loopunroll,2 -O2 util/fzdiff/fzdiff_comp.f ;\
	mv fzdiff_comp.o /d0library/admin/tmp/d0librar/mmstomake/util/fzdiff/a1/fzdiff_comp.o ;\
	)
	(cd /d0library/scratch;\
	f77 -c -nocpp -static -col72 -backslash -G 0 -Olimit 2500 -Wo,-loopunroll,2 -O2 util/fzdiff/fzdiff_flat.f ;\
	mv fzdiff_flat.o /d0library/admin/tmp/d0librar/mmstomake/util/fzdiff/a1/fzdiff_flat.o ;\
	)
	(cd /d0library/scratch;\
	f77 -c -nocpp -static -col72 -backslash -G 0 -Olimit 2500 -Wo,-loopunroll,2 -O2 util/fzdiff/fzdiff_inzcom.f ;\
	mv fzdiff_inzcom.o /d0library/admin/tmp/d0librar/mmstomake/util/fzdiff/a1/fzdifzcom394.o ;\
	)
	(cd /d0library/scratch;\
	f77 -c -nocpp -static -col72 -backslash -G 0 -Olimit 2500 -Wo,-loopunroll,2 -O2 util/fzdiff/fzdiff_precomp.f ;\
	mv fzdiff_precomp.o /d0library/admin/tmp/d0librar/mmstomake/util/fzdiff/a1/fzdifcomp496.o ;\
	)
	(cd /d0library/scratch;\
	f77 -c -nocpp -static -col72 -backslash -G 0 -Olimit 2500 -Wo,-loopunroll,2 -O2 util/fzdiff/fzdiff_stcomp.f ;\
	mv fzdiff_stcomp.o /d0library/admin/tmp/d0librar/mmstomake/util/fzdiff/a1/fzdifcomp400.o ;\
	)
	(cd /d0library/scratch;\
	f77 -c -nocpp -static -col72 -backslash -G 0 -Olimit 2500 -Wo,-loopunroll,2 -O2 util/fzdiff/fzdiff_stlink.f ;\
	mv fzdiff_stlink.o /d0library/admin/tmp/d0librar/mmstomake/util/fzdiff/a1/fzdiflink399.o ;\
	)
	(cd /d0library/scratch;\
	f77 -c -nocpp -static -col72 -backslash -G 0 -Olimit 2500 -Wo,-loopunroll,2 -O2 util/fzdiff/fzdiff_struc.f ;\
	mv fzdiff_struc.o /d0library/admin/tmp/d0librar/mmstomake/util/fzdiff/a1/fzdiff_struc.o ;\
	)
	(cd /d0library/scratch;\
	f77 -c -nocpp -static -col72 -backslash -G 0 -Olimit 2500 -Wo,-loopunroll,2 -O2 util/fzdiff/fzeventdis.f ;\
	mv fzeventdis.o /d0library/admin/tmp/d0librar/mmstomake/util/fzdiff/a1/fzeventdis.o ;\
	)
	(cd /d0library/scratch;\
	f77 -c -nocpp -static -col72 -backslash -G 0 -Olimit 2500 -Wo,-loopunroll,2 -O2 util/fzdiff/fzscramble.f ;\
	mv fzscramble.o /d0library/admin/tmp/d0librar/mmstomake/util/fzdiff/a1/fzscramble.o ;\
	)
	(cd /d0library/scratch;\
	f77 -c -nocpp -static -col72 -backslash -G 0 -Olimit 2500 -Wo,-loopunroll,2 -O2 util/fzdiff/fzsort.f ;\
	mv fzsort.o /d0library/admin/tmp/d0librar/mmstomake/util/fzdiff/a1/fzsort.o ;\
	)
	(cd /d0library/scratch;\
	f77 -c -nocpp -static -col72 -backslash -G 0 -Olimit 2500 -Wo,-loopunroll,2 -O2 util/fzdiff/fzton.f ;\
	mv fzton.o /d0library/admin/tmp/d0librar/mmstomake/util/fzdiff/a1/fzton.o ;\
	)
	ar crsl /d0library/scratch/util/fzdiff.a `ls /d0library/admin/tmp/d0librar/mmstomake/util/fzdiff/a1/*.o 2> /dev/null`
/usr/lib/ar: Warning:ignoring second definition of MAIN__ defined in archive

/usr/lib/ar: Warning:ignoring second definition of MAIN__ defined in archive

/usr/lib/ar: Warning:ignoring second definition of MAIN__ defined in archive

	rmdirp /d0library/admin/tmp/d0librar/mmstomake/util/fzdiff
fzdiff.a is up to date
	rmdirp /d0library/admin/tmp/d0librar/mmstomake/util/sources
	rmdirp /d0library/admin/tmp/d0librar/mmstomake/util/sources
sources.a is up to date
	rmdirp /d0library/admin/tmp/d0librar/mmstomake/util/util
	mkdirp /d0library/admin/tmp/d0librar/mmstomake/util/util/a1
	(cd /d0library/scratch;\
	f77 -c -nocpp -static -col72 -backslash -G 0 -Olimit 2500 -Wo,-loopunroll,2 -O2 util/files/copy_fz.f ;\
	mv copy_fz.o /d0library/admin/tmp/d0librar/mmstomake/util/util/a1/copy_fz.o ;\
	)
	(cd /d0library/scratch;\
	f77 -c -nocpp -static -col72 -backslash -G 0 -Olimit 2500 -Wo,-loopunroll,2 -O2 util/files/evnt_list.f ;\
	mv evnt_list.o /d0library/admin/tmp/d0librar/mmstomake/util/util/a1/evnt_list.o ;\
	)
	(cd /d0library/scratch;\
	f77 -c -nocpp -static -col72 -backslash -G 0 -Olimit 2500 -Wo,-loopunroll,2 -O2 util/files/fz_inzcom.f ;\
	mv fz_inzcom.o /d0library/admin/tmp/d0librar/mmstomake/util/util/a1/fz_inzcom.o ;\
	)
	(cd /d0library/scratch;\
	f77 -c -nocpp -static -col72 -backslash -G 0 -Olimit 2500 -Wo,-loopunroll,2 -O2 util/files/get_str.f ;\
	mv get_str.o /d0library/admin/tmp/d0librar/mmstomake/util/util/a1/get_str.o ;\
	)
	(cd /d0library/scratch;\
	f77 -c -nocpp -static -col72 -backslash -G 0 -Olimit 2500 -Wo,-loopunroll,2 -O2 util/files/map.f ;\
	mv map.o /d0library/admin/tmp/d0librar/mmstomake/util/util/a1/map.o ;\
	)
	ar crsl /d0library/scratch/util/util.a `ls /d0library/admin/tmp/d0librar/mmstomake/util/util/a1/*.o 2> /dev/null`
/usr/lib/ar: Warning:ignoring second definition of MAIN__ defined in archive

/usr/lib/ar: Warning:ignoring second definition of MAIN__ defined in archive

	rmdirp /d0library/admin/tmp/d0librar/mmstomake/util/util
util.a is up to date
tasteofd0 SIUNIX < /d0library/scratch/util/bkxxxx.for | vmstounix > /d0library/scratch/util/bkxxxx.f
f77 -c -nocpp -static -col72 -backslash -G 0 -Olimit 2500 -Wo,-loopunroll,2 -O0 -g2 /d0library/scratch/util/bkxxxx.f
Cannot open file D0$LINKS:IZXXXX.LINK
tasteofd0 SIUNIX < /d0library/scratch/util/gzxxxx.for | vmstounix > /d0library/scratch/util/gzxxxx.f
f77 -c -nocpp -static -col72 -backslash -G 0 -Olimit 2500 -Wo,-loopunroll,2 -O0 -g2 /d0library/scratch/util/gzxxxx.f
Cannot open file D0$LINKS:IZXXXX.LINK
tasteofd0 SIUNIX < /d0library/scratch/util/prxxxx.for | vmstounix > /d0library/scratch/util/prxxxx.f
f77 -c -nocpp -static -col72 -backslash -G 0 -Olimit 2500 -Wo,-loopunroll,2 -O0 -g2 /d0library/scratch/util/prxxxx.f
Cannot open file D0$LINKS:IZXXXX.LINK
tasteofd0 SIUNIX < /d0library/scratch/util/vutil.for | vmstounix > /d0library/scratch/util/vutil.f
f77 -c -nocpp -static -col72 -backslash -G 0 -Olimit 2500 -Wo,-loopunroll,2 -O0 -g2 /d0library/scratch/util/vutil.f
tasteofd0 SIUNIX < /d0library/scratch/util/xxxxfl.for | vmstounix > /d0library/scratch/util/xxxxfl.f
f77 -c -nocpp -static -col72 -backslash -G 0 -Olimit 2500 -Wo,-loopunroll,2 -O0 -g2 /d0library/scratch/util/xxxxfl.f
Inserting version subroutines into libraries
vff: file not found: d0$util:bstat.a
vff: file not found: d0$util:sources.a
ar crsl /d0library/scratch/util/d0flavor.a vutil.o
ar crsl /d0library/scratch/util/deb_d0flavor.a vutil.o
ar crsl /d0library/scratch/util/fzdiff.a vutil.o
/usr/lib/ar: Warning:ignoring second definition of MAIN__ defined in archive

/usr/lib/ar: Warning:ignoring second definition of MAIN__ defined in archive

/usr/lib/ar: Warning:ignoring second definition of MAIN__ defined in archive

ar crsl /d0library/scratch/util/deb_fzdiff.a vutil.o
/usr/lib/ar: Warning:ignoring second definition of MAIN__ defined in archive

/usr/lib/ar: Warning:ignoring second definition of MAIN__ defined in archive

/usr/lib/ar: Warning:ignoring second definition of MAIN__ defined in archive

ar crsl /d0library/scratch/util/util.a vutil.o
/usr/lib/ar: Warning:ignoring second definition of MAIN__ defined in archive

/usr/lib/ar: Warning:ignoring second definition of MAIN__ defined in archive

ar crsl /d0library/scratch/util/deb_util.a vutil.o
/usr/lib/ar: Warning:ignoring second definition of MAIN__ defined in archive

/usr/lib/ar: Warning:ignoring second definition of MAIN__ defined in archive

Linking evnt_list debug executable.
Linking evnt_list optimized executable.
Linking copy_fz debug executable.
Linking copy_fz optimized executable.
Deleting old contents of library.
Moving files from scratch to official area.
Deleting test library
Deleting gamma library
