Getting list of VMS files and types
115 text files to fetch
Checking directories
Creating /d0library/scratch/lcompack/source
Fetching text files
cd d0$disk:[d0library.lcompack]
lcd /d0library/scratch/lcompack
ascii
get []000_lcompack_v0.08;1 000_lcompack_v0.08
get []cms_groups.list;1 cms_groups.list
get []lcompack.mms;1 lcompack.mms
get []lcompack.release;1 lcompack.release
get []v0.01-rel_notes;1 v0.01-rel_notes
get []v0.02-rel_notes;1 v0.02-rel_notes
get []v0.03-rel_notes;1 v0.03-rel_notes
get []v0.04-rel_notes;1 v0.04-rel_notes
get []v0.05-rel_notes;1 v0.05-rel_notes
get []v0.06-rel_notes;1 v0.06-rel_notes
get []v0.07-rel_notes;1 v0.07-rel_notes
get []v0.08-rel_notes;1 v0.08-rel_notes
get []vlcompack.for;1 vlcompack.for
get [.source]abomen.for;1 source/abomen.for
get [.source]additm.for;1 source/additm.for
get [.source]canmen.for;1 source/canmen.for
get [.source]chcols.for;1 source/chcols.for
get [.source]chkist.for;1 source/chkist.for
get [.source]chspac.for;1 source/chspac.for
get [.source]commsg.def;1 source/commsg.def
get [.source]conhex.for;1 source/conhex.for
get [.source]conint.for;1 source/conint.for
get [.source]conrea.for;1 source/conrea.for
get [.source]contry.for;1 source/contry.for
get [.source]curlin.for;1 source/curlin.for
get [.source]defcol.for;1 source/defcol.for
get [.source]defspa.for;1 source/defspa.for
get [.source]disabl.for;1 source/disabl.for
get [.source]dmpmsg.for;1 source/dmpmsg.for
get [.source]doproc.for;1 source/doproc.for
get [.source]enddmp.for;1 source/enddmp.for
get [.source]endlog.for;1 source/endlog.for
get [.source]endspl.for;1 source/endspl.for
get [.source]endsta.for;1 source/endsta.for
get [.source]evecom.for;1 source/evecom.for
get [.source]evesav.for;1 source/evesav.for
get [.source]eximen.for;1 source/eximen.for
get [.source]exiusr.for;1 source/exiusr.for
get [.source]fillst.for;1 source/fillst.for
get [.source]fndfil.for;1 source/fndfil.for
get [.source]getarr.for;1 source/getarr.for
get [.source]getdis.for;1 source/getdis.for
get [.source]getdis77.for;1 source/getdis77.for
get [.source]getopt.for;1 source/getopt.for
get [.source]getpar.for;1 source/getpar.for
get [.source]getpar77.for;1 source/getpar77.for
get [.source]gline0.for;1 source/gline0.for
get [.source]gnosmg.for;1 source/gnosmg.for
get [.source]gotop.for;1 source/gotop.for
get [.source]hlproc.for;1 source/hlproc.for
get [.source]inpcmd.for;1 source/inpcmd.for
get [.source]inptrm.for;1 source/inptrm.for
get [.source]intast.for;1 source/intast.for
get [.source]intmen.for;1 source/intmen.for
get [.source]intmsg.for;1 source/intmsg.for
get [.source]libera.for;1 source/libera.for
get [.source]librep.for;1 source/librep.for
get [.source]linchk.for;1 source/linchk.for
get [.source]lines0.for;1 source/lines0.for
get [.source]lspawn.for;1 source/lspawn.for
get [.source]menadd.for;1 source/menadd.for
get [.source]menctr.for;1 source/menctr.for
get [.source]mendef.for;1 source/mendef.for
get [.source]mendis.for;1 source/mendis.for
get [.source]menexg.for;1 source/menexg.for
get [.source]mennew.for;1 source/mennew.for
get [.source]menset.for;1 source/menset.for
get [.source]menudo.for;1 source/menudo.for
get [.source]menuex.for;1 source/menuex.for
get [.source]movint.for;1 source/movint.for
get [.source]movstr.for;1 source/movstr.for
get [.source]msgscr.for;1 source/msgscr.for
get [.source]newpar.for;1 source/newpar.for
get [.source]nulhdl.for;1 source/nulhdl.for
get [.source]oline0.for;1 source/oline0.for
get [.source]outmsg.for;1 source/outmsg.for
get [.source]outsav.for;1 source/outsav.for
get [.source]pareal.for;1 source/pareal.for
get [.source]parint.for;1 source/parint.for
get [.source]parlog.for;1 source/parlog.for
get [.source]pfnum.for;1 source/pfnum.for
get [.source]pfwait.for;1 source/pfwait.for
get [.source]prscom.for;1 source/prscom.for
get [.source]putmsg.for;1 source/putmsg.for
get [.source]rdset.for;1 source/rdset.for
get [.source]readme.for;1 source/readme.for
get [.source]reasav.for;1 source/reasav.for
get [.source]reaset.for;1 source/reaset.for
get [.source]runcom.for;1 source/runcom.for
get [.source]runlog.for;1 source/runlog.for
get [.source]runset.for;1 source/runset.for
get [.source]setchk.for;1 source/setchk.for
get [.source]setcom.for;1 source/setcom.for
get [.source]setdir.for;1 source/setdir.for
get [.source]setdmp.for;1 source/setdmp.for
get [.source]setflg.for;1 source/setflg.for
get [.source]setmod.for;1 source/setmod.for
get [.source]setsta.for;1 source/setsta.for
get [.source]spawit.for;1 source/spawit.for
get [.source]splsta.for;1 source/splsta.for
get [.source]spltit.for;1 source/spltit.for
get [.source]stamsg.for;1 source/stamsg.for
get [.source]strcop.for;1 source/strcop.for
get [.source]strdcp.for;1 source/strdcp.for
get [.source]strfet.for;1 source/strfet.for
get [.source]strsto.for;1 source/strsto.for
get [.source]sysdsp.for;1 source/sysdsp.for
get [.source]tabdis.for;1 source/tabdis.for
get [.source]tabdisc.for;1 source/tabdisc.for
get [.source]tabdisn.for;1 source/tabdisn.for
get [.source]tline0.for;1 source/tline0.for
get [.source]traint.for;1 source/traint.for
get [.source]trarea.for;1 source/trarea.for
get [.source]waibit.for;1 source/waibit.for
get [.source]waitit.for;1 source/waitit.for
Local directory now /d0library/scratch/lcompack
Checking for executable shell scripts
0 menu files to fetch
0 fx files to fetch
0 fg files to fetch
0 fn files to fetch
0 rr files to fetch
0 rl files to fetch
0 re files to fetch
0 rz files to fetch
ff: file not found: /d0library/gamma/unix/lib/lcompack_pre_release /d0library/test/unix/lib/lcompack_pre_release /d0library/unix/lib/lcompack_pre_release /d0library/scratch/lcompack/lcompack_pre_release
Generating debug makefile
Library section:  lcompack
Root directory:   /d0library/scratch/lcompack
Scanning source files for parent library compack
Checking uniqueness
101 source files
101 archive files
Uniqueness OK
Generating dependencies for deb_compack.a
Generating dependencies for debug object files
Generating preprocessor dependencies
Generating source list
Warning: No suffix list.
	touch /d0library/scratch/lcompack/source/abomen.for
	touch /d0library/scratch/lcompack/source/additm.for
	touch /d0library/scratch/lcompack/source/canmen.for
	touch /d0library/scratch/lcompack/source/chcols.for
	touch /d0library/scratch/lcompack/source/chkist.for
	touch /d0library/scratch/lcompack/source/chspac.for
	touch /d0library/scratch/lcompack/source/conhex.for
	touch /d0library/scratch/lcompack/source/conint.for
	touch /d0library/scratch/lcompack/source/conrea.for
	touch /d0library/scratch/lcompack/source/contry.for
	touch /d0library/scratch/lcompack/source/curlin.for
	touch /d0library/scratch/lcompack/source/defcol.for
	touch /d0library/scratch/lcompack/source/defspa.for
	touch /d0library/scratch/lcompack/source/disabl.for
	touch /d0library/scratch/lcompack/source/dmpmsg.for
	touch /d0library/scratch/lcompack/source/doproc.for
	touch /d0library/scratch/lcompack/source/enddmp.for
	touch /d0library/scratch/lcompack/source/endlog.for
	touch /d0library/scratch/lcompack/source/endspl.for
	touch /d0library/scratch/lcompack/source/endsta.for
	touch /d0library/scratch/lcompack/source/evecom.for
	touch /d0library/scratch/lcompack/source/evesav.for
	touch /d0library/scratch/lcompack/source/eximen.for
	touch /d0library/scratch/lcompack/source/exiusr.for
	touch /d0library/scratch/lcompack/source/fillst.for
	touch /d0library/scratch/lcompack/source/fndfil.for
	touch /d0library/scratch/lcompack/source/getarr.for
	touch /d0library/scratch/lcompack/source/getdis.for
	touch /d0library/scratch/lcompack/source/getdis77.for
	touch /d0library/scratch/lcompack/source/getopt.for
	touch /d0library/scratch/lcompack/source/getpar.for
	touch /d0library/scratch/lcompack/source/getpar77.for
	touch /d0library/scratch/lcompack/source/gline0.for
	touch /d0library/scratch/lcompack/source/gnosmg.for
	touch /d0library/scratch/lcompack/source/gotop.for
	touch /d0library/scratch/lcompack/source/hlproc.for
	touch /d0library/scratch/lcompack/source/inpcmd.for
	touch /d0library/scratch/lcompack/source/inptrm.for
	touch /d0library/scratch/lcompack/source/intast.for
	touch /d0library/scratch/lcompack/source/intmen.for
	touch /d0library/scratch/lcompack/source/intmsg.for
	touch /d0library/scratch/lcompack/source/libera.for
	touch /d0library/scratch/lcompack/source/librep.for
	touch /d0library/scratch/lcompack/source/linchk.for
	touch /d0library/scratch/lcompack/source/lines0.for
	touch /d0library/scratch/lcompack/source/lspawn.for
	touch /d0library/scratch/lcompack/source/menadd.for
	touch /d0library/scratch/lcompack/source/menctr.for
	touch /d0library/scratch/lcompack/source/mendef.for
	touch /d0library/scratch/lcompack/source/mendis.for
	touch /d0library/scratch/lcompack/source/menexg.for
	touch /d0library/scratch/lcompack/source/mennew.for
	touch /d0library/scratch/lcompack/source/menset.for
	touch /d0library/scratch/lcompack/source/menudo.for
	touch /d0library/scratch/lcompack/source/menuex.for
	touch /d0library/scratch/lcompack/source/movint.for
	touch /d0library/scratch/lcompack/source/movstr.for
	touch /d0library/scratch/lcompack/source/msgscr.for
	touch /d0library/scratch/lcompack/source/newpar.for
	touch /d0library/scratch/lcompack/source/nulhdl.for
	touch /d0library/scratch/lcompack/source/oline0.for
	touch /d0library/scratch/lcompack/source/outmsg.for
	touch /d0library/scratch/lcompack/source/outsav.for
	touch /d0library/scratch/lcompack/source/pareal.for
	touch /d0library/scratch/lcompack/source/parint.for
	touch /d0library/scratch/lcompack/source/parlog.for
	touch /d0library/scratch/lcompack/source/pfnum.for
	touch /d0library/scratch/lcompack/source/pfwait.for
	touch /d0library/scratch/lcompack/source/prscom.for
	touch /d0library/scratch/lcompack/source/putmsg.for
	touch /d0library/scratch/lcompack/source/rdset.for
	touch /d0library/scratch/lcompack/source/readme.for
	touch /d0library/scratch/lcompack/source/reasav.for
	touch /d0library/scratch/lcompack/source/reaset.for
	touch /d0library/scratch/lcompack/source/runcom.for
	touch /d0library/scratch/lcompack/source/runlog.for
	touch /d0library/scratch/lcompack/source/runset.for
	touch /d0library/scratch/lcompack/source/setchk.for
	touch /d0library/scratch/lcompack/source/setcom.for
	touch /d0library/scratch/lcompack/source/setdir.for
	touch /d0library/scratch/lcompack/source/setdmp.for
	touch /d0library/scratch/lcompack/source/setflg.for
	touch /d0library/scratch/lcompack/source/setmod.for
	touch /d0library/scratch/lcompack/source/setsta.for
	touch /d0library/scratch/lcompack/source/spawit.for
	touch /d0library/scratch/lcompack/source/splsta.for
	touch /d0library/scratch/lcompack/source/spltit.for
	touch /d0library/scratch/lcompack/source/stamsg.for
	touch /d0library/scratch/lcompack/source/strcop.for
	touch /d0library/scratch/lcompack/source/strdcp.for
	touch /d0library/scratch/lcompack/source/strfet.for
	touch /d0library/scratch/lcompack/source/strsto.for
	touch /d0library/scratch/lcompack/source/sysdsp.for
	touch /d0library/scratch/lcompack/source/tabdis.for
	touch /d0library/scratch/lcompack/source/tabdisc.for
	touch /d0library/scratch/lcompack/source/tabdisn.for
	touch /d0library/scratch/lcompack/source/tline0.for
	touch /d0library/scratch/lcompack/source/traint.for
	touch /d0library/scratch/lcompack/source/trarea.for
	touch /d0library/scratch/lcompack/source/waibit.for
	touch /d0library/scratch/lcompack/source/waitit.for
Warning: No suffix list.
	tasteofd0 SIUNIX < /d0library/scratch/lcompack/source/abomen.for | vmstounix > /d0library/scratch/lcompack/source/abomen.f
	tasteofd0 SIUNIX < /d0library/scratch/lcompack/source/additm.for | vmstounix > /d0library/scratch/lcompack/source/additm.f
	tasteofd0 SIUNIX < /d0library/scratch/lcompack/source/canmen.for | vmstounix > /d0library/scratch/lcompack/source/canmen.f
	tasteofd0 SIUNIX < /d0library/scratch/lcompack/source/chcols.for | vmstounix > /d0library/scratch/lcompack/source/chcols.f
	tasteofd0 SIUNIX < /d0library/scratch/lcompack/source/chkist.for | vmstounix > /d0library/scratch/lcompack/source/chkist.f
	tasteofd0 SIUNIX < /d0library/scratch/lcompack/source/chspac.for | vmstounix > /d0library/scratch/lcompack/source/chspac.f
	tasteofd0 SIUNIX < /d0library/scratch/lcompack/source/conhex.for | vmstounix > /d0library/scratch/lcompack/source/conhex.f
	tasteofd0 SIUNIX < /d0library/scratch/lcompack/source/conint.for | vmstounix > /d0library/scratch/lcompack/source/conint.f
	tasteofd0 SIUNIX < /d0library/scratch/lcompack/source/conrea.for | vmstounix > /d0library/scratch/lcompack/source/conrea.f
	tasteofd0 SIUNIX < /d0library/scratch/lcompack/source/contry.for | vmstounix > /d0library/scratch/lcompack/source/contry.f
	tasteofd0 SIUNIX < /d0library/scratch/lcompack/source/curlin.for | vmstounix > /d0library/scratch/lcompack/source/curlin.f
	tasteofd0 SIUNIX < /d0library/scratch/lcompack/source/defcol.for | vmstounix > /d0library/scratch/lcompack/source/defcol.f
	tasteofd0 SIUNIX < /d0library/scratch/lcompack/source/defspa.for | vmstounix > /d0library/scratch/lcompack/source/defspa.f
	tasteofd0 SIUNIX < /d0library/scratch/lcompack/source/disabl.for | vmstounix > /d0library/scratch/lcompack/source/disabl.f
	tasteofd0 SIUNIX < /d0library/scratch/lcompack/source/dmpmsg.for | vmstounix > /d0library/scratch/lcompack/source/dmpmsg.f
	tasteofd0 SIUNIX < /d0library/scratch/lcompack/source/doproc.for | vmstounix > /d0library/scratch/lcompack/source/doproc.f
	tasteofd0 SIUNIX < /d0library/scratch/lcompack/source/enddmp.for | vmstounix > /d0library/scratch/lcompack/source/enddmp.f
	tasteofd0 SIUNIX < /d0library/scratch/lcompack/source/endlog.for | vmstounix > /d0library/scratch/lcompack/source/endlog.f
	tasteofd0 SIUNIX < /d0library/scratch/lcompack/source/endspl.for | vmstounix > /d0library/scratch/lcompack/source/endspl.f
	tasteofd0 SIUNIX < /d0library/scratch/lcompack/source/endsta.for | vmstounix > /d0library/scratch/lcompack/source/endsta.f
	tasteofd0 SIUNIX < /d0library/scratch/lcompack/source/evecom.for | vmstounix > /d0library/scratch/lcompack/source/evecom.f
	tasteofd0 SIUNIX < /d0library/scratch/lcompack/source/evesav.for | vmstounix > /d0library/scratch/lcompack/source/evesav.f
	tasteofd0 SIUNIX < /d0library/scratch/lcompack/source/eximen.for | vmstounix > /d0library/scratch/lcompack/source/eximen.f
	tasteofd0 SIUNIX < /d0library/scratch/lcompack/source/exiusr.for | vmstounix > /d0library/scratch/lcompack/source/exiusr.f
	tasteofd0 SIUNIX < /d0library/scratch/lcompack/source/fillst.for | vmstounix > /d0library/scratch/lcompack/source/fillst.f
	tasteofd0 SIUNIX < /d0library/scratch/lcompack/source/fndfil.for | vmstounix > /d0library/scratch/lcompack/source/fndfil.f
	tasteofd0 SIUNIX < /d0library/scratch/lcompack/source/getarr.for | vmstounix > /d0library/scratch/lcompack/source/getarr.f
	tasteofd0 SIUNIX < /d0library/scratch/lcompack/source/getdis.for | vmstounix > /d0library/scratch/lcompack/source/getdis.f
	tasteofd0 SIUNIX < /d0library/scratch/lcompack/source/getdis77.for | vmstounix > /d0library/scratch/lcompack/source/getdis77.f
	tasteofd0 SIUNIX < /d0library/scratch/lcompack/source/getopt.for | vmstounix > /d0library/scratch/lcompack/source/getopt.f
	tasteofd0 SIUNIX < /d0library/scratch/lcompack/source/getpar.for | vmstounix > /d0library/scratch/lcompack/source/getpar.f
	tasteofd0 SIUNIX < /d0library/scratch/lcompack/source/getpar77.for | vmstounix > /d0library/scratch/lcompack/source/getpar77.f
	tasteofd0 SIUNIX < /d0library/scratch/lcompack/source/gline0.for | vmstounix > /d0library/scratch/lcompack/source/gline0.f
	tasteofd0 SIUNIX < /d0library/scratch/lcompack/source/gnosmg.for | vmstounix > /d0library/scratch/lcompack/source/gnosmg.f
	tasteofd0 SIUNIX < /d0library/scratch/lcompack/source/gotop.for | vmstounix > /d0library/scratch/lcompack/source/gotop.f
	tasteofd0 SIUNIX < /d0library/scratch/lcompack/source/hlproc.for | vmstounix > /d0library/scratch/lcompack/source/hlproc.f
	tasteofd0 SIUNIX < /d0library/scratch/lcompack/source/inpcmd.for | vmstounix > /d0library/scratch/lcompack/source/inpcmd.f
	tasteofd0 SIUNIX < /d0library/scratch/lcompack/source/inptrm.for | vmstounix > /d0library/scratch/lcompack/source/inptrm.f
	tasteofd0 SIUNIX < /d0library/scratch/lcompack/source/intast.for | vmstounix > /d0library/scratch/lcompack/source/intast.f
	tasteofd0 SIUNIX < /d0library/scratch/lcompack/source/intmen.for | vmstounix > /d0library/scratch/lcompack/source/intmen.f
	tasteofd0 SIUNIX < /d0library/scratch/lcompack/source/intmsg.for | vmstounix > /d0library/scratch/lcompack/source/intmsg.f
	tasteofd0 SIUNIX < /d0library/scratch/lcompack/source/libera.for | vmstounix > /d0library/scratch/lcompack/source/libera.f
	tasteofd0 SIUNIX < /d0library/scratch/lcompack/source/librep.for | vmstounix > /d0library/scratch/lcompack/source/librep.f
	tasteofd0 SIUNIX < /d0library/scratch/lcompack/source/linchk.for | vmstounix > /d0library/scratch/lcompack/source/linchk.f
	tasteofd0 SIUNIX < /d0library/scratch/lcompack/source/lines0.for | vmstounix > /d0library/scratch/lcompack/source/lines0.f
	tasteofd0 SIUNIX < /d0library/scratch/lcompack/source/lspawn.for | vmstounix > /d0library/scratch/lcompack/source/lspawn.f
	tasteofd0 SIUNIX < /d0library/scratch/lcompack/source/menadd.for | vmstounix > /d0library/scratch/lcompack/source/menadd.f
	tasteofd0 SIUNIX < /d0library/scratch/lcompack/source/menctr.for | vmstounix > /d0library/scratch/lcompack/source/menctr.f
	tasteofd0 SIUNIX < /d0library/scratch/lcompack/source/mendef.for | vmstounix > /d0library/scratch/lcompack/source/mendef.f
	tasteofd0 SIUNIX < /d0library/scratch/lcompack/source/mendis.for | vmstounix > /d0library/scratch/lcompack/source/mendis.f
	tasteofd0 SIUNIX < /d0library/scratch/lcompack/source/menexg.for | vmstounix > /d0library/scratch/lcompack/source/menexg.f
	tasteofd0 SIUNIX < /d0library/scratch/lcompack/source/mennew.for | vmstounix > /d0library/scratch/lcompack/source/mennew.f
	tasteofd0 SIUNIX < /d0library/scratch/lcompack/source/menset.for | vmstounix > /d0library/scratch/lcompack/source/menset.f
	tasteofd0 SIUNIX < /d0library/scratch/lcompack/source/menudo.for | vmstounix > /d0library/scratch/lcompack/source/menudo.f
	tasteofd0 SIUNIX < /d0library/scratch/lcompack/source/menuex.for | vmstounix > /d0library/scratch/lcompack/source/menuex.f
	tasteofd0 SIUNIX < /d0library/scratch/lcompack/source/movint.for | vmstounix > /d0library/scratch/lcompack/source/movint.f
	tasteofd0 SIUNIX < /d0library/scratch/lcompack/source/movstr.for | vmstounix > /d0library/scratch/lcompack/source/movstr.f
	tasteofd0 SIUNIX < /d0library/scratch/lcompack/source/msgscr.for | vmstounix > /d0library/scratch/lcompack/source/msgscr.f
	tasteofd0 SIUNIX < /d0library/scratch/lcompack/source/newpar.for | vmstounix > /d0library/scratch/lcompack/source/newpar.f
	tasteofd0 SIUNIX < /d0library/scratch/lcompack/source/nulhdl.for | vmstounix > /d0library/scratch/lcompack/source/nulhdl.f
	tasteofd0 SIUNIX < /d0library/scratch/lcompack/source/oline0.for | vmstounix > /d0library/scratch/lcompack/source/oline0.f
	tasteofd0 SIUNIX < /d0library/scratch/lcompack/source/outmsg.for | vmstounix > /d0library/scratch/lcompack/source/outmsg.f
	tasteofd0 SIUNIX < /d0library/scratch/lcompack/source/outsav.for | vmstounix > /d0library/scratch/lcompack/source/outsav.f
	tasteofd0 SIUNIX < /d0library/scratch/lcompack/source/pareal.for | vmstounix > /d0library/scratch/lcompack/source/pareal.f
	tasteofd0 SIUNIX < /d0library/scratch/lcompack/source/parint.for | vmstounix > /d0library/scratch/lcompack/source/parint.f
	tasteofd0 SIUNIX < /d0library/scratch/lcompack/source/parlog.for | vmstounix > /d0library/scratch/lcompack/source/parlog.f
	tasteofd0 SIUNIX < /d0library/scratch/lcompack/source/pfnum.for | vmstounix > /d0library/scratch/lcompack/source/pfnum.f
	tasteofd0 SIUNIX < /d0library/scratch/lcompack/source/pfwait.for | vmstounix > /d0library/scratch/lcompack/source/pfwait.f
	tasteofd0 SIUNIX < /d0library/scratch/lcompack/source/prscom.for | vmstounix > /d0library/scratch/lcompack/source/prscom.f
	tasteofd0 SIUNIX < /d0library/scratch/lcompack/source/putmsg.for | vmstounix > /d0library/scratch/lcompack/source/putmsg.f
	tasteofd0 SIUNIX < /d0library/scratch/lcompack/source/rdset.for | vmstounix > /d0library/scratch/lcompack/source/rdset.f
	tasteofd0 SIUNIX < /d0library/scratch/lcompack/source/readme.for | vmstounix > /d0library/scratch/lcompack/source/readme.f
	tasteofd0 SIUNIX < /d0library/scratch/lcompack/source/reasav.for | vmstounix > /d0library/scratch/lcompack/source/reasav.f
	tasteofd0 SIUNIX < /d0library/scratch/lcompack/source/reaset.for | vmstounix > /d0library/scratch/lcompack/source/reaset.f
	tasteofd0 SIUNIX < /d0library/scratch/lcompack/source/runcom.for | vmstounix > /d0library/scratch/lcompack/source/runcom.f
	tasteofd0 SIUNIX < /d0library/scratch/lcompack/source/runlog.for | vmstounix > /d0library/scratch/lcompack/source/runlog.f
	tasteofd0 SIUNIX < /d0library/scratch/lcompack/source/runset.for | vmstounix > /d0library/scratch/lcompack/source/runset.f
	tasteofd0 SIUNIX < /d0library/scratch/lcompack/source/setchk.for | vmstounix > /d0library/scratch/lcompack/source/setchk.f
	tasteofd0 SIUNIX < /d0library/scratch/lcompack/source/setcom.for | vmstounix > /d0library/scratch/lcompack/source/setcom.f
	tasteofd0 SIUNIX < /d0library/scratch/lcompack/source/setdir.for | vmstounix > /d0library/scratch/lcompack/source/setdir.f
	tasteofd0 SIUNIX < /d0library/scratch/lcompack/source/setdmp.for | vmstounix > /d0library/scratch/lcompack/source/setdmp.f
	tasteofd0 SIUNIX < /d0library/scratch/lcompack/source/setflg.for | vmstounix > /d0library/scratch/lcompack/source/setflg.f
	tasteofd0 SIUNIX < /d0library/scratch/lcompack/source/setmod.for | vmstounix > /d0library/scratch/lcompack/source/setmod.f
	tasteofd0 SIUNIX < /d0library/scratch/lcompack/source/setsta.for | vmstounix > /d0library/scratch/lcompack/source/setsta.f
	tasteofd0 SIUNIX < /d0library/scratch/lcompack/source/spawit.for | vmstounix > /d0library/scratch/lcompack/source/spawit.f
	tasteofd0 SIUNIX < /d0library/scratch/lcompack/source/splsta.for | vmstounix > /d0library/scratch/lcompack/source/splsta.f
	tasteofd0 SIUNIX < /d0library/scratch/lcompack/source/spltit.for | vmstounix > /d0library/scratch/lcompack/source/spltit.f
	tasteofd0 SIUNIX < /d0library/scratch/lcompack/source/stamsg.for | vmstounix > /d0library/scratch/lcompack/source/stamsg.f
	tasteofd0 SIUNIX < /d0library/scratch/lcompack/source/strcop.for | vmstounix > /d0library/scratch/lcompack/source/strcop.f
	tasteofd0 SIUNIX < /d0library/scratch/lcompack/source/strdcp.for | vmstounix > /d0library/scratch/lcompack/source/strdcp.f
	tasteofd0 SIUNIX < /d0library/scratch/lcompack/source/strfet.for | vmstounix > /d0library/scratch/lcompack/source/strfet.f
	tasteofd0 SIUNIX < /d0library/scratch/lcompack/source/strsto.for | vmstounix > /d0library/scratch/lcompack/source/strsto.f
	tasteofd0 SIUNIX < /d0library/scratch/lcompack/source/sysdsp.for | vmstounix > /d0library/scratch/lcompack/source/sysdsp.f
	tasteofd0 SIUNIX < /d0library/scratch/lcompack/source/tabdis.for | vmstounix > /d0library/scratch/lcompack/source/tabdis.f
	tasteofd0 SIUNIX < /d0library/scratch/lcompack/source/tabdisc.for | vmstounix > /d0library/scratch/lcompack/source/tabdisc.f
	tasteofd0 SIUNIX < /d0library/scratch/lcompack/source/tabdisn.for | vmstounix > /d0library/scratch/lcompack/source/tabdisn.f
	tasteofd0 SIUNIX < /d0library/scratch/lcompack/source/tline0.for | vmstounix > /d0library/scratch/lcompack/source/tline0.f
	tasteofd0 SIUNIX < /d0library/scratch/lcompack/source/traint.for | vmstounix > /d0library/scratch/lcompack/source/traint.f
	tasteofd0 SIUNIX < /d0library/scratch/lcompack/source/trarea.for | vmstounix > /d0library/scratch/lcompack/source/trarea.f
	tasteofd0 SIUNIX < /d0library/scratch/lcompack/source/waibit.for | vmstounix > /d0library/scratch/lcompack/source/waibit.f
	tasteofd0 SIUNIX < /d0library/scratch/lcompack/source/waitit.for | vmstounix > /d0library/scratch/lcompack/source/waitit.f
Warning: No suffix list.
	rmdirp /d0library/admin/tmp/d0librar/mmstomake/lcompack/compack
	mkdirp /d0library/admin/tmp/d0librar/mmstomake/lcompack/compack/a1
	mkdirp /d0library/admin/tmp/d0librar/mmstomake/lcompack/compack/a2
	mkdirp /d0library/admin/tmp/d0librar/mmstomake/lcompack/compack/a3
	mkdirp /d0library/admin/tmp/d0librar/mmstomake/lcompack/compack/a4
	mkdirp /d0library/admin/tmp/d0librar/mmstomake/lcompack/compack/a5
	mkdirp /d0library/admin/tmp/d0librar/mmstomake/lcompack/compack/a6
	(cd /d0library/scratch;\
	f77 -c -nocpp -static -col72 -backslash -G 0 -Olimit 2500 -Wo,-loopunroll,2 -O0 -g2 lcompack/source/abomen.f ;\
	mv abomen.o /d0library/admin/tmp/d0librar/mmstomake/lcompack/compack/a1/abomen.o ;\
	)
	(cd /d0library/scratch;\
	f77 -c -nocpp -static -col72 -backslash -G 0 -Olimit 2500 -Wo,-loopunroll,2 -O0 -g2 lcompack/source/additm.f ;\
	mv additm.o /d0library/admin/tmp/d0librar/mmstomake/lcompack/compack/a1/additm.o ;\
	)
	(cd /d0library/scratch;\
	f77 -c -nocpp -static -col72 -backslash -G 0 -Olimit 2500 -Wo,-loopunroll,2 -O0 -g2 lcompack/source/canmen.f ;\
	mv canmen.o /d0library/admin/tmp/d0librar/mmstomake/lcompack/compack/a1/canmen.o ;\
	)
	(cd /d0library/scratch;\
	f77 -c -nocpp -static -col72 -backslash -G 0 -Olimit 2500 -Wo,-loopunroll,2 -O0 -g2 lcompack/source/chcols.f ;\
	mv chcols.o /d0library/admin/tmp/d0librar/mmstomake/lcompack/compack/a1/chcols.o ;\
	)
	(cd /d0library/scratch;\
	f77 -c -nocpp -static -col72 -backslash -G 0 -Olimit 2500 -Wo,-loopunroll,2 -O0 -g2 lcompack/source/chkist.f ;\
	mv chkist.o /d0library/admin/tmp/d0librar/mmstomake/lcompack/compack/a1/chkist.o ;\
	)
	(cd /d0library/scratch;\
	f77 -c -nocpp -static -col72 -backslash -G 0 -Olimit 2500 -Wo,-loopunroll,2 -O0 -g2 lcompack/source/chspac.f ;\
	mv chspac.o /d0library/admin/tmp/d0librar/mmstomake/lcompack/compack/a1/chspac.o ;\
	)
	(cd /d0library/scratch;\
	f77 -c -nocpp -static -col72 -backslash -G 0 -Olimit 2500 -Wo,-loopunroll,2 -O0 -g2 lcompack/source/conhex.f ;\
	mv conhex.o /d0library/admin/tmp/d0librar/mmstomake/lcompack/compack/a1/conhex.o ;\
	)
	(cd /d0library/scratch;\
	f77 -c -nocpp -static -col72 -backslash -G 0 -Olimit 2500 -Wo,-loopunroll,2 -O0 -g2 lcompack/source/conint.f ;\
	mv conint.o /d0library/admin/tmp/d0librar/mmstomake/lcompack/compack/a1/conint.o ;\
	)
	(cd /d0library/scratch;\
	f77 -c -nocpp -static -col72 -backslash -G 0 -Olimit 2500 -Wo,-loopunroll,2 -O0 -g2 lcompack/source/conrea.f ;\
	mv conrea.o /d0library/admin/tmp/d0librar/mmstomake/lcompack/compack/a1/conrea.o ;\
	)
	(cd /d0library/scratch;\
	f77 -c -nocpp -static -col72 -backslash -G 0 -Olimit 2500 -Wo,-loopunroll,2 -O0 -g2 lcompack/source/contry.f ;\
	mv contry.o /d0library/admin/tmp/d0librar/mmstomake/lcompack/compack/a1/contry.o ;\
	)
	(cd /d0library/scratch;\
	f77 -c -nocpp -static -col72 -backslash -G 0 -Olimit 2500 -Wo,-loopunroll,2 -O0 -g2 lcompack/source/curlin.f ;\
	mv curlin.o /d0library/admin/tmp/d0librar/mmstomake/lcompack/compack/a1/curlin.o ;\
	)
	(cd /d0library/scratch;\
	f77 -c -nocpp -static -col72 -backslash -G 0 -Olimit 2500 -Wo,-loopunroll,2 -O0 -g2 lcompack/source/defcol.f ;\
	mv defcol.o /d0library/admin/tmp/d0librar/mmstomake/lcompack/compack/a1/defcol.o ;\
	)
	(cd /d0library/scratch;\
	f77 -c -nocpp -static -col72 -backslash -G 0 -Olimit 2500 -Wo,-loopunroll,2 -O0 -g2 lcompack/source/defspa.f ;\
	mv defspa.o /d0library/admin/tmp/d0librar/mmstomake/lcompack/compack/a1/defspa.o ;\
	)
	(cd /d0library/scratch;\
	f77 -c -nocpp -static -col72 -backslash -G 0 -Olimit 2500 -Wo,-loopunroll,2 -O0 -g2 lcompack/source/disabl.f ;\
	mv disabl.o /d0library/admin/tmp/d0librar/mmstomake/lcompack/compack/a1/disabl.o ;\
	)
	(cd /d0library/scratch;\
	f77 -c -nocpp -static -col72 -backslash -G 0 -Olimit 2500 -Wo,-loopunroll,2 -O0 -g2 lcompack/source/dmpmsg.f ;\
	mv dmpmsg.o /d0library/admin/tmp/d0librar/mmstomake/lcompack/compack/a1/dmpmsg.o ;\
	)
	(cd /d0library/scratch;\
	f77 -c -nocpp -static -col72 -backslash -G 0 -Olimit 2500 -Wo,-loopunroll,2 -O0 -g2 lcompack/source/doproc.f ;\
	mv doproc.o /d0library/admin/tmp/d0librar/mmstomake/lcompack/compack/a1/doproc.o ;\
	)
	(cd /d0library/scratch;\
	f77 -c -nocpp -static -col72 -backslash -G 0 -Olimit 2500 -Wo,-loopunroll,2 -O0 -g2 lcompack/source/enddmp.f ;\
	mv enddmp.o /d0library/admin/tmp/d0librar/mmstomake/lcompack/compack/a1/enddmp.o ;\
	)
	(cd /d0library/scratch;\
	f77 -c -nocpp -static -col72 -backslash -G 0 -Olimit 2500 -Wo,-loopunroll,2 -O0 -g2 lcompack/source/endlog.f ;\
	mv endlog.o /d0library/admin/tmp/d0librar/mmstomake/lcompack/compack/a1/endlog.o ;\
	)
	(cd /d0library/scratch;\
	f77 -c -nocpp -static -col72 -backslash -G 0 -Olimit 2500 -Wo,-loopunroll,2 -O0 -g2 lcompack/source/endspl.f ;\
	mv endspl.o /d0library/admin/tmp/d0librar/mmstomake/lcompack/compack/a1/endspl.o ;\
	)
	(cd /d0library/scratch;\
	f77 -c -nocpp -static -col72 -backslash -G 0 -Olimit 2500 -Wo,-loopunroll,2 -O0 -g2 lcompack/source/endsta.f ;\
	mv endsta.o /d0library/admin/tmp/d0librar/mmstomake/lcompack/compack/a1/endsta.o ;\
	)
	(cd /d0library/scratch;\
	f77 -c -nocpp -static -col72 -backslash -G 0 -Olimit 2500 -Wo,-loopunroll,2 -O0 -g2 lcompack/source/evecom.f ;\
	mv evecom.o /d0library/admin/tmp/d0librar/mmstomake/lcompack/compack/a2/evecom.o ;\
	)
	(cd /d0library/scratch;\
	f77 -c -nocpp -static -col72 -backslash -G 0 -Olimit 2500 -Wo,-loopunroll,2 -O0 -g2 lcompack/source/evesav.f ;\
	mv evesav.o /d0library/admin/tmp/d0librar/mmstomake/lcompack/compack/a2/evesav.o ;\
	)
	(cd /d0library/scratch;\
	f77 -c -nocpp -static -col72 -backslash -G 0 -Olimit 2500 -Wo,-loopunroll,2 -O0 -g2 lcompack/source/eximen.f ;\
	mv eximen.o /d0library/admin/tmp/d0librar/mmstomake/lcompack/compack/a2/eximen.o ;\
	)
	(cd /d0library/scratch;\
	f77 -c -nocpp -static -col72 -backslash -G 0 -Olimit 2500 -Wo,-loopunroll,2 -O0 -g2 lcompack/source/exiusr.f ;\
	mv exiusr.o /d0library/admin/tmp/d0librar/mmstomake/lcompack/compack/a2/exiusr.o ;\
	)
	(cd /d0library/scratch;\
	f77 -c -nocpp -static -col72 -backslash -G 0 -Olimit 2500 -Wo,-loopunroll,2 -O0 -g2 lcompack/source/fillst.f ;\
	mv fillst.o /d0library/admin/tmp/d0librar/mmstomake/lcompack/compack/a2/fillst.o ;\
	)
	(cd /d0library/scratch;\
	f77 -c -nocpp -static -col72 -backslash -G 0 -Olimit 2500 -Wo,-loopunroll,2 -O0 -g2 lcompack/source/fndfil.f ;\
	mv fndfil.o /d0library/admin/tmp/d0librar/mmstomake/lcompack/compack/a2/fndfil.o ;\
	)
	(cd /d0library/scratch;\
	f77 -c -nocpp -static -col72 -backslash -G 0 -Olimit 2500 -Wo,-loopunroll,2 -O0 -g2 lcompack/source/getarr.f ;\
	mv getarr.o /d0library/admin/tmp/d0librar/mmstomake/lcompack/compack/a2/getarr.o ;\
	)
	(cd /d0library/scratch;\
	f77 -c -nocpp -static -col72 -backslash -G 0 -Olimit 2500 -Wo,-loopunroll,2 -O0 -g2 lcompack/source/getdis.f ;\
	mv getdis.o /d0library/admin/tmp/d0librar/mmstomake/lcompack/compack/a2/getdis.o ;\
	)
	(cd /d0library/scratch;\
	f77 -c -nocpp -static -col72 -backslash -G 0 -Olimit 2500 -Wo,-loopunroll,2 -O0 -g2 lcompack/source/getdis77.f ;\
	mv getdis77.o /d0library/admin/tmp/d0librar/mmstomake/lcompack/compack/a2/getdis77.o ;\
	)
	(cd /d0library/scratch;\
	f77 -c -nocpp -static -col72 -backslash -G 0 -Olimit 2500 -Wo,-loopunroll,2 -O0 -g2 lcompack/source/getopt.f ;\
	mv getopt.o /d0library/admin/tmp/d0librar/mmstomake/lcompack/compack/a2/getopt.o ;\
	)
	(cd /d0library/scratch;\
	f77 -c -nocpp -static -col72 -backslash -G 0 -Olimit 2500 -Wo,-loopunroll,2 -O0 -g2 lcompack/source/getpar.f ;\
	mv getpar.o /d0library/admin/tmp/d0librar/mmstomake/lcompack/compack/a2/getpar.o ;\
	)
	(cd /d0library/scratch;\
	f77 -c -nocpp -static -col72 -backslash -G 0 -Olimit 2500 -Wo,-loopunroll,2 -O0 -g2 lcompack/source/getpar77.f ;\
	mv getpar77.o /d0library/admin/tmp/d0librar/mmstomake/lcompack/compack/a2/getpar77.o ;\
	)
	(cd /d0library/scratch;\
	f77 -c -nocpp -static -col72 -backslash -G 0 -Olimit 2500 -Wo,-loopunroll,2 -O0 -g2 lcompack/source/gline0.f ;\
	mv gline0.o /d0library/admin/tmp/d0librar/mmstomake/lcompack/compack/a2/gline0.o ;\
	)
	(cd /d0library/scratch;\
	f77 -c -nocpp -static -col72 -backslash -G 0 -Olimit 2500 -Wo,-loopunroll,2 -O0 -g2 lcompack/source/gnosmg.f ;\
	mv gnosmg.o /d0library/admin/tmp/d0librar/mmstomake/lcompack/compack/a2/gnosmg.o ;\
	)
	(cd /d0library/scratch;\
	f77 -c -nocpp -static -col72 -backslash -G 0 -Olimit 2500 -Wo,-loopunroll,2 -O0 -g2 lcompack/source/gotop.f ;\
	mv gotop.o /d0library/admin/tmp/d0librar/mmstomake/lcompack/compack/a2/gotop.o ;\
	)
	(cd /d0library/scratch;\
	f77 -c -nocpp -static -col72 -backslash -G 0 -Olimit 2500 -Wo,-loopunroll,2 -O0 -g2 lcompack/source/hlproc.f ;\
	mv hlproc.o /d0library/admin/tmp/d0librar/mmstomake/lcompack/compack/a2/hlproc.o ;\
	)
	(cd /d0library/scratch;\
	f77 -c -nocpp -static -col72 -backslash -G 0 -Olimit 2500 -Wo,-loopunroll,2 -O0 -g2 lcompack/source/inpcmd.f ;\
	mv inpcmd.o /d0library/admin/tmp/d0librar/mmstomake/lcompack/compack/a2/inpcmd.o ;\
	)
	(cd /d0library/scratch;\
	f77 -c -nocpp -static -col72 -backslash -G 0 -Olimit 2500 -Wo,-loopunroll,2 -O0 -g2 lcompack/source/inptrm.f ;\
	mv inptrm.o /d0library/admin/tmp/d0librar/mmstomake/lcompack/compack/a2/inptrm.o ;\
	)
	(cd /d0library/scratch;\
	f77 -c -nocpp -static -col72 -backslash -G 0 -Olimit 2500 -Wo,-loopunroll,2 -O0 -g2 lcompack/source/intast.f ;\
	mv intast.o /d0library/admin/tmp/d0librar/mmstomake/lcompack/compack/a2/intast.o ;\
	)
	(cd /d0library/scratch;\
	f77 -c -nocpp -static -col72 -backslash -G 0 -Olimit 2500 -Wo,-loopunroll,2 -O0 -g2 lcompack/source/intmen.f ;\
	mv intmen.o /d0library/admin/tmp/d0librar/mmstomake/lcompack/compack/a2/intmen.o ;\
	)
	(cd /d0library/scratch;\
	f77 -c -nocpp -static -col72 -backslash -G 0 -Olimit 2500 -Wo,-loopunroll,2 -O0 -g2 lcompack/source/intmsg.f ;\
	mv intmsg.o /d0library/admin/tmp/d0librar/mmstomake/lcompack/compack/a3/intmsg.o ;\
	)
	(cd /d0library/scratch;\
	f77 -c -nocpp -static -col72 -backslash -G 0 -Olimit 2500 -Wo,-loopunroll,2 -O0 -g2 lcompack/source/libera.f ;\
	mv libera.o /d0library/admin/tmp/d0librar/mmstomake/lcompack/compack/a3/libera.o ;\
	)
	(cd /d0library/scratch;\
	f77 -c -nocpp -static -col72 -backslash -G 0 -Olimit 2500 -Wo,-loopunroll,2 -O0 -g2 lcompack/source/librep.f ;\
	mv librep.o /d0library/admin/tmp/d0librar/mmstomake/lcompack/compack/a3/librep.o ;\
	)
	(cd /d0library/scratch;\
	f77 -c -nocpp -static -col72 -backslash -G 0 -Olimit 2500 -Wo,-loopunroll,2 -O0 -g2 lcompack/source/linchk.f ;\
	mv linchk.o /d0library/admin/tmp/d0librar/mmstomake/lcompack/compack/a3/linchk.o ;\
	)
	(cd /d0library/scratch;\
	f77 -c -nocpp -static -col72 -backslash -G 0 -Olimit 2500 -Wo,-loopunroll,2 -O0 -g2 lcompack/source/lines0.f ;\
	mv lines0.o /d0library/admin/tmp/d0librar/mmstomake/lcompack/compack/a3/lines0.o ;\
	)
	(cd /d0library/scratch;\
	f77 -c -nocpp -static -col72 -backslash -G 0 -Olimit 2500 -Wo,-loopunroll,2 -O0 -g2 lcompack/source/lspawn.f ;\
	mv lspawn.o /d0library/admin/tmp/d0librar/mmstomake/lcompack/compack/a3/lspawn.o ;\
	)
	(cd /d0library/scratch;\
	f77 -c -nocpp -static -col72 -backslash -G 0 -Olimit 2500 -Wo,-loopunroll,2 -O0 -g2 lcompack/source/menadd.f ;\
	mv menadd.o /d0library/admin/tmp/d0librar/mmstomake/lcompack/compack/a3/menadd.o ;\
	)
	(cd /d0library/scratch;\
	f77 -c -nocpp -static -col72 -backslash -G 0 -Olimit 2500 -Wo,-loopunroll,2 -O0 -g2 lcompack/source/menctr.f ;\
	mv menctr.o /d0library/admin/tmp/d0librar/mmstomake/lcompack/compack/a3/menctr.o ;\
	)
	(cd /d0library/scratch;\
	f77 -c -nocpp -static -col72 -backslash -G 0 -Olimit 2500 -Wo,-loopunroll,2 -O0 -g2 lcompack/source/mendef.f ;\
	mv mendef.o /d0library/admin/tmp/d0librar/mmstomake/lcompack/compack/a3/mendef.o ;\
	)
	(cd /d0library/scratch;\
	f77 -c -nocpp -static -col72 -backslash -G 0 -Olimit 2500 -Wo,-loopunroll,2 -O0 -g2 lcompack/source/mendis.f ;\
	mv mendis.o /d0library/admin/tmp/d0librar/mmstomake/lcompack/compack/a3/mendis.o ;\
	)
	(cd /d0library/scratch;\
	f77 -c -nocpp -static -col72 -backslash -G 0 -Olimit 2500 -Wo,-loopunroll,2 -O0 -g2 lcompack/source/menexg.f ;\
	mv menexg.o /d0library/admin/tmp/d0librar/mmstomake/lcompack/compack/a3/menexg.o ;\
	)
	(cd /d0library/scratch;\
	f77 -c -nocpp -static -col72 -backslash -G 0 -Olimit 2500 -Wo,-loopunroll,2 -O0 -g2 lcompack/source/mennew.f ;\
	mv mennew.o /d0library/admin/tmp/d0librar/mmstomake/lcompack/compack/a3/mennew.o ;\
	)
	(cd /d0library/scratch;\
	f77 -c -nocpp -static -col72 -backslash -G 0 -Olimit 2500 -Wo,-loopunroll,2 -O0 -g2 lcompack/source/menset.f ;\
	mv menset.o /d0library/admin/tmp/d0librar/mmstomake/lcompack/compack/a3/menset.o ;\
	)
	(cd /d0library/scratch;\
	f77 -c -nocpp -static -col72 -backslash -G 0 -Olimit 2500 -Wo,-loopunroll,2 -O0 -g2 lcompack/source/menudo.f ;\
	mv menudo.o /d0library/admin/tmp/d0librar/mmstomake/lcompack/compack/a3/menudo.o ;\
	)
	(cd /d0library/scratch;\
	f77 -c -nocpp -static -col72 -backslash -G 0 -Olimit 2500 -Wo,-loopunroll,2 -O0 -g2 lcompack/source/menuex.f ;\
	mv menuex.o /d0library/admin/tmp/d0librar/mmstomake/lcompack/compack/a3/menuex.o ;\
	)
	(cd /d0library/scratch;\
	f77 -c -nocpp -static -col72 -backslash -G 0 -Olimit 2500 -Wo,-loopunroll,2 -O0 -g2 lcompack/source/movint.f ;\
	mv movint.o /d0library/admin/tmp/d0librar/mmstomake/lcompack/compack/a3/movint.o ;\
	)
	(cd /d0library/scratch;\
	f77 -c -nocpp -static -col72 -backslash -G 0 -Olimit 2500 -Wo,-loopunroll,2 -O0 -g2 lcompack/source/movstr.f ;\
	mv movstr.o /d0library/admin/tmp/d0librar/mmstomake/lcompack/compack/a3/movstr.o ;\
	)
	(cd /d0library/scratch;\
	f77 -c -nocpp -static -col72 -backslash -G 0 -Olimit 2500 -Wo,-loopunroll,2 -O0 -g2 lcompack/source/msgscr.f ;\
	mv msgscr.o /d0library/admin/tmp/d0librar/mmstomake/lcompack/compack/a3/msgscr.o ;\
	)
	(cd /d0library/scratch;\
	f77 -c -nocpp -static -col72 -backslash -G 0 -Olimit 2500 -Wo,-loopunroll,2 -O0 -g2 lcompack/source/newpar.f ;\
	mv newpar.o /d0library/admin/tmp/d0librar/mmstomake/lcompack/compack/a3/newpar.o ;\
	)
	(cd /d0library/scratch;\
	f77 -c -nocpp -static -col72 -backslash -G 0 -Olimit 2500 -Wo,-loopunroll,2 -O0 -g2 lcompack/source/nulhdl.f ;\
	mv nulhdl.o /d0library/admin/tmp/d0librar/mmstomake/lcompack/compack/a3/nulhdl.o ;\
	)
	(cd /d0library/scratch;\
	f77 -c -nocpp -static -col72 -backslash -G 0 -Olimit 2500 -Wo,-loopunroll,2 -O0 -g2 lcompack/source/oline0.f ;\
	mv oline0.o /d0library/admin/tmp/d0librar/mmstomake/lcompack/compack/a4/oline0.o ;\
	)
	(cd /d0library/scratch;\
	f77 -c -nocpp -static -col72 -backslash -G 0 -Olimit 2500 -Wo,-loopunroll,2 -O0 -g2 lcompack/source/outmsg.f ;\
	mv outmsg.o /d0library/admin/tmp/d0librar/mmstomake/lcompack/compack/a4/outmsg.o ;\
	)
	(cd /d0library/scratch;\
	f77 -c -nocpp -static -col72 -backslash -G 0 -Olimit 2500 -Wo,-loopunroll,2 -O0 -g2 lcompack/source/outsav.f ;\
	mv outsav.o /d0library/admin/tmp/d0librar/mmstomake/lcompack/compack/a4/outsav.o ;\
	)
	(cd /d0library/scratch;\
	f77 -c -nocpp -static -col72 -backslash -G 0 -Olimit 2500 -Wo,-loopunroll,2 -O0 -g2 lcompack/source/pareal.f ;\
	mv pareal.o /d0library/admin/tmp/d0librar/mmstomake/lcompack/compack/a4/pareal.o ;\
	)
	(cd /d0library/scratch;\
	f77 -c -nocpp -static -col72 -backslash -G 0 -Olimit 2500 -Wo,-loopunroll,2 -O0 -g2 lcompack/source/parint.f ;\
	mv parint.o /d0library/admin/tmp/d0librar/mmstomake/lcompack/compack/a4/parint.o ;\
	)
	(cd /d0library/scratch;\
	f77 -c -nocpp -static -col72 -backslash -G 0 -Olimit 2500 -Wo,-loopunroll,2 -O0 -g2 lcompack/source/parlog.f ;\
	mv parlog.o /d0library/admin/tmp/d0librar/mmstomake/lcompack/compack/a4/parlog.o ;\
	)
	(cd /d0library/scratch;\
	f77 -c -nocpp -static -col72 -backslash -G 0 -Olimit 2500 -Wo,-loopunroll,2 -O0 -g2 lcompack/source/pfnum.f ;\
	mv pfnum.o /d0library/admin/tmp/d0librar/mmstomake/lcompack/compack/a4/pfnum.o ;\
	)
	(cd /d0library/scratch;\
	f77 -c -nocpp -static -col72 -backslash -G 0 -Olimit 2500 -Wo,-loopunroll,2 -O0 -g2 lcompack/source/pfwait.f ;\
	mv pfwait.o /d0library/admin/tmp/d0librar/mmstomake/lcompack/compack/a4/pfwait.o ;\
	)
	(cd /d0library/scratch;\
	f77 -c -nocpp -static -col72 -backslash -G 0 -Olimit 2500 -Wo,-loopunroll,2 -O0 -g2 lcompack/source/prscom.f ;\
	mv prscom.o /d0library/admin/tmp/d0librar/mmstomake/lcompack/compack/a4/prscom.o ;\
	)
	(cd /d0library/scratch;\
	f77 -c -nocpp -static -col72 -backslash -G 0 -Olimit 2500 -Wo,-loopunroll,2 -O0 -g2 lcompack/source/putmsg.f ;\
	mv putmsg.o /d0library/admin/tmp/d0librar/mmstomake/lcompack/compack/a4/putmsg.o ;\
	)
	(cd /d0library/scratch;\
	f77 -c -nocpp -static -col72 -backslash -G 0 -Olimit 2500 -Wo,-loopunroll,2 -O0 -g2 lcompack/source/rdset.f ;\
	mv rdset.o /d0library/admin/tmp/d0librar/mmstomake/lcompack/compack/a4/rdset.o ;\
	)
	(cd /d0library/scratch;\
	f77 -c -nocpp -static -col72 -backslash -G 0 -Olimit 2500 -Wo,-loopunroll,2 -O0 -g2 lcompack/source/readme.f ;\
	mv readme.o /d0library/admin/tmp/d0librar/mmstomake/lcompack/compack/a4/readme.o ;\
	)
	(cd /d0library/scratch;\
	f77 -c -nocpp -static -col72 -backslash -G 0 -Olimit 2500 -Wo,-loopunroll,2 -O0 -g2 lcompack/source/reasav.f ;\
	mv reasav.o /d0library/admin/tmp/d0librar/mmstomake/lcompack/compack/a4/reasav.o ;\
	)
	(cd /d0library/scratch;\
	f77 -c -nocpp -static -col72 -backslash -G 0 -Olimit 2500 -Wo,-loopunroll,2 -O0 -g2 lcompack/source/reaset.f ;\
	mv reaset.o /d0library/admin/tmp/d0librar/mmstomake/lcompack/compack/a4/reaset.o ;\
	)
	(cd /d0library/scratch;\
	f77 -c -nocpp -static -col72 -backslash -G 0 -Olimit 2500 -Wo,-loopunroll,2 -O0 -g2 lcompack/source/runcom.f ;\
	mv runcom.o /d0library/admin/tmp/d0librar/mmstomake/lcompack/compack/a4/runcom.o ;\
	)
	(cd /d0library/scratch;\
	f77 -c -nocpp -static -col72 -backslash -G 0 -Olimit 2500 -Wo,-loopunroll,2 -O0 -g2 lcompack/source/runlog.f ;\
	mv runlog.o /d0library/admin/tmp/d0librar/mmstomake/lcompack/compack/a4/runlog.o ;\
	)
	(cd /d0library/scratch;\
	f77 -c -nocpp -static -col72 -backslash -G 0 -Olimit 2500 -Wo,-loopunroll,2 -O0 -g2 lcompack/source/runset.f ;\
	mv runset.o /d0library/admin/tmp/d0librar/mmstomake/lcompack/compack/a4/runset.o ;\
	)
	(cd /d0library/scratch;\
	f77 -c -nocpp -static -col72 -backslash -G 0 -Olimit 2500 -Wo,-loopunroll,2 -O0 -g2 lcompack/source/setchk.f ;\
	mv setchk.o /d0library/admin/tmp/d0librar/mmstomake/lcompack/compack/a4/setchk.o ;\
	)
	(cd /d0library/scratch;\
	f77 -c -nocpp -static -col72 -backslash -G 0 -Olimit 2500 -Wo,-loopunroll,2 -O0 -g2 lcompack/source/setcom.f ;\
	mv setcom.o /d0library/admin/tmp/d0librar/mmstomake/lcompack/compack/a4/setcom.o ;\
	)
	(cd /d0library/scratch;\
	f77 -c -nocpp -static -col72 -backslash -G 0 -Olimit 2500 -Wo,-loopunroll,2 -O0 -g2 lcompack/source/setdir.f ;\
	mv setdir.o /d0library/admin/tmp/d0librar/mmstomake/lcompack/compack/a4/setdir.o ;\
	)
	(cd /d0library/scratch;\
	f77 -c -nocpp -static -col72 -backslash -G 0 -Olimit 2500 -Wo,-loopunroll,2 -O0 -g2 lcompack/source/setdmp.f ;\
	mv setdmp.o /d0library/admin/tmp/d0librar/mmstomake/lcompack/compack/a5/setdmp.o ;\
	)
	(cd /d0library/scratch;\
	f77 -c -nocpp -static -col72 -backslash -G 0 -Olimit 2500 -Wo,-loopunroll,2 -O0 -g2 lcompack/source/setflg.f ;\
	mv setflg.o /d0library/admin/tmp/d0librar/mmstomake/lcompack/compack/a5/setflg.o ;\
	)
	(cd /d0library/scratch;\
	f77 -c -nocpp -static -col72 -backslash -G 0 -Olimit 2500 -Wo,-loopunroll,2 -O0 -g2 lcompack/source/setmod.f ;\
	mv setmod.o /d0library/admin/tmp/d0librar/mmstomake/lcompack/compack/a5/setmod.o ;\
	)
	(cd /d0library/scratch;\
	f77 -c -nocpp -static -col72 -backslash -G 0 -Olimit 2500 -Wo,-loopunroll,2 -O0 -g2 lcompack/source/setsta.f ;\
	mv setsta.o /d0library/admin/tmp/d0librar/mmstomake/lcompack/compack/a5/setsta.o ;\
	)
	(cd /d0library/scratch;\
	f77 -c -nocpp -static -col72 -backslash -G 0 -Olimit 2500 -Wo,-loopunroll,2 -O0 -g2 lcompack/source/spawit.f ;\
	mv spawit.o /d0library/admin/tmp/d0librar/mmstomake/lcompack/compack/a5/spawit.o ;\
	)
	(cd /d0library/scratch;\
	f77 -c -nocpp -static -col72 -backslash -G 0 -Olimit 2500 -Wo,-loopunroll,2 -O0 -g2 lcompack/source/splsta.f ;\
	mv splsta.o /d0library/admin/tmp/d0librar/mmstomake/lcompack/compack/a5/splsta.o ;\
	)
	(cd /d0library/scratch;\
	f77 -c -nocpp -static -col72 -backslash -G 0 -Olimit 2500 -Wo,-loopunroll,2 -O0 -g2 lcompack/source/spltit.f ;\
	mv spltit.o /d0library/admin/tmp/d0librar/mmstomake/lcompack/compack/a5/spltit.o ;\
	)
	(cd /d0library/scratch;\
	f77 -c -nocpp -static -col72 -backslash -G 0 -Olimit 2500 -Wo,-loopunroll,2 -O0 -g2 lcompack/source/stamsg.f ;\
	mv stamsg.o /d0library/admin/tmp/d0librar/mmstomake/lcompack/compack/a5/stamsg.o ;\
	)
	(cd /d0library/scratch;\
	f77 -c -nocpp -static -col72 -backslash -G 0 -Olimit 2500 -Wo,-loopunroll,2 -O0 -g2 lcompack/source/strcop.f ;\
	mv strcop.o /d0library/admin/tmp/d0librar/mmstomake/lcompack/compack/a5/strcop.o ;\
	)
	(cd /d0library/scratch;\
	f77 -c -nocpp -static -col72 -backslash -G 0 -Olimit 2500 -Wo,-loopunroll,2 -O0 -g2 lcompack/source/strdcp.f ;\
	mv strdcp.o /d0library/admin/tmp/d0librar/mmstomake/lcompack/compack/a5/strdcp.o ;\
	)
	(cd /d0library/scratch;\
	f77 -c -nocpp -static -col72 -backslash -G 0 -Olimit 2500 -Wo,-loopunroll,2 -O0 -g2 lcompack/source/strfet.f ;\
	mv strfet.o /d0library/admin/tmp/d0librar/mmstomake/lcompack/compack/a5/strfet.o ;\
	)
	(cd /d0library/scratch;\
	f77 -c -nocpp -static -col72 -backslash -G 0 -Olimit 2500 -Wo,-loopunroll,2 -O0 -g2 lcompack/source/strsto.f ;\
	mv strsto.o /d0library/admin/tmp/d0librar/mmstomake/lcompack/compack/a5/strsto.o ;\
	)
	(cd /d0library/scratch;\
	f77 -c -nocpp -static -col72 -backslash -G 0 -Olimit 2500 -Wo,-loopunroll,2 -O0 -g2 lcompack/source/sysdsp.f ;\
	mv sysdsp.o /d0library/admin/tmp/d0librar/mmstomake/lcompack/compack/a5/sysdsp.o ;\
	)
	(cd /d0library/scratch;\
	f77 -c -nocpp -static -col72 -backslash -G 0 -Olimit 2500 -Wo,-loopunroll,2 -O0 -g2 lcompack/source/tabdis.f ;\
	mv tabdis.o /d0library/admin/tmp/d0librar/mmstomake/lcompack/compack/a5/tabdis.o ;\
	)
	(cd /d0library/scratch;\
	f77 -c -nocpp -static -col72 -backslash -G 0 -Olimit 2500 -Wo,-loopunroll,2 -O0 -g2 lcompack/source/tabdisc.f ;\
	mv tabdisc.o /d0library/admin/tmp/d0librar/mmstomake/lcompack/compack/a5/tabdisc.o ;\
	)
	(cd /d0library/scratch;\
	f77 -c -nocpp -static -col72 -backslash -G 0 -Olimit 2500 -Wo,-loopunroll,2 -O0 -g2 lcompack/source/tabdisn.f ;\
	mv tabdisn.o /d0library/admin/tmp/d0librar/mmstomake/lcompack/compack/a5/tabdisn.o ;\
	)
	(cd /d0library/scratch;\
	f77 -c -nocpp -static -col72 -backslash -G 0 -Olimit 2500 -Wo,-loopunroll,2 -O0 -g2 lcompack/source/tline0.f ;\
	mv tline0.o /d0library/admin/tmp/d0librar/mmstomake/lcompack/compack/a5/tline0.o ;\
	)
	(cd /d0library/scratch;\
	f77 -c -nocpp -static -col72 -backslash -G 0 -Olimit 2500 -Wo,-loopunroll,2 -O0 -g2 lcompack/source/traint.f ;\
	mv traint.o /d0library/admin/tmp/d0librar/mmstomake/lcompack/compack/a5/traint.o ;\
	)
	(cd /d0library/scratch;\
	f77 -c -nocpp -static -col72 -backslash -G 0 -Olimit 2500 -Wo,-loopunroll,2 -O0 -g2 lcompack/source/trarea.f ;\
	mv trarea.o /d0library/admin/tmp/d0librar/mmstomake/lcompack/compack/a5/trarea.o ;\
	)
	(cd /d0library/scratch;\
	f77 -c -nocpp -static -col72 -backslash -G 0 -Olimit 2500 -Wo,-loopunroll,2 -O0 -g2 lcompack/source/waibit.f ;\
	mv waibit.o /d0library/admin/tmp/d0librar/mmstomake/lcompack/compack/a5/waibit.o ;\
	)
	(cd /d0library/scratch;\
	f77 -c -nocpp -static -col72 -backslash -G 0 -Olimit 2500 -Wo,-loopunroll,2 -O0 -g2 lcompack/source/waitit.f ;\
	mv waitit.o /d0library/admin/tmp/d0librar/mmstomake/lcompack/compack/a6/waitit.o ;\
	)
	ar crsl /d0library/scratch/lcompack/deb_compack.a `ls /d0library/admin/tmp/d0librar/mmstomake/lcompack/compack/a1/*.o 2> /dev/null`
	ar crsl /d0library/scratch/lcompack/deb_compack.a `ls /d0library/admin/tmp/d0librar/mmstomake/lcompack/compack/a2/*.o 2> /dev/null`
	ar crsl /d0library/scratch/lcompack/deb_compack.a `ls /d0library/admin/tmp/d0librar/mmstomake/lcompack/compack/a3/*.o 2> /dev/null`
	ar crsl /d0library/scratch/lcompack/deb_compack.a `ls /d0library/admin/tmp/d0librar/mmstomake/lcompack/compack/a4/*.o 2> /dev/null`
	ar crsl /d0library/scratch/lcompack/deb_compack.a `ls /d0library/admin/tmp/d0librar/mmstomake/lcompack/compack/a5/*.o 2> /dev/null`
	ar crsl /d0library/scratch/lcompack/deb_compack.a `ls /d0library/admin/tmp/d0librar/mmstomake/lcompack/compack/a6/*.o 2> /dev/null`
	rmdirp /d0library/admin/tmp/d0librar/mmstomake/lcompack/compack
deb_compack.a is up to date
Generating non-debug makefile
Library section:  lcompack
Root directory:   /d0library/scratch/lcompack
Scanning source files for parent library compack
Checking uniqueness
101 source files
101 archive files
Uniqueness OK
Generating dependencies for compack.a
Generating dependencies for non-debug object files
Generating preprocessor dependencies
Generating source list
Warning: No suffix list.
	rmdirp /d0library/admin/tmp/d0librar/mmstomake/lcompack/compack
	mkdirp /d0library/admin/tmp/d0librar/mmstomake/lcompack/compack/a1
	mkdirp /d0library/admin/tmp/d0librar/mmstomake/lcompack/compack/a2
	mkdirp /d0library/admin/tmp/d0librar/mmstomake/lcompack/compack/a3
	mkdirp /d0library/admin/tmp/d0librar/mmstomake/lcompack/compack/a4
	mkdirp /d0library/admin/tmp/d0librar/mmstomake/lcompack/compack/a5
	mkdirp /d0library/admin/tmp/d0librar/mmstomake/lcompack/compack/a6
	(cd /d0library/scratch;\
	f77 -c -nocpp -static -col72 -backslash -G 0 -Olimit 2500 -Wo,-loopunroll,2 -O2 lcompack/source/abomen.f ;\
	mv abomen.o /d0library/admin/tmp/d0librar/mmstomake/lcompack/compack/a1/abomen.o ;\
	)

uopt: Warning: u-code 3.19 instead of 3.18
	(cd /d0library/scratch;\
	f77 -c -nocpp -static -col72 -backslash -G 0 -Olimit 2500 -Wo,-loopunroll,2 -O2 lcompack/source/additm.f ;\
	mv additm.o /d0library/admin/tmp/d0librar/mmstomake/lcompack/compack/a1/additm.o ;\
	)

uopt: Warning: u-code 3.19 instead of 3.18
	(cd /d0library/scratch;\
	f77 -c -nocpp -static -col72 -backslash -G 0 -Olimit 2500 -Wo,-loopunroll,2 -O2 lcompack/source/canmen.f ;\
	mv canmen.o /d0library/admin/tmp/d0librar/mmstomake/lcompack/compack/a1/canmen.o ;\
	)

uopt: Warning: u-code 3.19 instead of 3.18
	(cd /d0library/scratch;\
	f77 -c -nocpp -static -col72 -backslash -G 0 -Olimit 2500 -Wo,-loopunroll,2 -O2 lcompack/source/chcols.f ;\
	mv chcols.o /d0library/admin/tmp/d0librar/mmstomake/lcompack/compack/a1/chcols.o ;\
	)

uopt: Warning: u-code 3.19 instead of 3.18
	(cd /d0library/scratch;\
	f77 -c -nocpp -static -col72 -backslash -G 0 -Olimit 2500 -Wo,-loopunroll,2 -O2 lcompack/source/chkist.f ;\
	mv chkist.o /d0library/admin/tmp/d0librar/mmstomake/lcompack/compack/a1/chkist.o ;\
	)

uopt: Warning: u-code 3.19 instead of 3.18
	(cd /d0library/scratch;\
	f77 -c -nocpp -static -col72 -backslash -G 0 -Olimit 2500 -Wo,-loopunroll,2 -O2 lcompack/source/chspac.f ;\
	mv chspac.o /d0library/admin/tmp/d0librar/mmstomake/lcompack/compack/a1/chspac.o ;\
	)

uopt: Warning: u-code 3.19 instead of 3.18
	(cd /d0library/scratch;\
	f77 -c -nocpp -static -col72 -backslash -G 0 -Olimit 2500 -Wo,-loopunroll,2 -O2 lcompack/source/conhex.f ;\
	mv conhex.o /d0library/admin/tmp/d0librar/mmstomake/lcompack/compack/a1/conhex.o ;\
	)

uopt: Warning: u-code 3.19 instead of 3.18
	(cd /d0library/scratch;\
	f77 -c -nocpp -static -col72 -backslash -G 0 -Olimit 2500 -Wo,-loopunroll,2 -O2 lcompack/source/conint.f ;\
	mv conint.o /d0library/admin/tmp/d0librar/mmstomake/lcompack/compack/a1/conint.o ;\
	)

uopt: Warning: u-code 3.19 instead of 3.18
	(cd /d0library/scratch;\
	f77 -c -nocpp -static -col72 -backslash -G 0 -Olimit 2500 -Wo,-loopunroll,2 -O2 lcompack/source/conrea.f ;\
	mv conrea.o /d0library/admin/tmp/d0librar/mmstomake/lcompack/compack/a1/conrea.o ;\
	)

uopt: Warning: u-code 3.19 instead of 3.18
	(cd /d0library/scratch;\
	f77 -c -nocpp -static -col72 -backslash -G 0 -Olimit 2500 -Wo,-loopunroll,2 -O2 lcompack/source/contry.f ;\
	mv contry.o /d0library/admin/tmp/d0librar/mmstomake/lcompack/compack/a1/contry.o ;\
	)

uopt: Warning: u-code 3.19 instead of 3.18
	(cd /d0library/scratch;\
	f77 -c -nocpp -static -col72 -backslash -G 0 -Olimit 2500 -Wo,-loopunroll,2 -O2 lcompack/source/curlin.f ;\
	mv curlin.o /d0library/admin/tmp/d0librar/mmstomake/lcompack/compack/a1/curlin.o ;\
	)

uopt: Warning: u-code 3.19 instead of 3.18
	(cd /d0library/scratch;\
	f77 -c -nocpp -static -col72 -backslash -G 0 -Olimit 2500 -Wo,-loopunroll,2 -O2 lcompack/source/defcol.f ;\
	mv defcol.o /d0library/admin/tmp/d0librar/mmstomake/lcompack/compack/a1/defcol.o ;\
	)

uopt: Warning: u-code 3.19 instead of 3.18
	(cd /d0library/scratch;\
	f77 -c -nocpp -static -col72 -backslash -G 0 -Olimit 2500 -Wo,-loopunroll,2 -O2 lcompack/source/defspa.f ;\
	mv defspa.o /d0library/admin/tmp/d0librar/mmstomake/lcompack/compack/a1/defspa.o ;\
	)

uopt: Warning: u-code 3.19 instead of 3.18
	(cd /d0library/scratch;\
	f77 -c -nocpp -static -col72 -backslash -G 0 -Olimit 2500 -Wo,-loopunroll,2 -O2 lcompack/source/disabl.f ;\
	mv disabl.o /d0library/admin/tmp/d0librar/mmstomake/lcompack/compack/a1/disabl.o ;\
	)

uopt: Warning: u-code 3.19 instead of 3.18
	(cd /d0library/scratch;\
	f77 -c -nocpp -static -col72 -backslash -G 0 -Olimit 2500 -Wo,-loopunroll,2 -O2 lcompack/source/dmpmsg.f ;\
	mv dmpmsg.o /d0library/admin/tmp/d0librar/mmstomake/lcompack/compack/a1/dmpmsg.o ;\
	)

uopt: Warning: u-code 3.19 instead of 3.18
	(cd /d0library/scratch;\
	f77 -c -nocpp -static -col72 -backslash -G 0 -Olimit 2500 -Wo,-loopunroll,2 -O2 lcompack/source/doproc.f ;\
	mv doproc.o /d0library/admin/tmp/d0librar/mmstomake/lcompack/compack/a1/doproc.o ;\
	)

uopt: Warning: u-code 3.19 instead of 3.18
	(cd /d0library/scratch;\
	f77 -c -nocpp -static -col72 -backslash -G 0 -Olimit 2500 -Wo,-loopunroll,2 -O2 lcompack/source/enddmp.f ;\
	mv enddmp.o /d0library/admin/tmp/d0librar/mmstomake/lcompack/compack/a1/enddmp.o ;\
	)

uopt: Warning: u-code 3.19 instead of 3.18
	(cd /d0library/scratch;\
	f77 -c -nocpp -static -col72 -backslash -G 0 -Olimit 2500 -Wo,-loopunroll,2 -O2 lcompack/source/endlog.f ;\
	mv endlog.o /d0library/admin/tmp/d0librar/mmstomake/lcompack/compack/a1/endlog.o ;\
	)

uopt: Warning: u-code 3.19 instead of 3.18
	(cd /d0library/scratch;\
	f77 -c -nocpp -static -col72 -backslash -G 0 -Olimit 2500 -Wo,-loopunroll,2 -O2 lcompack/source/endspl.f ;\
	mv endspl.o /d0library/admin/tmp/d0librar/mmstomake/lcompack/compack/a1/endspl.o ;\
	)

uopt: Warning: u-code 3.19 instead of 3.18
	(cd /d0library/scratch;\
	f77 -c -nocpp -static -col72 -backslash -G 0 -Olimit 2500 -Wo,-loopunroll,2 -O2 lcompack/source/endsta.f ;\
	mv endsta.o /d0library/admin/tmp/d0librar/mmstomake/lcompack/compack/a1/endsta.o ;\
	)

uopt: Warning: u-code 3.19 instead of 3.18
	(cd /d0library/scratch;\
	f77 -c -nocpp -static -col72 -backslash -G 0 -Olimit 2500 -Wo,-loopunroll,2 -O2 lcompack/source/evecom.f ;\
	mv evecom.o /d0library/admin/tmp/d0librar/mmstomake/lcompack/compack/a2/evecom.o ;\
	)

uopt: Warning: u-code 3.19 instead of 3.18
	(cd /d0library/scratch;\
	f77 -c -nocpp -static -col72 -backslash -G 0 -Olimit 2500 -Wo,-loopunroll,2 -O2 lcompack/source/evesav.f ;\
	mv evesav.o /d0library/admin/tmp/d0librar/mmstomake/lcompack/compack/a2/evesav.o ;\
	)

uopt: Warning: u-code 3.19 instead of 3.18
	(cd /d0library/scratch;\
	f77 -c -nocpp -static -col72 -backslash -G 0 -Olimit 2500 -Wo,-loopunroll,2 -O2 lcompack/source/eximen.f ;\
	mv eximen.o /d0library/admin/tmp/d0librar/mmstomake/lcompack/compack/a2/eximen.o ;\
	)

uopt: Warning: u-code 3.19 instead of 3.18
	(cd /d0library/scratch;\
	f77 -c -nocpp -static -col72 -backslash -G 0 -Olimit 2500 -Wo,-loopunroll,2 -O2 lcompack/source/exiusr.f ;\
	mv exiusr.o /d0library/admin/tmp/d0librar/mmstomake/lcompack/compack/a2/exiusr.o ;\
	)

uopt: Warning: u-code 3.19 instead of 3.18
	(cd /d0library/scratch;\
	f77 -c -nocpp -static -col72 -backslash -G 0 -Olimit 2500 -Wo,-loopunroll,2 -O2 lcompack/source/fillst.f ;\
	mv fillst.o /d0library/admin/tmp/d0librar/mmstomake/lcompack/compack/a2/fillst.o ;\
	)

uopt: Warning: u-code 3.19 instead of 3.18
	(cd /d0library/scratch;\
	f77 -c -nocpp -static -col72 -backslash -G 0 -Olimit 2500 -Wo,-loopunroll,2 -O2 lcompack/source/fndfil.f ;\
	mv fndfil.o /d0library/admin/tmp/d0librar/mmstomake/lcompack/compack/a2/fndfil.o ;\
	)

uopt: Warning: u-code 3.19 instead of 3.18
	(cd /d0library/scratch;\
	f77 -c -nocpp -static -col72 -backslash -G 0 -Olimit 2500 -Wo,-loopunroll,2 -O2 lcompack/source/getarr.f ;\
	mv getarr.o /d0library/admin/tmp/d0librar/mmstomake/lcompack/compack/a2/getarr.o ;\
	)

uopt: Warning: u-code 3.19 instead of 3.18
	(cd /d0library/scratch;\
	f77 -c -nocpp -static -col72 -backslash -G 0 -Olimit 2500 -Wo,-loopunroll,2 -O2 lcompack/source/getdis.f ;\
	mv getdis.o /d0library/admin/tmp/d0librar/mmstomake/lcompack/compack/a2/getdis.o ;\
	)

uopt: Warning: u-code 3.19 instead of 3.18
	(cd /d0library/scratch;\
	f77 -c -nocpp -static -col72 -backslash -G 0 -Olimit 2500 -Wo,-loopunroll,2 -O2 lcompack/source/getdis77.f ;\
	mv getdis77.o /d0library/admin/tmp/d0librar/mmstomake/lcompack/compack/a2/getdis77.o ;\
	)

uopt: Warning: u-code 3.19 instead of 3.18
	(cd /d0library/scratch;\
	f77 -c -nocpp -static -col72 -backslash -G 0 -Olimit 2500 -Wo,-loopunroll,2 -O2 lcompack/source/getopt.f ;\
	mv getopt.o /d0library/admin/tmp/d0librar/mmstomake/lcompack/compack/a2/getopt.o ;\
	)

uopt: Warning: u-code 3.19 instead of 3.18
	(cd /d0library/scratch;\
	f77 -c -nocpp -static -col72 -backslash -G 0 -Olimit 2500 -Wo,-loopunroll,2 -O2 lcompack/source/getpar.f ;\
	mv getpar.o /d0library/admin/tmp/d0librar/mmstomake/lcompack/compack/a2/getpar.o ;\
	)

uopt: Warning: u-code 3.19 instead of 3.18
	(cd /d0library/scratch;\
	f77 -c -nocpp -static -col72 -backslash -G 0 -Olimit 2500 -Wo,-loopunroll,2 -O2 lcompack/source/getpar77.f ;\
	mv getpar77.o /d0library/admin/tmp/d0librar/mmstomake/lcompack/compack/a2/getpar77.o ;\
	)

uopt: Warning: u-code 3.19 instead of 3.18
	(cd /d0library/scratch;\
	f77 -c -nocpp -static -col72 -backslash -G 0 -Olimit 2500 -Wo,-loopunroll,2 -O2 lcompack/source/gline0.f ;\
	mv gline0.o /d0library/admin/tmp/d0librar/mmstomake/lcompack/compack/a2/gline0.o ;\
	)

uopt: Warning: u-code 3.19 instead of 3.18
	(cd /d0library/scratch;\
	f77 -c -nocpp -static -col72 -backslash -G 0 -Olimit 2500 -Wo,-loopunroll,2 -O2 lcompack/source/gnosmg.f ;\
	mv gnosmg.o /d0library/admin/tmp/d0librar/mmstomake/lcompack/compack/a2/gnosmg.o ;\
	)

uopt: Warning: u-code 3.19 instead of 3.18
	(cd /d0library/scratch;\
	f77 -c -nocpp -static -col72 -backslash -G 0 -Olimit 2500 -Wo,-loopunroll,2 -O2 lcompack/source/gotop.f ;\
	mv gotop.o /d0library/admin/tmp/d0librar/mmstomake/lcompack/compack/a2/gotop.o ;\
	)

uopt: Warning: u-code 3.19 instead of 3.18
	(cd /d0library/scratch;\
	f77 -c -nocpp -static -col72 -backslash -G 0 -Olimit 2500 -Wo,-loopunroll,2 -O2 lcompack/source/hlproc.f ;\
	mv hlproc.o /d0library/admin/tmp/d0librar/mmstomake/lcompack/compack/a2/hlproc.o ;\
	)

uopt: Warning: u-code 3.19 instead of 3.18
	(cd /d0library/scratch;\
	f77 -c -nocpp -static -col72 -backslash -G 0 -Olimit 2500 -Wo,-loopunroll,2 -O2 lcompack/source/inpcmd.f ;\
	mv inpcmd.o /d0library/admin/tmp/d0librar/mmstomake/lcompack/compack/a2/inpcmd.o ;\
	)

uopt: Warning: u-code 3.19 instead of 3.18
	(cd /d0library/scratch;\
	f77 -c -nocpp -static -col72 -backslash -G 0 -Olimit 2500 -Wo,-loopunroll,2 -O2 lcompack/source/inptrm.f ;\
	mv inptrm.o /d0library/admin/tmp/d0librar/mmstomake/lcompack/compack/a2/inptrm.o ;\
	)

uopt: Warning: u-code 3.19 instead of 3.18
	(cd /d0library/scratch;\
	f77 -c -nocpp -static -col72 -backslash -G 0 -Olimit 2500 -Wo,-loopunroll,2 -O2 lcompack/source/intast.f ;\
	mv intast.o /d0library/admin/tmp/d0librar/mmstomake/lcompack/compack/a2/intast.o ;\
	)

uopt: Warning: u-code 3.19 instead of 3.18
	(cd /d0library/scratch;\
	f77 -c -nocpp -static -col72 -backslash -G 0 -Olimit 2500 -Wo,-loopunroll,2 -O2 lcompack/source/intmen.f ;\
	mv intmen.o /d0library/admin/tmp/d0librar/mmstomake/lcompack/compack/a2/intmen.o ;\
	)

uopt: Warning: u-code 3.19 instead of 3.18
	(cd /d0library/scratch;\
	f77 -c -nocpp -static -col72 -backslash -G 0 -Olimit 2500 -Wo,-loopunroll,2 -O2 lcompack/source/intmsg.f ;\
	mv intmsg.o /d0library/admin/tmp/d0librar/mmstomake/lcompack/compack/a3/intmsg.o ;\
	)

uopt: Warning: u-code 3.19 instead of 3.18
	(cd /d0library/scratch;\
	f77 -c -nocpp -static -col72 -backslash -G 0 -Olimit 2500 -Wo,-loopunroll,2 -O2 lcompack/source/libera.f ;\
	mv libera.o /d0library/admin/tmp/d0librar/mmstomake/lcompack/compack/a3/libera.o ;\
	)

uopt: Warning: u-code 3.19 instead of 3.18
	(cd /d0library/scratch;\
	f77 -c -nocpp -static -col72 -backslash -G 0 -Olimit 2500 -Wo,-loopunroll,2 -O2 lcompack/source/librep.f ;\
	mv librep.o /d0library/admin/tmp/d0librar/mmstomake/lcompack/compack/a3/librep.o ;\
	)

uopt: Warning: u-code 3.19 instead of 3.18
	(cd /d0library/scratch;\
	f77 -c -nocpp -static -col72 -backslash -G 0 -Olimit 2500 -Wo,-loopunroll,2 -O2 lcompack/source/linchk.f ;\
	mv linchk.o /d0library/admin/tmp/d0librar/mmstomake/lcompack/compack/a3/linchk.o ;\
	)

uopt: Warning: u-code 3.19 instead of 3.18
	(cd /d0library/scratch;\
	f77 -c -nocpp -static -col72 -backslash -G 0 -Olimit 2500 -Wo,-loopunroll,2 -O2 lcompack/source/lines0.f ;\
	mv lines0.o /d0library/admin/tmp/d0librar/mmstomake/lcompack/compack/a3/lines0.o ;\
	)

uopt: Warning: u-code 3.19 instead of 3.18
	(cd /d0library/scratch;\
	f77 -c -nocpp -static -col72 -backslash -G 0 -Olimit 2500 -Wo,-loopunroll,2 -O2 lcompack/source/lspawn.f ;\
	mv lspawn.o /d0library/admin/tmp/d0librar/mmstomake/lcompack/compack/a3/lspawn.o ;\
	)

uopt: Warning: u-code 3.19 instead of 3.18
	(cd /d0library/scratch;\
	f77 -c -nocpp -static -col72 -backslash -G 0 -Olimit 2500 -Wo,-loopunroll,2 -O2 lcompack/source/menadd.f ;\
	mv menadd.o /d0library/admin/tmp/d0librar/mmstomake/lcompack/compack/a3/menadd.o ;\
	)

uopt: Warning: u-code 3.19 instead of 3.18
	(cd /d0library/scratch;\
	f77 -c -nocpp -static -col72 -backslash -G 0 -Olimit 2500 -Wo,-loopunroll,2 -O2 lcompack/source/menctr.f ;\
	mv menctr.o /d0library/admin/tmp/d0librar/mmstomake/lcompack/compack/a3/menctr.o ;\
	)

uopt: Warning: u-code 3.19 instead of 3.18
	(cd /d0library/scratch;\
	f77 -c -nocpp -static -col72 -backslash -G 0 -Olimit 2500 -Wo,-loopunroll,2 -O2 lcompack/source/mendef.f ;\
	mv mendef.o /d0library/admin/tmp/d0librar/mmstomake/lcompack/compack/a3/mendef.o ;\
	)

uopt: Warning: u-code 3.19 instead of 3.18
	(cd /d0library/scratch;\
	f77 -c -nocpp -static -col72 -backslash -G 0 -Olimit 2500 -Wo,-loopunroll,2 -O2 lcompack/source/mendis.f ;\
	mv mendis.o /d0library/admin/tmp/d0librar/mmstomake/lcompack/compack/a3/mendis.o ;\
	)

uopt: Warning: u-code 3.19 instead of 3.18
	(cd /d0library/scratch;\
	f77 -c -nocpp -static -col72 -backslash -G 0 -Olimit 2500 -Wo,-loopunroll,2 -O2 lcompack/source/menexg.f ;\
	mv menexg.o /d0library/admin/tmp/d0librar/mmstomake/lcompack/compack/a3/menexg.o ;\
	)

uopt: Warning: u-code 3.19 instead of 3.18
	(cd /d0library/scratch;\
	f77 -c -nocpp -static -col72 -backslash -G 0 -Olimit 2500 -Wo,-loopunroll,2 -O2 lcompack/source/mennew.f ;\
	mv mennew.o /d0library/admin/tmp/d0librar/mmstomake/lcompack/compack/a3/mennew.o ;\
	)

uopt: Warning: u-code 3.19 instead of 3.18
	(cd /d0library/scratch;\
	f77 -c -nocpp -static -col72 -backslash -G 0 -Olimit 2500 -Wo,-loopunroll,2 -O2 lcompack/source/menset.f ;\
	mv menset.o /d0library/admin/tmp/d0librar/mmstomake/lcompack/compack/a3/menset.o ;\
	)

uopt: Warning: u-code 3.19 instead of 3.18
	(cd /d0library/scratch;\
	f77 -c -nocpp -static -col72 -backslash -G 0 -Olimit 2500 -Wo,-loopunroll,2 -O2 lcompack/source/menudo.f ;\
	mv menudo.o /d0library/admin/tmp/d0librar/mmstomake/lcompack/compack/a3/menudo.o ;\
	)

uopt: Warning: u-code 3.19 instead of 3.18
	(cd /d0library/scratch;\
	f77 -c -nocpp -static -col72 -backslash -G 0 -Olimit 2500 -Wo,-loopunroll,2 -O2 lcompack/source/menuex.f ;\
	mv menuex.o /d0library/admin/tmp/d0librar/mmstomake/lcompack/compack/a3/menuex.o ;\
	)

uopt: Warning: u-code 3.19 instead of 3.18
	(cd /d0library/scratch;\
	f77 -c -nocpp -static -col72 -backslash -G 0 -Olimit 2500 -Wo,-loopunroll,2 -O2 lcompack/source/movint.f ;\
	mv movint.o /d0library/admin/tmp/d0librar/mmstomake/lcompack/compack/a3/movint.o ;\
	)

uopt: Warning: u-code 3.19 instead of 3.18
	(cd /d0library/scratch;\
	f77 -c -nocpp -static -col72 -backslash -G 0 -Olimit 2500 -Wo,-loopunroll,2 -O2 lcompack/source/movstr.f ;\
	mv movstr.o /d0library/admin/tmp/d0librar/mmstomake/lcompack/compack/a3/movstr.o ;\
	)

uopt: Warning: u-code 3.19 instead of 3.18
	(cd /d0library/scratch;\
	f77 -c -nocpp -static -col72 -backslash -G 0 -Olimit 2500 -Wo,-loopunroll,2 -O2 lcompack/source/msgscr.f ;\
	mv msgscr.o /d0library/admin/tmp/d0librar/mmstomake/lcompack/compack/a3/msgscr.o ;\
	)

uopt: Warning: u-code 3.19 instead of 3.18
	(cd /d0library/scratch;\
	f77 -c -nocpp -static -col72 -backslash -G 0 -Olimit 2500 -Wo,-loopunroll,2 -O2 lcompack/source/newpar.f ;\
	mv newpar.o /d0library/admin/tmp/d0librar/mmstomake/lcompack/compack/a3/newpar.o ;\
	)

uopt: Warning: u-code 3.19 instead of 3.18
	(cd /d0library/scratch;\
	f77 -c -nocpp -static -col72 -backslash -G 0 -Olimit 2500 -Wo,-loopunroll,2 -O2 lcompack/source/nulhdl.f ;\
	mv nulhdl.o /d0library/admin/tmp/d0librar/mmstomake/lcompack/compack/a3/nulhdl.o ;\
	)

uopt: Warning: u-code 3.19 instead of 3.18
	(cd /d0library/scratch;\
	f77 -c -nocpp -static -col72 -backslash -G 0 -Olimit 2500 -Wo,-loopunroll,2 -O2 lcompack/source/oline0.f ;\
	mv oline0.o /d0library/admin/tmp/d0librar/mmstomake/lcompack/compack/a4/oline0.o ;\
	)

uopt: Warning: u-code 3.19 instead of 3.18
	(cd /d0library/scratch;\
	f77 -c -nocpp -static -col72 -backslash -G 0 -Olimit 2500 -Wo,-loopunroll,2 -O2 lcompack/source/outmsg.f ;\
	mv outmsg.o /d0library/admin/tmp/d0librar/mmstomake/lcompack/compack/a4/outmsg.o ;\
	)

uopt: Warning: u-code 3.19 instead of 3.18
	(cd /d0library/scratch;\
	f77 -c -nocpp -static -col72 -backslash -G 0 -Olimit 2500 -Wo,-loopunroll,2 -O2 lcompack/source/outsav.f ;\
	mv outsav.o /d0library/admin/tmp/d0librar/mmstomake/lcompack/compack/a4/outsav.o ;\
	)

uopt: Warning: u-code 3.19 instead of 3.18
	(cd /d0library/scratch;\
	f77 -c -nocpp -static -col72 -backslash -G 0 -Olimit 2500 -Wo,-loopunroll,2 -O2 lcompack/source/pareal.f ;\
	mv pareal.o /d0library/admin/tmp/d0librar/mmstomake/lcompack/compack/a4/pareal.o ;\
	)

uopt: Warning: u-code 3.19 instead of 3.18
	(cd /d0library/scratch;\
	f77 -c -nocpp -static -col72 -backslash -G 0 -Olimit 2500 -Wo,-loopunroll,2 -O2 lcompack/source/parint.f ;\
	mv parint.o /d0library/admin/tmp/d0librar/mmstomake/lcompack/compack/a4/parint.o ;\
	)

uopt: Warning: u-code 3.19 instead of 3.18
	(cd /d0library/scratch;\
	f77 -c -nocpp -static -col72 -backslash -G 0 -Olimit 2500 -Wo,-loopunroll,2 -O2 lcompack/source/parlog.f ;\
	mv parlog.o /d0library/admin/tmp/d0librar/mmstomake/lcompack/compack/a4/parlog.o ;\
	)

uopt: Warning: u-code 3.19 instead of 3.18
	(cd /d0library/scratch;\
	f77 -c -nocpp -static -col72 -backslash -G 0 -Olimit 2500 -Wo,-loopunroll,2 -O2 lcompack/source/pfnum.f ;\
	mv pfnum.o /d0library/admin/tmp/d0librar/mmstomake/lcompack/compack/a4/pfnum.o ;\
	)

uopt: Warning: u-code 3.19 instead of 3.18
	(cd /d0library/scratch;\
	f77 -c -nocpp -static -col72 -backslash -G 0 -Olimit 2500 -Wo,-loopunroll,2 -O2 lcompack/source/pfwait.f ;\
	mv pfwait.o /d0library/admin/tmp/d0librar/mmstomake/lcompack/compack/a4/pfwait.o ;\
	)

uopt: Warning: u-code 3.19 instead of 3.18
	(cd /d0library/scratch;\
	f77 -c -nocpp -static -col72 -backslash -G 0 -Olimit 2500 -Wo,-loopunroll,2 -O2 lcompack/source/prscom.f ;\
	mv prscom.o /d0library/admin/tmp/d0librar/mmstomake/lcompack/compack/a4/prscom.o ;\
	)

uopt: Warning: u-code 3.19 instead of 3.18
	(cd /d0library/scratch;\
	f77 -c -nocpp -static -col72 -backslash -G 0 -Olimit 2500 -Wo,-loopunroll,2 -O2 lcompack/source/putmsg.f ;\
	mv putmsg.o /d0library/admin/tmp/d0librar/mmstomake/lcompack/compack/a4/putmsg.o ;\
	)

uopt: Warning: u-code 3.19 instead of 3.18
	(cd /d0library/scratch;\
	f77 -c -nocpp -static -col72 -backslash -G 0 -Olimit 2500 -Wo,-loopunroll,2 -O2 lcompack/source/rdset.f ;\
	mv rdset.o /d0library/admin/tmp/d0librar/mmstomake/lcompack/compack/a4/rdset.o ;\
	)

uopt: Warning: u-code 3.19 instead of 3.18
	(cd /d0library/scratch;\
	f77 -c -nocpp -static -col72 -backslash -G 0 -Olimit 2500 -Wo,-loopunroll,2 -O2 lcompack/source/readme.f ;\
	mv readme.o /d0library/admin/tmp/d0librar/mmstomake/lcompack/compack/a4/readme.o ;\
	)

uopt: Warning: u-code 3.19 instead of 3.18
	(cd /d0library/scratch;\
	f77 -c -nocpp -static -col72 -backslash -G 0 -Olimit 2500 -Wo,-loopunroll,2 -O2 lcompack/source/reasav.f ;\
	mv reasav.o /d0library/admin/tmp/d0librar/mmstomake/lcompack/compack/a4/reasav.o ;\
	)

uopt: Warning: u-code 3.19 instead of 3.18
	(cd /d0library/scratch;\
	f77 -c -nocpp -static -col72 -backslash -G 0 -Olimit 2500 -Wo,-loopunroll,2 -O2 lcompack/source/reaset.f ;\
	mv reaset.o /d0library/admin/tmp/d0librar/mmstomake/lcompack/compack/a4/reaset.o ;\
	)

uopt: Warning: u-code 3.19 instead of 3.18
	(cd /d0library/scratch;\
	f77 -c -nocpp -static -col72 -backslash -G 0 -Olimit 2500 -Wo,-loopunroll,2 -O2 lcompack/source/runcom.f ;\
	mv runcom.o /d0library/admin/tmp/d0librar/mmstomake/lcompack/compack/a4/runcom.o ;\
	)

uopt: Warning: u-code 3.19 instead of 3.18
	(cd /d0library/scratch;\
	f77 -c -nocpp -static -col72 -backslash -G 0 -Olimit 2500 -Wo,-loopunroll,2 -O2 lcompack/source/runlog.f ;\
	mv runlog.o /d0library/admin/tmp/d0librar/mmstomake/lcompack/compack/a4/runlog.o ;\
	)

uopt: Warning: u-code 3.19 instead of 3.18
	(cd /d0library/scratch;\
	f77 -c -nocpp -static -col72 -backslash -G 0 -Olimit 2500 -Wo,-loopunroll,2 -O2 lcompack/source/runset.f ;\
	mv runset.o /d0library/admin/tmp/d0librar/mmstomake/lcompack/compack/a4/runset.o ;\
	)

uopt: Warning: u-code 3.19 instead of 3.18
	(cd /d0library/scratch;\
	f77 -c -nocpp -static -col72 -backslash -G 0 -Olimit 2500 -Wo,-loopunroll,2 -O2 lcompack/source/setchk.f ;\
	mv setchk.o /d0library/admin/tmp/d0librar/mmstomake/lcompack/compack/a4/setchk.o ;\
	)

uopt: Warning: u-code 3.19 instead of 3.18
	(cd /d0library/scratch;\
	f77 -c -nocpp -static -col72 -backslash -G 0 -Olimit 2500 -Wo,-loopunroll,2 -O2 lcompack/source/setcom.f ;\
	mv setcom.o /d0library/admin/tmp/d0librar/mmstomake/lcompack/compack/a4/setcom.o ;\
	)

uopt: Warning: u-code 3.19 instead of 3.18
	(cd /d0library/scratch;\
	f77 -c -nocpp -static -col72 -backslash -G 0 -Olimit 2500 -Wo,-loopunroll,2 -O2 lcompack/source/setdir.f ;\
	mv setdir.o /d0library/admin/tmp/d0librar/mmstomake/lcompack/compack/a4/setdir.o ;\
	)

uopt: Warning: u-code 3.19 instead of 3.18
	(cd /d0library/scratch;\
	f77 -c -nocpp -static -col72 -backslash -G 0 -Olimit 2500 -Wo,-loopunroll,2 -O2 lcompack/source/setdmp.f ;\
	mv setdmp.o /d0library/admin/tmp/d0librar/mmstomake/lcompack/compack/a5/setdmp.o ;\
	)

uopt: Warning: u-code 3.19 instead of 3.18
	(cd /d0library/scratch;\
	f77 -c -nocpp -static -col72 -backslash -G 0 -Olimit 2500 -Wo,-loopunroll,2 -O2 lcompack/source/setflg.f ;\
	mv setflg.o /d0library/admin/tmp/d0librar/mmstomake/lcompack/compack/a5/setflg.o ;\
	)

uopt: Warning: u-code 3.19 instead of 3.18
	(cd /d0library/scratch;\
	f77 -c -nocpp -static -col72 -backslash -G 0 -Olimit 2500 -Wo,-loopunroll,2 -O2 lcompack/source/setmod.f ;\
	mv setmod.o /d0library/admin/tmp/d0librar/mmstomake/lcompack/compack/a5/setmod.o ;\
	)

uopt: Warning: u-code 3.19 instead of 3.18
	(cd /d0library/scratch;\
	f77 -c -nocpp -static -col72 -backslash -G 0 -Olimit 2500 -Wo,-loopunroll,2 -O2 lcompack/source/setsta.f ;\
	mv setsta.o /d0library/admin/tmp/d0librar/mmstomake/lcompack/compack/a5/setsta.o ;\
	)

uopt: Warning: u-code 3.19 instead of 3.18
	(cd /d0library/scratch;\
	f77 -c -nocpp -static -col72 -backslash -G 0 -Olimit 2500 -Wo,-loopunroll,2 -O2 lcompack/source/spawit.f ;\
	mv spawit.o /d0library/admin/tmp/d0librar/mmstomake/lcompack/compack/a5/spawit.o ;\
	)

uopt: Warning: u-code 3.19 instead of 3.18
	(cd /d0library/scratch;\
	f77 -c -nocpp -static -col72 -backslash -G 0 -Olimit 2500 -Wo,-loopunroll,2 -O2 lcompack/source/splsta.f ;\
	mv splsta.o /d0library/admin/tmp/d0librar/mmstomake/lcompack/compack/a5/splsta.o ;\
	)

uopt: Warning: u-code 3.19 instead of 3.18
	(cd /d0library/scratch;\
	f77 -c -nocpp -static -col72 -backslash -G 0 -Olimit 2500 -Wo,-loopunroll,2 -O2 lcompack/source/spltit.f ;\
	mv spltit.o /d0library/admin/tmp/d0librar/mmstomake/lcompack/compack/a5/spltit.o ;\
	)

uopt: Warning: u-code 3.19 instead of 3.18
	(cd /d0library/scratch;\
	f77 -c -nocpp -static -col72 -backslash -G 0 -Olimit 2500 -Wo,-loopunroll,2 -O2 lcompack/source/stamsg.f ;\
	mv stamsg.o /d0library/admin/tmp/d0librar/mmstomake/lcompack/compack/a5/stamsg.o ;\
	)

uopt: Warning: u-code 3.19 instead of 3.18
	(cd /d0library/scratch;\
	f77 -c -nocpp -static -col72 -backslash -G 0 -Olimit 2500 -Wo,-loopunroll,2 -O2 lcompack/source/strcop.f ;\
	mv strcop.o /d0library/admin/tmp/d0librar/mmstomake/lcompack/compack/a5/strcop.o ;\
	)

uopt: Warning: u-code 3.19 instead of 3.18
	(cd /d0library/scratch;\
	f77 -c -nocpp -static -col72 -backslash -G 0 -Olimit 2500 -Wo,-loopunroll,2 -O2 lcompack/source/strdcp.f ;\
	mv strdcp.o /d0library/admin/tmp/d0librar/mmstomake/lcompack/compack/a5/strdcp.o ;\
	)

uopt: Warning: u-code 3.19 instead of 3.18
	(cd /d0library/scratch;\
	f77 -c -nocpp -static -col72 -backslash -G 0 -Olimit 2500 -Wo,-loopunroll,2 -O2 lcompack/source/strfet.f ;\
	mv strfet.o /d0library/admin/tmp/d0librar/mmstomake/lcompack/compack/a5/strfet.o ;\
	)

uopt: Warning: u-code 3.19 instead of 3.18
	(cd /d0library/scratch;\
	f77 -c -nocpp -static -col72 -backslash -G 0 -Olimit 2500 -Wo,-loopunroll,2 -O2 lcompack/source/strsto.f ;\
	mv strsto.o /d0library/admin/tmp/d0librar/mmstomake/lcompack/compack/a5/strsto.o ;\
	)

uopt: Warning: u-code 3.19 instead of 3.18
	(cd /d0library/scratch;\
	f77 -c -nocpp -static -col72 -backslash -G 0 -Olimit 2500 -Wo,-loopunroll,2 -O2 lcompack/source/sysdsp.f ;\
	mv sysdsp.o /d0library/admin/tmp/d0librar/mmstomake/lcompack/compack/a5/sysdsp.o ;\
	)

uopt: Warning: u-code 3.19 instead of 3.18
	(cd /d0library/scratch;\
	f77 -c -nocpp -static -col72 -backslash -G 0 -Olimit 2500 -Wo,-loopunroll,2 -O2 lcompack/source/tabdis.f ;\
	mv tabdis.o /d0library/admin/tmp/d0librar/mmstomake/lcompack/compack/a5/tabdis.o ;\
	)

uopt: Warning: u-code 3.19 instead of 3.18
	(cd /d0library/scratch;\
	f77 -c -nocpp -static -col72 -backslash -G 0 -Olimit 2500 -Wo,-loopunroll,2 -O2 lcompack/source/tabdisc.f ;\
	mv tabdisc.o /d0library/admin/tmp/d0librar/mmstomake/lcompack/compack/a5/tabdisc.o ;\
	)

uopt: Warning: u-code 3.19 instead of 3.18
	(cd /d0library/scratch;\
	f77 -c -nocpp -static -col72 -backslash -G 0 -Olimit 2500 -Wo,-loopunroll,2 -O2 lcompack/source/tabdisn.f ;\
	mv tabdisn.o /d0library/admin/tmp/d0librar/mmstomake/lcompack/compack/a5/tabdisn.o ;\
	)

uopt: Warning: u-code 3.19 instead of 3.18
	(cd /d0library/scratch;\
	f77 -c -nocpp -static -col72 -backslash -G 0 -Olimit 2500 -Wo,-loopunroll,2 -O2 lcompack/source/tline0.f ;\
	mv tline0.o /d0library/admin/tmp/d0librar/mmstomake/lcompack/compack/a5/tline0.o ;\
	)

uopt: Warning: u-code 3.19 instead of 3.18
	(cd /d0library/scratch;\
	f77 -c -nocpp -static -col72 -backslash -G 0 -Olimit 2500 -Wo,-loopunroll,2 -O2 lcompack/source/traint.f ;\
	mv traint.o /d0library/admin/tmp/d0librar/mmstomake/lcompack/compack/a5/traint.o ;\
	)

uopt: Warning: u-code 3.19 instead of 3.18
	(cd /d0library/scratch;\
	f77 -c -nocpp -static -col72 -backslash -G 0 -Olimit 2500 -Wo,-loopunroll,2 -O2 lcompack/source/trarea.f ;\
	mv trarea.o /d0library/admin/tmp/d0librar/mmstomake/lcompack/compack/a5/trarea.o ;\
	)

uopt: Warning: u-code 3.19 instead of 3.18
	(cd /d0library/scratch;\
	f77 -c -nocpp -static -col72 -backslash -G 0 -Olimit 2500 -Wo,-loopunroll,2 -O2 lcompack/source/waibit.f ;\
	mv waibit.o /d0library/admin/tmp/d0librar/mmstomake/lcompack/compack/a5/waibit.o ;\
	)

uopt: Warning: u-code 3.19 instead of 3.18
	(cd /d0library/scratch;\
	f77 -c -nocpp -static -col72 -backslash -G 0 -Olimit 2500 -Wo,-loopunroll,2 -O2 lcompack/source/waitit.f ;\
	mv waitit.o /d0library/admin/tmp/d0librar/mmstomake/lcompack/compack/a6/waitit.o ;\
	)

uopt: Warning: u-code 3.19 instead of 3.18
	ar crsl /d0library/scratch/lcompack/compack.a `ls /d0library/admin/tmp/d0librar/mmstomake/lcompack/compack/a1/*.o 2> /dev/null`
	ar crsl /d0library/scratch/lcompack/compack.a `ls /d0library/admin/tmp/d0librar/mmstomake/lcompack/compack/a2/*.o 2> /dev/null`
	ar crsl /d0library/scratch/lcompack/compack.a `ls /d0library/admin/tmp/d0librar/mmstomake/lcompack/compack/a3/*.o 2> /dev/null`
	ar crsl /d0library/scratch/lcompack/compack.a `ls /d0library/admin/tmp/d0librar/mmstomake/lcompack/compack/a4/*.o 2> /dev/null`
	ar crsl /d0library/scratch/lcompack/compack.a `ls /d0library/admin/tmp/d0librar/mmstomake/lcompack/compack/a5/*.o 2> /dev/null`
	ar crsl /d0library/scratch/lcompack/compack.a `ls /d0library/admin/tmp/d0librar/mmstomake/lcompack/compack/a6/*.o 2> /dev/null`
	rmdirp /d0library/admin/tmp/d0librar/mmstomake/lcompack/compack
compack.a is up to date
tasteofd0 SIUNIX < /d0library/scratch/lcompack/vlcompack.for | vmstounix > /d0library/scratch/lcompack/vlcompack.f
f77 -c -nocpp -static -col72 -backslash -G 0 -Olimit 2500 -Wo,-loopunroll,2 -O0 -g2 /d0library/scratch/lcompack/vlcompack.f
Inserting version subroutines into libraries
ar crsl /d0library/scratch/lcompack/compack.a vlcompack.o
ar crsl /d0library/scratch/lcompack/deb_compack.a vlcompack.o
ff: file not found: /d0library/gamma/unix/lib/lcompack_release /d0library/test/unix/lib/lcompack_release /d0library/unix/lib/lcompack_release /d0library/scratch/lcompack/lcompack_release
Deleting old contents of library.
Moving files from scratch to official area.
Deleting test library
Deleting gamma library
