Getting list of VMS files and types
144 text files to fetch
Checking directories
Creating /d0library/scratch/event_util/dump
Creating /d0library/scratch/event_util/event_io
Fetching text files
cd d0$disk:[d0library.event_util]
lcd /d0library/scratch/event_util
ascii
get []000_event_util_v1.22;1 000_event_util_v1.22
get []cms_groups.list;1 cms_groups.list
get []compress_zebra.mem;2 compress_zebra.mem
get []compress_zebra.rcp;1 compress_zebra.rcp
get []drop_input.rcp;1 drop_input.rcp
get []event_dump_guide.doc;1 event_dump_guide.doc
get []event_io_guide.doc;1 event_io_guide.doc
get []event_lists.doc;1 event_lists.doc
get []event_util.mms;1 event_util.mms
get []event_util.release;1 event_util.release
get []ev_merge_lists.lnk;1 ev_merge_lists.lnk
get []mc_drop_input.rcp;1 mc_drop_input.rcp
get []pick_events.rcp;1 pick_events.rcp
get []reco_filter.rcp;1 reco_filter.rcp
get []stream_filter.rcp;1 stream_filter.rcp
get []strip.rcp;1 strip.rcp
get []v1.0-rel_notes;1 v1.0-rel_notes
get []v1.01-rel_notes;1 v1.01-rel_notes
get []v1.02-rel_notes;1 v1.02-rel_notes
get []v1.03-rel_notes;1 v1.03-rel_notes
get []v1.04-rel_notes;1 v1.04-rel_notes
get []v1.05-rel_notes;1 v1.05-rel_notes
get []v1.06-rel_notes;1 v1.06-rel_notes
get []v1.07-rel_notes;1 v1.07-rel_notes
get []v1.09-rel_notes;1 v1.09-rel_notes
get []v1.10-rel_notes;1 v1.10-rel_notes
get []v1.11-rel_notes;1 v1.11-rel_notes
get []v1.12-rel_notes;1 v1.12-rel_notes
get []v1.13-rel_notes;1 v1.13-rel_notes
get []v1.14-rel_notes;1 v1.14-rel_notes
get []v1.15-rel_notes;1 v1.15-rel_notes
get []v1.16-rel_notes;1 v1.16-rel_notes
get []v1.17-rel_notes;1 v1.17-rel_notes
get []v1.18-rel_notes;1 v1.18-rel_notes
get []v1.19-rel_notes;1 v1.19-rel_notes
get []v1.20-rel_notes;1 v1.20-rel_notes
get []v1.21-rel_notes;1 v1.21-rel_notes
get []v1.22-rel_notes;1 v1.22-rel_notes
get []vevent_util.for;1 vevent_util.for
get []zzip.doc;1 zzip.doc
get [.dump]bitmask_stats.for;1 dump/bitmask_stats.for
get [.dump]bitmask_stats_write.for;1 dump/bitmask_stats_write.for
get [.dump]dmpany.for;1 dump/dmpany.for
get [.dump]dmpbnk.for;1 dump/dmpbnk.for
get [.dump]dmpdof.for;1 dump/dmpdof.for
get [.dump]dmpdoh.for;1 dump/dmpdoh.for
get [.dump]dmpini.for;1 dump/dmpini.for
get [.dump]dmpprh.for;1 dump/dmpprh.for
get [.dump]dmppro.for;1 dump/dmppro.for
get [.dump]dmpraw.for;1 dump/dmpraw.for
get [.dump]dmpreq.for;1 dump/dmpreq.for
get [.dump]dmpscr.for;1 dump/dmpscr.for
get [.dump]dmpstu.for;1 dump/dmpstu.for
get [.dump]dmpudf.for;1 dump/dmpudf.for
get [.dump]dmpuni.for;1 dump/dmpuni.for
get [.dump]dmpusr.for;1 dump/dmpusr.for
get [.dump]dmp_onlist.for;1 dump/dmp_onlist.for
get [.dump]dmp_setnum.for;1 dump/dmp_setnum.for
get [.dump]event_dump_guide.doc;1 dump/event_dump_guide.doc
get [.event_io]compress_lzss.c;1 event_io/compress_lzss.c
get [.event_io]compress_lzw.c;1 event_io/compress_lzw.c
get [.event_io]compress_none.c;1 event_io/compress_none.c
get [.event_io]compress_zebra.for;1 event_io/compress_zebra.for
get [.event_io]compress_zebra.rcp;1 event_io/compress_zebra.rcp
get [.event_io]compress_zebra.rno;1 event_io/compress_zebra.rno
get [.event_io]compress_zebra_event.for;1 event_io/compress_zebra_event.for
get [.event_io]compress_zip.c;1 event_io/compress_zip.c
get [.event_io]drop_input.rcp;1 event_io/drop_input.rcp
get [.event_io]evdrop_input.for;1 event_io/evdrop_input.for
get [.event_io]event_file.for;1 event_io/event_file.for
get [.event_io]event_io_guide.doc;1 event_io/event_io_guide.doc
get [.event_io]event_lists.doc;1 event_io/event_lists.doc
get [.event_io]event_pick.for;1 event_io/event_pick.for
get [.event_io]event_read_ok.for;1 event_io/event_read_ok.for
get [.event_io]evinum.for;1 event_io/evinum.for
get [.event_io]evmark.for;1 event_io/evmark.for
get [.event_io]evntid.for;1 event_io/evntid.for
get [.event_io]evntok.for;1 event_io/evntok.for
get [.event_io]evonum.for;1 event_io/evonum.for
get [.event_io]evopin.for;1 event_io/evopin.for
get [.event_io]evread_header.for;1 event_io/evread_header.for
get [.event_io]evstrm.for;1 event_io/evstrm.for
get [.event_io]evtcnt.for;1 event_io/evtcnt.for
get [.event_io]evtin.for;1 event_io/evtin.for
get [.event_io]evtin2.for;1 event_io/evtin2.for
get [.event_io]evtmsg.for;1 event_io/evtmsg.for
get [.event_io]evtrd.for;1 event_io/evtrd.for
get [.event_io]evtwos.for;1 event_io/evtwos.for
get [.event_io]evt_dstdrop.for;1 event_io/evt_dstdrop.for
get [.event_io]evwrit.for;1 event_io/evwrit.for
get [.event_io]evwr_mult.for;1 event_io/evwr_mult.for
get [.event_io]evxnums.for;1 event_io/evxnums.for
get [.event_io]ev_add_to_list.for;1 event_io/ev_add_to_list.for
get [.event_io]ev_check_list.for;1 event_io/ev_check_list.for
get [.event_io]ev_merge_lists.for;1 event_io/ev_merge_lists.for
get [.event_io]ev_merge_lists.lnk;1 event_io/ev_merge_lists.lnk
get [.event_io]ev_read_from_list.for;1 event_io/ev_read_from_list.for
get [.event_io]ev_write_to_list.for;1 event_io/ev_write_to_list.for
get [.event_io]get_binf_bank.for;1 event_io/get_binf_bank.for
get [.event_io]gl_runno.for;1 event_io/gl_runno.for
get [.event_io]head_check.for;1 event_io/head_check.for
get [.event_io]hist_trig1.for;1 event_io/hist_trig1.for
get [.event_io]hist_trig2.for;1 event_io/hist_trig2.for
get [.event_io]hist_trig_book.for;1 event_io/hist_trig_book.for
get [.event_io]hist_trig_book2.for;1 event_io/hist_trig_book2.for
get [.event_io]inutag.for;1 event_io/inutag.for
get [.event_io]mc_drop_input.rcp;1 event_io/mc_drop_input.rcp
get [.event_io]oututag.for;1 event_io/oututag.for
get [.event_io]parh_check.for;1 event_io/parh_check.for
get [.event_io]pick_events.for;1 event_io/pick_events.for
get [.event_io]pick_events.rcp;1 event_io/pick_events.rcp
get [.event_io]pick_events_head.for;1 event_io/pick_events_head.for
get [.event_io]reco_filter.for;1 event_io/reco_filter.for
get [.event_io]reco_filter.rcp;1 event_io/reco_filter.rcp
get [.event_io]reco_version.for;1 event_io/reco_version.for
get [.event_io]round_floating.for;1 event_io/round_floating.for
get [.event_io]runno.for;1 event_io/runno.for
get [.event_io]special_stream.for;1 event_io/special_stream.for
get [.event_io]stream_filter.for;1 event_io/stream_filter.for
get [.event_io]stream_filter.rcp;1 event_io/stream_filter.rcp
get [.event_io]stream_filter_head.for;1 event_io/stream_filter_head.for
get [.event_io]stream_summary.for;1 event_io/stream_summary.for
get [.event_io]strip.rcp;1 event_io/strip.rcp
get [.event_io]strip_summary.for;1 event_io/strip_summary.for
get [.event_io]strip_trig.for;1 event_io/strip_trig.for
get [.event_io]strip_trig_head.for;1 event_io/strip_trig_head.for
get [.event_io]uncompress_lzss.c;1 event_io/uncompress_lzss.c
get [.event_io]uncompress_lzw.c;1 event_io/uncompress_lzw.c
get [.event_io]uncompress_none.c;1 event_io/uncompress_none.c
get [.event_io]uncompress_zebra.for;1 event_io/uncompress_zebra.for
get [.event_io]uncompress_zebra_event.for;1 event_io/uncompress_zebra_event.for
get [.event_io]uncompress_zip.c;1 event_io/uncompress_zip.c
get [.event_io]user_stream_filter.for;1 event_io/user_stream_filter.for
get [.event_io]user_stream_summary.for;1 event_io/user_stream_summary.for
get [.event_io]user_strip.for;1 event_io/user_strip.for
get [.event_io]wrevnt.for;1 event_io/wrevnt.for
get [.event_io]write_e_file.for;1 event_io/write_e_file.for
get [.event_io]zzip.c;1 event_io/zzip.c
get [.event_io]zzip.doc;1 event_io/zzip.doc
get [.event_io]zzip_bits.c;1 event_io/zzip_bits.c
get [.event_io]zzip_deflate.c;1 event_io/zzip_deflate.c
get [.event_io]zzip_inflate.c;1 event_io/zzip_inflate.c
get [.event_io]zzip_interface.c;1 event_io/zzip_interface.c
get [.event_io]zzip_trees.c;1 event_io/zzip_trees.c
Local directory now /d0library/scratch/event_util
Checking for executable shell scripts
0 menu files to fetch
0 fx files to fetch
0 fg files to fetch
0 fn files to fetch
0 rr files to fetch
0 rl files to fetch
0 re files to fetch
0 rz files to fetch
ff: file not found: /d0library/test/unix/lib/event_util_pre_release /d0library/unix/lib/event_util_pre_release /d0library/scratch/event_util/event_util_pre_release
Generating debug makefile
Library section:  event_util
Root directory:   /d0library/scratch/event_util
Scanning source files for parent library event_util
Checking uniqueness
91 source files
91 archive files
Uniqueness OK
Generating dependencies for deb_event_util.a
Generating dependencies for debug object files
Generating preprocessor dependencies
Generating source list
UX:make: WARNING: No suffix list.
	touch /d0library/scratch/event_util/dump/bitmask_stats.for
	touch /d0library/scratch/event_util/dump/bitmask_stats_write.for
	touch /d0library/scratch/event_util/event_io/compress_zebra.for
	touch /d0library/scratch/event_util/event_io/compress_zebra_event.for
	touch /d0library/scratch/event_util/dump/dmp_onlist.for
	touch /d0library/scratch/event_util/dump/dmp_setnum.for
	touch /d0library/scratch/event_util/dump/dmpany.for
	touch /d0library/scratch/event_util/dump/dmpbnk.for
	touch /d0library/scratch/event_util/dump/dmpdof.for
	touch /d0library/scratch/event_util/dump/dmpdoh.for
	touch /d0library/scratch/event_util/dump/dmpini.for
	touch /d0library/scratch/event_util/dump/dmpprh.for
	touch /d0library/scratch/event_util/dump/dmppro.for
	touch /d0library/scratch/event_util/dump/dmpraw.for
	touch /d0library/scratch/event_util/dump/dmpreq.for
	touch /d0library/scratch/event_util/dump/dmpscr.for
	touch /d0library/scratch/event_util/dump/dmpstu.for
	touch /d0library/scratch/event_util/dump/dmpudf.for
	touch /d0library/scratch/event_util/dump/dmpuni.for
	touch /d0library/scratch/event_util/dump/dmpusr.for
	touch /d0library/scratch/event_util/event_io/ev_add_to_list.for
	touch /d0library/scratch/event_util/event_io/ev_check_list.for
	touch /d0library/scratch/event_util/event_io/ev_merge_lists.for
	touch /d0library/scratch/event_util/event_io/ev_read_from_list.for
	touch /d0library/scratch/event_util/event_io/ev_write_to_list.for
	touch /d0library/scratch/event_util/event_io/evdrop_input.for
	touch /d0library/scratch/event_util/event_io/event_file.for
	touch /d0library/scratch/event_util/event_io/event_pick.for
	touch /d0library/scratch/event_util/event_io/event_read_ok.for
	touch /d0library/scratch/event_util/event_io/evinum.for
	touch /d0library/scratch/event_util/event_io/evmark.for
	touch /d0library/scratch/event_util/event_io/evntid.for
	touch /d0library/scratch/event_util/event_io/evntok.for
	touch /d0library/scratch/event_util/event_io/evonum.for
	touch /d0library/scratch/event_util/event_io/evopin.for
	touch /d0library/scratch/event_util/event_io/evread_header.for
	touch /d0library/scratch/event_util/event_io/evstrm.for
	touch /d0library/scratch/event_util/event_io/evt_dstdrop.for
	touch /d0library/scratch/event_util/event_io/evtcnt.for
	touch /d0library/scratch/event_util/event_io/evtin.for
	touch /d0library/scratch/event_util/event_io/evtin2.for
	touch /d0library/scratch/event_util/event_io/evtmsg.for
	touch /d0library/scratch/event_util/event_io/evtrd.for
	touch /d0library/scratch/event_util/event_io/evtwos.for
	touch /d0library/scratch/event_util/event_io/evwr_mult.for
	touch /d0library/scratch/event_util/event_io/evwrit.for
	touch /d0library/scratch/event_util/event_io/evxnums.for
	touch /d0library/scratch/event_util/event_io/get_binf_bank.for
	touch /d0library/scratch/event_util/event_io/gl_runno.for
	touch /d0library/scratch/event_util/event_io/head_check.for
	touch /d0library/scratch/event_util/event_io/hist_trig1.for
	touch /d0library/scratch/event_util/event_io/hist_trig2.for
	touch /d0library/scratch/event_util/event_io/hist_trig_book.for
	touch /d0library/scratch/event_util/event_io/hist_trig_book2.for
	touch /d0library/scratch/event_util/event_io/inutag.for
	touch /d0library/scratch/event_util/event_io/oututag.for
	touch /d0library/scratch/event_util/event_io/parh_check.for
	touch /d0library/scratch/event_util/event_io/pick_events.for
	touch /d0library/scratch/event_util/event_io/pick_events_head.for
	touch /d0library/scratch/event_util/event_io/reco_filter.for
	touch /d0library/scratch/event_util/event_io/reco_version.for
	touch /d0library/scratch/event_util/event_io/round_floating.for
	touch /d0library/scratch/event_util/event_io/runno.for
	touch /d0library/scratch/event_util/event_io/special_stream.for
	touch /d0library/scratch/event_util/event_io/stream_filter.for
	touch /d0library/scratch/event_util/event_io/stream_filter_head.for
	touch /d0library/scratch/event_util/event_io/stream_summary.for
	touch /d0library/scratch/event_util/event_io/strip_summary.for
	touch /d0library/scratch/event_util/event_io/strip_trig.for
	touch /d0library/scratch/event_util/event_io/strip_trig_head.for
	touch /d0library/scratch/event_util/event_io/uncompress_zebra.for
	touch /d0library/scratch/event_util/event_io/uncompress_zebra_event.for
	touch /d0library/scratch/event_util/event_io/user_stream_filter.for
	touch /d0library/scratch/event_util/event_io/user_stream_summary.for
	touch /d0library/scratch/event_util/event_io/user_strip.for
	touch /d0library/scratch/event_util/event_io/wrevnt.for
	touch /d0library/scratch/event_util/event_io/write_e_file.for
UX:make: WARNING: No suffix list.
	tasteofd0 SIUNIX < /d0library/scratch/event_util/dump/bitmask_stats.for | vmstounix > /d0library/scratch/event_util/dump/bitmask_stats.f
	tasteofd0 SIUNIX < /d0library/scratch/event_util/dump/bitmask_stats_write.for | vmstounix > /d0library/scratch/event_util/dump/bitmask_stats_write.f
	tasteofd0 SIUNIX < /d0library/scratch/event_util/event_io/compress_zebra.for | vmstounix > /d0library/scratch/event_util/event_io/compress_zebra.f
	tasteofd0 SIUNIX < /d0library/scratch/event_util/event_io/compress_zebra_event.for | vmstounix > /d0library/scratch/event_util/event_io/compress_zebra_event.f
	tasteofd0 SIUNIX < /d0library/scratch/event_util/dump/dmp_onlist.for | vmstounix > /d0library/scratch/event_util/dump/dmp_onlist.f
	tasteofd0 SIUNIX < /d0library/scratch/event_util/dump/dmp_setnum.for | vmstounix > /d0library/scratch/event_util/dump/dmp_setnum.f
	tasteofd0 SIUNIX < /d0library/scratch/event_util/dump/dmpany.for | vmstounix > /d0library/scratch/event_util/dump/dmpany.f
	tasteofd0 SIUNIX < /d0library/scratch/event_util/dump/dmpbnk.for | vmstounix > /d0library/scratch/event_util/dump/dmpbnk.f
	tasteofd0 SIUNIX < /d0library/scratch/event_util/dump/dmpdof.for | vmstounix > /d0library/scratch/event_util/dump/dmpdof.f
	tasteofd0 SIUNIX < /d0library/scratch/event_util/dump/dmpdoh.for | vmstounix > /d0library/scratch/event_util/dump/dmpdoh.f
	tasteofd0 SIUNIX < /d0library/scratch/event_util/dump/dmpini.for | vmstounix > /d0library/scratch/event_util/dump/dmpini.f
	tasteofd0 SIUNIX < /d0library/scratch/event_util/dump/dmpprh.for | vmstounix > /d0library/scratch/event_util/dump/dmpprh.f
	tasteofd0 SIUNIX < /d0library/scratch/event_util/dump/dmppro.for | vmstounix > /d0library/scratch/event_util/dump/dmppro.f
	tasteofd0 SIUNIX < /d0library/scratch/event_util/dump/dmpraw.for | vmstounix > /d0library/scratch/event_util/dump/dmpraw.f
	tasteofd0 SIUNIX < /d0library/scratch/event_util/dump/dmpreq.for | vmstounix > /d0library/scratch/event_util/dump/dmpreq.f
	tasteofd0 SIUNIX < /d0library/scratch/event_util/dump/dmpscr.for | vmstounix > /d0library/scratch/event_util/dump/dmpscr.f
	tasteofd0 SIUNIX < /d0library/scratch/event_util/dump/dmpstu.for | vmstounix > /d0library/scratch/event_util/dump/dmpstu.f
	tasteofd0 SIUNIX < /d0library/scratch/event_util/dump/dmpudf.for | vmstounix > /d0library/scratch/event_util/dump/dmpudf.f
	tasteofd0 SIUNIX < /d0library/scratch/event_util/dump/dmpuni.for | vmstounix > /d0library/scratch/event_util/dump/dmpuni.f
	tasteofd0 SIUNIX < /d0library/scratch/event_util/dump/dmpusr.for | vmstounix > /d0library/scratch/event_util/dump/dmpusr.f
	tasteofd0 SIUNIX < /d0library/scratch/event_util/event_io/ev_add_to_list.for | vmstounix > /d0library/scratch/event_util/event_io/ev_add_to_list.f
	tasteofd0 SIUNIX < /d0library/scratch/event_util/event_io/ev_check_list.for | vmstounix > /d0library/scratch/event_util/event_io/ev_check_list.f
	tasteofd0 SIUNIX < /d0library/scratch/event_util/event_io/ev_merge_lists.for | vmstounix > /d0library/scratch/event_util/event_io/ev_merge_lists.f
	tasteofd0 SIUNIX < /d0library/scratch/event_util/event_io/ev_read_from_list.for | vmstounix > /d0library/scratch/event_util/event_io/ev_read_from_list.f
	tasteofd0 SIUNIX < /d0library/scratch/event_util/event_io/ev_write_to_list.for | vmstounix > /d0library/scratch/event_util/event_io/ev_write_to_list.f
	tasteofd0 SIUNIX < /d0library/scratch/event_util/event_io/evdrop_input.for | vmstounix > /d0library/scratch/event_util/event_io/evdrop_input.f
	tasteofd0 SIUNIX < /d0library/scratch/event_util/event_io/event_file.for | vmstounix > /d0library/scratch/event_util/event_io/event_file.f
	tasteofd0 SIUNIX < /d0library/scratch/event_util/event_io/event_pick.for | vmstounix > /d0library/scratch/event_util/event_io/event_pick.f
	tasteofd0 SIUNIX < /d0library/scratch/event_util/event_io/event_read_ok.for | vmstounix > /d0library/scratch/event_util/event_io/event_read_ok.f
	tasteofd0 SIUNIX < /d0library/scratch/event_util/event_io/evinum.for | vmstounix > /d0library/scratch/event_util/event_io/evinum.f
	tasteofd0 SIUNIX < /d0library/scratch/event_util/event_io/evmark.for | vmstounix > /d0library/scratch/event_util/event_io/evmark.f
	tasteofd0 SIUNIX < /d0library/scratch/event_util/event_io/evntid.for | vmstounix > /d0library/scratch/event_util/event_io/evntid.f
	tasteofd0 SIUNIX < /d0library/scratch/event_util/event_io/evntok.for | vmstounix > /d0library/scratch/event_util/event_io/evntok.f
	tasteofd0 SIUNIX < /d0library/scratch/event_util/event_io/evonum.for | vmstounix > /d0library/scratch/event_util/event_io/evonum.f
	tasteofd0 SIUNIX < /d0library/scratch/event_util/event_io/evopin.for | vmstounix > /d0library/scratch/event_util/event_io/evopin.f
	tasteofd0 SIUNIX < /d0library/scratch/event_util/event_io/evread_header.for | vmstounix > /d0library/scratch/event_util/event_io/evread_header.f
	tasteofd0 SIUNIX < /d0library/scratch/event_util/event_io/evstrm.for | vmstounix > /d0library/scratch/event_util/event_io/evstrm.f
	tasteofd0 SIUNIX < /d0library/scratch/event_util/event_io/evt_dstdrop.for | vmstounix > /d0library/scratch/event_util/event_io/evt_dstdrop.f
	tasteofd0 SIUNIX < /d0library/scratch/event_util/event_io/evtcnt.for | vmstounix > /d0library/scratch/event_util/event_io/evtcnt.f
	tasteofd0 SIUNIX < /d0library/scratch/event_util/event_io/evtin.for | vmstounix > /d0library/scratch/event_util/event_io/evtin.f
	tasteofd0 SIUNIX < /d0library/scratch/event_util/event_io/evtin2.for | vmstounix > /d0library/scratch/event_util/event_io/evtin2.f
	tasteofd0 SIUNIX < /d0library/scratch/event_util/event_io/evtmsg.for | vmstounix > /d0library/scratch/event_util/event_io/evtmsg.f
	tasteofd0 SIUNIX < /d0library/scratch/event_util/event_io/evtrd.for | vmstounix > /d0library/scratch/event_util/event_io/evtrd.f
	tasteofd0 SIUNIX < /d0library/scratch/event_util/event_io/evtwos.for | vmstounix > /d0library/scratch/event_util/event_io/evtwos.f
	tasteofd0 SIUNIX < /d0library/scratch/event_util/event_io/evwr_mult.for | vmstounix > /d0library/scratch/event_util/event_io/evwr_mult.f
	tasteofd0 SIUNIX < /d0library/scratch/event_util/event_io/evwrit.for | vmstounix > /d0library/scratch/event_util/event_io/evwrit.f
	tasteofd0 SIUNIX < /d0library/scratch/event_util/event_io/evxnums.for | vmstounix > /d0library/scratch/event_util/event_io/evxnums.f
	tasteofd0 SIUNIX < /d0library/scratch/event_util/event_io/get_binf_bank.for | vmstounix > /d0library/scratch/event_util/event_io/get_binf_bank.f
	tasteofd0 SIUNIX < /d0library/scratch/event_util/event_io/gl_runno.for | vmstounix > /d0library/scratch/event_util/event_io/gl_runno.f
	tasteofd0 SIUNIX < /d0library/scratch/event_util/event_io/head_check.for | vmstounix > /d0library/scratch/event_util/event_io/head_check.f
	tasteofd0 SIUNIX < /d0library/scratch/event_util/event_io/hist_trig1.for | vmstounix > /d0library/scratch/event_util/event_io/hist_trig1.f
	tasteofd0 SIUNIX < /d0library/scratch/event_util/event_io/hist_trig2.for | vmstounix > /d0library/scratch/event_util/event_io/hist_trig2.f
	tasteofd0 SIUNIX < /d0library/scratch/event_util/event_io/hist_trig_book.for | vmstounix > /d0library/scratch/event_util/event_io/hist_trig_book.f
	tasteofd0 SIUNIX < /d0library/scratch/event_util/event_io/hist_trig_book2.for | vmstounix > /d0library/scratch/event_util/event_io/hist_trig_book2.f
	tasteofd0 SIUNIX < /d0library/scratch/event_util/event_io/inutag.for | vmstounix > /d0library/scratch/event_util/event_io/inutag.f
	tasteofd0 SIUNIX < /d0library/scratch/event_util/event_io/oututag.for | vmstounix > /d0library/scratch/event_util/event_io/oututag.f
	tasteofd0 SIUNIX < /d0library/scratch/event_util/event_io/parh_check.for | vmstounix > /d0library/scratch/event_util/event_io/parh_check.f
	tasteofd0 SIUNIX < /d0library/scratch/event_util/event_io/pick_events.for | vmstounix > /d0library/scratch/event_util/event_io/pick_events.f
	tasteofd0 SIUNIX < /d0library/scratch/event_util/event_io/pick_events_head.for | vmstounix > /d0library/scratch/event_util/event_io/pick_events_head.f
	tasteofd0 SIUNIX < /d0library/scratch/event_util/event_io/reco_filter.for | vmstounix > /d0library/scratch/event_util/event_io/reco_filter.f
	tasteofd0 SIUNIX < /d0library/scratch/event_util/event_io/reco_version.for | vmstounix > /d0library/scratch/event_util/event_io/reco_version.f
	tasteofd0 SIUNIX < /d0library/scratch/event_util/event_io/round_floating.for | vmstounix > /d0library/scratch/event_util/event_io/round_floating.f
	tasteofd0 SIUNIX < /d0library/scratch/event_util/event_io/runno.for | vmstounix > /d0library/scratch/event_util/event_io/runno.f
	tasteofd0 SIUNIX < /d0library/scratch/event_util/event_io/special_stream.for | vmstounix > /d0library/scratch/event_util/event_io/special_stream.f
	tasteofd0 SIUNIX < /d0library/scratch/event_util/event_io/stream_filter.for | vmstounix > /d0library/scratch/event_util/event_io/stream_filter.f
	tasteofd0 SIUNIX < /d0library/scratch/event_util/event_io/stream_filter_head.for | vmstounix > /d0library/scratch/event_util/event_io/stream_filter_head.f
	tasteofd0 SIUNIX < /d0library/scratch/event_util/event_io/stream_summary.for | vmstounix > /d0library/scratch/event_util/event_io/stream_summary.f
	tasteofd0 SIUNIX < /d0library/scratch/event_util/event_io/strip_summary.for | vmstounix > /d0library/scratch/event_util/event_io/strip_summary.f
	tasteofd0 SIUNIX < /d0library/scratch/event_util/event_io/strip_trig.for | vmstounix > /d0library/scratch/event_util/event_io/strip_trig.f
	tasteofd0 SIUNIX < /d0library/scratch/event_util/event_io/strip_trig_head.for | vmstounix > /d0library/scratch/event_util/event_io/strip_trig_head.f
	tasteofd0 SIUNIX < /d0library/scratch/event_util/event_io/uncompress_zebra.for | vmstounix > /d0library/scratch/event_util/event_io/uncompress_zebra.f
	tasteofd0 SIUNIX < /d0library/scratch/event_util/event_io/uncompress_zebra_event.for | vmstounix > /d0library/scratch/event_util/event_io/uncompress_zebra_event.f
	tasteofd0 SIUNIX < /d0library/scratch/event_util/event_io/user_stream_filter.for | vmstounix > /d0library/scratch/event_util/event_io/user_stream_filter.f
	tasteofd0 SIUNIX < /d0library/scratch/event_util/event_io/user_stream_summary.for | vmstounix > /d0library/scratch/event_util/event_io/user_stream_summary.f
	tasteofd0 SIUNIX < /d0library/scratch/event_util/event_io/user_strip.for | vmstounix > /d0library/scratch/event_util/event_io/user_strip.f
	tasteofd0 SIUNIX < /d0library/scratch/event_util/event_io/wrevnt.for | vmstounix > /d0library/scratch/event_util/event_io/wrevnt.f
	tasteofd0 SIUNIX < /d0library/scratch/event_util/event_io/write_e_file.for | vmstounix > /d0library/scratch/event_util/event_io/write_e_file.f
UX:make: WARNING: No suffix list.
	rmdirp /d0library/admin/tmp/d0librar/mmstomake/event_util/event_util
	mkdirp /d0library/admin/tmp/d0librar/mmstomake/event_util/event_util/a1
	mkdirp /d0library/admin/tmp/d0librar/mmstomake/event_util/event_util/a2
	mkdirp /d0library/admin/tmp/d0librar/mmstomake/event_util/event_util/a3
	mkdirp /d0library/admin/tmp/d0librar/mmstomake/event_util/event_util/a4
	mkdirp /d0library/admin/tmp/d0librar/mmstomake/event_util/event_util/a5
	(cd /d0library/scratch;\
	f77 -c -nocpp -static -col72 -backslash -G 0 -Olimit 2500 -Wo,-loopunroll,2 -O0 -g2 event_util/dump/bitmask_stats.f ;\
	mv bitmask_stats.o /d0library/admin/tmp/d0librar/mmstomake/event_util/event_util/a1/bitmatats411.o ;\
	)
	(cd /d0library/scratch;\
	f77 -c -nocpp -static -col72 -backslash -G 0 -Olimit 2500 -Wo,-loopunroll,2 -O0 -g2 event_util/dump/bitmask_stats_write.f ;\
	mv bitmask_stats_write.o /d0library/admin/tmp/d0librar/mmstomake/event_util/event_util/a1/bitmarite061.o ;\
	)
	(cd /d0library/scratch;\
	cc -c -dollar -G 0 -woff 275 -DD0FLAVOR=SIUNIX -Wf,-XNl8192 -I/d0library/test/unix/source -I/d0library/unix/source -I/d0library/test/c_inc -I/d0library/c_inc -O0 -g2 event_util/event_io/compress_lzss.c ;\
	mv compress_lzss.o /d0library/admin/tmp/d0librar/mmstomake/event_util/event_util/a1/comprlzss441.o ;\
	)
	(cd /d0library/scratch;\
	cc -c -dollar -G 0 -woff 275 -DD0FLAVOR=SIUNIX -Wf,-XNl8192 -I/d0library/test/unix/source -I/d0library/unix/source -I/d0library/test/c_inc -I/d0library/c_inc -O0 -g2 event_util/event_io/compress_lzw.c ;\
	mv compress_lzw.o /d0library/admin/tmp/d0librar/mmstomake/event_util/event_util/a1/compress_lzw.o ;\
	)
	(cd /d0library/scratch;\
	cc -c -dollar -G 0 -woff 275 -DD0FLAVOR=SIUNIX -Wf,-XNl8192 -I/d0library/test/unix/source -I/d0library/unix/source -I/d0library/test/c_inc -I/d0library/c_inc -O0 -g2 event_util/event_io/compress_none.c ;\
	mv compress_none.o /d0library/admin/tmp/d0librar/mmstomake/event_util/event_util/a1/comprnone413.o ;\
	)
	(cd /d0library/scratch;\
	f77 -c -nocpp -static -col72 -backslash -G 0 -Olimit 2500 -Wo,-loopunroll,2 -O0 -g2 event_util/event_io/compress_zebra.f ;\
	mv compress_zebra.o /d0library/admin/tmp/d0librar/mmstomake/event_util/event_util/a1/comprebra513.o ;\
	)
	(cd /d0library/scratch;\
	f77 -c -nocpp -static -col72 -backslash -G 0 -Olimit 2500 -Wo,-loopunroll,2 -O0 -g2 event_util/event_io/compress_zebra_event.f ;\
	mv compress_zebra_event.o /d0library/admin/tmp/d0librar/mmstomake/event_util/event_util/a1/comprvent154.o ;\
	)
	(cd /d0library/scratch;\
	cc -c -dollar -G 0 -woff 275 -DD0FLAVOR=SIUNIX -Wf,-XNl8192 -I/d0library/test/unix/source -I/d0library/unix/source -I/d0library/test/c_inc -I/d0library/c_inc -O0 -g2 event_util/event_io/compress_zip.c ;\
	mv compress_zip.o /d0library/admin/tmp/d0librar/mmstomake/event_util/event_util/a1/compress_zip.o ;\
	)
	(cd /d0library/scratch;\
	f77 -c -nocpp -static -col72 -backslash -G 0 -Olimit 2500 -Wo,-loopunroll,2 -O0 -g2 event_util/dump/dmp_onlist.f ;\
	mv dmp_onlist.o /d0library/admin/tmp/d0librar/mmstomake/event_util/event_util/a1/dmp_onlist.o ;\
	)
	(cd /d0library/scratch;\
	f77 -c -nocpp -static -col72 -backslash -G 0 -Olimit 2500 -Wo,-loopunroll,2 -O0 -g2 event_util/dump/dmp_setnum.f ;\
	mv dmp_setnum.o /d0library/admin/tmp/d0librar/mmstomake/event_util/event_util/a1/dmp_setnum.o ;\
	)
	(cd /d0library/scratch;\
	f77 -c -nocpp -static -col72 -backslash -G 0 -Olimit 2500 -Wo,-loopunroll,2 -O0 -g2 event_util/dump/dmpany.f ;\
	mv dmpany.o /d0library/admin/tmp/d0librar/mmstomake/event_util/event_util/a1/dmpany.o ;\
	)
	(cd /d0library/scratch;\
	f77 -c -nocpp -static -col72 -backslash -G 0 -Olimit 2500 -Wo,-loopunroll,2 -O0 -g2 event_util/dump/dmpbnk.f ;\
	mv dmpbnk.o /d0library/admin/tmp/d0librar/mmstomake/event_util/event_util/a1/dmpbnk.o ;\
	)
	(cd /d0library/scratch;\
	f77 -c -nocpp -static -col72 -backslash -G 0 -Olimit 2500 -Wo,-loopunroll,2 -O0 -g2 event_util/dump/dmpdof.f ;\
	mv dmpdof.o /d0library/admin/tmp/d0librar/mmstomake/event_util/event_util/a1/dmpdof.o ;\
	)
	(cd /d0library/scratch;\
	f77 -c -nocpp -static -col72 -backslash -G 0 -Olimit 2500 -Wo,-loopunroll,2 -O0 -g2 event_util/dump/dmpdoh.f ;\
	mv dmpdoh.o /d0library/admin/tmp/d0librar/mmstomake/event_util/event_util/a1/dmpdoh.o ;\
	)
	(cd /d0library/scratch;\
	f77 -c -nocpp -static -col72 -backslash -G 0 -Olimit 2500 -Wo,-loopunroll,2 -O0 -g2 event_util/dump/dmpini.f ;\
	mv dmpini.o /d0library/admin/tmp/d0librar/mmstomake/event_util/event_util/a1/dmpini.o ;\
	)
	(cd /d0library/scratch;\
	f77 -c -nocpp -static -col72 -backslash -G 0 -Olimit 2500 -Wo,-loopunroll,2 -O0 -g2 event_util/dump/dmpprh.f ;\
	mv dmpprh.o /d0library/admin/tmp/d0librar/mmstomake/event_util/event_util/a1/dmpprh.o ;\
	)
	(cd /d0library/scratch;\
	f77 -c -nocpp -static -col72 -backslash -G 0 -Olimit 2500 -Wo,-loopunroll,2 -O0 -g2 event_util/dump/dmppro.f ;\
	mv dmppro.o /d0library/admin/tmp/d0librar/mmstomake/event_util/event_util/a1/dmppro.o ;\
	)
	(cd /d0library/scratch;\
	f77 -c -nocpp -static -col72 -backslash -G 0 -Olimit 2500 -Wo,-loopunroll,2 -O0 -g2 event_util/dump/dmpraw.f ;\
	mv dmpraw.o /d0library/admin/tmp/d0librar/mmstomake/event_util/event_util/a1/dmpraw.o ;\
	)
	(cd /d0library/scratch;\
	f77 -c -nocpp -static -col72 -backslash -G 0 -Olimit 2500 -Wo,-loopunroll,2 -O0 -g2 event_util/dump/dmpreq.f ;\
	mv dmpreq.o /d0library/admin/tmp/d0librar/mmstomake/event_util/event_util/a1/dmpreq.o ;\
	)
	(cd /d0library/scratch;\
	f77 -c -nocpp -static -col72 -backslash -G 0 -Olimit 2500 -Wo,-loopunroll,2 -O0 -g2 event_util/dump/dmpscr.f ;\
	mv dmpscr.o /d0library/admin/tmp/d0librar/mmstomake/event_util/event_util/a1/dmpscr.o ;\
	)
	(cd /d0library/scratch;\
	f77 -c -nocpp -static -col72 -backslash -G 0 -Olimit 2500 -Wo,-loopunroll,2 -O0 -g2 event_util/dump/dmpstu.f ;\
	mv dmpstu.o /d0library/admin/tmp/d0librar/mmstomake/event_util/event_util/a2/dmpstu.o ;\
	)
	(cd /d0library/scratch;\
	f77 -c -nocpp -static -col72 -backslash -G 0 -Olimit 2500 -Wo,-loopunroll,2 -O0 -g2 event_util/dump/dmpudf.f ;\
	mv dmpudf.o /d0library/admin/tmp/d0librar/mmstomake/event_util/event_util/a2/dmpudf.o ;\
	)
	(cd /d0library/scratch;\
	f77 -c -nocpp -static -col72 -backslash -G 0 -Olimit 2500 -Wo,-loopunroll,2 -O0 -g2 event_util/dump/dmpuni.f ;\
	mv dmpuni.o /d0library/admin/tmp/d0librar/mmstomake/event_util/event_util/a2/dmpuni.o ;\
	)
	(cd /d0library/scratch;\
	f77 -c -nocpp -static -col72 -backslash -G 0 -Olimit 2500 -Wo,-loopunroll,2 -O0 -g2 event_util/dump/dmpusr.f ;\
	mv dmpusr.o /d0library/admin/tmp/d0librar/mmstomake/event_util/event_util/a2/dmpusr.o ;\
	)
	(cd /d0library/scratch;\
	f77 -c -nocpp -static -col72 -backslash -G 0 -Olimit 2500 -Wo,-loopunroll,2 -O0 -g2 event_util/event_io/ev_add_to_list.f ;\
	mv ev_add_to_list.o /d0library/admin/tmp/d0librar/mmstomake/event_util/event_util/a2/ev_adlist482.o ;\
	)
	(cd /d0library/scratch;\
	f77 -c -nocpp -static -col72 -backslash -G 0 -Olimit 2500 -Wo,-loopunroll,2 -O0 -g2 event_util/event_io/ev_check_list.f ;\
	mv ev_check_list.o /d0library/admin/tmp/d0librar/mmstomake/event_util/event_util/a2/ev_chlist373.o ;\
	)
	(cd /d0library/scratch;\
	f77 -c -nocpp -static -col72 -backslash -G 0 -Olimit 2500 -Wo,-loopunroll,2 -O0 -g2 event_util/event_io/ev_merge_lists.f ;\
	mv ev_merge_lists.o /d0library/admin/tmp/d0librar/mmstomake/event_util/event_util/a2/ev_meists506.o ;\
	)
	(cd /d0library/scratch;\
	f77 -c -nocpp -static -col72 -backslash -G 0 -Olimit 2500 -Wo,-loopunroll,2 -O0 -g2 event_util/event_io/ev_read_from_list.f ;\
	mv ev_read_from_list.o /d0library/admin/tmp/d0librar/mmstomake/event_util/event_util/a2/ev_relist806.o ;\
	)
	(cd /d0library/scratch;\
	f77 -c -nocpp -static -col72 -backslash -G 0 -Olimit 2500 -Wo,-loopunroll,2 -O0 -g2 event_util/event_io/ev_write_to_list.f ;\
	mv ev_write_to_list.o /d0library/admin/tmp/d0librar/mmstomake/event_util/event_util/a2/ev_wrlist740.o ;\
	)
	(cd /d0library/scratch;\
	f77 -c -nocpp -static -col72 -backslash -G 0 -Olimit 2500 -Wo,-loopunroll,2 -O0 -g2 event_util/event_io/evdrop_input.f ;\
	mv evdrop_input.o /d0library/admin/tmp/d0librar/mmstomake/event_util/event_util/a2/evdrop_input.o ;\
	)
	(cd /d0library/scratch;\
	f77 -c -nocpp -static -col72 -backslash -G 0 -Olimit 2500 -Wo,-loopunroll,2 -O0 -g2 event_util/event_io/event_file.f ;\
	mv event_file.o /d0library/admin/tmp/d0librar/mmstomake/event_util/event_util/a2/event_file.o ;\
	)
	(cd /d0library/scratch;\
	f77 -c -nocpp -static -col72 -backslash -G 0 -Olimit 2500 -Wo,-loopunroll,2 -O0 -g2 event_util/event_io/event_pick.f ;\
	mv event_pick.o /d0library/admin/tmp/d0librar/mmstomake/event_util/event_util/a2/event_pick.o ;\
	)
	(cd /d0library/scratch;\
	f77 -c -nocpp -static -col72 -backslash -G 0 -Olimit 2500 -Wo,-loopunroll,2 -O0 -g2 event_util/event_io/event_read_ok.f ;\
	mv event_read_ok.o /d0library/admin/tmp/d0librar/mmstomake/event_util/event_util/a2/eventd_ok376.o ;\
	)
	(cd /d0library/scratch;\
	f77 -c -nocpp -static -col72 -backslash -G 0 -Olimit 2500 -Wo,-loopunroll,2 -O0 -g2 event_util/event_io/evinum.f ;\
	mv evinum.o /d0library/admin/tmp/d0librar/mmstomake/event_util/event_util/a2/evinum.o ;\
	)
	(cd /d0library/scratch;\
	f77 -c -nocpp -static -col72 -backslash -G 0 -Olimit 2500 -Wo,-loopunroll,2 -O0 -g2 event_util/event_io/evmark.f ;\
	mv evmark.o /d0library/admin/tmp/d0librar/mmstomake/event_util/event_util/a2/evmark.o ;\
	)
	(cd /d0library/scratch;\
	f77 -c -nocpp -static -col72 -backslash -G 0 -Olimit 2500 -Wo,-loopunroll,2 -O0 -g2 event_util/event_io/evntid.f ;\
	mv evntid.o /d0library/admin/tmp/d0librar/mmstomake/event_util/event_util/a2/evntid.o ;\
	)
	(cd /d0library/scratch;\
	f77 -c -nocpp -static -col72 -backslash -G 0 -Olimit 2500 -Wo,-loopunroll,2 -O0 -g2 event_util/event_io/evntok.f ;\
	mv evntok.o /d0library/admin/tmp/d0librar/mmstomake/event_util/event_util/a2/evntok.o ;\
	)
	(cd /d0library/scratch;\
	f77 -c -nocpp -static -col72 -backslash -G 0 -Olimit 2500 -Wo,-loopunroll,2 -O0 -g2 event_util/event_io/evonum.f ;\
	mv evonum.o /d0library/admin/tmp/d0librar/mmstomake/event_util/event_util/a2/evonum.o ;\
	)
	(cd /d0library/scratch;\
	f77 -c -nocpp -static -col72 -backslash -G 0 -Olimit 2500 -Wo,-loopunroll,2 -O0 -g2 event_util/event_io/evopin.f ;\
	mv evopin.o /d0library/admin/tmp/d0librar/mmstomake/event_util/event_util/a2/evopin.o ;\
	)
	(cd /d0library/scratch;\
	f77 -c -nocpp -static -col72 -backslash -G 0 -Olimit 2500 -Wo,-loopunroll,2 -O0 -g2 event_util/event_io/evread_header.f ;\
	mv evread_header.o /d0library/admin/tmp/d0librar/mmstomake/event_util/event_util/a2/evreaader353.o ;\
	)
	(cd /d0library/scratch;\
	f77 -c -nocpp -static -col72 -backslash -G 0 -Olimit 2500 -Wo,-loopunroll,2 -O0 -g2 event_util/event_io/evstrm.f ;\
	mv evstrm.o /d0library/admin/tmp/d0librar/mmstomake/event_util/event_util/a3/evstrm.o ;\
	)
	(cd /d0library/scratch;\
	f77 -c -nocpp -static -col72 -backslash -G 0 -Olimit 2500 -Wo,-loopunroll,2 -O0 -g2 event_util/event_io/evt_dstdrop.f ;\
	mv evt_dstdrop.o /d0library/admin/tmp/d0librar/mmstomake/event_util/event_util/a3/evt_dstdrop.o ;\
	)
	(cd /d0library/scratch;\
	f77 -c -nocpp -static -col72 -backslash -G 0 -Olimit 2500 -Wo,-loopunroll,2 -O0 -g2 event_util/event_io/evtcnt.f ;\
	mv evtcnt.o /d0library/admin/tmp/d0librar/mmstomake/event_util/event_util/a3/evtcnt.o ;\
	)
	(cd /d0library/scratch;\
	f77 -c -nocpp -static -col72 -backslash -G 0 -Olimit 2500 -Wo,-loopunroll,2 -O0 -g2 event_util/event_io/evtin.f ;\
	mv evtin.o /d0library/admin/tmp/d0librar/mmstomake/event_util/event_util/a3/evtin.o ;\
	)
	(cd /d0library/scratch;\
	f77 -c -nocpp -static -col72 -backslash -G 0 -Olimit 2500 -Wo,-loopunroll,2 -O0 -g2 event_util/event_io/evtin2.f ;\
	mv evtin2.o /d0library/admin/tmp/d0librar/mmstomake/event_util/event_util/a3/evtin2.o ;\
	)
	(cd /d0library/scratch;\
	f77 -c -nocpp -static -col72 -backslash -G 0 -Olimit 2500 -Wo,-loopunroll,2 -O0 -g2 event_util/event_io/evtmsg.f ;\
	mv evtmsg.o /d0library/admin/tmp/d0librar/mmstomake/event_util/event_util/a3/evtmsg.o ;\
	)
	(cd /d0library/scratch;\
	f77 -c -nocpp -static -col72 -backslash -G 0 -Olimit 2500 -Wo,-loopunroll,2 -O0 -g2 event_util/event_io/evtrd.f ;\
	mv evtrd.o /d0library/admin/tmp/d0librar/mmstomake/event_util/event_util/a3/evtrd.o ;\
	)
	(cd /d0library/scratch;\
	f77 -c -nocpp -static -col72 -backslash -G 0 -Olimit 2500 -Wo,-loopunroll,2 -O0 -g2 event_util/event_io/evtwos.f ;\
	mv evtwos.o /d0library/admin/tmp/d0librar/mmstomake/event_util/event_util/a3/evtwos.o ;\
	)
	(cd /d0library/scratch;\
	f77 -c -nocpp -static -col72 -backslash -G 0 -Olimit 2500 -Wo,-loopunroll,2 -O0 -g2 event_util/event_io/evwr_mult.f ;\
	mv evwr_mult.o /d0library/admin/tmp/d0librar/mmstomake/event_util/event_util/a3/evwr_mult.o ;\
	)
	(cd /d0library/scratch;\
	f77 -c -nocpp -static -col72 -backslash -G 0 -Olimit 2500 -Wo,-loopunroll,2 -O0 -g2 event_util/event_io/evwrit.f ;\
	mv evwrit.o /d0library/admin/tmp/d0librar/mmstomake/event_util/event_util/a3/evwrit.o ;\
	)
	(cd /d0library/scratch;\
	f77 -c -nocpp -static -col72 -backslash -G 0 -Olimit 2500 -Wo,-loopunroll,2 -O0 -g2 event_util/event_io/evxnums.f ;\
	mv evxnums.o /d0library/admin/tmp/d0librar/mmstomake/event_util/event_util/a3/evxnums.o ;\
	)
	(cd /d0library/scratch;\
	f77 -c -nocpp -static -col72 -backslash -G 0 -Olimit 2500 -Wo,-loopunroll,2 -O0 -g2 event_util/event_io/get_binf_bank.f ;\
	mv get_binf_bank.o /d0library/admin/tmp/d0librar/mmstomake/event_util/event_util/a3/get_bbank347.o ;\
	)
	(cd /d0library/scratch;\
	f77 -c -nocpp -static -col72 -backslash -G 0 -Olimit 2500 -Wo,-loopunroll,2 -O0 -g2 event_util/event_io/gl_runno.f ;\
	mv gl_runno.o /d0library/admin/tmp/d0librar/mmstomake/event_util/event_util/a3/gl_runno.o ;\
	)
	(cd /d0library/scratch;\
	f77 -c -nocpp -static -col72 -backslash -G 0 -Olimit 2500 -Wo,-loopunroll,2 -O0 -g2 event_util/event_io/head_check.f ;\
	mv head_check.o /d0library/admin/tmp/d0librar/mmstomake/event_util/event_util/a3/head_check.o ;\
	)
	(cd /d0library/scratch;\
	f77 -c -nocpp -static -col72 -backslash -G 0 -Olimit 2500 -Wo,-loopunroll,2 -O0 -g2 event_util/event_io/hist_trig1.f ;\
	mv hist_trig1.o /d0library/admin/tmp/d0librar/mmstomake/event_util/event_util/a3/hist_trig1.o ;\
	)
	(cd /d0library/scratch;\
	f77 -c -nocpp -static -col72 -backslash -G 0 -Olimit 2500 -Wo,-loopunroll,2 -O0 -g2 event_util/event_io/hist_trig2.f ;\
	mv hist_trig2.o /d0library/admin/tmp/d0librar/mmstomake/event_util/event_util/a3/hist_trig2.o ;\
	)
	(cd /d0library/scratch;\
	f77 -c -nocpp -static -col72 -backslash -G 0 -Olimit 2500 -Wo,-loopunroll,2 -O0 -g2 event_util/event_io/hist_trig_book.f ;\
	mv hist_trig_book.o /d0library/admin/tmp/d0librar/mmstomake/event_util/event_util/a3/hist_book505.o ;\
	)
	(cd /d0library/scratch;\
	f77 -c -nocpp -static -col72 -backslash -G 0 -Olimit 2500 -Wo,-loopunroll,2 -O0 -g2 event_util/event_io/hist_trig_book2.f ;\
	mv hist_trig_book2.o /d0library/admin/tmp/d0librar/mmstomake/event_util/event_util/a3/hist_ook2555.o ;\
	)
	(cd /d0library/scratch;\
	f77 -c -nocpp -static -col72 -backslash -G 0 -Olimit 2500 -Wo,-loopunroll,2 -O0 -g2 event_util/event_io/inutag.f ;\
	mv inutag.o /d0library/admin/tmp/d0librar/mmstomake/event_util/event_util/a3/inutag.o ;\
	)
	(cd /d0library/scratch;\
	f77 -c -nocpp -static -col72 -backslash -G 0 -Olimit 2500 -Wo,-loopunroll,2 -O0 -g2 event_util/event_io/oututag.f ;\
	mv oututag.o /d0library/admin/tmp/d0librar/mmstomake/event_util/event_util/a3/oututag.o ;\
	)
	(cd /d0library/scratch;\
	f77 -c -nocpp -static -col72 -backslash -G 0 -Olimit 2500 -Wo,-loopunroll,2 -O0 -g2 event_util/event_io/parh_check.f ;\
	mv parh_check.o /d0library/admin/tmp/d0librar/mmstomake/event_util/event_util/a4/parh_check.o ;\
	)
	(cd /d0library/scratch;\
	f77 -c -nocpp -static -col72 -backslash -G 0 -Olimit 2500 -Wo,-loopunroll,2 -O0 -g2 event_util/event_io/pick_events.f ;\
	mv pick_events.o /d0library/admin/tmp/d0librar/mmstomake/event_util/event_util/a4/pick_events.o ;\
	)
	(cd /d0library/scratch;\
	f77 -c -nocpp -static -col72 -backslash -G 0 -Olimit 2500 -Wo,-loopunroll,2 -O0 -g2 event_util/event_io/pick_events_head.f ;\
	mv pick_events_head.o /d0library/admin/tmp/d0librar/mmstomake/event_util/event_util/a4/pick_head686.o ;\
	)
	(cd /d0library/scratch;\
	f77 -c -nocpp -static -col72 -backslash -G 0 -Olimit 2500 -Wo,-loopunroll,2 -O0 -g2 event_util/event_io/reco_filter.f ;\
	mv reco_filter.o /d0library/admin/tmp/d0librar/mmstomake/event_util/event_util/a4/reco_filter.o ;\
	)
	(cd /d0library/scratch;\
	f77 -c -nocpp -static -col72 -backslash -G 0 -Olimit 2500 -Wo,-loopunroll,2 -O0 -g2 event_util/event_io/reco_version.f ;\
	mv reco_version.o /d0library/admin/tmp/d0librar/mmstomake/event_util/event_util/a4/reco_version.o ;\
	)
	(cd /d0library/scratch;\
	f77 -c -nocpp -static -col72 -backslash -G 0 -Olimit 2500 -Wo,-loopunroll,2 -O0 -g2 event_util/event_io/round_floating.f ;\
	mv round_floating.o /d0library/admin/tmp/d0librar/mmstomake/event_util/event_util/a4/roundting509.o ;\
	)
	(cd /d0library/scratch;\
	f77 -c -nocpp -static -col72 -backslash -G 0 -Olimit 2500 -Wo,-loopunroll,2 -O0 -g2 event_util/event_io/runno.f ;\
	mv runno.o /d0library/admin/tmp/d0librar/mmstomake/event_util/event_util/a4/runno.o ;\
	)
	(cd /d0library/scratch;\
	f77 -c -nocpp -static -col72 -backslash -G 0 -Olimit 2500 -Wo,-loopunroll,2 -O0 -g2 event_util/event_io/special_stream.f ;\
	mv special_stream.o /d0library/admin/tmp/d0librar/mmstomake/event_util/event_util/a4/speciream494.o ;\
	)
	(cd /d0library/scratch;\
	f77 -c -nocpp -static -col72 -backslash -G 0 -Olimit 2500 -Wo,-loopunroll,2 -O0 -g2 event_util/event_io/stream_filter.f ;\
	mv stream_filter.o /d0library/admin/tmp/d0librar/mmstomake/event_util/event_util/a4/strealter403.o ;\
	)
	(cd /d0library/scratch;\
	f77 -c -nocpp -static -col72 -backslash -G 0 -Olimit 2500 -Wo,-loopunroll,2 -O0 -g2 event_util/event_io/stream_filter_head.f ;\
	mv stream_filter_head.o /d0library/admin/tmp/d0librar/mmstomake/event_util/event_util/a4/streahead900.o ;\
	)
	(cd /d0library/scratch;\
	f77 -c -nocpp -static -col72 -backslash -G 0 -Olimit 2500 -Wo,-loopunroll,2 -O0 -g2 event_util/event_io/stream_summary.f ;\
	mv stream_summary.o /d0library/admin/tmp/d0librar/mmstomake/event_util/event_util/a4/streamary539.o ;\
	)
	(cd /d0library/scratch;\
	f77 -c -nocpp -static -col72 -backslash -G 0 -Olimit 2500 -Wo,-loopunroll,2 -O0 -g2 event_util/event_io/strip_summary.f ;\
	mv strip_summary.o /d0library/admin/tmp/d0librar/mmstomake/event_util/event_util/a4/stripmary449.o ;\
	)
	(cd /d0library/scratch;\
	f77 -c -nocpp -static -col72 -backslash -G 0 -Olimit 2500 -Wo,-loopunroll,2 -O0 -g2 event_util/event_io/strip_trig.f ;\
	mv strip_trig.o /d0library/admin/tmp/d0librar/mmstomake/event_util/event_util/a4/strip_trig.o ;\
	)
	(cd /d0library/scratch;\
	f77 -c -nocpp -static -col72 -backslash -G 0 -Olimit 2500 -Wo,-loopunroll,2 -O0 -g2 event_util/event_io/strip_trig_head.f ;\
	mv strip_trig_head.o /d0library/admin/tmp/d0librar/mmstomake/event_util/event_util/a4/striphead602.o ;\
	)
	(cd /d0library/scratch;\
	cc -c -dollar -G 0 -woff 275 -DD0FLAVOR=SIUNIX -Wf,-XNl8192 -I/d0library/test/unix/source -I/d0library/unix/source -I/d0library/test/c_inc -I/d0library/c_inc -O0 -g2 event_util/event_io/uncompress_lzss.c ;\
	mv uncompress_lzss.o /d0library/admin/tmp/d0librar/mmstomake/event_util/event_util/a4/uncomlzss668.o ;\
	)
	(cd /d0library/scratch;\
	cc -c -dollar -G 0 -woff 275 -DD0FLAVOR=SIUNIX -Wf,-XNl8192 -I/d0library/test/unix/source -I/d0library/unix/source -I/d0library/test/c_inc -I/d0library/c_inc -O0 -g2 event_util/event_io/uncompress_lzw.c ;\
	mv uncompress_lzw.o /d0library/admin/tmp/d0librar/mmstomake/event_util/event_util/a4/uncom_lzw557.o ;\
	)
	(cd /d0library/scratch;\
	cc -c -dollar -G 0 -woff 275 -DD0FLAVOR=SIUNIX -Wf,-XNl8192 -I/d0library/test/unix/source -I/d0library/unix/source -I/d0library/test/c_inc -I/d0library/c_inc -O0 -g2 event_util/event_io/uncompress_none.c ;\
	mv uncompress_none.o /d0library/admin/tmp/d0librar/mmstomake/event_util/event_util/a4/uncomnone640.o ;\
	)
	(cd /d0library/scratch;\
	f77 -c -nocpp -static -col72 -backslash -G 0 -Olimit 2500 -Wo,-loopunroll,2 -O0 -g2 event_util/event_io/uncompress_zebra.f ;\
	mv uncompress_zebra.o /d0library/admin/tmp/d0librar/mmstomake/event_util/event_util/a4/uncomebra740.o ;\
	)
	(cd /d0library/scratch;\
	f77 -c -nocpp -static -col72 -backslash -G 0 -Olimit 2500 -Wo,-loopunroll,2 -O0 -g2 event_util/event_io/uncompress_zebra_event.f ;\
	mv uncompress_zebra_event.o /d0library/admin/tmp/d0librar/mmstomake/event_util/event_util/a4/uncomvent381.o ;\
	)
	(cd /d0library/scratch;\
	cc -c -dollar -G 0 -woff 275 -DD0FLAVOR=SIUNIX -Wf,-XNl8192 -I/d0library/test/unix/source -I/d0library/unix/source -I/d0library/test/c_inc -I/d0library/c_inc -O0 -g2 event_util/event_io/uncompress_zip.c ;\
	mv uncompress_zip.o /d0library/admin/tmp/d0librar/mmstomake/event_util/event_util/a4/uncom_zip547.o ;\
	)
	(cd /d0library/scratch;\
	f77 -c -nocpp -static -col72 -backslash -G 0 -Olimit 2500 -Wo,-loopunroll,2 -O0 -g2 event_util/event_io/user_stream_filter.f ;\
	mv user_stream_filter.o /d0library/admin/tmp/d0librar/mmstomake/event_util/event_util/a5/user_lter945.o ;\
	)
	(cd /d0library/scratch;\
	f77 -c -nocpp -static -col72 -backslash -G 0 -Olimit 2500 -Wo,-loopunroll,2 -O0 -g2 event_util/event_io/user_stream_summary.f ;\
	mv user_stream_summary.o /d0library/admin/tmp/d0librar/mmstomake/event_util/event_util/a5/user_mary081.o ;\
	)
	(cd /d0library/scratch;\
	f77 -c -nocpp -static -col72 -backslash -G 0 -Olimit 2500 -Wo,-loopunroll,2 -O0 -g2 event_util/event_io/user_strip.f ;\
	mv user_strip.o /d0library/admin/tmp/d0librar/mmstomake/event_util/event_util/a5/user_strip.o ;\
	)
	(cd /d0library/scratch;\
	f77 -c -nocpp -static -col72 -backslash -G 0 -Olimit 2500 -Wo,-loopunroll,2 -O0 -g2 event_util/event_io/wrevnt.f ;\
	mv wrevnt.o /d0library/admin/tmp/d0librar/mmstomake/event_util/event_util/a5/wrevnt.o ;\
	)
	(cd /d0library/scratch;\
	f77 -c -nocpp -static -col72 -backslash -G 0 -Olimit 2500 -Wo,-loopunroll,2 -O0 -g2 event_util/event_io/write_e_file.f ;\
	mv write_e_file.o /d0library/admin/tmp/d0librar/mmstomake/event_util/event_util/a5/write_e_file.o ;\
	)
	(cd /d0library/scratch;\
	cc -c -dollar -G 0 -woff 275 -DD0FLAVOR=SIUNIX -Wf,-XNl8192 -I/d0library/test/unix/source -I/d0library/unix/source -I/d0library/test/c_inc -I/d0library/c_inc -O0 -g2 event_util/event_io/zzip.c ;\
	mv zzip.o /d0library/admin/tmp/d0librar/mmstomake/event_util/event_util/a5/zzip.o ;\
	)
	(cd /d0library/scratch;\
	cc -c -dollar -G 0 -woff 275 -DD0FLAVOR=SIUNIX -Wf,-XNl8192 -I/d0library/test/unix/source -I/d0library/unix/source -I/d0library/test/c_inc -I/d0library/c_inc -O0 -g2 event_util/event_io/zzip_bits.c ;\
	mv zzip_bits.o /d0library/admin/tmp/d0librar/mmstomake/event_util/event_util/a5/zzip_bits.o ;\
	)
	(cd /d0library/scratch;\
	cc -c -dollar -G 0 -woff 275 -DD0FLAVOR=SIUNIX -Wf,-XNl8192 -I/d0library/test/unix/source -I/d0library/unix/source -I/d0library/test/c_inc -I/d0library/c_inc -O0 -g2 event_util/event_io/zzip_deflate.c ;\
	mv zzip_deflate.o /d0library/admin/tmp/d0librar/mmstomake/event_util/event_util/a5/zzip_deflate.o ;\
	)
	(cd /d0library/scratch;\
	cc -c -dollar -G 0 -woff 275 -DD0FLAVOR=SIUNIX -Wf,-XNl8192 -I/d0library/test/unix/source -I/d0library/unix/source -I/d0library/test/c_inc -I/d0library/c_inc -O0 -g2 event_util/event_io/zzip_inflate.c ;\
	mv zzip_inflate.o /d0library/admin/tmp/d0librar/mmstomake/event_util/event_util/a5/zzip_inflate.o ;\
	)
	(cd /d0library/scratch;\
	cc -c -dollar -G 0 -woff 275 -DD0FLAVOR=SIUNIX -Wf,-XNl8192 -I/d0library/test/unix/source -I/d0library/unix/source -I/d0library/test/c_inc -I/d0library/c_inc -O0 -g2 event_util/event_io/zzip_interface.c ;\
	mv zzip_interface.o /d0library/admin/tmp/d0librar/mmstomake/event_util/event_util/a5/zzip_face511.o ;\
	)
	(cd /d0library/scratch;\
	cc -c -dollar -G 0 -woff 275 -DD0FLAVOR=SIUNIX -Wf,-XNl8192 -I/d0library/test/unix/source -I/d0library/unix/source -I/d0library/test/c_inc -I/d0library/c_inc -O0 -g2 event_util/event_io/zzip_trees.c ;\
	mv zzip_trees.o /d0library/admin/tmp/d0librar/mmstomake/event_util/event_util/a5/zzip_trees.o ;\
	)
	ar crsl /d0library/scratch/event_util/deb_event_util.a `ls /d0library/admin/tmp/d0librar/mmstomake/event_util/event_util/a1/*.o 2> /dev/null`
	ar crsl /d0library/scratch/event_util/deb_event_util.a `ls /d0library/admin/tmp/d0librar/mmstomake/event_util/event_util/a2/*.o 2> /dev/null`
	ar crsl /d0library/scratch/event_util/deb_event_util.a `ls /d0library/admin/tmp/d0librar/mmstomake/event_util/event_util/a3/*.o 2> /dev/null`
	ar crsl /d0library/scratch/event_util/deb_event_util.a `ls /d0library/admin/tmp/d0librar/mmstomake/event_util/event_util/a4/*.o 2> /dev/null`
	ar crsl /d0library/scratch/event_util/deb_event_util.a `ls /d0library/admin/tmp/d0librar/mmstomake/event_util/event_util/a5/*.o 2> /dev/null`
	rmdirp /d0library/admin/tmp/d0librar/mmstomake/event_util/event_util
deb_event_util.a is up to date
Generating non-debug makefile
Library section:  event_util
Root directory:   /d0library/scratch/event_util
Scanning source files for parent library event_util
Checking uniqueness
91 source files
91 archive files
Uniqueness OK
Generating dependencies for event_util.a
Generating dependencies for non-debug object files
Generating preprocessor dependencies
Generating source list
UX:make: WARNING: No suffix list.
	rmdirp /d0library/admin/tmp/d0librar/mmstomake/event_util/event_util
	mkdirp /d0library/admin/tmp/d0librar/mmstomake/event_util/event_util/a1
	mkdirp /d0library/admin/tmp/d0librar/mmstomake/event_util/event_util/a2
	mkdirp /d0library/admin/tmp/d0librar/mmstomake/event_util/event_util/a3
	mkdirp /d0library/admin/tmp/d0librar/mmstomake/event_util/event_util/a4
	mkdirp /d0library/admin/tmp/d0librar/mmstomake/event_util/event_util/a5
	(cd /d0library/scratch;\
	f77 -c -nocpp -static -col72 -backslash -G 0 -Olimit 2500 -Wo,-loopunroll,2 -O2 event_util/dump/bitmask_stats.f ;\
	mv bitmask_stats.o /d0library/admin/tmp/d0librar/mmstomake/event_util/event_util/a1/bitmatats411.o ;\
	)
	(cd /d0library/scratch;\
	f77 -c -nocpp -static -col72 -backslash -G 0 -Olimit 2500 -Wo,-loopunroll,2 -O2 event_util/dump/bitmask_stats_write.f ;\
	mv bitmask_stats_write.o /d0library/admin/tmp/d0librar/mmstomake/event_util/event_util/a1/bitmarite061.o ;\
	)
	(cd /d0library/scratch;\
	cc -c -dollar -G 0 -woff 275 -DD0FLAVOR=SIUNIX -Wf,-XNl8192 -I/d0library/test/unix/source -I/d0library/unix/source -I/d0library/test/c_inc -I/d0library/c_inc -O2 event_util/event_io/compress_lzss.c ;\
	mv compress_lzss.o /d0library/admin/tmp/d0librar/mmstomake/event_util/event_util/a1/comprlzss441.o ;\
	)
	(cd /d0library/scratch;\
	cc -c -dollar -G 0 -woff 275 -DD0FLAVOR=SIUNIX -Wf,-XNl8192 -I/d0library/test/unix/source -I/d0library/unix/source -I/d0library/test/c_inc -I/d0library/c_inc -O2 event_util/event_io/compress_lzw.c ;\
	mv compress_lzw.o /d0library/admin/tmp/d0librar/mmstomake/event_util/event_util/a1/compress_lzw.o ;\
	)
	(cd /d0library/scratch;\
	cc -c -dollar -G 0 -woff 275 -DD0FLAVOR=SIUNIX -Wf,-XNl8192 -I/d0library/test/unix/source -I/d0library/unix/source -I/d0library/test/c_inc -I/d0library/c_inc -O2 event_util/event_io/compress_none.c ;\
	mv compress_none.o /d0library/admin/tmp/d0librar/mmstomake/event_util/event_util/a1/comprnone413.o ;\
	)
	(cd /d0library/scratch;\
	f77 -c -nocpp -static -col72 -backslash -G 0 -Olimit 2500 -Wo,-loopunroll,2 -O2 event_util/event_io/compress_zebra.f ;\
	mv compress_zebra.o /d0library/admin/tmp/d0librar/mmstomake/event_util/event_util/a1/comprebra513.o ;\
	)
	(cd /d0library/scratch;\
	f77 -c -nocpp -static -col72 -backslash -G 0 -Olimit 2500 -Wo,-loopunroll,2 -O2 event_util/event_io/compress_zebra_event.f ;\
	mv compress_zebra_event.o /d0library/admin/tmp/d0librar/mmstomake/event_util/event_util/a1/comprvent154.o ;\
	)
	(cd /d0library/scratch;\
	cc -c -dollar -G 0 -woff 275 -DD0FLAVOR=SIUNIX -Wf,-XNl8192 -I/d0library/test/unix/source -I/d0library/unix/source -I/d0library/test/c_inc -I/d0library/c_inc -O2 event_util/event_io/compress_zip.c ;\
	mv compress_zip.o /d0library/admin/tmp/d0librar/mmstomake/event_util/event_util/a1/compress_zip.o ;\
	)
	(cd /d0library/scratch;\
	f77 -c -nocpp -static -col72 -backslash -G 0 -Olimit 2500 -Wo,-loopunroll,2 -O2 event_util/dump/dmp_onlist.f ;\
	mv dmp_onlist.o /d0library/admin/tmp/d0librar/mmstomake/event_util/event_util/a1/dmp_onlist.o ;\
	)
	(cd /d0library/scratch;\
	f77 -c -nocpp -static -col72 -backslash -G 0 -Olimit 2500 -Wo,-loopunroll,2 -O2 event_util/dump/dmp_setnum.f ;\
	mv dmp_setnum.o /d0library/admin/tmp/d0librar/mmstomake/event_util/event_util/a1/dmp_setnum.o ;\
	)
	(cd /d0library/scratch;\
	f77 -c -nocpp -static -col72 -backslash -G 0 -Olimit 2500 -Wo,-loopunroll,2 -O2 event_util/dump/dmpany.f ;\
	mv dmpany.o /d0library/admin/tmp/d0librar/mmstomake/event_util/event_util/a1/dmpany.o ;\
	)
	(cd /d0library/scratch;\
	f77 -c -nocpp -static -col72 -backslash -G 0 -Olimit 2500 -Wo,-loopunroll,2 -O2 event_util/dump/dmpbnk.f ;\
	mv dmpbnk.o /d0library/admin/tmp/d0librar/mmstomake/event_util/event_util/a1/dmpbnk.o ;\
	)
	(cd /d0library/scratch;\
	f77 -c -nocpp -static -col72 -backslash -G 0 -Olimit 2500 -Wo,-loopunroll,2 -O2 event_util/dump/dmpdof.f ;\
	mv dmpdof.o /d0library/admin/tmp/d0librar/mmstomake/event_util/event_util/a1/dmpdof.o ;\
	)
	(cd /d0library/scratch;\
	f77 -c -nocpp -static -col72 -backslash -G 0 -Olimit 2500 -Wo,-loopunroll,2 -O2 event_util/dump/dmpdoh.f ;\
	mv dmpdoh.o /d0library/admin/tmp/d0librar/mmstomake/event_util/event_util/a1/dmpdoh.o ;\
	)
	(cd /d0library/scratch;\
	f77 -c -nocpp -static -col72 -backslash -G 0 -Olimit 2500 -Wo,-loopunroll,2 -O2 event_util/dump/dmpini.f ;\
	mv dmpini.o /d0library/admin/tmp/d0librar/mmstomake/event_util/event_util/a1/dmpini.o ;\
	)
	(cd /d0library/scratch;\
	f77 -c -nocpp -static -col72 -backslash -G 0 -Olimit 2500 -Wo,-loopunroll,2 -O2 event_util/dump/dmpprh.f ;\
	mv dmpprh.o /d0library/admin/tmp/d0librar/mmstomake/event_util/event_util/a1/dmpprh.o ;\
	)
	(cd /d0library/scratch;\
	f77 -c -nocpp -static -col72 -backslash -G 0 -Olimit 2500 -Wo,-loopunroll,2 -O2 event_util/dump/dmppro.f ;\
	mv dmppro.o /d0library/admin/tmp/d0librar/mmstomake/event_util/event_util/a1/dmppro.o ;\
	)
	(cd /d0library/scratch;\
	f77 -c -nocpp -static -col72 -backslash -G 0 -Olimit 2500 -Wo,-loopunroll,2 -O2 event_util/dump/dmpraw.f ;\
	mv dmpraw.o /d0library/admin/tmp/d0librar/mmstomake/event_util/event_util/a1/dmpraw.o ;\
	)
	(cd /d0library/scratch;\
	f77 -c -nocpp -static -col72 -backslash -G 0 -Olimit 2500 -Wo,-loopunroll,2 -O2 event_util/dump/dmpreq.f ;\
	mv dmpreq.o /d0library/admin/tmp/d0librar/mmstomake/event_util/event_util/a1/dmpreq.o ;\
	)
	(cd /d0library/scratch;\
	f77 -c -nocpp -static -col72 -backslash -G 0 -Olimit 2500 -Wo,-loopunroll,2 -O2 event_util/dump/dmpscr.f ;\
	mv dmpscr.o /d0library/admin/tmp/d0librar/mmstomake/event_util/event_util/a1/dmpscr.o ;\
	)
	(cd /d0library/scratch;\
	f77 -c -nocpp -static -col72 -backslash -G 0 -Olimit 2500 -Wo,-loopunroll,2 -O2 event_util/dump/dmpstu.f ;\
	mv dmpstu.o /d0library/admin/tmp/d0librar/mmstomake/event_util/event_util/a2/dmpstu.o ;\
	)
	(cd /d0library/scratch;\
	f77 -c -nocpp -static -col72 -backslash -G 0 -Olimit 2500 -Wo,-loopunroll,2 -O2 event_util/dump/dmpudf.f ;\
	mv dmpudf.o /d0library/admin/tmp/d0librar/mmstomake/event_util/event_util/a2/dmpudf.o ;\
	)
	(cd /d0library/scratch;\
	f77 -c -nocpp -static -col72 -backslash -G 0 -Olimit 2500 -Wo,-loopunroll,2 -O2 event_util/dump/dmpuni.f ;\
	mv dmpuni.o /d0library/admin/tmp/d0librar/mmstomake/event_util/event_util/a2/dmpuni.o ;\
	)
	(cd /d0library/scratch;\
	f77 -c -nocpp -static -col72 -backslash -G 0 -Olimit 2500 -Wo,-loopunroll,2 -O2 event_util/dump/dmpusr.f ;\
	mv dmpusr.o /d0library/admin/tmp/d0librar/mmstomake/event_util/event_util/a2/dmpusr.o ;\
	)
	(cd /d0library/scratch;\
	f77 -c -nocpp -static -col72 -backslash -G 0 -Olimit 2500 -Wo,-loopunroll,2 -O2 event_util/event_io/ev_add_to_list.f ;\
	mv ev_add_to_list.o /d0library/admin/tmp/d0librar/mmstomake/event_util/event_util/a2/ev_adlist482.o ;\
	)
	(cd /d0library/scratch;\
	f77 -c -nocpp -static -col72 -backslash -G 0 -Olimit 2500 -Wo,-loopunroll,2 -O2 event_util/event_io/ev_check_list.f ;\
	mv ev_check_list.o /d0library/admin/tmp/d0librar/mmstomake/event_util/event_util/a2/ev_chlist373.o ;\
	)
	(cd /d0library/scratch;\
	f77 -c -nocpp -static -col72 -backslash -G 0 -Olimit 2500 -Wo,-loopunroll,2 -O2 event_util/event_io/ev_merge_lists.f ;\
	mv ev_merge_lists.o /d0library/admin/tmp/d0librar/mmstomake/event_util/event_util/a2/ev_meists506.o ;\
	)
	(cd /d0library/scratch;\
	f77 -c -nocpp -static -col72 -backslash -G 0 -Olimit 2500 -Wo,-loopunroll,2 -O2 event_util/event_io/ev_read_from_list.f ;\
	mv ev_read_from_list.o /d0library/admin/tmp/d0librar/mmstomake/event_util/event_util/a2/ev_relist806.o ;\
	)
	(cd /d0library/scratch;\
	f77 -c -nocpp -static -col72 -backslash -G 0 -Olimit 2500 -Wo,-loopunroll,2 -O2 event_util/event_io/ev_write_to_list.f ;\
	mv ev_write_to_list.o /d0library/admin/tmp/d0librar/mmstomake/event_util/event_util/a2/ev_wrlist740.o ;\
	)
	(cd /d0library/scratch;\
	f77 -c -nocpp -static -col72 -backslash -G 0 -Olimit 2500 -Wo,-loopunroll,2 -O2 event_util/event_io/evdrop_input.f ;\
	mv evdrop_input.o /d0library/admin/tmp/d0librar/mmstomake/event_util/event_util/a2/evdrop_input.o ;\
	)
	(cd /d0library/scratch;\
	f77 -c -nocpp -static -col72 -backslash -G 0 -Olimit 2500 -Wo,-loopunroll,2 -O2 event_util/event_io/event_file.f ;\
	mv event_file.o /d0library/admin/tmp/d0librar/mmstomake/event_util/event_util/a2/event_file.o ;\
	)
	(cd /d0library/scratch;\
	f77 -c -nocpp -static -col72 -backslash -G 0 -Olimit 2500 -Wo,-loopunroll,2 -O2 event_util/event_io/event_pick.f ;\
	mv event_pick.o /d0library/admin/tmp/d0librar/mmstomake/event_util/event_util/a2/event_pick.o ;\
	)
	(cd /d0library/scratch;\
	f77 -c -nocpp -static -col72 -backslash -G 0 -Olimit 2500 -Wo,-loopunroll,2 -O2 event_util/event_io/event_read_ok.f ;\
	mv event_read_ok.o /d0library/admin/tmp/d0librar/mmstomake/event_util/event_util/a2/eventd_ok376.o ;\
	)
	(cd /d0library/scratch;\
	f77 -c -nocpp -static -col72 -backslash -G 0 -Olimit 2500 -Wo,-loopunroll,2 -O2 event_util/event_io/evinum.f ;\
	mv evinum.o /d0library/admin/tmp/d0librar/mmstomake/event_util/event_util/a2/evinum.o ;\
	)
	(cd /d0library/scratch;\
	f77 -c -nocpp -static -col72 -backslash -G 0 -Olimit 2500 -Wo,-loopunroll,2 -O2 event_util/event_io/evmark.f ;\
	mv evmark.o /d0library/admin/tmp/d0librar/mmstomake/event_util/event_util/a2/evmark.o ;\
	)
	(cd /d0library/scratch;\
	f77 -c -nocpp -static -col72 -backslash -G 0 -Olimit 2500 -Wo,-loopunroll,2 -O2 event_util/event_io/evntid.f ;\
	mv evntid.o /d0library/admin/tmp/d0librar/mmstomake/event_util/event_util/a2/evntid.o ;\
	)
	(cd /d0library/scratch;\
	f77 -c -nocpp -static -col72 -backslash -G 0 -Olimit 2500 -Wo,-loopunroll,2 -O2 event_util/event_io/evntok.f ;\
	mv evntok.o /d0library/admin/tmp/d0librar/mmstomake/event_util/event_util/a2/evntok.o ;\
	)
	(cd /d0library/scratch;\
	f77 -c -nocpp -static -col72 -backslash -G 0 -Olimit 2500 -Wo,-loopunroll,2 -O2 event_util/event_io/evonum.f ;\
	mv evonum.o /d0library/admin/tmp/d0librar/mmstomake/event_util/event_util/a2/evonum.o ;\
	)
	(cd /d0library/scratch;\
	f77 -c -nocpp -static -col72 -backslash -G 0 -Olimit 2500 -Wo,-loopunroll,2 -O2 event_util/event_io/evopin.f ;\
	mv evopin.o /d0library/admin/tmp/d0librar/mmstomake/event_util/event_util/a2/evopin.o ;\
	)
	(cd /d0library/scratch;\
	f77 -c -nocpp -static -col72 -backslash -G 0 -Olimit 2500 -Wo,-loopunroll,2 -O2 event_util/event_io/evread_header.f ;\
	mv evread_header.o /d0library/admin/tmp/d0librar/mmstomake/event_util/event_util/a2/evreaader353.o ;\
	)
	(cd /d0library/scratch;\
	f77 -c -nocpp -static -col72 -backslash -G 0 -Olimit 2500 -Wo,-loopunroll,2 -O2 event_util/event_io/evstrm.f ;\
	mv evstrm.o /d0library/admin/tmp/d0librar/mmstomake/event_util/event_util/a3/evstrm.o ;\
	)
	(cd /d0library/scratch;\
	f77 -c -nocpp -static -col72 -backslash -G 0 -Olimit 2500 -Wo,-loopunroll,2 -O2 event_util/event_io/evt_dstdrop.f ;\
	mv evt_dstdrop.o /d0library/admin/tmp/d0librar/mmstomake/event_util/event_util/a3/evt_dstdrop.o ;\
	)
	(cd /d0library/scratch;\
	f77 -c -nocpp -static -col72 -backslash -G 0 -Olimit 2500 -Wo,-loopunroll,2 -O2 event_util/event_io/evtcnt.f ;\
	mv evtcnt.o /d0library/admin/tmp/d0librar/mmstomake/event_util/event_util/a3/evtcnt.o ;\
	)
	(cd /d0library/scratch;\
	f77 -c -nocpp -static -col72 -backslash -G 0 -Olimit 2500 -Wo,-loopunroll,2 -O2 event_util/event_io/evtin.f ;\
	mv evtin.o /d0library/admin/tmp/d0librar/mmstomake/event_util/event_util/a3/evtin.o ;\
	)
	(cd /d0library/scratch;\
	f77 -c -nocpp -static -col72 -backslash -G 0 -Olimit 2500 -Wo,-loopunroll,2 -O2 event_util/event_io/evtin2.f ;\
	mv evtin2.o /d0library/admin/tmp/d0librar/mmstomake/event_util/event_util/a3/evtin2.o ;\
	)
	(cd /d0library/scratch;\
	f77 -c -nocpp -static -col72 -backslash -G 0 -Olimit 2500 -Wo,-loopunroll,2 -O2 event_util/event_io/evtmsg.f ;\
	mv evtmsg.o /d0library/admin/tmp/d0librar/mmstomake/event_util/event_util/a3/evtmsg.o ;\
	)
	(cd /d0library/scratch;\
	f77 -c -nocpp -static -col72 -backslash -G 0 -Olimit 2500 -Wo,-loopunroll,2 -O2 event_util/event_io/evtrd.f ;\
	mv evtrd.o /d0library/admin/tmp/d0librar/mmstomake/event_util/event_util/a3/evtrd.o ;\
	)
	(cd /d0library/scratch;\
	f77 -c -nocpp -static -col72 -backslash -G 0 -Olimit 2500 -Wo,-loopunroll,2 -O2 event_util/event_io/evtwos.f ;\
	mv evtwos.o /d0library/admin/tmp/d0librar/mmstomake/event_util/event_util/a3/evtwos.o ;\
	)
	(cd /d0library/scratch;\
	f77 -c -nocpp -static -col72 -backslash -G 0 -Olimit 2500 -Wo,-loopunroll,2 -O2 event_util/event_io/evwr_mult.f ;\
	mv evwr_mult.o /d0library/admin/tmp/d0librar/mmstomake/event_util/event_util/a3/evwr_mult.o ;\
	)
	(cd /d0library/scratch;\
	f77 -c -nocpp -static -col72 -backslash -G 0 -Olimit 2500 -Wo,-loopunroll,2 -O2 event_util/event_io/evwrit.f ;\
	mv evwrit.o /d0library/admin/tmp/d0librar/mmstomake/event_util/event_util/a3/evwrit.o ;\
	)
	(cd /d0library/scratch;\
	f77 -c -nocpp -static -col72 -backslash -G 0 -Olimit 2500 -Wo,-loopunroll,2 -O2 event_util/event_io/evxnums.f ;\
	mv evxnums.o /d0library/admin/tmp/d0librar/mmstomake/event_util/event_util/a3/evxnums.o ;\
	)
	(cd /d0library/scratch;\
	f77 -c -nocpp -static -col72 -backslash -G 0 -Olimit 2500 -Wo,-loopunroll,2 -O2 event_util/event_io/get_binf_bank.f ;\
	mv get_binf_bank.o /d0library/admin/tmp/d0librar/mmstomake/event_util/event_util/a3/get_bbank347.o ;\
	)
	(cd /d0library/scratch;\
	f77 -c -nocpp -static -col72 -backslash -G 0 -Olimit 2500 -Wo,-loopunroll,2 -O2 event_util/event_io/gl_runno.f ;\
	mv gl_runno.o /d0library/admin/tmp/d0librar/mmstomake/event_util/event_util/a3/gl_runno.o ;\
	)
	(cd /d0library/scratch;\
	f77 -c -nocpp -static -col72 -backslash -G 0 -Olimit 2500 -Wo,-loopunroll,2 -O2 event_util/event_io/head_check.f ;\
	mv head_check.o /d0library/admin/tmp/d0librar/mmstomake/event_util/event_util/a3/head_check.o ;\
	)
	(cd /d0library/scratch;\
	f77 -c -nocpp -static -col72 -backslash -G 0 -Olimit 2500 -Wo,-loopunroll,2 -O2 event_util/event_io/hist_trig1.f ;\
	mv hist_trig1.o /d0library/admin/tmp/d0librar/mmstomake/event_util/event_util/a3/hist_trig1.o ;\
	)
	(cd /d0library/scratch;\
	f77 -c -nocpp -static -col72 -backslash -G 0 -Olimit 2500 -Wo,-loopunroll,2 -O2 event_util/event_io/hist_trig2.f ;\
	mv hist_trig2.o /d0library/admin/tmp/d0librar/mmstomake/event_util/event_util/a3/hist_trig2.o ;\
	)
	(cd /d0library/scratch;\
	f77 -c -nocpp -static -col72 -backslash -G 0 -Olimit 2500 -Wo,-loopunroll,2 -O2 event_util/event_io/hist_trig_book.f ;\
	mv hist_trig_book.o /d0library/admin/tmp/d0librar/mmstomake/event_util/event_util/a3/hist_book505.o ;\
	)
	(cd /d0library/scratch;\
	f77 -c -nocpp -static -col72 -backslash -G 0 -Olimit 2500 -Wo,-loopunroll,2 -O2 event_util/event_io/hist_trig_book2.f ;\
	mv hist_trig_book2.o /d0library/admin/tmp/d0librar/mmstomake/event_util/event_util/a3/hist_ook2555.o ;\
	)
	(cd /d0library/scratch;\
	f77 -c -nocpp -static -col72 -backslash -G 0 -Olimit 2500 -Wo,-loopunroll,2 -O2 event_util/event_io/inutag.f ;\
	mv inutag.o /d0library/admin/tmp/d0librar/mmstomake/event_util/event_util/a3/inutag.o ;\
	)
	(cd /d0library/scratch;\
	f77 -c -nocpp -static -col72 -backslash -G 0 -Olimit 2500 -Wo,-loopunroll,2 -O2 event_util/event_io/oututag.f ;\
	mv oututag.o /d0library/admin/tmp/d0librar/mmstomake/event_util/event_util/a3/oututag.o ;\
	)
	(cd /d0library/scratch;\
	f77 -c -nocpp -static -col72 -backslash -G 0 -Olimit 2500 -Wo,-loopunroll,2 -O2 event_util/event_io/parh_check.f ;\
	mv parh_check.o /d0library/admin/tmp/d0librar/mmstomake/event_util/event_util/a4/parh_check.o ;\
	)
	(cd /d0library/scratch;\
	f77 -c -nocpp -static -col72 -backslash -G 0 -Olimit 2500 -Wo,-loopunroll,2 -O2 event_util/event_io/pick_events.f ;\
	mv pick_events.o /d0library/admin/tmp/d0librar/mmstomake/event_util/event_util/a4/pick_events.o ;\
	)
	(cd /d0library/scratch;\
	f77 -c -nocpp -static -col72 -backslash -G 0 -Olimit 2500 -Wo,-loopunroll,2 -O2 event_util/event_io/pick_events_head.f ;\
	mv pick_events_head.o /d0library/admin/tmp/d0librar/mmstomake/event_util/event_util/a4/pick_head686.o ;\
	)
	(cd /d0library/scratch;\
	f77 -c -nocpp -static -col72 -backslash -G 0 -Olimit 2500 -Wo,-loopunroll,2 -O2 event_util/event_io/reco_filter.f ;\
	mv reco_filter.o /d0library/admin/tmp/d0librar/mmstomake/event_util/event_util/a4/reco_filter.o ;\
	)
	(cd /d0library/scratch;\
	f77 -c -nocpp -static -col72 -backslash -G 0 -Olimit 2500 -Wo,-loopunroll,2 -O2 event_util/event_io/reco_version.f ;\
	mv reco_version.o /d0library/admin/tmp/d0librar/mmstomake/event_util/event_util/a4/reco_version.o ;\
	)
	(cd /d0library/scratch;\
	f77 -c -nocpp -static -col72 -backslash -G 0 -Olimit 2500 -Wo,-loopunroll,2 -O2 event_util/event_io/round_floating.f ;\
	mv round_floating.o /d0library/admin/tmp/d0librar/mmstomake/event_util/event_util/a4/roundting509.o ;\
	)
	(cd /d0library/scratch;\
	f77 -c -nocpp -static -col72 -backslash -G 0 -Olimit 2500 -Wo,-loopunroll,2 -O2 event_util/event_io/runno.f ;\
	mv runno.o /d0library/admin/tmp/d0librar/mmstomake/event_util/event_util/a4/runno.o ;\
	)
	(cd /d0library/scratch;\
	f77 -c -nocpp -static -col72 -backslash -G 0 -Olimit 2500 -Wo,-loopunroll,2 -O2 event_util/event_io/special_stream.f ;\
	mv special_stream.o /d0library/admin/tmp/d0librar/mmstomake/event_util/event_util/a4/speciream494.o ;\
	)
	(cd /d0library/scratch;\
	f77 -c -nocpp -static -col72 -backslash -G 0 -Olimit 2500 -Wo,-loopunroll,2 -O2 event_util/event_io/stream_filter.f ;\
	mv stream_filter.o /d0library/admin/tmp/d0librar/mmstomake/event_util/event_util/a4/strealter403.o ;\
	)
	(cd /d0library/scratch;\
	f77 -c -nocpp -static -col72 -backslash -G 0 -Olimit 2500 -Wo,-loopunroll,2 -O2 event_util/event_io/stream_filter_head.f ;\
	mv stream_filter_head.o /d0library/admin/tmp/d0librar/mmstomake/event_util/event_util/a4/streahead900.o ;\
	)
	(cd /d0library/scratch;\
	f77 -c -nocpp -static -col72 -backslash -G 0 -Olimit 2500 -Wo,-loopunroll,2 -O2 event_util/event_io/stream_summary.f ;\
	mv stream_summary.o /d0library/admin/tmp/d0librar/mmstomake/event_util/event_util/a4/streamary539.o ;\
	)
	(cd /d0library/scratch;\
	f77 -c -nocpp -static -col72 -backslash -G 0 -Olimit 2500 -Wo,-loopunroll,2 -O2 event_util/event_io/strip_summary.f ;\
	mv strip_summary.o /d0library/admin/tmp/d0librar/mmstomake/event_util/event_util/a4/stripmary449.o ;\
	)
	(cd /d0library/scratch;\
	f77 -c -nocpp -static -col72 -backslash -G 0 -Olimit 2500 -Wo,-loopunroll,2 -O2 event_util/event_io/strip_trig.f ;\
	mv strip_trig.o /d0library/admin/tmp/d0librar/mmstomake/event_util/event_util/a4/strip_trig.o ;\
	)
	(cd /d0library/scratch;\
	f77 -c -nocpp -static -col72 -backslash -G 0 -Olimit 2500 -Wo,-loopunroll,2 -O2 event_util/event_io/strip_trig_head.f ;\
	mv strip_trig_head.o /d0library/admin/tmp/d0librar/mmstomake/event_util/event_util/a4/striphead602.o ;\
	)
	(cd /d0library/scratch;\
	cc -c -dollar -G 0 -woff 275 -DD0FLAVOR=SIUNIX -Wf,-XNl8192 -I/d0library/test/unix/source -I/d0library/unix/source -I/d0library/test/c_inc -I/d0library/c_inc -O2 event_util/event_io/uncompress_lzss.c ;\
	mv uncompress_lzss.o /d0library/admin/tmp/d0librar/mmstomake/event_util/event_util/a4/uncomlzss668.o ;\
	)
	(cd /d0library/scratch;\
	cc -c -dollar -G 0 -woff 275 -DD0FLAVOR=SIUNIX -Wf,-XNl8192 -I/d0library/test/unix/source -I/d0library/unix/source -I/d0library/test/c_inc -I/d0library/c_inc -O2 event_util/event_io/uncompress_lzw.c ;\
	mv uncompress_lzw.o /d0library/admin/tmp/d0librar/mmstomake/event_util/event_util/a4/uncom_lzw557.o ;\
	)
	(cd /d0library/scratch;\
	cc -c -dollar -G 0 -woff 275 -DD0FLAVOR=SIUNIX -Wf,-XNl8192 -I/d0library/test/unix/source -I/d0library/unix/source -I/d0library/test/c_inc -I/d0library/c_inc -O2 event_util/event_io/uncompress_none.c ;\
	mv uncompress_none.o /d0library/admin/tmp/d0librar/mmstomake/event_util/event_util/a4/uncomnone640.o ;\
	)
	(cd /d0library/scratch;\
	f77 -c -nocpp -static -col72 -backslash -G 0 -Olimit 2500 -Wo,-loopunroll,2 -O2 event_util/event_io/uncompress_zebra.f ;\
	mv uncompress_zebra.o /d0library/admin/tmp/d0librar/mmstomake/event_util/event_util/a4/uncomebra740.o ;\
	)
	(cd /d0library/scratch;\
	f77 -c -nocpp -static -col72 -backslash -G 0 -Olimit 2500 -Wo,-loopunroll,2 -O2 event_util/event_io/uncompress_zebra_event.f ;\
	mv uncompress_zebra_event.o /d0library/admin/tmp/d0librar/mmstomake/event_util/event_util/a4/uncomvent381.o ;\
	)
	(cd /d0library/scratch;\
	cc -c -dollar -G 0 -woff 275 -DD0FLAVOR=SIUNIX -Wf,-XNl8192 -I/d0library/test/unix/source -I/d0library/unix/source -I/d0library/test/c_inc -I/d0library/c_inc -O2 event_util/event_io/uncompress_zip.c ;\
	mv uncompress_zip.o /d0library/admin/tmp/d0librar/mmstomake/event_util/event_util/a4/uncom_zip547.o ;\
	)
	(cd /d0library/scratch;\
	f77 -c -nocpp -static -col72 -backslash -G 0 -Olimit 2500 -Wo,-loopunroll,2 -O2 event_util/event_io/user_stream_filter.f ;\
	mv user_stream_filter.o /d0library/admin/tmp/d0librar/mmstomake/event_util/event_util/a5/user_lter945.o ;\
	)
	(cd /d0library/scratch;\
	f77 -c -nocpp -static -col72 -backslash -G 0 -Olimit 2500 -Wo,-loopunroll,2 -O2 event_util/event_io/user_stream_summary.f ;\
	mv user_stream_summary.o /d0library/admin/tmp/d0librar/mmstomake/event_util/event_util/a5/user_mary081.o ;\
	)
	(cd /d0library/scratch;\
	f77 -c -nocpp -static -col72 -backslash -G 0 -Olimit 2500 -Wo,-loopunroll,2 -O2 event_util/event_io/user_strip.f ;\
	mv user_strip.o /d0library/admin/tmp/d0librar/mmstomake/event_util/event_util/a5/user_strip.o ;\
	)
	(cd /d0library/scratch;\
	f77 -c -nocpp -static -col72 -backslash -G 0 -Olimit 2500 -Wo,-loopunroll,2 -O2 event_util/event_io/wrevnt.f ;\
	mv wrevnt.o /d0library/admin/tmp/d0librar/mmstomake/event_util/event_util/a5/wrevnt.o ;\
	)
	(cd /d0library/scratch;\
	f77 -c -nocpp -static -col72 -backslash -G 0 -Olimit 2500 -Wo,-loopunroll,2 -O2 event_util/event_io/write_e_file.f ;\
	mv write_e_file.o /d0library/admin/tmp/d0librar/mmstomake/event_util/event_util/a5/write_e_file.o ;\
	)
	(cd /d0library/scratch;\
	cc -c -dollar -G 0 -woff 275 -DD0FLAVOR=SIUNIX -Wf,-XNl8192 -I/d0library/test/unix/source -I/d0library/unix/source -I/d0library/test/c_inc -I/d0library/c_inc -O2 event_util/event_io/zzip.c ;\
	mv zzip.o /d0library/admin/tmp/d0librar/mmstomake/event_util/event_util/a5/zzip.o ;\
	)
	(cd /d0library/scratch;\
	cc -c -dollar -G 0 -woff 275 -DD0FLAVOR=SIUNIX -Wf,-XNl8192 -I/d0library/test/unix/source -I/d0library/unix/source -I/d0library/test/c_inc -I/d0library/c_inc -O2 event_util/event_io/zzip_bits.c ;\
	mv zzip_bits.o /d0library/admin/tmp/d0librar/mmstomake/event_util/event_util/a5/zzip_bits.o ;\
	)
	(cd /d0library/scratch;\
	cc -c -dollar -G 0 -woff 275 -DD0FLAVOR=SIUNIX -Wf,-XNl8192 -I/d0library/test/unix/source -I/d0library/unix/source -I/d0library/test/c_inc -I/d0library/c_inc -O2 event_util/event_io/zzip_deflate.c ;\
	mv zzip_deflate.o /d0library/admin/tmp/d0librar/mmstomake/event_util/event_util/a5/zzip_deflate.o ;\
	)
	(cd /d0library/scratch;\
	cc -c -dollar -G 0 -woff 275 -DD0FLAVOR=SIUNIX -Wf,-XNl8192 -I/d0library/test/unix/source -I/d0library/unix/source -I/d0library/test/c_inc -I/d0library/c_inc -O2 event_util/event_io/zzip_inflate.c ;\
	mv zzip_inflate.o /d0library/admin/tmp/d0librar/mmstomake/event_util/event_util/a5/zzip_inflate.o ;\
	)
	(cd /d0library/scratch;\
	cc -c -dollar -G 0 -woff 275 -DD0FLAVOR=SIUNIX -Wf,-XNl8192 -I/d0library/test/unix/source -I/d0library/unix/source -I/d0library/test/c_inc -I/d0library/c_inc -O2 event_util/event_io/zzip_interface.c ;\
	mv zzip_interface.o /d0library/admin/tmp/d0librar/mmstomake/event_util/event_util/a5/zzip_face511.o ;\
	)
	(cd /d0library/scratch;\
	cc -c -dollar -G 0 -woff 275 -DD0FLAVOR=SIUNIX -Wf,-XNl8192 -I/d0library/test/unix/source -I/d0library/unix/source -I/d0library/test/c_inc -I/d0library/c_inc -O2 event_util/event_io/zzip_trees.c ;\
	mv zzip_trees.o /d0library/admin/tmp/d0librar/mmstomake/event_util/event_util/a5/zzip_trees.o ;\
	)
	ar crsl /d0library/scratch/event_util/event_util.a `ls /d0library/admin/tmp/d0librar/mmstomake/event_util/event_util/a1/*.o 2> /dev/null`
	ar crsl /d0library/scratch/event_util/event_util.a `ls /d0library/admin/tmp/d0librar/mmstomake/event_util/event_util/a2/*.o 2> /dev/null`
	ar crsl /d0library/scratch/event_util/event_util.a `ls /d0library/admin/tmp/d0librar/mmstomake/event_util/event_util/a3/*.o 2> /dev/null`
	ar crsl /d0library/scratch/event_util/event_util.a `ls /d0library/admin/tmp/d0librar/mmstomake/event_util/event_util/a4/*.o 2> /dev/null`
	ar crsl /d0library/scratch/event_util/event_util.a `ls /d0library/admin/tmp/d0librar/mmstomake/event_util/event_util/a5/*.o 2> /dev/null`
	rmdirp /d0library/admin/tmp/d0librar/mmstomake/event_util/event_util
event_util.a is up to date
tasteofd0 SIUNIX < /d0library/scratch/event_util/vevent_util.for | vmstounix > /d0library/scratch/event_util/vevent_util.f
f77 -c -nocpp -static -col72 -backslash -G 0 -Olimit 2500 -Wo,-loopunroll,2 -O0 -g2 /d0library/scratch/event_util/vevent_util.f
Inserting version subroutines into libraries
ar crsl /d0library/scratch/event_util/event_util.a vevent_util.o
ar crsl /d0library/scratch/event_util/deb_event_util.a vevent_util.o
Copying modules from event_util.a into /d0library/general/general.a
/usr/lib/ar: Warning:ignoring second definition of MAIN__ defined in archive

/usr/lib/ar: Warning:ignoring second definition of MAIN__ defined in archive

/usr/lib/ar: Warning:ignoring second definition of MAIN__ defined in archive

/usr/lib/ar: Warning:ignoring second definition of MAIN__ defined in archive

/usr/lib/ar: Warning:ignoring second definition of MAIN__ defined in archive

/usr/lib/ar: Warning:ignoring second definition of MAIN__ defined in archive

/usr/lib/ar: Warning:ignoring second definition of MAIN__ defined in archive

/usr/lib/ar: Warning:ignoring second definition of MAIN__ defined in archive

/usr/lib/ar: Warning:ignoring second definition of MAIN__ defined in archive

/usr/lib/ar: Warning:ignoring second definition of MAIN__ defined in archive

/usr/lib/ar: Warning:ignoring second definition of MAIN__ defined in archive

/usr/lib/ar: Warning:ignoring second definition of MAIN__ defined in archive

/usr/lib/ar: Warning:ignoring second definition of MAIN__ defined in archive

/usr/lib/ar: Warning:ignoring second definition of MAIN__ defined in archive

/usr/lib/ar: Warning:ignoring second definition of MAIN__ defined in archive

/usr/lib/ar: Warning:ignoring second definition of MAIN__ defined in archive

/usr/lib/ar: Warning:ignoring second definition of MAIN__ defined in archive

/usr/lib/ar: Warning:ignoring second definition of MAIN__ defined in archive

/usr/lib/ar: Warning:ignoring second definition of MAIN__ defined in archive

/usr/lib/ar: Warning:ignoring second definition of MAIN__ defined in archive

/usr/lib/ar: Warning:ignoring second definition of MAIN__ defined in archive

/usr/lib/ar: Warning:ignoring second definition of MAIN__ defined in archive

/usr/lib/ar: Warning:ignoring second definition of MAIN__ defined in archive

/usr/lib/ar: Warning:ignoring second definition of MAIN__ defined in archive

/usr/lib/ar: Warning:ignoring second definition of MAIN__ defined in archive

/usr/lib/ar: Warning:ignoring second definition of MAIN__ defined in archive

/usr/lib/ar: Warning:ignoring second definition of MAIN__ defined in archive

/usr/lib/ar: Warning:ignoring second definition of MAIN__ defined in archive

/usr/lib/ar: Warning:ignoring second definition of MAIN__ defined in archive

/usr/lib/ar: Warning:ignoring second definition of MAIN__ defined in archive

/usr/lib/ar: Warning:ignoring second definition of MAIN__ defined in archive

/usr/lib/ar: Warning:ignoring second definition of MAIN__ defined in archive

/usr/lib/ar: Warning:ignoring second definition of MAIN__ defined in archive

/usr/lib/ar: Warning:ignoring second definition of MAIN__ defined in archive

/usr/lib/ar: Warning:ignoring second definition of MAIN__ defined in archive

/usr/lib/ar: Warning:ignoring second definition of MAIN__ defined in archive

/usr/lib/ar: Warning:ignoring second definition of MAIN__ defined in archive

/usr/lib/ar: Warning:ignoring second definition of MAIN__ defined in archive

/usr/lib/ar: Warning:ignoring second definition of MAIN__ defined in archive

/usr/lib/ar: Warning:ignoring second definition of MAIN__ defined in archive

/usr/lib/ar: Warning:ignoring second definition of MAIN__ defined in archive

/usr/lib/ar: Warning:ignoring second definition of MAIN__ defined in archive

/usr/lib/ar: Warning:ignoring second definition of MAIN__ defined in archive

/usr/lib/ar: Warning:ignoring second definition of MAIN__ defined in archive

/usr/lib/ar: Warning:ignoring second definition of MAIN__ defined in archive

/usr/lib/ar: Warning:ignoring second definition of MAIN__ defined in archive

/usr/lib/ar: Warning:ignoring second definition of MAIN__ defined in archive

/usr/lib/ar: Warning:ignoring second definition of MAIN__ defined in archive

/usr/lib/ar: Warning:ignoring second definition of MAIN__ defined in archive

/usr/lib/ar: Warning:ignoring second definition of MAIN__ defined in archive

/usr/lib/ar: Warning:ignoring second definition of MAIN__ defined in archive

/usr/lib/ar: Warning:ignoring second definition of MAIN__ defined in archive

/usr/lib/ar: Warning:ignoring second definition of MAIN__ defined in archive

/usr/lib/ar: Warning:ignoring second definition of MAIN__ defined in archive

/usr/lib/ar: Warning:ignoring second definition of MAIN__ defined in archive

/usr/lib/ar: Warning:ignoring second definition of MAIN__ defined in archive

/usr/lib/ar: Warning:ignoring second definition of MAIN__ defined in archive

/usr/lib/ar: Warning:ignoring second definition of MAIN__ defined in archive

/usr/lib/ar: Warning:ignoring second definition of MAIN__ defined in archive

/usr/lib/ar: Warning:ignoring second definition of MAIN__ defined in archive

/usr/lib/ar: Warning:ignoring second definition of MAIN__ defined in archive

/usr/lib/ar: Warning:ignoring second definition of MAIN__ defined in archive

/usr/lib/ar: Warning:ignoring second definition of MAIN__ defined in archive

/usr/lib/ar: Warning:ignoring second definition of MAIN__ defined in archive

/usr/lib/ar: Warning:ignoring second definition of MAIN__ defined in archive

Copying modules from deb_event_util.a into /d0library/general/deb_general.a
/usr/lib/ar: Warning:ignoring second definition of MAIN__ defined in archive

/usr/lib/ar: Warning:ignoring second definition of MAIN__ defined in archive

/usr/lib/ar: Warning:ignoring second definition of MAIN__ defined in archive

/usr/lib/ar: Warning:ignoring second definition of MAIN__ defined in archive

/usr/lib/ar: Warning:ignoring second definition of MAIN__ defined in archive

/usr/lib/ar: Warning:ignoring second definition of MAIN__ defined in archive

/usr/lib/ar: Warning:ignoring second definition of MAIN__ defined in archive

/usr/lib/ar: Warning:ignoring second definition of MAIN__ defined in archive

/usr/lib/ar: Warning:ignoring second definition of MAIN__ defined in archive

/usr/lib/ar: Warning:ignoring second definition of MAIN__ defined in archive

/usr/lib/ar: Warning:ignoring second definition of MAIN__ defined in archive

/usr/lib/ar: Warning:ignoring second definition of MAIN__ defined in archive

/usr/lib/ar: Warning:ignoring second definition of MAIN__ defined in archive

/usr/lib/ar: Warning:ignoring second definition of MAIN__ defined in archive

/usr/lib/ar: Warning:ignoring second definition of MAIN__ defined in archive

/usr/lib/ar: Warning:ignoring second definition of MAIN__ defined in archive

/usr/lib/ar: Warning:ignoring second definition of MAIN__ defined in archive

/usr/lib/ar: Warning:ignoring second definition of MAIN__ defined in archive

/usr/lib/ar: Warning:ignoring second definition of MAIN__ defined in archive

/usr/lib/ar: Warning:ignoring second definition of MAIN__ defined in archive

/usr/lib/ar: Warning:ignoring second definition of MAIN__ defined in archive

/usr/lib/ar: Warning:ignoring second definition of MAIN__ defined in archive

/usr/lib/ar: Warning:ignoring second definition of MAIN__ defined in archive

/usr/lib/ar: Warning:ignoring second definition of MAIN__ defined in archive

/usr/lib/ar: Warning:ignoring second definition of MAIN__ defined in archive

/usr/lib/ar: Warning:ignoring second definition of MAIN__ defined in archive

/usr/lib/ar: Warning:ignoring second definition of MAIN__ defined in archive

/usr/lib/ar: Warning:ignoring second definition of MAIN__ defined in archive

/usr/lib/ar: Warning:ignoring second definition of MAIN__ defined in archive

/usr/lib/ar: Warning:ignoring second definition of MAIN__ defined in archive

/usr/lib/ar: Warning:ignoring second definition of MAIN__ defined in archive

/usr/lib/ar: Warning:ignoring second definition of MAIN__ defined in archive

/usr/lib/ar: Warning:ignoring second definition of MAIN__ defined in archive

/usr/lib/ar: Warning:ignoring second definition of MAIN__ defined in archive

/usr/lib/ar: Warning:ignoring second definition of MAIN__ defined in archive

/usr/lib/ar: Warning:ignoring second definition of MAIN__ defined in archive

/usr/lib/ar: Warning:ignoring second definition of MAIN__ defined in archive

/usr/lib/ar: Warning:ignoring second definition of MAIN__ defined in archive

/usr/lib/ar: Warning:ignoring second definition of MAIN__ defined in archive

/usr/lib/ar: Warning:ignoring second definition of MAIN__ defined in archive

/usr/lib/ar: Warning:ignoring second definition of MAIN__ defined in archive

/usr/lib/ar: Warning:ignoring second definition of MAIN__ defined in archive

/usr/lib/ar: Warning:ignoring second definition of MAIN__ defined in archive

/usr/lib/ar: Warning:ignoring second definition of MAIN__ defined in archive

/usr/lib/ar: Warning:ignoring second definition of MAIN__ defined in archive

/usr/lib/ar: Warning:ignoring second definition of MAIN__ defined in archive

/usr/lib/ar: Warning:ignoring second definition of MAIN__ defined in archive

/usr/lib/ar: Warning:ignoring second definition of MAIN__ defined in archive

/usr/lib/ar: Warning:ignoring second definition of MAIN__ defined in archive

/usr/lib/ar: Warning:ignoring second definition of MAIN__ defined in archive

/usr/lib/ar: Warning:ignoring second definition of MAIN__ defined in archive

/usr/lib/ar: Warning:ignoring second definition of MAIN__ defined in archive

/usr/lib/ar: Warning:ignoring second definition of MAIN__ defined in archive

/usr/lib/ar: Warning:ignoring second definition of MAIN__ defined in archive

/usr/lib/ar: Warning:ignoring second definition of MAIN__ defined in archive

/usr/lib/ar: Warning:ignoring second definition of MAIN__ defined in archive

/usr/lib/ar: Warning:ignoring second definition of MAIN__ defined in archive

/usr/lib/ar: Warning:ignoring second definition of MAIN__ defined in archive

/usr/lib/ar: Warning:ignoring second definition of MAIN__ defined in archive

/usr/lib/ar: Warning:ignoring second definition of MAIN__ defined in archive

/usr/lib/ar: Warning:ignoring second definition of MAIN__ defined in archive

/usr/lib/ar: Warning:ignoring second definition of MAIN__ defined in archive

/usr/lib/ar: Warning:ignoring second definition of MAIN__ defined in archive

/usr/lib/ar: Warning:ignoring second definition of MAIN__ defined in archive

/usr/lib/ar: Warning:ignoring second definition of MAIN__ defined in archive

ff: file not found: /d0library/test/unix/lib/event_util_release /d0library/unix/lib/event_util_release /d0library/scratch/event_util/event_util_release
Deleting old contents of library.
Moving files from scratch to official area.
Deleting test library
