NEW test_release test_root= /d0library/test/inc
d0scratch= /d0library/scratch/test
official_root=/d0library/inc
Fetching files from d0$disk:[d0library.test.inc...]*.*
Getting list of VMS files and types
21 text files to fetch
Checking directories
Fetching text files
cd d0$disk:[d0library.test.inc]
lcd /d0library/scratch/test/inc
ascii
get []000_inc_v3.42_01;1 000_inc_v3.42_01
get []axhitcl.inc;1 axhitcl.inc
get []cms_groups.list;1 cms_groups.list
get []dssclog.inc;1 dssclog.inc
get []entry_point_lib.lis;1 entry_point_lib.lis
get []prshdistecm.inc;1 prshdistecm.inc
get []prshparfordig.inc;1 prshparfordig.inc
get []pxpcon.inc;1 pxpcon.inc
get []pxpdig.inc;1 pxpdig.inc
get []rhitel.inc;1 rhitel.inc
get []sdcap.inc;1 sdcap.inc
get []sdpar.inc;1 sdpar.inc
get []shitcl.inc;1 shitcl.inc
get []silcap.inc;1 silcap.inc
get []silclu.inc;1 silclu.inc
get []silcon.inc;1 silcon.inc
get []sildig.inc;1 sildig.inc
get []silhit.inc;1 silhit.inc
get []silpar.inc;1 silpar.inc
get []siltrk.inc;1 siltrk.inc
get []v3.42_01-rel_notes;1 v3.42_01-rel_notes
Local directory now /d0library/scratch/test/inc
Checking for executable shell scripts
0 menu files to fetch
0 fx files to fetch
0 fg files to fetch
0 fn files to fetch
0 rr files to fetch
0 rl files to fetch
0 re files to fetch
0 rz files to fetch
File /d0library/scratch/test/inc/axhitcl.inc converted to flavor SIUNIX
File /d0library/scratch/test/inc/prshdistecm.inc converted to flavor SIUNIX
File /d0library/scratch/test/inc/prshparfordig.inc converted to flavor SIUNIX
File /d0library/scratch/test/inc/pxpcon.inc converted to flavor SIUNIX
File /d0library/scratch/test/inc/pxpdig.inc converted to flavor SIUNIX
File /d0library/scratch/test/inc/rhitel.inc converted to flavor SIUNIX
File /d0library/scratch/test/inc/shitcl.inc converted to flavor SIUNIX
ff: file not found: /d0library/test/unix/lib/inc_pre_release /d0library/unix/lib/inc_pre_release /d0library/scratch/test/inc/inc_pre_release /d0library/inc/inc_pre_release
Inserting version subroutines into libraries
ff: file not found: v*.for
 Execute 
ff: file not found: /d0library/test/unix/lib/inc_release /d0library/unix/lib/inc_release /d0library/scratch/test/inc/inc_release /d0library/inc/inc_release
Deleting old contents of library.
Moving files from scratch to test area.
