*** /d0library/tmp/d0librar/error_filter/806754/non_error.log	Fri Mar  5 09:08:35 1999
--- /d0library/tmp/d0librar/error_filter/806754/error.log	Fri Mar  5 09:08:35 1999
***************
*** 1567,1626 ****
--- 1567,1649 ----
  
  Building main program c_depend
  cc -o c_depend -o32 -dollar -DD0FLAVOR=SIUNIX -woff 1167,1172,1116,1110 c_depend.o -ll /d0library/scratch/unix/unix.a -lcurses
+ ld: WARNING 84: /usr/lib/libcurses.so is not used for resolving any symbol.
  
  Building main program check_exec
  cc -o check_exec -o32 -dollar -G 0 -DD0FLAVOR=SIUNIX -woff 1172 check_exec.o /d0library/scratch/unix/unix.a -lcurses
+ ld: WARNING 84: /usr/lib/libcurses.so is not used for resolving any symbol.
  
  Building main program d0echo
  cc -o d0echo -o32 -dollar -G 0 -DD0FLAVOR=SIUNIX -woff 1172 d0echo.o /d0library/scratch/unix/unix.a -lcurses
+ ld: WARNING 84: /d0library/scratch/unix/unix.a is not used for resolving any symbol.
+ ld: WARNING 84: /usr/lib/libcurses.so is not used for resolving any symbol.
  
  Building main program d0rexec
  cc -o d0rexec -o32 -dollar -G 0 -DD0FLAVOR=SIUNIX -woff 1172 d0rexec.o /d0library/scratch/unix/unix.a -lcurses
+ ld: WARNING 84: /usr/lib/libcurses.so is not used for resolving any symbol.
  
  Building main program d0rl
  cc -o d0rl -o32 -dollar -G 0 -DD0FLAVOR=SIUNIX -woff 1172 d0rl.o /d0library/scratch/unix/unix.a -lcurses
+ ld: WARNING 84: /usr/lib/libcurses.so is not used for resolving any symbol.
  
  Building main program f_depend
  cc -o f_depend -o32 -dollar -DD0FLAVOR=SIUNIX -woff 1167,1172,1116,1110 f_depend.o -ll /d0library/scratch/unix/unix.a -lcurses
+ ld: WARNING 84: /usr/lib/libcurses.so is not used for resolving any symbol.
  
  Building main program fa
  cc -o fa -o32 -dollar -G 0 -DD0FLAVOR=SIUNIX -woff 1172 fa.o /d0library/scratch/unix/unix.a -lcurses
+ ld: WARNING 84: /usr/lib/libcurses.so is not used for resolving any symbol.
  
  Building main program ff
  cc -o ff -o32 -dollar -G 0 -DD0FLAVOR=SIUNIX -woff 1172 ff.o /d0library/scratch/unix/unix.a -lcurses
+ ld: WARNING 84: /usr/lib/libcurses.so is not used for resolving any symbol.
  
  Building main program fl
  cc -o fl -o32 -dollar -G 0 -DD0FLAVOR=SIUNIX -woff 1172 fl.o /d0library/scratch/unix/unix.a -lcurses
+ ld: WARNING 84: /usr/lib/libcurses.so is not used for resolving any symbol.
  
  Building main program fn
  cc -o fn -o32 -dollar -G 0 -DD0FLAVOR=SIUNIX -woff 1172 fn.o /d0library/scratch/unix/unix.a -lcurses
+ ld: WARNING 84: /usr/lib/libcurses.so is not used for resolving any symbol.
  
  Building main program for_depend
  cc -o for_depend -o32 -dollar -DD0FLAVOR=SIUNIX -woff 1167,1172,1116,1110 for_depend.o -ll /d0library/scratch/unix/unix.a -lcurses
+ ld: WARNING 84: /usr/lib/libcurses.so is not used for resolving any symbol.
  
  Building main program make__rcp701
  cc -o make__rcp701 -o32 -dollar -G 0 -DD0FLAVOR=SIUNIX -woff 1172 make__rcp701.o /d0library/scratch/unix/unix.a -lcurses
+ ld: WARNING 84: /d0library/scratch/unix/unix.a is not used for resolving any symbol.
+ ld: WARNING 84: /usr/lib/libcurses.so is not used for resolving any symbol.
  
  Building main program stdintosock
  cc -o stdintosock -o32 -dollar -G 0 -DD0FLAVOR=SIUNIX -woff 1172 stdintosock.o /d0library/scratch/unix/unix.a -lcurses
+ ld: WARNING 84: /d0library/scratch/unix/unix.a is not used for resolving any symbol.
+ ld: WARNING 84: /usr/lib/libcurses.so is not used for resolving any symbol.
  
  Building main program tasteofd0
  cc -o tasteofd0 -o32 -dollar -DD0FLAVOR=SIUNIX -woff 1167,1172,1116,1110 tasteofd0.o -ll /d0library/scratch/unix/unix.a -lcurses
+ ld: WARNING 84: /d0library/scratch/unix/unix.a is not used for resolving any symbol.
+ ld: WARNING 84: /usr/lib/libcurses.so is not used for resolving any symbol.
  
  Building main program vfa
  cc -o vfa -o32 -dollar -G 0 -DD0FLAVOR=SIUNIX -woff 1172 vfa.o /d0library/scratch/unix/unix.a -lcurses
+ ld: WARNING 84: /usr/lib/libcurses.so is not used for resolving any symbol.
  
  Building main program vff
  cc -o vff -o32 -dollar -G 0 -DD0FLAVOR=SIUNIX -woff 1172 vff.o /d0library/scratch/unix/unix.a -lcurses
+ ld: WARNING 84: /usr/lib/libcurses.so is not used for resolving any symbol.
  
  Building main program vfl
  cc -o vfl -o32 -dollar -G 0 -DD0FLAVOR=SIUNIX -woff 1172 vfl.o /d0library/scratch/unix/unix.a -lcurses
+ ld: WARNING 84: /usr/lib/libcurses.so is not used for resolving any symbol.
  
  Building main program vfn
  cc -o vfn -o32 -dollar -G 0 -DD0FLAVOR=SIUNIX -woff 1172 vfn.o /d0library/scratch/unix/unix.a -lcurses
+ ld: WARNING 84: /usr/lib/libcurses.so is not used for resolving any symbol.
  
  Building main program vmstounix
  cc -o vmstounix -o32 -dollar -DD0FLAVOR=SIUNIX -woff 1167,1172,1116,1110 vmstounix.o -ll /d0library/scratch/unix/unix.a -lcurses
+ ld: WARNING 84: /usr/lib/libcurses.so is not used for resolving any symbol.
  mv -f make__rcp701 make_copy_fz_rcp
  Deleting old contents of library.
  Moving files from scratch to official area.
