NEW test_release test_root= /d0library/test/unix
d0scratch= /d0library/scratch/test
official_root=/d0library/unix
Fetching files from d0$disk:[d0library.test.unix...]*.*
Getting list of VMS files and types
17 text files to fetch
Checking directories
Creating /d0library/scratch/test/unix/shell
Fetching text files
cd d0$disk:[d0library.test.unix]
lcd /d0library/scratch/test/unix
ascii
get []000_unix_v1.79_01;1 000_unix_v1.79_01
get []check_unix.com;1 check_unix.com
get []cmsfetch.com;1 cmsfetch.com
get []cmsupdate.com;1 cmsupdate.com
get []cms_groups.list;1 cms_groups.list
get []copytxt.com;1 copytxt.com
get []dtremote.com;1 dtremote.com
get []fatmen_expand.com;1 fatmen_expand.com
get []fatmen_find.com;1 fatmen_find.com
get []fatmen_prestage.com;1 fatmen_prestage.com
get []file_type.com;1 file_type.com
get []setup_unix.com;1 setup_unix.com
get []unix.mms;1 unix.mms
get []unix.release;1 unix.release
get []unix_release.;1 unix_release
get []v1.79_01-rel_notes;1 v1.79_01-rel_notes
get [.shell]d0local.cshrc;1 shell/d0local.cshrc
Local directory now /d0library/scratch/test/unix
Checking for executable shell scripts
/d0library/scratch/test/unix/unix_release made executable
0 menu files to fetch
0 fx files to fetch
0 fg files to fetch
0 fn files to fetch
0 rr files to fetch
0 rl files to fetch
0 re files to fetch
0 rz files to fetch
Creating /d0library/scratch/test/unix/batrun
Creating /d0library/scratch/test/unix/docs
Creating /d0library/scratch/test/unix/emacs
Creating /d0library/scratch/test/unix/lib
Creating /d0library/scratch/test/unix/source
Creating /d0library/scratch/test/unix/vms
Inserting version subroutines into libraries
ff: file not found: v*.for
 Execute 

Building c_depend:

lex.yy.c:
/d0library/unix/source/find_file.c:
/d0library/unix/source/cstring.c:
/d0library/unix/source/fstring.c:
/d0library/unix/source/glob.c:
/d0library/unix/source/getusernetrc.c:
/d0library/unix/source/getpassnetrc.c:

Building f_depend:

lex.yy.c:
/d0library/unix/source/find_file.c:
/d0library/unix/source/cstring.c:
/d0library/unix/source/fstring.c:
/d0library/unix/source/glob.c:
/d0library/unix/source/getusernetrc.c:
/d0library/unix/source/getpassnetrc.c:

Building tasteofd0:


Building vmstounix:

136/8000 nodes(%e), 607/5000 positions(%p), 90/4000 (%n), 20847 transitions,
300/20000 packed char classes(%k), 1226/4000 packed transitions(%a), 2397/8000 output slots(%o)
lex.yy.c:
/d0library/unix/source/lib_find_file.c:
/d0library/unix/source/find_file.c:
/d0library/unix/source/cstring.c:
/d0library/unix/source/fstring.c:
/d0library/unix/source/glob.c:
/d0library/unix/source/fatmen_find.c:
/d0library/unix/source/getusernetrc.c:
/d0library/unix/source/getpassnetrc.c:

Building vff:

/d0library/unix/source/vff.c:
/d0library/unix/source/lib_find_file.c:
/d0library/unix/source/find_file.c:
/d0library/unix/source/getword.c:
/d0library/unix/source/cstring.c:
/d0library/unix/source/fstring.c:
/d0library/unix/source/glob.c:
/d0library/unix/source/fatmen_find.c:
/d0library/unix/source/getusernetrc.c:
/d0library/unix/source/getpassnetrc.c:

Building fa:

/d0library/unix/source/fa.c:
/d0library/unix/source/lib_find_file.c:
/d0library/unix/source/find_file.c:
/d0library/unix/source/getword.c:
/d0library/unix/source/cstring.c:
/d0library/unix/source/fstring.c:
/d0library/unix/source/glob.c:
/d0library/unix/source/fatmen_find.c:
/d0library/unix/source/getusernetrc.c:
/d0library/unix/source/getpassnetrc.c:

Building fn:

/d0library/unix/source/fn.c:
/d0library/unix/source/lib_find_file.c:
/d0library/unix/source/find_file.c:
/d0library/unix/source/getword.c:
/d0library/unix/source/cstring.c:
/d0library/unix/source/fstring.c:
/d0library/unix/source/glob.c:
/d0library/unix/source/fatmen_find.c:
/d0library/unix/source/getusernetrc.c:
/d0library/unix/source/getpassnetrc.c:
Scanning source files
Checking uniqueness
118 source files
118 archive files
Uniqueness OK
Generating dependencies for deb_unix.a
Generating dependencies for debug object files
136/8000 nodes(%e), 607/5000 positions(%p), 90/4000 (%n), 20847 transitions,
300/20000 packed char classes(%k), 1226/4000 packed transitions(%a), 2397/8000 output slots(%o)
Generating preprocessor dependencies
136/8000 nodes(%e), 607/5000 positions(%p), 90/4000 (%n), 20847 transitions,
300/20000 packed char classes(%k), 1226/4000 packed transitions(%a), 2397/8000 output slots(%o)
Generating source list

Building deb_unix.a:

gmake: Nothing to be done for `pre'.
rmdirp /d0library/tmp/d0librar/userlib/1211025/unix
mkdirp /d0library/tmp/d0librar/userlib/1211025/unix/a1
mkdirp /d0library/tmp/d0librar/userlib/1211025/unix/a2
mkdirp /d0library/tmp/d0librar/userlib/1211025/unix/a3
mkdirp /d0library/tmp/d0librar/userlib/1211025/unix/a4
mkdirp /d0library/tmp/d0librar/userlib/1211025/unix/a5
mkdirp /d0library/tmp/d0librar/userlib/1211025/unix/a6
(cd /d0library/scratch;\
cc -c -o32 -dollar -G 0 -DD0FLAVOR=SIUNIX -woff 1172 -Wl,-LD_MSG:off=84 -I/d0library/scratch/test/unix/source -I/d0library/unix/source -I/d0library/test/c_inc -I/d0library/c_inc -O0 -g2 /d0library/unix/source/avoid_nfs.c ;\
mv avoid_nfs.o /d0library/tmp/d0librar/userlib/1211025/unix/a1/avoid_nfs.o ;\
)
(cd /d0library/scratch;\
cc -c -o32 -dollar -DD0FLAVOR=SIUNIX -woff 1167,1172,1116,1110 -Wl,-LD_MSG:off=84 -I/d0library/scratch/test/unix/source -I/d0library/unix/source -I/d0library/test/c_inc -I/d0library/c_inc -O0 -g2 /d0library/unix/source/c_depend.c ;\
mv c_depend.o /d0library/tmp/d0librar/userlib/1211025/unix/a1/c_depend.o ;\
)
(cd /d0library/scratch;\
cc -c -o32 -dollar -G 0 -DD0FLAVOR=SIUNIX -woff 1172 -Wl,-LD_MSG:off=84 -I/d0library/scratch/test/unix/source -I/d0library/unix/source -I/d0library/test/c_inc -I/d0library/c_inc -O0 -g2 /d0library/unix/source/cfget.c ;\
mv cfget.o /d0library/tmp/d0librar/userlib/1211025/unix/a1/cfget.o ;\
)
(cd /d0library/scratch;\
cc -c -o32 -dollar -G 0 -DD0FLAVOR=SIUNIX -woff 1172 -Wl,-LD_MSG:off=84 -I/d0library/scratch/test/unix/source -I/d0library/unix/source -I/d0library/test/c_inc -I/d0library/c_inc -O0 -g2 /d0library/unix/source/check_exec.c ;\
mv check_exec.o /d0library/tmp/d0librar/userlib/1211025/unix/a1/check_exec.o ;\
)
(cd /d0library/scratch;\
cc -c -o32 -dollar -G 0 -DD0FLAVOR=SIUNIX -woff 1172 -Wl,-LD_MSG:off=84 -I/d0library/scratch/test/unix/source -I/d0library/unix/source -I/d0library/test/c_inc -I/d0library/c_inc -O0 -g2 /d0library/unix/source/cstring.c ;\
mv cstring.o /d0library/tmp/d0librar/userlib/1211025/unix/a1/cstring.o ;\
)
(cd /d0library/scratch;\
cc -c -o32 -dollar -G 0 -DD0FLAVOR=SIUNIX -woff 1172 -Wl,-LD_MSG:off=84 -I/d0library/scratch/test/unix/source -I/d0library/unix/source -I/d0library/test/c_inc -I/d0library/c_inc -O0 -g2 /d0library/unix/source/d0_loc.c ;\
mv d0_loc.o /d0library/tmp/d0librar/userlib/1211025/unix/a1/d0_loc.o ;\
)
(cd /d0library/scratch;\
cc -c -o32 -dollar -G 0 -DD0FLAVOR=SIUNIX -woff 1172 -Wl,-LD_MSG:off=84 -I/d0library/scratch/test/unix/source -I/d0library/unix/source -I/d0library/test/c_inc -I/d0library/c_inc -O0 -g2 /d0library/unix/source/d0_nodename.c ;\
mv d0_nodename.o /d0library/tmp/d0librar/userlib/1211025/unix/a1/d0_nodename.o ;\
)
(cd /d0library/scratch;\
cc -c -o32 -dollar -G 0 -DD0FLAVOR=SIUNIX -woff 1172 -Wl,-LD_MSG:off=84 -I/d0library/scratch/test/unix/source -I/d0library/unix/source -I/d0library/test/c_inc -I/d0library/c_inc -O0 -g2 /d0library/unix/source/d0_readlink.c ;\
mv d0_readlink.o /d0library/tmp/d0librar/userlib/1211025/unix/a1/d0_readlink.o ;\
)
(cd /d0library/scratch;\
cc -c -o32 -dollar -G 0 -DD0FLAVOR=SIUNIX -woff 1172 -Wl,-LD_MSG:off=84 -I/d0library/scratch/test/unix/source -I/d0library/unix/source -I/d0library/test/c_inc -I/d0library/c_inc -O0 -g2 /d0library/unix/source/d0_tz_offset.c ;\
mv d0_tz_offset.o /d0library/tmp/d0librar/userlib/1211025/unix/a1/d0_tz_offset.o ;\
)
(cd /d0library/scratch;\
cc -c -o32 -dollar -G 0 -DD0FLAVOR=SIUNIX -woff 1172 -Wl,-LD_MSG:off=84 -I/d0library/scratch/test/unix/source -I/d0library/unix/source -I/d0library/test/c_inc -I/d0library/c_inc -O0 -g2 /d0library/unix/source/d0echo.c ;\
mv d0echo.o /d0library/tmp/d0librar/userlib/1211025/unix/a1/d0echo.o ;\
)
(cd /d0library/scratch;\
cc -c -o32 -dollar -G 0 -DD0FLAVOR=SIUNIX -woff 1172 -Wl,-LD_MSG:off=84 -I/d0library/scratch/test/unix/source -I/d0library/unix/source -I/d0library/test/c_inc -I/d0library/c_inc -O0 -g2 /d0library/unix/source/d0rexec.c ;\
mv d0rexec.o /d0library/tmp/d0librar/userlib/1211025/unix/a1/d0rexec.o ;\
)
(cd /d0library/scratch;\
cc -c -o32 -dollar -G 0 -DD0FLAVOR=SIUNIX -woff 1172 -Wl,-LD_MSG:off=84 -I/d0library/scratch/test/unix/source -I/d0library/unix/source -I/d0library/test/c_inc -I/d0library/c_inc -O0 -g2 /d0library/unix/source/d0rl.c ;\
mv d0rl.o /d0library/tmp/d0librar/userlib/1211025/unix/a1/d0rl.o ;\
)
(cd /d0library/scratch;\
f77 -c -o32 -nocpp -static -col72 -backslash -G 0 -Wl,-LD_MSG:off=84 -O0 -g2 /d0library/unix/source/date.f ;\
mv date.o /d0library/tmp/d0librar/userlib/1211025/unix/a1/date.o ;\
)
(cd /d0library/scratch;\
cc -c -o32 -dollar -G 0 -DD0FLAVOR=SIUNIX -woff 1172 -Wl,-LD_MSG:off=84 -I/d0library/scratch/test/unix/source -I/d0library/unix/source -I/d0library/test/c_inc -I/d0library/c_inc -O0 -g2 /d0library/unix/source/daylight_time_offset.c ;\
mv daylight_time_offset.o /d0library/tmp/d0librar/userlib/1211025/unix/a1/daylifset132.o ;\
)
(cd /d0library/scratch;\
cc -c -o32 -dollar -G 0 -DD0FLAVOR=SIUNIX -woff 1172 -Wl,-LD_MSG:off=84 -I/d0library/scratch/test/unix/source -I/d0library/unix/source -I/d0library/test/c_inc -I/d0library/c_inc -O0 -g2 /d0library/unix/source/exit.c ;\
mv exit.o /d0library/tmp/d0librar/userlib/1211025/unix/a1/exit.o ;\
)
(cd /d0library/scratch;\
cc -c -o32 -dollar -DD0FLAVOR=SIUNIX -woff 1167,1172,1116,1110 -Wl,-LD_MSG:off=84 -I/d0library/scratch/test/unix/source -I/d0library/unix/source -I/d0library/test/c_inc -I/d0library/c_inc -O0 -g2 /d0library/unix/source/f_depend.c ;\
mv f_depend.o /d0library/tmp/d0librar/userlib/1211025/unix/a1/f_depend.o ;\
)
(cd /d0library/scratch;\
cc -c -o32 -dollar -G 0 -DD0FLAVOR=SIUNIX -woff 1172 -Wl,-LD_MSG:off=84 -I/d0library/scratch/test/unix/source -I/d0library/unix/source -I/d0library/test/c_inc -I/d0library/c_inc -O0 -g2 /d0library/unix/source/fa.c ;\
mv fa.o /d0library/tmp/d0librar/userlib/1211025/unix/a1/fa.o ;\
)
(cd /d0library/scratch;\
cc -c -o32 -dollar -G 0 -DD0FLAVOR=SIUNIX -woff 1172 -Wl,-LD_MSG:off=84 -I/d0library/scratch/test/unix/source -I/d0library/unix/source -I/d0library/test/c_inc -I/d0library/c_inc -O0 -g2 /d0library/unix/source/fatmen_expand.c ;\
mv fatmen_expand.o /d0library/tmp/d0librar/userlib/1211025/unix/a2/fatmepand380.o ;\
)
(cd /d0library/scratch;\
cc -c -o32 -dollar -G 0 -DD0FLAVOR=SIUNIX -woff 1172 -Wl,-LD_MSG:off=84 -I/d0library/scratch/test/unix/source -I/d0library/unix/source -I/d0library/test/c_inc -I/d0library/c_inc -O0 -g2 /d0library/unix/source/fatmen_expand_dir.c ;\
mv fatmen_expand_dir.o /d0library/tmp/d0librar/userlib/1211025/unix/a2/fatme_dir794.o ;\
)
(cd /d0library/scratch;\
cc -c -o32 -dollar -G 0 -DD0FLAVOR=SIUNIX -woff 1172 -Wl,-LD_MSG:off=84 -I/d0library/scratch/test/unix/source -I/d0library/unix/source -I/d0library/test/c_inc -I/d0library/c_inc -O0 -g2 /d0library/unix/source/fatmen_find.c ;\
mv fatmen_find.o /d0library/tmp/d0librar/userlib/1211025/unix/a2/fatmen_find.o ;\
)
(cd /d0library/scratch;\
cc -c -o32 -dollar -G 0 -DD0FLAVOR=SIUNIX -woff 1172 -Wl,-LD_MSG:off=84 -I/d0library/scratch/test/unix/source -I/d0library/unix/source -I/d0library/test/c_inc -I/d0library/c_inc -O0 -g2 /d0library/unix/source/ff.c ;\
mv ff.o /d0library/tmp/d0librar/userlib/1211025/unix/a2/ff.o ;\
)
(cd /d0library/scratch;\
cc -c -o32 -dollar -G 0 -DD0FLAVOR=SIUNIX -woff 1172 -Wl,-LD_MSG:off=84 -I/d0library/scratch/test/unix/source -I/d0library/unix/source -I/d0library/test/c_inc -I/d0library/c_inc -O0 -g2 /d0library/unix/source/find_file.c ;\
mv find_file.o /d0library/tmp/d0librar/userlib/1211025/unix/a2/find_file.o ;\
)
(cd /d0library/scratch;\
cc -c -o32 -dollar -G 0 -DD0FLAVOR=SIUNIX -woff 1172 -Wl,-LD_MSG:off=84 -I/d0library/scratch/test/unix/source -I/d0library/unix/source -I/d0library/test/c_inc -I/d0library/c_inc -O0 -g2 /d0library/unix/source/fl.c ;\
mv fl.o /d0library/tmp/d0librar/userlib/1211025/unix/a2/fl.o ;\
)
(cd /d0library/scratch;\
cc -c -o32 -dollar -G 0 -DD0FLAVOR=SIUNIX -woff 1172 -Wl,-LD_MSG:off=84 -I/d0library/scratch/test/unix/source -I/d0library/unix/source -I/d0library/test/c_inc -I/d0library/c_inc -O0 -g2 /d0library/unix/source/flush_std.c ;\
mv flush_std.o /d0library/tmp/d0librar/userlib/1211025/unix/a2/flush_std.o ;\
)
(cd /d0library/scratch;\
cc -c -o32 -dollar -G 0 -DD0FLAVOR=SIUNIX -woff 1172 -Wl,-LD_MSG:off=84 -I/d0library/scratch/test/unix/source -I/d0library/unix/source -I/d0library/test/c_inc -I/d0library/c_inc -O0 -g2 /d0library/unix/source/fn.c ;\
mv fn.o /d0library/tmp/d0librar/userlib/1211025/unix/a2/fn.o ;\
)
(cd /d0library/scratch;\
cc -c -o32 -dollar -DD0FLAVOR=SIUNIX -woff 1167,1172,1116,1110 -Wl,-LD_MSG:off=84 -I/d0library/scratch/test/unix/source -I/d0library/unix/source -I/d0library/test/c_inc -I/d0library/c_inc -O0 -g2 /d0library/unix/source/for_depend.c ;\
mv for_depend.o /d0library/tmp/d0librar/userlib/1211025/unix/a1/for_depend.o ;\
)
(cd /d0library/scratch;\
cc -c -o32 -dollar -G 0 -DD0FLAVOR=SIUNIX -woff 1172 -Wl,-LD_MSG:off=84 -I/d0library/scratch/test/unix/source -I/d0library/unix/source -I/d0library/test/c_inc -I/d0library/c_inc -O0 -g2 /d0library/unix/source/fstring.c ;\
mv fstring.o /d0library/tmp/d0librar/userlib/1211025/unix/a2/fstring.o ;\
)
(cd /d0library/scratch;\
cc -c -o32 -dollar -G 0 -DD0FLAVOR=SIUNIX -woff 1172 -Wl,-LD_MSG:off=84 -I/d0library/scratch/test/unix/source -I/d0library/unix/source -I/d0library/test/c_inc -I/d0library/c_inc -O0 -g2 /d0library/unix/source/getpassnetrc.c ;\
mv getpassnetrc.o /d0library/tmp/d0librar/userlib/1211025/unix/a2/getpassnetrc.o ;\
)
(cd /d0library/scratch;\
cc -c -o32 -dollar -G 0 -DD0FLAVOR=SIUNIX -woff 1172 -Wl,-LD_MSG:off=84 -I/d0library/scratch/test/unix/source -I/d0library/unix/source -I/d0library/test/c_inc -I/d0library/c_inc -O0 -g2 /d0library/unix/source/getusernetrc.c ;\
mv getusernetrc.o /d0library/tmp/d0librar/userlib/1211025/unix/a2/getusernetrc.o ;\
)
(cd /d0library/scratch;\
cc -c -o32 -dollar -G 0 -DD0FLAVOR=SIUNIX -woff 1172 -Wl,-LD_MSG:off=84 -I/d0library/scratch/test/unix/source -I/d0library/unix/source -I/d0library/test/c_inc -I/d0library/c_inc -O0 -g2 /d0library/unix/source/getword.c ;\
mv getword.o /d0library/tmp/d0librar/userlib/1211025/unix/a2/getword.o ;\
)
(cd /d0library/scratch;\
cc -c -o32 -dollar -G 0 -DD0FLAVOR=SIUNIX -woff 1172 -Wl,-LD_MSG:off=84 -I/d0library/scratch/test/unix/source -I/d0library/unix/source -I/d0library/test/c_inc -I/d0library/c_inc -O0 -g2 /d0library/unix/source/glob.c ;\
mv glob.o /d0library/tmp/d0librar/userlib/1211025/unix/a2/glob.o ;\
)
(cd /d0library/scratch;\
f77 -c -o32 -nocpp -static -col72 -backslash -G 0 -Wl,-LD_MSG:off=84 -O0 -g2 /d0library/unix/source/idate.f ;\
mv idate.o /d0library/tmp/d0librar/userlib/1211025/unix/a2/idate.o ;\
)
(cd /d0library/scratch;\
cc -c -o32 -dollar -G 0 -DD0FLAVOR=SIUNIX -woff 1172 -Wl,-LD_MSG:off=84 -I/d0library/scratch/test/unix/source -I/d0library/unix/source -I/d0library/test/c_inc -I/d0library/c_inc -O0 -g2 /d0library/unix/source/jpi_cputim.c ;\
mv jpi_cputim.o /d0library/tmp/d0librar/userlib/1211025/unix/a2/jpi_cputim.o ;\
)
(cd /d0library/scratch;\
f77 -c -o32 -nocpp -static -col72 -backslash -G 0 -Wl,-LD_MSG:off=84 -O0 -g2 /d0library/unix/source/lib_date_time.f ;\
mv lib_date_time.o /d0library/tmp/d0librar/userlib/1211025/unix/a2/lib_dtime356.o ;\
)
(cd /d0library/scratch;\
cc -c -o32 -dollar -G 0 -DD0FLAVOR=SIUNIX -woff 1172 -Wl,-LD_MSG:off=84 -I/d0library/scratch/test/unix/source -I/d0library/unix/source -I/d0library/test/c_inc -I/d0library/c_inc -O0 -g2 /d0library/unix/source/lib_day.c ;\
mv lib_day.o /d0library/tmp/d0librar/userlib/1211025/unix/a2/lib_day.o ;\
)
(cd /d0library/scratch;\
cc -c -o32 -dollar -G 0 -DD0FLAVOR=SIUNIX -woff 1172 -Wl,-LD_MSG:off=84 -I/d0library/scratch/test/unix/source -I/d0library/unix/source -I/d0library/test/c_inc -I/d0library/c_inc -O0 -g2 /d0library/unix/source/lib_delete_file.c ;\
mv lib_delete_file.o /d0library/tmp/d0librar/userlib/1211025/unix/a2/lib_dfile554.o ;\
)
(cd /d0library/scratch;\
cc -c -o32 -dollar -G 0 -DD0FLAVOR=SIUNIX -woff 1172 -Wl,-LD_MSG:off=84 -I/d0library/scratch/test/unix/source -I/d0library/unix/source -I/d0library/test/c_inc -I/d0library/c_inc -O0 -g2 /d0library/unix/source/lib_find_file.c ;\
mv lib_find_file.o /d0library/tmp/d0librar/userlib/1211025/unix/a2/lib_ffile344.o ;\
)
(cd /d0library/scratch;\
cc -c -o32 -dollar -G 0 -DD0FLAVOR=SIUNIX -woff 1172 -Wl,-LD_MSG:off=84 -I/d0library/scratch/test/unix/source -I/d0library/unix/source -I/d0library/test/c_inc -I/d0library/c_inc -O0 -g2 /d0library/unix/source/lib_free_vm.c ;\
mv lib_free_vm.o /d0library/tmp/d0librar/userlib/1211025/unix/a2/lib_free_vm.o ;\
)
(cd /d0library/scratch;\
f77 -c -o32 -nocpp -static -col72 -backslash -G 0 -Wl,-LD_MSG:off=84 -O0 -g2 /d0library/unix/source/lib_get_foreign.f ;\
mv lib_get_foreign.o /d0library/tmp/d0librar/userlib/1211025/unix/a3/lib_geign577.o ;\
)
(cd /d0library/scratch;\
cc -c -o32 -dollar -G 0 -DD0FLAVOR=SIUNIX -woff 1172 -Wl,-LD_MSG:off=84 -I/d0library/scratch/test/unix/source -I/d0library/unix/source -I/d0library/test/c_inc -I/d0library/c_inc -O0 -g2 /d0library/unix/source/lib_get_vm.c ;\
mv lib_get_vm.o /d0library/tmp/d0librar/userlib/1211025/unix/a3/lib_get_vm.o ;\
)
(cd /d0library/scratch;\
cc -c -o32 -dollar -G 0 -DD0FLAVOR=SIUNIX -woff 1172 -Wl,-LD_MSG:off=84 -I/d0library/scratch/test/unix/source -I/d0library/unix/source -I/d0library/test/c_inc -I/d0library/c_inc -O0 -g2 /d0library/unix/source/lib_int_over.c ;\
mv lib_int_over.o /d0library/tmp/d0librar/userlib/1211025/unix/a3/lib_int_over.o ;\
)
(cd /d0library/scratch;\
cc -c -o32 -dollar -G 0 -DD0FLAVOR=SIUNIX -woff 1172 -Wl,-LD_MSG:off=84 -I/d0library/scratch/test/unix/source -I/d0library/unix/source -I/d0library/test/c_inc -I/d0library/c_inc -O0 -g2 /d0library/unix/source/lib_rename_file.c ;\
mv lib_rename_file.o /d0library/tmp/d0librar/userlib/1211025/unix/a3/lib_rfile559.o ;\
)
(cd /d0library/scratch;\
f77 -c -o32 -nocpp -static -col72 -backslash -G 0 -Wl,-LD_MSG:off=84 -O0 -g2 /d0library/unix/source/lib_signal.f ;\
mv lib_signal.o /d0library/tmp/d0librar/userlib/1211025/unix/a3/lib_signal.o ;\
)
(cd /d0library/scratch;\
f77 -c -o32 -nocpp -static -col72 -backslash -G 0 -Wl,-LD_MSG:off=84 -O0 -g2 /d0library/unix/source/lib_stop.f ;\
mv lib_stop.o /d0library/tmp/d0librar/userlib/1211025/unix/a3/lib_stop.o ;\
)
(cd /d0library/scratch;\
cc -c -o32 -dollar -G 0 -DD0FLAVOR=SIUNIX -woff 1172 -Wl,-LD_MSG:off=84 -I/d0library/scratch/test/unix/source -I/d0library/unix/source -I/d0library/test/c_inc -I/d0library/c_inc -O0 -g2 /d0library/unix/source/lib_wait.c ;\
mv lib_wait.o /d0library/tmp/d0librar/userlib/1211025/unix/a3/lib_wait.o ;\
)
(cd /d0library/scratch;\
cc -c -o32 -dollar -G 0 -DD0FLAVOR=SIUNIX -woff 1172 -Wl,-LD_MSG:off=84 -I/d0library/scratch/test/unix/source -I/d0library/unix/source -I/d0library/test/c_inc -I/d0library/c_inc -O0 -g2 /d0library/unix/source/make_copy_fz_rcp.c ;\
mv make_copy_fz_rcp.o /d0library/tmp/d0librar/userlib/1211025/unix/a3/make__rcp701.o ;\
)
(cd /d0library/scratch;\
cc -c -o32 -dollar -G 0 -DD0FLAVOR=SIUNIX -woff 1172 -Wl,-LD_MSG:off=84 -I/d0library/scratch/test/unix/source -I/d0library/unix/source -I/d0library/test/c_inc -I/d0library/c_inc -O0 -g2 /d0library/unix/source/segv_fault.c ;\
mv segv_fault.o /d0library/tmp/d0librar/userlib/1211025/unix/a3/segv_fault.o ;\
)
(cd /d0library/scratch;\
cc -c -o32 -dollar -G 0 -DD0FLAVOR=SIUNIX -woff 1172 -Wl,-LD_MSG:off=84 -I/d0library/scratch/test/unix/source -I/d0library/unix/source -I/d0library/test/c_inc -I/d0library/c_inc -O0 -g2 /d0library/unix/source/smg_begin_pasteboard_update.c ;\
mv smg_begin_pasteboard_update.o /d0library/tmp/d0librar/userlib/1211025/unix/a3/smg_bdate843.o ;\
)
(cd /d0library/scratch;\
cc -c -o32 -dollar -G 0 -DD0FLAVOR=SIUNIX -woff 1172 -Wl,-LD_MSG:off=84 -I/d0library/scratch/test/unix/source -I/d0library/unix/source -I/d0library/test/c_inc -I/d0library/c_inc -O0 -g2 /d0library/unix/source/smg_bell.c ;\
mv smg_bell.o /d0library/tmp/d0librar/userlib/1211025/unix/a3/smg_bell.o ;\
)
(cd /d0library/scratch;\
cc -c -o32 -dollar -G 0 -DD0FLAVOR=SIUNIX -woff 1172 -Wl,-LD_MSG:off=84 -I/d0library/scratch/test/unix/source -I/d0library/unix/source -I/d0library/test/c_inc -I/d0library/c_inc -O0 -g2 /d0library/unix/source/smg_change_viewport.c ;\
mv smg_change_viewport.o /d0library/tmp/d0librar/userlib/1211025/unix/a3/smg_cport037.o ;\
)
(cd /d0library/scratch;\
cc -c -o32 -dollar -G 0 -DD0FLAVOR=SIUNIX -woff 1172 -Wl,-LD_MSG:off=84 -I/d0library/scratch/test/unix/source -I/d0library/unix/source -I/d0library/test/c_inc -I/d0library/c_inc -O0 -g2 /d0library/unix/source/smg_change_virtual_display.c ;\
mv smg_change_virtual_display.o /d0library/tmp/d0librar/userlib/1211025/unix/a3/smg_cplay769.o ;\
)
(cd /d0library/scratch;\
cc -c -o32 -dollar -G 0 -DD0FLAVOR=SIUNIX -woff 1172 -Wl,-LD_MSG:off=84 -I/d0library/scratch/test/unix/source -I/d0library/unix/source -I/d0library/test/c_inc -I/d0library/c_inc -O0 -g2 /d0library/unix/source/smg_copy_virtual_display.c ;\
mv smg_copy_virtual_display.o /d0library/tmp/d0librar/userlib/1211025/unix/a3/smg_cplay598.o ;\
)
(cd /d0library/scratch;\
cc -c -o32 -dollar -G 0 -DD0FLAVOR=SIUNIX -woff 1172 -Wl,-LD_MSG:off=84 -I/d0library/scratch/test/unix/source -I/d0library/unix/source -I/d0library/test/c_inc -I/d0library/c_inc -O0 -g2 /d0library/unix/source/smg_create_pasteboard.c ;\
mv smg_create_pasteboard.o /d0library/tmp/d0librar/userlib/1211025/unix/a3/smg_coard216.o ;\
)
(cd /d0library/scratch;\
cc -c -o32 -dollar -G 0 -DD0FLAVOR=SIUNIX -woff 1172 -Wl,-LD_MSG:off=84 -I/d0library/scratch/test/unix/source -I/d0library/unix/source -I/d0library/test/c_inc -I/d0library/c_inc -O0 -g2 /d0library/unix/source/smg_create_viewport.c ;\
mv smg_create_viewport.o /d0library/tmp/d0librar/userlib/1211025/unix/a3/smg_cport051.o ;\
)
(cd /d0library/scratch;\
cc -c -o32 -dollar -G 0 -DD0FLAVOR=SIUNIX -woff 1172 -Wl,-LD_MSG:off=84 -I/d0library/scratch/test/unix/source -I/d0library/unix/source -I/d0library/test/c_inc -I/d0library/c_inc -O0 -g2 /d0library/unix/source/smg_create_virtual_display.c ;\
mv smg_create_virtual_display.o /d0library/tmp/d0librar/userlib/1211025/unix/a3/smg_cplay783.o ;\
)
(cd /d0library/scratch;\
cc -c -o32 -dollar -G 0 -DD0FLAVOR=SIUNIX -woff 1172 -Wl,-LD_MSG:off=84 -I/d0library/scratch/test/unix/source -I/d0library/unix/source -I/d0library/test/c_inc -I/d0library/c_inc -O0 -g2 /d0library/unix/source/smg_create_virtual_keyboard.c ;\
mv smg_create_virtual_keyboard.o /d0library/tmp/d0librar/userlib/1211025/unix/a3/smg_coard874.o ;\
)
(cd /d0library/scratch;\
cc -c -o32 -dollar -G 0 -DD0FLAVOR=SIUNIX -woff 1172 -Wl,-LD_MSG:off=84 -I/d0library/scratch/test/unix/source -I/d0library/unix/source -I/d0library/test/c_inc -I/d0library/c_inc -O0 -g2 /d0library/unix/source/smg_cursor_column.c ;\
mv smg_cursor_column.o /d0library/tmp/d0librar/userlib/1211025/unix/a3/smg_clumn851.o ;\
)
(cd /d0library/scratch;\
cc -c -o32 -dollar -G 0 -DD0FLAVOR=SIUNIX -woff 1172 -Wl,-LD_MSG:off=84 -I/d0library/scratch/test/unix/source -I/d0library/unix/source -I/d0library/test/c_inc -I/d0library/c_inc -O0 -g2 /d0library/unix/source/smg_cursor_row.c ;\
mv smg_cursor_row.o /d0library/tmp/d0librar/userlib/1211025/unix/a3/smg_c_row541.o ;\
)
(cd /d0library/scratch;\
cc -c -o32 -dollar -G 0 -DD0FLAVOR=SIUNIX -woff 1172 -Wl,-LD_MSG:off=84 -I/d0library/scratch/test/unix/source -I/d0library/unix/source -I/d0library/test/c_inc -I/d0library/c_inc -O0 -g2 /d0library/unix/source/smg_delete_pasteboard.c ;\
mv smg_delete_pasteboard.o /d0library/tmp/d0librar/userlib/1211025/unix/a4/smg_doard215.o ;\
)
(cd /d0library/scratch;\
cc -c -o32 -dollar -G 0 -DD0FLAVOR=SIUNIX -woff 1172 -Wl,-LD_MSG:off=84 -I/d0library/scratch/test/unix/source -I/d0library/unix/source -I/d0library/test/c_inc -I/d0library/c_inc -O0 -g2 /d0library/unix/source/smg_delete_viewport.c ;\
mv smg_delete_viewport.o /d0library/tmp/d0librar/userlib/1211025/unix/a4/smg_dport050.o ;\
)
(cd /d0library/scratch;\
cc -c -o32 -dollar -G 0 -DD0FLAVOR=SIUNIX -woff 1172 -Wl,-LD_MSG:off=84 -I/d0library/scratch/test/unix/source -I/d0library/unix/source -I/d0library/test/c_inc -I/d0library/c_inc -O0 -g2 /d0library/unix/source/smg_delete_virtual_display.c ;\
mv smg_delete_virtual_display.o /d0library/tmp/d0librar/userlib/1211025/unix/a4/smg_dplay782.o ;\
)
(cd /d0library/scratch;\
cc -c -o32 -dollar -G 0 -DD0FLAVOR=SIUNIX -woff 1172 -Wl,-LD_MSG:off=84 -I/d0library/scratch/test/unix/source -I/d0library/unix/source -I/d0library/test/c_inc -I/d0library/c_inc -O0 -g2 /d0library/unix/source/smg_delete_virtual_keyboard.c ;\
mv smg_delete_virtual_keyboard.o /d0library/tmp/d0librar/userlib/1211025/unix/a4/smg_doard873.o ;\
)
(cd /d0library/scratch;\
cc -c -o32 -dollar -G 0 -DD0FLAVOR=SIUNIX -woff 1172 -Wl,-LD_MSG:off=84 -I/d0library/scratch/test/unix/source -I/d0library/unix/source -I/d0library/test/c_inc -I/d0library/c_inc -O0 -g2 /d0library/unix/source/smg_disable_unsolicited_input.c ;\
mv smg_disable_unsolicited_input.o /d0library/tmp/d0librar/userlib/1211025/unix/a4/smg_dnput093.o ;\
)
(cd /d0library/scratch;\
cc -c -o32 -dollar -G 0 -DD0FLAVOR=SIUNIX -woff 1172 -Wl,-LD_MSG:off=84 -I/d0library/scratch/test/unix/source -I/d0library/unix/source -I/d0library/test/c_inc -I/d0library/c_inc -O0 -g2 /d0library/unix/source/smg_enable_unsolicited_input.c ;\
mv smg_enable_unsolicited_input.o /d0library/tmp/d0librar/userlib/1211025/unix/a4/smg_enput984.o ;\
)
(cd /d0library/scratch;\
cc -c -o32 -dollar -G 0 -DD0FLAVOR=SIUNIX -woff 1172 -Wl,-LD_MSG:off=84 -I/d0library/scratch/test/unix/source -I/d0library/unix/source -I/d0library/test/c_inc -I/d0library/c_inc -O0 -g2 /d0library/unix/source/smg_end_pasteboard_update.c ;\
mv smg_end_pasteboard_update.o /d0library/tmp/d0librar/userlib/1211025/unix/a4/smg_edate637.o ;\
)
(cd /d0library/scratch;\
cc -c -o32 -dollar -G 0 -DD0FLAVOR=SIUNIX -woff 1172 -Wl,-LD_MSG:off=84 -I/d0library/scratch/test/unix/source -I/d0library/unix/source -I/d0library/test/c_inc -I/d0library/c_inc -O0 -g2 /d0library/unix/source/smg_erase_display.c ;\
mv smg_erase_display.o /d0library/tmp/d0librar/userlib/1211025/unix/a4/smg_eplay813.o ;\
)
(cd /d0library/scratch;\
cc -c -o32 -dollar -G 0 -DD0FLAVOR=SIUNIX -woff 1172 -Wl,-LD_MSG:off=84 -I/d0library/scratch/test/unix/source -I/d0library/unix/source -I/d0library/test/c_inc -I/d0library/c_inc -O0 -g2 /d0library/unix/source/smg_erase_line.c ;\
mv smg_erase_line.o /d0library/tmp/d0librar/userlib/1211025/unix/a4/smg_eline479.o ;\
)
(cd /d0library/scratch;\
cc -c -o32 -dollar -G 0 -DD0FLAVOR=SIUNIX -woff 1172 -Wl,-LD_MSG:off=84 -I/d0library/scratch/test/unix/source -I/d0library/unix/source -I/d0library/test/c_inc -I/d0library/c_inc -O0 -g2 /d0library/unix/source/smg_erase_pasteboard.c ;\
mv smg_erase_pasteboard.o /d0library/tmp/d0librar/userlib/1211025/unix/a4/smg_eoard116.o ;\
)
(cd /d0library/scratch;\
cc -c -o32 -dollar -G 0 -DD0FLAVOR=SIUNIX -woff 1172 -Wl,-LD_MSG:off=84 -I/d0library/scratch/test/unix/source -I/d0library/unix/source -I/d0library/test/c_inc -I/d0library/c_inc -O0 -g2 /d0library/unix/source/smg_error.c ;\
mv smg_error.o /d0library/tmp/d0librar/userlib/1211025/unix/a4/smg_error.o ;\
)
(cd /d0library/scratch;\
cc -c -o32 -dollar -G 0 -DD0FLAVOR=SIUNIX -woff 1172 -Wl,-LD_MSG:off=84 -I/d0library/scratch/test/unix/source -I/d0library/unix/source -I/d0library/test/c_inc -I/d0library/c_inc -O0 -g2 /d0library/unix/source/smg_get_display_attr.c ;\
mv smg_get_display_attr.o /d0library/tmp/d0librar/userlib/1211025/unix/a4/smg_gattr143.o ;\
)
(cd /d0library/scratch;\
cc -c -o32 -dollar -G 0 -DD0FLAVOR=SIUNIX -woff 1172 -Wl,-LD_MSG:off=84 -I/d0library/scratch/test/unix/source -I/d0library/unix/source -I/d0library/test/c_inc -I/d0library/c_inc -O0 -g2 /d0library/unix/source/smg_get_pasting_info.c ;\
mv smg_get_pasting_info.o /d0library/tmp/d0librar/userlib/1211025/unix/a4/smg_ginfo128.o ;\
)
(cd /d0library/scratch;\
cc -c -o32 -dollar -G 0 -DD0FLAVOR=SIUNIX -woff 1172 -Wl,-LD_MSG:off=84 -I/d0library/scratch/test/unix/source -I/d0library/unix/source -I/d0library/test/c_inc -I/d0library/c_inc -O0 -g2 /d0library/unix/source/smg_get_viewport_char.c ;\
mv smg_get_viewport_char.o /d0library/tmp/d0librar/userlib/1211025/unix/a4/smg_gchar252.o ;\
)
(cd /d0library/scratch;\
cc -c -o32 -dollar -G 0 -DD0FLAVOR=SIUNIX -woff 1172 -Wl,-LD_MSG:off=84 -I/d0library/scratch/test/unix/source -I/d0library/unix/source -I/d0library/test/c_inc -I/d0library/c_inc -O0 -g2 /d0library/unix/source/smg_getch.c ;\
mv smg_getch.o /d0library/tmp/d0librar/userlib/1211025/unix/a4/smg_getch.o ;\
)
(cd /d0library/scratch;\
cc -c -o32 -dollar -G 0 -DD0FLAVOR=SIUNIX -woff 1172 -Wl,-LD_MSG:off=84 -I/d0library/scratch/test/unix/source -I/d0library/unix/source -I/d0library/test/c_inc -I/d0library/c_inc -O0 -g2 /d0library/unix/source/smg_getstr.c ;\
mv smg_getstr.o /d0library/tmp/d0librar/userlib/1211025/unix/a4/smg_getstr.o ;\
)
(cd /d0library/scratch;\
cc -c -o32 -dollar -G 0 -DD0FLAVOR=SIUNIX -woff 1172 -Wl,-LD_MSG:off=84 -I/d0library/scratch/test/unix/source -I/d0library/unix/source -I/d0library/test/c_inc -I/d0library/c_inc -O0 -g2 /d0library/unix/source/smg_label_border.c ;\
mv smg_label_border.o /d0library/tmp/d0librar/userlib/1211025/unix/a4/smg_lrder677.o ;\
)
(cd /d0library/scratch;\
cc -c -o32 -dollar -G 0 -DD0FLAVOR=SIUNIX -woff 1172 -Wl,-LD_MSG:off=84 -I/d0library/scratch/test/unix/source -I/d0library/unix/source -I/d0library/test/c_inc -I/d0library/c_inc -O0 -g2 /d0library/unix/source/smg_move_text.c ;\
mv smg_move_text.o /d0library/tmp/d0librar/userlib/1211025/unix/a4/smg_mtext419.o ;\
)
(cd /d0library/scratch;\
cc -c -o32 -dollar -G 0 -DD0FLAVOR=SIUNIX -woff 1172 -Wl,-LD_MSG:off=84 -I/d0library/scratch/test/unix/source -I/d0library/unix/source -I/d0library/test/c_inc -I/d0library/c_inc -O0 -g2 /d0library/unix/source/smg_move_virtual_display.c ;\
mv smg_move_virtual_display.o /d0library/tmp/d0librar/userlib/1211025/unix/a4/smg_mplay594.o ;\
)
(cd /d0library/scratch;\
cc -c -o32 -dollar -G 0 -DD0FLAVOR=SIUNIX -woff 1172 -Wl,-LD_MSG:off=84 -I/d0library/scratch/test/unix/source -I/d0library/unix/source -I/d0library/test/c_inc -I/d0library/c_inc -O0 -g2 /d0library/unix/source/smg_paste_display.c ;\
mv smg_paste_display.o /d0library/tmp/d0librar/userlib/1211025/unix/a4/smg_pplay826.o ;\
)
(cd /d0library/scratch;\
cc -c -o32 -dollar -G 0 -DD0FLAVOR=SIUNIX -woff 1172 -Wl,-LD_MSG:off=84 -I/d0library/scratch/test/unix/source -I/d0library/unix/source -I/d0library/test/c_inc -I/d0library/c_inc -O0 -g2 /d0library/unix/source/smg_paste_virtual_display.c ;\
mv smg_paste_virtual_display.o /d0library/tmp/d0librar/userlib/1211025/unix/a5/smg_pplay696.o ;\
)
(cd /d0library/scratch;\
cc -c -o32 -dollar -G 0 -DD0FLAVOR=SIUNIX -woff 1172 -Wl,-LD_MSG:off=84 -I/d0library/scratch/test/unix/source -I/d0library/unix/source -I/d0library/test/c_inc -I/d0library/c_inc -O0 -g2 /d0library/unix/source/smg_put_chars.c ;\
mv smg_put_chars.o /d0library/tmp/d0librar/userlib/1211025/unix/a5/smg_phars401.o ;\
)
(cd /d0library/scratch;\
cc -c -o32 -dollar -G 0 -DD0FLAVOR=SIUNIX -woff 1172 -Wl,-LD_MSG:off=84 -I/d0library/scratch/test/unix/source -I/d0library/unix/source -I/d0library/test/c_inc -I/d0library/c_inc -O0 -g2 /d0library/unix/source/smg_put_chars_wide.c ;\
mv smg_put_chars_wide.o /d0library/tmp/d0librar/userlib/1211025/unix/a5/smg_pwide921.o ;\
)
(cd /d0library/scratch;\
cc -c -o32 -dollar -G 0 -DD0FLAVOR=SIUNIX -woff 1172 -Wl,-LD_MSG:off=84 -I/d0library/scratch/test/unix/source -I/d0library/unix/source -I/d0library/test/c_inc -I/d0library/c_inc -O0 -g2 /d0library/unix/source/smg_put_line.c ;\
mv smg_put_line.o /d0library/tmp/d0librar/userlib/1211025/unix/a5/smg_put_line.o ;\
)
(cd /d0library/scratch;\
cc -c -o32 -dollar -G 0 -DD0FLAVOR=SIUNIX -woff 1172 -Wl,-LD_MSG:off=84 -I/d0library/scratch/test/unix/source -I/d0library/unix/source -I/d0library/test/c_inc -I/d0library/c_inc -O0 -g2 /d0library/unix/source/smg_put_with_scroll.c ;\
mv smg_put_with_scroll.o /d0library/tmp/d0librar/userlib/1211025/unix/a5/smg_proll066.o ;\
)
(cd /d0library/scratch;\
cc -c -o32 -dollar -G 0 -DD0FLAVOR=SIUNIX -woff 1172 -Wl,-LD_MSG:off=84 -I/d0library/scratch/test/unix/source -I/d0library/unix/source -I/d0library/test/c_inc -I/d0library/c_inc -O0 -g2 /d0library/unix/source/smg_read_from_display.c ;\
mv smg_read_from_display.o /d0library/tmp/d0librar/userlib/1211025/unix/a5/smg_rplay228.o ;\
)
(cd /d0library/scratch;\
cc -c -o32 -dollar -G 0 -DD0FLAVOR=SIUNIX -woff 1172 -Wl,-LD_MSG:off=84 -I/d0library/scratch/test/unix/source -I/d0library/unix/source -I/d0library/test/c_inc -I/d0library/c_inc -O0 -g2 /d0library/unix/source/smg_read_keystroke.c ;\
mv smg_read_keystroke.o /d0library/tmp/d0librar/userlib/1211025/unix/a5/smg_rroke932.o ;\
)
(cd /d0library/scratch;\
cc -c -o32 -dollar -G 0 -DD0FLAVOR=SIUNIX -woff 1172 -Wl,-LD_MSG:off=84 -I/d0library/scratch/test/unix/source -I/d0library/unix/source -I/d0library/test/c_inc -I/d0library/c_inc -O0 -g2 /d0library/unix/source/smg_read_string.c ;\
mv smg_read_string.o /d0library/tmp/d0librar/userlib/1211025/unix/a5/smg_rring602.o ;\
)
(cd /d0library/scratch;\
cc -c -o32 -dollar -G 0 -DD0FLAVOR=SIUNIX -woff 1172 -Wl,-LD_MSG:off=84 -I/d0library/scratch/test/unix/source -I/d0library/unix/source -I/d0library/test/c_inc -I/d0library/c_inc -O0 -g2 /d0library/unix/source/smg_rendition.c ;\
mv smg_rendition.o /d0library/tmp/d0librar/userlib/1211025/unix/a5/smg_rtion404.o ;\
)
(cd /d0library/scratch;\
cc -c -o32 -dollar -G 0 -DD0FLAVOR=SIUNIX -woff 1172 -Wl,-LD_MSG:off=84 -I/d0library/scratch/test/unix/source -I/d0library/unix/source -I/d0library/test/c_inc -I/d0library/c_inc -O0 -g2 /d0library/unix/source/smg_repaint_screen.c ;\
mv smg_repaint_screen.o /d0library/tmp/d0librar/userlib/1211025/unix/a5/smg_rreen922.o ;\
)
(cd /d0library/scratch;\
cc -c -o32 -dollar -G 0 -DD0FLAVOR=SIUNIX -woff 1172 -Wl,-LD_MSG:off=84 -I/d0library/scratch/test/unix/source -I/d0library/unix/source -I/d0library/test/c_inc -I/d0library/c_inc -O0 -g2 /d0library/unix/source/smg_repaste_virtual_display.c ;\
mv smg_repaste_virtual_display.o /d0library/tmp/d0librar/userlib/1211025/unix/a5/smg_rplay911.o ;\
)
(cd /d0library/scratch;\
cc -c -o32 -dollar -G 0 -DD0FLAVOR=SIUNIX -woff 1172 -Wl,-LD_MSG:off=84 -I/d0library/scratch/test/unix/source -I/d0library/unix/source -I/d0library/test/c_inc -I/d0library/c_inc -O0 -g2 /d0library/unix/source/smg_reset_term.c ;\
mv smg_reset_term.o /d0library/tmp/d0librar/userlib/1211025/unix/a5/smg_rterm514.o ;\
)
(cd /d0library/scratch;\
cc -c -o32 -dollar -G 0 -DD0FLAVOR=SIUNIX -woff 1172 -Wl,-LD_MSG:off=84 -I/d0library/scratch/test/unix/source -I/d0library/unix/source -I/d0library/test/c_inc -I/d0library/c_inc -O0 -g2 /d0library/unix/source/smg_return_cursor_pos.c ;\
mv smg_return_cursor_pos.o /d0library/tmp/d0librar/userlib/1211025/unix/a5/smg_r_pos302.o ;\
)
(cd /d0library/scratch;\
cc -c -o32 -dollar -G 0 -DD0FLAVOR=SIUNIX -woff 1172 -Wl,-LD_MSG:off=84 -I/d0library/scratch/test/unix/source -I/d0library/unix/source -I/d0library/test/c_inc -I/d0library/c_inc -O0 -g2 /d0library/unix/source/smg_scroll.c ;\
mv smg_scroll.o /d0library/tmp/d0librar/userlib/1211025/unix/a5/smg_scroll.o ;\
)
(cd /d0library/scratch;\
cc -c -o32 -dollar -G 0 -DD0FLAVOR=SIUNIX -woff 1172 -Wl,-LD_MSG:off=84 -I/d0library/scratch/test/unix/source -I/d0library/unix/source -I/d0library/test/c_inc -I/d0library/c_inc -O0 -g2 /d0library/unix/source/smg_set_cursor_abs.c ;\
mv smg_set_cursor_abs.o /d0library/tmp/d0librar/userlib/1211025/unix/a5/smg_s_abs934.o ;\
)
(cd /d0library/scratch;\
cc -c -o32 -dollar -G 0 -DD0FLAVOR=SIUNIX -woff 1172 -Wl,-LD_MSG:off=84 -I/d0library/scratch/test/unix/source -I/d0library/unix/source -I/d0library/test/c_inc -I/d0library/c_inc -O0 -g2 /d0library/unix/source/smg_set_cursor_mode.c ;\
mv smg_set_cursor_mode.o /d0library/tmp/d0librar/userlib/1211025/unix/a5/smg_smode045.o ;\
)
(cd /d0library/scratch;\
cc -c -o32 -dollar -G 0 -DD0FLAVOR=SIUNIX -woff 1172 -Wl,-LD_MSG:off=84 -I/d0library/scratch/test/unix/source -I/d0library/unix/source -I/d0library/test/c_inc -I/d0library/c_inc -O0 -g2 /d0library/unix/source/smg_set_display_scroll_region.c ;\
mv smg_set_display_scroll_region.o /d0library/tmp/d0librar/userlib/1211025/unix/a5/smg_sgion106.o ;\
)
(cd /d0library/scratch;\
cc -c -o32 -dollar -G 0 -DD0FLAVOR=SIUNIX -woff 1172 -Wl,-LD_MSG:off=84 -I/d0library/scratch/test/unix/source -I/d0library/unix/source -I/d0library/test/c_inc -I/d0library/c_inc -O0 -g2 /d0library/unix/source/smg_unpaste_virtual_display.c ;\
mv smg_unpaste_virtual_display.o /d0library/tmp/d0librar/userlib/1211025/unix/a5/smg_uplay923.o ;\
)
(cd /d0library/scratch;\
cc -c -o32 -dollar -G 0 -DD0FLAVOR=SIUNIX -woff 1172 -Wl,-LD_MSG:off=84 -I/d0library/scratch/test/unix/source -I/d0library/unix/source -I/d0library/test/c_inc -I/d0library/c_inc -O0 -g2 /d0library/unix/source/smg_update.c ;\
mv smg_update.o /d0library/tmp/d0librar/userlib/1211025/unix/a5/smg_update.o ;\
)
(cd /d0library/scratch;\
cc -c -o32 -dollar -G 0 -DD0FLAVOR=SIUNIX -woff 1172 -Wl,-LD_MSG:off=84 -I/d0library/scratch/test/unix/source -I/d0library/unix/source -I/d0library/test/c_inc -I/d0library/c_inc -O0 -g2 /d0library/unix/source/smg_verify_display.c ;\
mv smg_verify_display.o /d0library/tmp/d0librar/userlib/1211025/unix/a5/smg_vplay946.o ;\
)
(cd /d0library/scratch;\
cc -c -o32 -dollar -G 0 -DD0FLAVOR=SIUNIX -woff 1172 -Wl,-LD_MSG:off=84 -I/d0library/scratch/test/unix/source -I/d0library/unix/source -I/d0library/test/c_inc -I/d0library/c_inc -O0 -g2 /d0library/unix/source/stdintosock.c ;\
mv stdintosock.o /d0library/tmp/d0librar/userlib/1211025/unix/a6/stdintosock.o ;\
)
(cd /d0library/scratch;\
cc -c -o32 -dollar -G 0 -DD0FLAVOR=SIUNIX -woff 1172 -Wl,-LD_MSG:off=84 -I/d0library/scratch/test/unix/source -I/d0library/unix/source -I/d0library/test/c_inc -I/d0library/c_inc -O0 -g2 /d0library/unix/source/stopme.c ;\
mv stopme.o /d0library/tmp/d0librar/userlib/1211025/unix/a6/stopme.o ;\
)
(cd /d0library/scratch;\
f77 -c -o32 -nocpp -static -col72 -backslash -G 0 -Wl,-LD_MSG:off=84 -O0 -g2 /d0library/unix/source/str_trim.f ;\
mv str_trim.o /d0library/tmp/d0librar/userlib/1211025/unix/a6/str_trim.o ;\
)
(cd /d0library/scratch;\
f77 -c -o32 -nocpp -static -col72 -backslash -G 0 -Wl,-LD_MSG:off=84 -O0 -g2 /d0library/unix/source/str_upcase.f ;\
mv str_upcase.o /d0library/tmp/d0librar/userlib/1211025/unix/a6/str_upcase.o ;\
)
(cd /d0library/scratch;\
cc -c -o32 -dollar -G 0 -DD0FLAVOR=SIUNIX -woff 1172 -Wl,-LD_MSG:off=84 -I/d0library/scratch/test/unix/source -I/d0library/unix/source -I/d0library/test/c_inc -I/d0library/c_inc -O0 -g2 /d0library/unix/source/sys_asctim.c ;\
mv sys_asctim.o /d0library/tmp/d0librar/userlib/1211025/unix/a6/sys_asctim.o ;\
)
(cd /d0library/scratch;\
cc -c -o32 -dollar -G 0 -DD0FLAVOR=SIUNIX -woff 1172 -Wl,-LD_MSG:off=84 -I/d0library/scratch/test/unix/source -I/d0library/unix/source -I/d0library/test/c_inc -I/d0library/c_inc -O0 -g2 /d0library/unix/source/sys_bintim.c ;\
mv sys_bintim.o /d0library/tmp/d0librar/userlib/1211025/unix/a6/sys_bintim.o ;\
)
(cd /d0library/scratch;\
cc -c -o32 -dollar -G 0 -DD0FLAVOR=SIUNIX -woff 1172 -Wl,-LD_MSG:off=84 -I/d0library/scratch/test/unix/source -I/d0library/unix/source -I/d0library/test/c_inc -I/d0library/c_inc -O0 -g2 /d0library/unix/source/sys_gettim.c ;\
mv sys_gettim.o /d0library/tmp/d0librar/userlib/1211025/unix/a6/sys_gettim.o ;\
)
(cd /d0library/scratch;\
cc -c -o32 -dollar -G 0 -DD0FLAVOR=SIUNIX -woff 1172 -Wl,-LD_MSG:off=84 -I/d0library/scratch/test/unix/source -I/d0library/unix/source -I/d0library/test/c_inc -I/d0library/c_inc -O0 -g2 /d0library/unix/source/sys_numtim.c ;\
mv sys_numtim.o /d0library/tmp/d0librar/userlib/1211025/unix/a6/sys_numtim.o ;\
)
(cd /d0library/scratch;\
cc -c -o32 -dollar -DD0FLAVOR=SIUNIX -woff 1167,1172,1116,1110 -Wl,-LD_MSG:off=84 -I/d0library/scratch/test/unix/source -I/d0library/unix/source -I/d0library/test/c_inc -I/d0library/c_inc -O0 -g2 /d0library/unix/source/tasteofd0.c ;\
mv tasteofd0.o /d0library/tmp/d0librar/userlib/1211025/unix/a1/tasteofd0.o ;\
)
(cd /d0library/scratch;\
f77 -c -o32 -nocpp -static -col72 -backslash -G 0 -Wl,-LD_MSG:off=84 -O0 -g2 /d0library/unix/source/time.f ;\
mv time.o /d0library/tmp/d0librar/userlib/1211025/unix/a6/time.o ;\
)
(cd /d0library/scratch;\
f77 -c -o32 -nocpp -static -col72 -backslash -G 0 -Wl,-LD_MSG:off=84 -O0 -g2 /d0library/unix/source/unix_to_vms_time.f ;\
mv unix_to_vms_time.o /d0library/tmp/d0librar/userlib/1211025/unix/a6/unix_time747.o ;\
)
(cd /d0library/scratch;\
cc -c -o32 -dollar -G 0 -DD0FLAVOR=SIUNIX -woff 1172 -Wl,-LD_MSG:off=84 -I/d0library/scratch/test/unix/source -I/d0library/unix/source -I/d0library/test/c_inc -I/d0library/c_inc -O0 -g2 /d0library/unix/source/utc_tz_offset.c ;\
mv utc_tz_offset.o /d0library/tmp/d0librar/userlib/1211025/unix/a6/utc_tfset417.o ;\
)
(cd /d0library/scratch;\
cc -c -o32 -dollar -G 0 -DD0FLAVOR=SIUNIX -woff 1172 -Wl,-LD_MSG:off=84 -I/d0library/scratch/test/unix/source -I/d0library/unix/source -I/d0library/test/c_inc -I/d0library/c_inc -O0 -g2 /d0library/unix/source/vfa.c ;\
mv vfa.o /d0library/tmp/d0librar/userlib/1211025/unix/a6/vfa.o ;\
)
(cd /d0library/scratch;\
cc -c -o32 -dollar -G 0 -DD0FLAVOR=SIUNIX -woff 1172 -Wl,-LD_MSG:off=84 -I/d0library/scratch/test/unix/source -I/d0library/unix/source -I/d0library/test/c_inc -I/d0library/c_inc -O0 -g2 /d0library/unix/source/vff.c ;\
mv vff.o /d0library/tmp/d0librar/userlib/1211025/unix/a6/vff.o ;\
)
(cd /d0library/scratch;\
cc -c -o32 -dollar -G 0 -DD0FLAVOR=SIUNIX -woff 1172 -Wl,-LD_MSG:off=84 -I/d0library/scratch/test/unix/source -I/d0library/unix/source -I/d0library/test/c_inc -I/d0library/c_inc -O0 -g2 /d0library/unix/source/vfl.c ;\
mv vfl.o /d0library/tmp/d0librar/userlib/1211025/unix/a6/vfl.o ;\
)
(cd /d0library/scratch;\
cc -c -o32 -dollar -G 0 -DD0FLAVOR=SIUNIX -woff 1172 -Wl,-LD_MSG:off=84 -I/d0library/scratch/test/unix/source -I/d0library/unix/source -I/d0library/test/c_inc -I/d0library/c_inc -O0 -g2 /d0library/unix/source/vfn.c ;\
mv vfn.o /d0library/tmp/d0librar/userlib/1211025/unix/a6/vfn.o ;\
)
(cd /d0library/scratch;\
f77 -c -o32 -nocpp -static -col72 -backslash -G 0 -Wl,-LD_MSG:off=84 -O0 -g2 /d0library/unix/source/vms_to_unix_time.f ;\
mv vms_to_unix_time.o /d0library/tmp/d0librar/userlib/1211025/unix/a6/vms_ttime747.o ;\
)
(cd /d0library/scratch;\
cc -c -o32 -dollar -DD0FLAVOR=SIUNIX -woff 1167,1172,1116,1110 -Wl,-LD_MSG:off=84 -I/d0library/scratch/test/unix/source -I/d0library/unix/source -I/d0library/test/c_inc -I/d0library/c_inc -O0 -g2 /d0library/unix/source/vmstounix.c ;\
mv vmstounix.o /d0library/tmp/d0librar/userlib/1211025/unix/a1/vmstounix.o ;\
)
(cd /d0library/scratch;\
cc -c -o32 -dollar -G 0 -DD0FLAVOR=SIUNIX -woff 1172 -Wl,-LD_MSG:off=84 -I/d0library/scratch/test/unix/source -I/d0library/unix/source -I/d0library/test/c_inc -I/d0library/c_inc -O0 -g2 /d0library/unix/source/vxinvb.c ;\
mv vxinvb.o /d0library/tmp/d0librar/userlib/1211025/unix/a6/vxinvb.o ;\
)
(cd /d0library/scratch;\
cc -c -o32 -dollar -G 0 -DD0FLAVOR=SIUNIX -woff 1172 -Wl,-LD_MSG:off=84 -I/d0library/scratch/test/unix/source -I/d0library/unix/source -I/d0library/test/c_inc -I/d0library/c_inc -O0 -g2 /d0library/unix/source/wscrl.c ;\
mv wscrl.o /d0library/tmp/d0librar/userlib/1211025/unix/a6/wscrl.o ;\
)
ar crsl /d0library/scratch/test/unix/deb_unix.a `ls /d0library/tmp/d0librar/userlib/1211025/unix/a1/*.o 2> /dev/null`
ar crsl /d0library/scratch/test/unix/deb_unix.a `ls /d0library/tmp/d0librar/userlib/1211025/unix/a2/*.o 2> /dev/null`
ar crsl /d0library/scratch/test/unix/deb_unix.a `ls /d0library/tmp/d0librar/userlib/1211025/unix/a3/*.o 2> /dev/null`
ar crsl /d0library/scratch/test/unix/deb_unix.a `ls /d0library/tmp/d0librar/userlib/1211025/unix/a4/*.o 2> /dev/null`
ar crsl /d0library/scratch/test/unix/deb_unix.a `ls /d0library/tmp/d0librar/userlib/1211025/unix/a5/*.o 2> /dev/null`
ar crsl /d0library/scratch/test/unix/deb_unix.a `ls /d0library/tmp/d0librar/userlib/1211025/unix/a6/*.o 2> /dev/null`
rmdirp /d0library/tmp/d0librar/userlib/1211025/unix
deb_unix.a is up to date
Scanning source files
Checking uniqueness
118 source files
118 archive files
Uniqueness OK
Generating dependencies for unix.a
Generating dependencies for non-debug object files
136/8000 nodes(%e), 607/5000 positions(%p), 90/4000 (%n), 20847 transitions,
300/20000 packed char classes(%k), 1226/4000 packed transitions(%a), 2397/8000 output slots(%o)
Generating preprocessor dependencies
136/8000 nodes(%e), 607/5000 positions(%p), 90/4000 (%n), 20847 transitions,
300/20000 packed char classes(%k), 1226/4000 packed transitions(%a), 2397/8000 output slots(%o)
Generating source list

Building unix.a:

rmdirp /d0library/tmp/d0librar/userlib/1214848/unix
mkdirp /d0library/tmp/d0librar/userlib/1214848/unix/a1
mkdirp /d0library/tmp/d0librar/userlib/1214848/unix/a2
mkdirp /d0library/tmp/d0librar/userlib/1214848/unix/a3
mkdirp /d0library/tmp/d0librar/userlib/1214848/unix/a4
mkdirp /d0library/tmp/d0librar/userlib/1214848/unix/a5
mkdirp /d0library/tmp/d0librar/userlib/1214848/unix/a6
(cd /d0library/scratch;\
cc -c -o32 -dollar -G 0 -DD0FLAVOR=SIUNIX -woff 1172 -Wl,-LD_MSG:off=84 -I/d0library/scratch/test/unix/source -I/d0library/unix/source -I/d0library/test/c_inc -I/d0library/c_inc -O2 /d0library/unix/source/avoid_nfs.c ;\
mv avoid_nfs.o /d0library/tmp/d0librar/userlib/1214848/unix/a1/avoid_nfs.o ;\
)
(cd /d0library/scratch;\
cc -c -o32 -dollar -DD0FLAVOR=SIUNIX -woff 1167,1172,1116,1110 -Wl,-LD_MSG:off=84 -I/d0library/scratch/test/unix/source -I/d0library/unix/source -I/d0library/test/c_inc -I/d0library/c_inc -O2 /d0library/unix/source/c_depend.c ;\
mv c_depend.o /d0library/tmp/d0librar/userlib/1214848/unix/a1/c_depend.o ;\
)
(cd /d0library/scratch;\
cc -c -o32 -dollar -G 0 -DD0FLAVOR=SIUNIX -woff 1172 -Wl,-LD_MSG:off=84 -I/d0library/scratch/test/unix/source -I/d0library/unix/source -I/d0library/test/c_inc -I/d0library/c_inc -O2 /d0library/unix/source/cfget.c ;\
mv cfget.o /d0library/tmp/d0librar/userlib/1214848/unix/a1/cfget.o ;\
)
(cd /d0library/scratch;\
cc -c -o32 -dollar -G 0 -DD0FLAVOR=SIUNIX -woff 1172 -Wl,-LD_MSG:off=84 -I/d0library/scratch/test/unix/source -I/d0library/unix/source -I/d0library/test/c_inc -I/d0library/c_inc -O2 /d0library/unix/source/check_exec.c ;\
mv check_exec.o /d0library/tmp/d0librar/userlib/1214848/unix/a1/check_exec.o ;\
)
(cd /d0library/scratch;\
cc -c -o32 -dollar -G 0 -DD0FLAVOR=SIUNIX -woff 1172 -Wl,-LD_MSG:off=84 -I/d0library/scratch/test/unix/source -I/d0library/unix/source -I/d0library/test/c_inc -I/d0library/c_inc -O2 /d0library/unix/source/cstring.c ;\
mv cstring.o /d0library/tmp/d0librar/userlib/1214848/unix/a1/cstring.o ;\
)
(cd /d0library/scratch;\
cc -c -o32 -dollar -G 0 -DD0FLAVOR=SIUNIX -woff 1172 -Wl,-LD_MSG:off=84 -I/d0library/scratch/test/unix/source -I/d0library/unix/source -I/d0library/test/c_inc -I/d0library/c_inc -O2 /d0library/unix/source/d0_loc.c ;\
mv d0_loc.o /d0library/tmp/d0librar/userlib/1214848/unix/a1/d0_loc.o ;\
)
(cd /d0library/scratch;\
cc -c -o32 -dollar -G 0 -DD0FLAVOR=SIUNIX -woff 1172 -Wl,-LD_MSG:off=84 -I/d0library/scratch/test/unix/source -I/d0library/unix/source -I/d0library/test/c_inc -I/d0library/c_inc -O2 /d0library/unix/source/d0_nodename.c ;\
mv d0_nodename.o /d0library/tmp/d0librar/userlib/1214848/unix/a1/d0_nodename.o ;\
)
(cd /d0library/scratch;\
cc -c -o32 -dollar -G 0 -DD0FLAVOR=SIUNIX -woff 1172 -Wl,-LD_MSG:off=84 -I/d0library/scratch/test/unix/source -I/d0library/unix/source -I/d0library/test/c_inc -I/d0library/c_inc -O2 /d0library/unix/source/d0_readlink.c ;\
mv d0_readlink.o /d0library/tmp/d0librar/userlib/1214848/unix/a1/d0_readlink.o ;\
)
(cd /d0library/scratch;\
cc -c -o32 -dollar -G 0 -DD0FLAVOR=SIUNIX -woff 1172 -Wl,-LD_MSG:off=84 -I/d0library/scratch/test/unix/source -I/d0library/unix/source -I/d0library/test/c_inc -I/d0library/c_inc -O2 /d0library/unix/source/d0_tz_offset.c ;\
mv d0_tz_offset.o /d0library/tmp/d0librar/userlib/1214848/unix/a1/d0_tz_offset.o ;\
)
(cd /d0library/scratch;\
cc -c -o32 -dollar -G 0 -DD0FLAVOR=SIUNIX -woff 1172 -Wl,-LD_MSG:off=84 -I/d0library/scratch/test/unix/source -I/d0library/unix/source -I/d0library/test/c_inc -I/d0library/c_inc -O2 /d0library/unix/source/d0echo.c ;\
mv d0echo.o /d0library/tmp/d0librar/userlib/1214848/unix/a1/d0echo.o ;\
)
(cd /d0library/scratch;\
cc -c -o32 -dollar -G 0 -DD0FLAVOR=SIUNIX -woff 1172 -Wl,-LD_MSG:off=84 -I/d0library/scratch/test/unix/source -I/d0library/unix/source -I/d0library/test/c_inc -I/d0library/c_inc -O2 /d0library/unix/source/d0rexec.c ;\
mv d0rexec.o /d0library/tmp/d0librar/userlib/1214848/unix/a1/d0rexec.o ;\
)
(cd /d0library/scratch;\
cc -c -o32 -dollar -G 0 -DD0FLAVOR=SIUNIX -woff 1172 -Wl,-LD_MSG:off=84 -I/d0library/scratch/test/unix/source -I/d0library/unix/source -I/d0library/test/c_inc -I/d0library/c_inc -O2 /d0library/unix/source/d0rl.c ;\
mv d0rl.o /d0library/tmp/d0librar/userlib/1214848/unix/a1/d0rl.o ;\
)
(cd /d0library/scratch;\
f77 -c -o32 -nocpp -static -col72 -backslash -G 0 -Wl,-LD_MSG:off=84 -O2 /d0library/unix/source/date.f ;\
mv date.o /d0library/tmp/d0librar/userlib/1214848/unix/a1/date.o ;\
)
(cd /d0library/scratch;\
cc -c -o32 -dollar -G 0 -DD0FLAVOR=SIUNIX -woff 1172 -Wl,-LD_MSG:off=84 -I/d0library/scratch/test/unix/source -I/d0library/unix/source -I/d0library/test/c_inc -I/d0library/c_inc -O2 /d0library/unix/source/daylight_time_offset.c ;\
mv daylight_time_offset.o /d0library/tmp/d0librar/userlib/1214848/unix/a1/daylifset132.o ;\
)
(cd /d0library/scratch;\
cc -c -o32 -dollar -G 0 -DD0FLAVOR=SIUNIX -woff 1172 -Wl,-LD_MSG:off=84 -I/d0library/scratch/test/unix/source -I/d0library/unix/source -I/d0library/test/c_inc -I/d0library/c_inc -O2 /d0library/unix/source/exit.c ;\
mv exit.o /d0library/tmp/d0librar/userlib/1214848/unix/a1/exit.o ;\
)
(cd /d0library/scratch;\
cc -c -o32 -dollar -DD0FLAVOR=SIUNIX -woff 1167,1172,1116,1110 -Wl,-LD_MSG:off=84 -I/d0library/scratch/test/unix/source -I/d0library/unix/source -I/d0library/test/c_inc -I/d0library/c_inc -O2 /d0library/unix/source/f_depend.c ;\
mv f_depend.o /d0library/tmp/d0librar/userlib/1214848/unix/a1/f_depend.o ;\
)
(cd /d0library/scratch;\
cc -c -o32 -dollar -G 0 -DD0FLAVOR=SIUNIX -woff 1172 -Wl,-LD_MSG:off=84 -I/d0library/scratch/test/unix/source -I/d0library/unix/source -I/d0library/test/c_inc -I/d0library/c_inc -O2 /d0library/unix/source/fa.c ;\
mv fa.o /d0library/tmp/d0librar/userlib/1214848/unix/a1/fa.o ;\
)
(cd /d0library/scratch;\
cc -c -o32 -dollar -G 0 -DD0FLAVOR=SIUNIX -woff 1172 -Wl,-LD_MSG:off=84 -I/d0library/scratch/test/unix/source -I/d0library/unix/source -I/d0library/test/c_inc -I/d0library/c_inc -O2 /d0library/unix/source/fatmen_expand.c ;\
mv fatmen_expand.o /d0library/tmp/d0librar/userlib/1214848/unix/a2/fatmepand380.o ;\
)
(cd /d0library/scratch;\
cc -c -o32 -dollar -G 0 -DD0FLAVOR=SIUNIX -woff 1172 -Wl,-LD_MSG:off=84 -I/d0library/scratch/test/unix/source -I/d0library/unix/source -I/d0library/test/c_inc -I/d0library/c_inc -O2 /d0library/unix/source/fatmen_expand_dir.c ;\
mv fatmen_expand_dir.o /d0library/tmp/d0librar/userlib/1214848/unix/a2/fatme_dir794.o ;\
)
(cd /d0library/scratch;\
cc -c -o32 -dollar -G 0 -DD0FLAVOR=SIUNIX -woff 1172 -Wl,-LD_MSG:off=84 -I/d0library/scratch/test/unix/source -I/d0library/unix/source -I/d0library/test/c_inc -I/d0library/c_inc -O2 /d0library/unix/source/fatmen_find.c ;\
mv fatmen_find.o /d0library/tmp/d0librar/userlib/1214848/unix/a2/fatmen_find.o ;\
)
(cd /d0library/scratch;\
cc -c -o32 -dollar -G 0 -DD0FLAVOR=SIUNIX -woff 1172 -Wl,-LD_MSG:off=84 -I/d0library/scratch/test/unix/source -I/d0library/unix/source -I/d0library/test/c_inc -I/d0library/c_inc -O2 /d0library/unix/source/ff.c ;\
mv ff.o /d0library/tmp/d0librar/userlib/1214848/unix/a2/ff.o ;\
)
(cd /d0library/scratch;\
cc -c -o32 -dollar -G 0 -DD0FLAVOR=SIUNIX -woff 1172 -Wl,-LD_MSG:off=84 -I/d0library/scratch/test/unix/source -I/d0library/unix/source -I/d0library/test/c_inc -I/d0library/c_inc -O2 /d0library/unix/source/find_file.c ;\
mv find_file.o /d0library/tmp/d0librar/userlib/1214848/unix/a2/find_file.o ;\
)
(cd /d0library/scratch;\
cc -c -o32 -dollar -G 0 -DD0FLAVOR=SIUNIX -woff 1172 -Wl,-LD_MSG:off=84 -I/d0library/scratch/test/unix/source -I/d0library/unix/source -I/d0library/test/c_inc -I/d0library/c_inc -O2 /d0library/unix/source/fl.c ;\
mv fl.o /d0library/tmp/d0librar/userlib/1214848/unix/a2/fl.o ;\
)
(cd /d0library/scratch;\
cc -c -o32 -dollar -G 0 -DD0FLAVOR=SIUNIX -woff 1172 -Wl,-LD_MSG:off=84 -I/d0library/scratch/test/unix/source -I/d0library/unix/source -I/d0library/test/c_inc -I/d0library/c_inc -O2 /d0library/unix/source/flush_std.c ;\
mv flush_std.o /d0library/tmp/d0librar/userlib/1214848/unix/a2/flush_std.o ;\
)
(cd /d0library/scratch;\
cc -c -o32 -dollar -G 0 -DD0FLAVOR=SIUNIX -woff 1172 -Wl,-LD_MSG:off=84 -I/d0library/scratch/test/unix/source -I/d0library/unix/source -I/d0library/test/c_inc -I/d0library/c_inc -O2 /d0library/unix/source/fn.c ;\
mv fn.o /d0library/tmp/d0librar/userlib/1214848/unix/a2/fn.o ;\
)
(cd /d0library/scratch;\
cc -c -o32 -dollar -DD0FLAVOR=SIUNIX -woff 1167,1172,1116,1110 -Wl,-LD_MSG:off=84 -I/d0library/scratch/test/unix/source -I/d0library/unix/source -I/d0library/test/c_inc -I/d0library/c_inc -O2 /d0library/unix/source/for_depend.c ;\
mv for_depend.o /d0library/tmp/d0librar/userlib/1214848/unix/a1/for_depend.o ;\
)
(cd /d0library/scratch;\
cc -c -o32 -dollar -G 0 -DD0FLAVOR=SIUNIX -woff 1172 -Wl,-LD_MSG:off=84 -I/d0library/scratch/test/unix/source -I/d0library/unix/source -I/d0library/test/c_inc -I/d0library/c_inc -O2 /d0library/unix/source/fstring.c ;\
mv fstring.o /d0library/tmp/d0librar/userlib/1214848/unix/a2/fstring.o ;\
)
(cd /d0library/scratch;\
cc -c -o32 -dollar -G 0 -DD0FLAVOR=SIUNIX -woff 1172 -Wl,-LD_MSG:off=84 -I/d0library/scratch/test/unix/source -I/d0library/unix/source -I/d0library/test/c_inc -I/d0library/c_inc -O2 /d0library/unix/source/getpassnetrc.c ;\
mv getpassnetrc.o /d0library/tmp/d0librar/userlib/1214848/unix/a2/getpassnetrc.o ;\
)
(cd /d0library/scratch;\
cc -c -o32 -dollar -G 0 -DD0FLAVOR=SIUNIX -woff 1172 -Wl,-LD_MSG:off=84 -I/d0library/scratch/test/unix/source -I/d0library/unix/source -I/d0library/test/c_inc -I/d0library/c_inc -O2 /d0library/unix/source/getusernetrc.c ;\
mv getusernetrc.o /d0library/tmp/d0librar/userlib/1214848/unix/a2/getusernetrc.o ;\
)
(cd /d0library/scratch;\
cc -c -o32 -dollar -G 0 -DD0FLAVOR=SIUNIX -woff 1172 -Wl,-LD_MSG:off=84 -I/d0library/scratch/test/unix/source -I/d0library/unix/source -I/d0library/test/c_inc -I/d0library/c_inc -O2 /d0library/unix/source/getword.c ;\
mv getword.o /d0library/tmp/d0librar/userlib/1214848/unix/a2/getword.o ;\
)
(cd /d0library/scratch;\
cc -c -o32 -dollar -G 0 -DD0FLAVOR=SIUNIX -woff 1172 -Wl,-LD_MSG:off=84 -I/d0library/scratch/test/unix/source -I/d0library/unix/source -I/d0library/test/c_inc -I/d0library/c_inc -O2 /d0library/unix/source/glob.c ;\
mv glob.o /d0library/tmp/d0librar/userlib/1214848/unix/a2/glob.o ;\
)
(cd /d0library/scratch;\
f77 -c -o32 -nocpp -static -col72 -backslash -G 0 -Wl,-LD_MSG:off=84 -O2 /d0library/unix/source/idate.f ;\
mv idate.o /d0library/tmp/d0librar/userlib/1214848/unix/a2/idate.o ;\
)
(cd /d0library/scratch;\
cc -c -o32 -dollar -G 0 -DD0FLAVOR=SIUNIX -woff 1172 -Wl,-LD_MSG:off=84 -I/d0library/scratch/test/unix/source -I/d0library/unix/source -I/d0library/test/c_inc -I/d0library/c_inc -O2 /d0library/unix/source/jpi_cputim.c ;\
mv jpi_cputim.o /d0library/tmp/d0librar/userlib/1214848/unix/a2/jpi_cputim.o ;\
)
(cd /d0library/scratch;\
f77 -c -o32 -nocpp -static -col72 -backslash -G 0 -Wl,-LD_MSG:off=84 -O2 /d0library/unix/source/lib_date_time.f ;\
mv lib_date_time.o /d0library/tmp/d0librar/userlib/1214848/unix/a2/lib_dtime356.o ;\
)
(cd /d0library/scratch;\
cc -c -o32 -dollar -G 0 -DD0FLAVOR=SIUNIX -woff 1172 -Wl,-LD_MSG:off=84 -I/d0library/scratch/test/unix/source -I/d0library/unix/source -I/d0library/test/c_inc -I/d0library/c_inc -O2 /d0library/unix/source/lib_day.c ;\
mv lib_day.o /d0library/tmp/d0librar/userlib/1214848/unix/a2/lib_day.o ;\
)
(cd /d0library/scratch;\
cc -c -o32 -dollar -G 0 -DD0FLAVOR=SIUNIX -woff 1172 -Wl,-LD_MSG:off=84 -I/d0library/scratch/test/unix/source -I/d0library/unix/source -I/d0library/test/c_inc -I/d0library/c_inc -O2 /d0library/unix/source/lib_delete_file.c ;\
mv lib_delete_file.o /d0library/tmp/d0librar/userlib/1214848/unix/a2/lib_dfile554.o ;\
)
(cd /d0library/scratch;\
cc -c -o32 -dollar -G 0 -DD0FLAVOR=SIUNIX -woff 1172 -Wl,-LD_MSG:off=84 -I/d0library/scratch/test/unix/source -I/d0library/unix/source -I/d0library/test/c_inc -I/d0library/c_inc -O2 /d0library/unix/source/lib_find_file.c ;\
mv lib_find_file.o /d0library/tmp/d0librar/userlib/1214848/unix/a2/lib_ffile344.o ;\
)
(cd /d0library/scratch;\
cc -c -o32 -dollar -G 0 -DD0FLAVOR=SIUNIX -woff 1172 -Wl,-LD_MSG:off=84 -I/d0library/scratch/test/unix/source -I/d0library/unix/source -I/d0library/test/c_inc -I/d0library/c_inc -O2 /d0library/unix/source/lib_free_vm.c ;\
mv lib_free_vm.o /d0library/tmp/d0librar/userlib/1214848/unix/a2/lib_free_vm.o ;\
)
(cd /d0library/scratch;\
f77 -c -o32 -nocpp -static -col72 -backslash -G 0 -Wl,-LD_MSG:off=84 -O2 /d0library/unix/source/lib_get_foreign.f ;\
mv lib_get_foreign.o /d0library/tmp/d0librar/userlib/1214848/unix/a3/lib_geign577.o ;\
)
(cd /d0library/scratch;\
cc -c -o32 -dollar -G 0 -DD0FLAVOR=SIUNIX -woff 1172 -Wl,-LD_MSG:off=84 -I/d0library/scratch/test/unix/source -I/d0library/unix/source -I/d0library/test/c_inc -I/d0library/c_inc -O2 /d0library/unix/source/lib_get_vm.c ;\
mv lib_get_vm.o /d0library/tmp/d0librar/userlib/1214848/unix/a3/lib_get_vm.o ;\
)
(cd /d0library/scratch;\
cc -c -o32 -dollar -G 0 -DD0FLAVOR=SIUNIX -woff 1172 -Wl,-LD_MSG:off=84 -I/d0library/scratch/test/unix/source -I/d0library/unix/source -I/d0library/test/c_inc -I/d0library/c_inc -O2 /d0library/unix/source/lib_int_over.c ;\
mv lib_int_over.o /d0library/tmp/d0librar/userlib/1214848/unix/a3/lib_int_over.o ;\
)
(cd /d0library/scratch;\
cc -c -o32 -dollar -G 0 -DD0FLAVOR=SIUNIX -woff 1172 -Wl,-LD_MSG:off=84 -I/d0library/scratch/test/unix/source -I/d0library/unix/source -I/d0library/test/c_inc -I/d0library/c_inc -O2 /d0library/unix/source/lib_rename_file.c ;\
mv lib_rename_file.o /d0library/tmp/d0librar/userlib/1214848/unix/a3/lib_rfile559.o ;\
)
(cd /d0library/scratch;\
f77 -c -o32 -nocpp -static -col72 -backslash -G 0 -Wl,-LD_MSG:off=84 -O2 /d0library/unix/source/lib_signal.f ;\
mv lib_signal.o /d0library/tmp/d0librar/userlib/1214848/unix/a3/lib_signal.o ;\
)
(cd /d0library/scratch;\
f77 -c -o32 -nocpp -static -col72 -backslash -G 0 -Wl,-LD_MSG:off=84 -O2 /d0library/unix/source/lib_stop.f ;\
mv lib_stop.o /d0library/tmp/d0librar/userlib/1214848/unix/a3/lib_stop.o ;\
)
(cd /d0library/scratch;\
cc -c -o32 -dollar -G 0 -DD0FLAVOR=SIUNIX -woff 1172 -Wl,-LD_MSG:off=84 -I/d0library/scratch/test/unix/source -I/d0library/unix/source -I/d0library/test/c_inc -I/d0library/c_inc -O2 /d0library/unix/source/lib_wait.c ;\
mv lib_wait.o /d0library/tmp/d0librar/userlib/1214848/unix/a3/lib_wait.o ;\
)
(cd /d0library/scratch;\
cc -c -o32 -dollar -G 0 -DD0FLAVOR=SIUNIX -woff 1172 -Wl,-LD_MSG:off=84 -I/d0library/scratch/test/unix/source -I/d0library/unix/source -I/d0library/test/c_inc -I/d0library/c_inc -O2 /d0library/unix/source/make_copy_fz_rcp.c ;\
mv make_copy_fz_rcp.o /d0library/tmp/d0librar/userlib/1214848/unix/a3/make__rcp701.o ;\
)
(cd /d0library/scratch;\
cc -c -o32 -dollar -G 0 -DD0FLAVOR=SIUNIX -woff 1172 -Wl,-LD_MSG:off=84 -I/d0library/scratch/test/unix/source -I/d0library/unix/source -I/d0library/test/c_inc -I/d0library/c_inc -O2 /d0library/unix/source/segv_fault.c ;\
mv segv_fault.o /d0library/tmp/d0librar/userlib/1214848/unix/a3/segv_fault.o ;\
)
(cd /d0library/scratch;\
cc -c -o32 -dollar -G 0 -DD0FLAVOR=SIUNIX -woff 1172 -Wl,-LD_MSG:off=84 -I/d0library/scratch/test/unix/source -I/d0library/unix/source -I/d0library/test/c_inc -I/d0library/c_inc -O2 /d0library/unix/source/smg_begin_pasteboard_update.c ;\
mv smg_begin_pasteboard_update.o /d0library/tmp/d0librar/userlib/1214848/unix/a3/smg_bdate843.o ;\
)
(cd /d0library/scratch;\
cc -c -o32 -dollar -G 0 -DD0FLAVOR=SIUNIX -woff 1172 -Wl,-LD_MSG:off=84 -I/d0library/scratch/test/unix/source -I/d0library/unix/source -I/d0library/test/c_inc -I/d0library/c_inc -O2 /d0library/unix/source/smg_bell.c ;\
mv smg_bell.o /d0library/tmp/d0librar/userlib/1214848/unix/a3/smg_bell.o ;\
)
(cd /d0library/scratch;\
cc -c -o32 -dollar -G 0 -DD0FLAVOR=SIUNIX -woff 1172 -Wl,-LD_MSG:off=84 -I/d0library/scratch/test/unix/source -I/d0library/unix/source -I/d0library/test/c_inc -I/d0library/c_inc -O2 /d0library/unix/source/smg_change_viewport.c ;\
mv smg_change_viewport.o /d0library/tmp/d0librar/userlib/1214848/unix/a3/smg_cport037.o ;\
)
(cd /d0library/scratch;\
cc -c -o32 -dollar -G 0 -DD0FLAVOR=SIUNIX -woff 1172 -Wl,-LD_MSG:off=84 -I/d0library/scratch/test/unix/source -I/d0library/unix/source -I/d0library/test/c_inc -I/d0library/c_inc -O2 /d0library/unix/source/smg_change_virtual_display.c ;\
mv smg_change_virtual_display.o /d0library/tmp/d0librar/userlib/1214848/unix/a3/smg_cplay769.o ;\
)
(cd /d0library/scratch;\
cc -c -o32 -dollar -G 0 -DD0FLAVOR=SIUNIX -woff 1172 -Wl,-LD_MSG:off=84 -I/d0library/scratch/test/unix/source -I/d0library/unix/source -I/d0library/test/c_inc -I/d0library/c_inc -O2 /d0library/unix/source/smg_copy_virtual_display.c ;\
mv smg_copy_virtual_display.o /d0library/tmp/d0librar/userlib/1214848/unix/a3/smg_cplay598.o ;\
)
(cd /d0library/scratch;\
cc -c -o32 -dollar -G 0 -DD0FLAVOR=SIUNIX -woff 1172 -Wl,-LD_MSG:off=84 -I/d0library/scratch/test/unix/source -I/d0library/unix/source -I/d0library/test/c_inc -I/d0library/c_inc -O2 /d0library/unix/source/smg_create_pasteboard.c ;\
mv smg_create_pasteboard.o /d0library/tmp/d0librar/userlib/1214848/unix/a3/smg_coard216.o ;\
)
(cd /d0library/scratch;\
cc -c -o32 -dollar -G 0 -DD0FLAVOR=SIUNIX -woff 1172 -Wl,-LD_MSG:off=84 -I/d0library/scratch/test/unix/source -I/d0library/unix/source -I/d0library/test/c_inc -I/d0library/c_inc -O2 /d0library/unix/source/smg_create_viewport.c ;\
mv smg_create_viewport.o /d0library/tmp/d0librar/userlib/1214848/unix/a3/smg_cport051.o ;\
)
(cd /d0library/scratch;\
cc -c -o32 -dollar -G 0 -DD0FLAVOR=SIUNIX -woff 1172 -Wl,-LD_MSG:off=84 -I/d0library/scratch/test/unix/source -I/d0library/unix/source -I/d0library/test/c_inc -I/d0library/c_inc -O2 /d0library/unix/source/smg_create_virtual_display.c ;\
mv smg_create_virtual_display.o /d0library/tmp/d0librar/userlib/1214848/unix/a3/smg_cplay783.o ;\
)
(cd /d0library/scratch;\
cc -c -o32 -dollar -G 0 -DD0FLAVOR=SIUNIX -woff 1172 -Wl,-LD_MSG:off=84 -I/d0library/scratch/test/unix/source -I/d0library/unix/source -I/d0library/test/c_inc -I/d0library/c_inc -O2 /d0library/unix/source/smg_create_virtual_keyboard.c ;\
mv smg_create_virtual_keyboard.o /d0library/tmp/d0librar/userlib/1214848/unix/a3/smg_coard874.o ;\
)
(cd /d0library/scratch;\
cc -c -o32 -dollar -G 0 -DD0FLAVOR=SIUNIX -woff 1172 -Wl,-LD_MSG:off=84 -I/d0library/scratch/test/unix/source -I/d0library/unix/source -I/d0library/test/c_inc -I/d0library/c_inc -O2 /d0library/unix/source/smg_cursor_column.c ;\
mv smg_cursor_column.o /d0library/tmp/d0librar/userlib/1214848/unix/a3/smg_clumn851.o ;\
)
(cd /d0library/scratch;\
cc -c -o32 -dollar -G 0 -DD0FLAVOR=SIUNIX -woff 1172 -Wl,-LD_MSG:off=84 -I/d0library/scratch/test/unix/source -I/d0library/unix/source -I/d0library/test/c_inc -I/d0library/c_inc -O2 /d0library/unix/source/smg_cursor_row.c ;\
mv smg_cursor_row.o /d0library/tmp/d0librar/userlib/1214848/unix/a3/smg_c_row541.o ;\
)
(cd /d0library/scratch;\
cc -c -o32 -dollar -G 0 -DD0FLAVOR=SIUNIX -woff 1172 -Wl,-LD_MSG:off=84 -I/d0library/scratch/test/unix/source -I/d0library/unix/source -I/d0library/test/c_inc -I/d0library/c_inc -O2 /d0library/unix/source/smg_delete_pasteboard.c ;\
mv smg_delete_pasteboard.o /d0library/tmp/d0librar/userlib/1214848/unix/a4/smg_doard215.o ;\
)
(cd /d0library/scratch;\
cc -c -o32 -dollar -G 0 -DD0FLAVOR=SIUNIX -woff 1172 -Wl,-LD_MSG:off=84 -I/d0library/scratch/test/unix/source -I/d0library/unix/source -I/d0library/test/c_inc -I/d0library/c_inc -O2 /d0library/unix/source/smg_delete_viewport.c ;\
mv smg_delete_viewport.o /d0library/tmp/d0librar/userlib/1214848/unix/a4/smg_dport050.o ;\
)
(cd /d0library/scratch;\
cc -c -o32 -dollar -G 0 -DD0FLAVOR=SIUNIX -woff 1172 -Wl,-LD_MSG:off=84 -I/d0library/scratch/test/unix/source -I/d0library/unix/source -I/d0library/test/c_inc -I/d0library/c_inc -O2 /d0library/unix/source/smg_delete_virtual_display.c ;\
mv smg_delete_virtual_display.o /d0library/tmp/d0librar/userlib/1214848/unix/a4/smg_dplay782.o ;\
)
(cd /d0library/scratch;\
cc -c -o32 -dollar -G 0 -DD0FLAVOR=SIUNIX -woff 1172 -Wl,-LD_MSG:off=84 -I/d0library/scratch/test/unix/source -I/d0library/unix/source -I/d0library/test/c_inc -I/d0library/c_inc -O2 /d0library/unix/source/smg_delete_virtual_keyboard.c ;\
mv smg_delete_virtual_keyboard.o /d0library/tmp/d0librar/userlib/1214848/unix/a4/smg_doard873.o ;\
)
(cd /d0library/scratch;\
cc -c -o32 -dollar -G 0 -DD0FLAVOR=SIUNIX -woff 1172 -Wl,-LD_MSG:off=84 -I/d0library/scratch/test/unix/source -I/d0library/unix/source -I/d0library/test/c_inc -I/d0library/c_inc -O2 /d0library/unix/source/smg_disable_unsolicited_input.c ;\
mv smg_disable_unsolicited_input.o /d0library/tmp/d0librar/userlib/1214848/unix/a4/smg_dnput093.o ;\
)
(cd /d0library/scratch;\
cc -c -o32 -dollar -G 0 -DD0FLAVOR=SIUNIX -woff 1172 -Wl,-LD_MSG:off=84 -I/d0library/scratch/test/unix/source -I/d0library/unix/source -I/d0library/test/c_inc -I/d0library/c_inc -O2 /d0library/unix/source/smg_enable_unsolicited_input.c ;\
mv smg_enable_unsolicited_input.o /d0library/tmp/d0librar/userlib/1214848/unix/a4/smg_enput984.o ;\
)
(cd /d0library/scratch;\
cc -c -o32 -dollar -G 0 -DD0FLAVOR=SIUNIX -woff 1172 -Wl,-LD_MSG:off=84 -I/d0library/scratch/test/unix/source -I/d0library/unix/source -I/d0library/test/c_inc -I/d0library/c_inc -O2 /d0library/unix/source/smg_end_pasteboard_update.c ;\
mv smg_end_pasteboard_update.o /d0library/tmp/d0librar/userlib/1214848/unix/a4/smg_edate637.o ;\
)
(cd /d0library/scratch;\
cc -c -o32 -dollar -G 0 -DD0FLAVOR=SIUNIX -woff 1172 -Wl,-LD_MSG:off=84 -I/d0library/scratch/test/unix/source -I/d0library/unix/source -I/d0library/test/c_inc -I/d0library/c_inc -O2 /d0library/unix/source/smg_erase_display.c ;\
mv smg_erase_display.o /d0library/tmp/d0librar/userlib/1214848/unix/a4/smg_eplay813.o ;\
)
(cd /d0library/scratch;\
cc -c -o32 -dollar -G 0 -DD0FLAVOR=SIUNIX -woff 1172 -Wl,-LD_MSG:off=84 -I/d0library/scratch/test/unix/source -I/d0library/unix/source -I/d0library/test/c_inc -I/d0library/c_inc -O2 /d0library/unix/source/smg_erase_line.c ;\
mv smg_erase_line.o /d0library/tmp/d0librar/userlib/1214848/unix/a4/smg_eline479.o ;\
)
(cd /d0library/scratch;\
cc -c -o32 -dollar -G 0 -DD0FLAVOR=SIUNIX -woff 1172 -Wl,-LD_MSG:off=84 -I/d0library/scratch/test/unix/source -I/d0library/unix/source -I/d0library/test/c_inc -I/d0library/c_inc -O2 /d0library/unix/source/smg_erase_pasteboard.c ;\
mv smg_erase_pasteboard.o /d0library/tmp/d0librar/userlib/1214848/unix/a4/smg_eoard116.o ;\
)
(cd /d0library/scratch;\
cc -c -o32 -dollar -G 0 -DD0FLAVOR=SIUNIX -woff 1172 -Wl,-LD_MSG:off=84 -I/d0library/scratch/test/unix/source -I/d0library/unix/source -I/d0library/test/c_inc -I/d0library/c_inc -O2 /d0library/unix/source/smg_error.c ;\
mv smg_error.o /d0library/tmp/d0librar/userlib/1214848/unix/a4/smg_error.o ;\
)
(cd /d0library/scratch;\
cc -c -o32 -dollar -G 0 -DD0FLAVOR=SIUNIX -woff 1172 -Wl,-LD_MSG:off=84 -I/d0library/scratch/test/unix/source -I/d0library/unix/source -I/d0library/test/c_inc -I/d0library/c_inc -O2 /d0library/unix/source/smg_get_display_attr.c ;\
mv smg_get_display_attr.o /d0library/tmp/d0librar/userlib/1214848/unix/a4/smg_gattr143.o ;\
)
(cd /d0library/scratch;\
cc -c -o32 -dollar -G 0 -DD0FLAVOR=SIUNIX -woff 1172 -Wl,-LD_MSG:off=84 -I/d0library/scratch/test/unix/source -I/d0library/unix/source -I/d0library/test/c_inc -I/d0library/c_inc -O2 /d0library/unix/source/smg_get_pasting_info.c ;\
mv smg_get_pasting_info.o /d0library/tmp/d0librar/userlib/1214848/unix/a4/smg_ginfo128.o ;\
)
(cd /d0library/scratch;\
cc -c -o32 -dollar -G 0 -DD0FLAVOR=SIUNIX -woff 1172 -Wl,-LD_MSG:off=84 -I/d0library/scratch/test/unix/source -I/d0library/unix/source -I/d0library/test/c_inc -I/d0library/c_inc -O2 /d0library/unix/source/smg_get_viewport_char.c ;\
mv smg_get_viewport_char.o /d0library/tmp/d0librar/userlib/1214848/unix/a4/smg_gchar252.o ;\
)
(cd /d0library/scratch;\
cc -c -o32 -dollar -G 0 -DD0FLAVOR=SIUNIX -woff 1172 -Wl,-LD_MSG:off=84 -I/d0library/scratch/test/unix/source -I/d0library/unix/source -I/d0library/test/c_inc -I/d0library/c_inc -O2 /d0library/unix/source/smg_getch.c ;\
mv smg_getch.o /d0library/tmp/d0librar/userlib/1214848/unix/a4/smg_getch.o ;\
)
(cd /d0library/scratch;\
cc -c -o32 -dollar -G 0 -DD0FLAVOR=SIUNIX -woff 1172 -Wl,-LD_MSG:off=84 -I/d0library/scratch/test/unix/source -I/d0library/unix/source -I/d0library/test/c_inc -I/d0library/c_inc -O2 /d0library/unix/source/smg_getstr.c ;\
mv smg_getstr.o /d0library/tmp/d0librar/userlib/1214848/unix/a4/smg_getstr.o ;\
)
(cd /d0library/scratch;\
cc -c -o32 -dollar -G 0 -DD0FLAVOR=SIUNIX -woff 1172 -Wl,-LD_MSG:off=84 -I/d0library/scratch/test/unix/source -I/d0library/unix/source -I/d0library/test/c_inc -I/d0library/c_inc -O2 /d0library/unix/source/smg_label_border.c ;\
mv smg_label_border.o /d0library/tmp/d0librar/userlib/1214848/unix/a4/smg_lrder677.o ;\
)
(cd /d0library/scratch;\
cc -c -o32 -dollar -G 0 -DD0FLAVOR=SIUNIX -woff 1172 -Wl,-LD_MSG:off=84 -I/d0library/scratch/test/unix/source -I/d0library/unix/source -I/d0library/test/c_inc -I/d0library/c_inc -O2 /d0library/unix/source/smg_move_text.c ;\
mv smg_move_text.o /d0library/tmp/d0librar/userlib/1214848/unix/a4/smg_mtext419.o ;\
)
(cd /d0library/scratch;\
cc -c -o32 -dollar -G 0 -DD0FLAVOR=SIUNIX -woff 1172 -Wl,-LD_MSG:off=84 -I/d0library/scratch/test/unix/source -I/d0library/unix/source -I/d0library/test/c_inc -I/d0library/c_inc -O2 /d0library/unix/source/smg_move_virtual_display.c ;\
mv smg_move_virtual_display.o /d0library/tmp/d0librar/userlib/1214848/unix/a4/smg_mplay594.o ;\
)
(cd /d0library/scratch;\
cc -c -o32 -dollar -G 0 -DD0FLAVOR=SIUNIX -woff 1172 -Wl,-LD_MSG:off=84 -I/d0library/scratch/test/unix/source -I/d0library/unix/source -I/d0library/test/c_inc -I/d0library/c_inc -O2 /d0library/unix/source/smg_paste_display.c ;\
mv smg_paste_display.o /d0library/tmp/d0librar/userlib/1214848/unix/a4/smg_pplay826.o ;\
)
(cd /d0library/scratch;\
cc -c -o32 -dollar -G 0 -DD0FLAVOR=SIUNIX -woff 1172 -Wl,-LD_MSG:off=84 -I/d0library/scratch/test/unix/source -I/d0library/unix/source -I/d0library/test/c_inc -I/d0library/c_inc -O2 /d0library/unix/source/smg_paste_virtual_display.c ;\
mv smg_paste_virtual_display.o /d0library/tmp/d0librar/userlib/1214848/unix/a5/smg_pplay696.o ;\
)
(cd /d0library/scratch;\
cc -c -o32 -dollar -G 0 -DD0FLAVOR=SIUNIX -woff 1172 -Wl,-LD_MSG:off=84 -I/d0library/scratch/test/unix/source -I/d0library/unix/source -I/d0library/test/c_inc -I/d0library/c_inc -O2 /d0library/unix/source/smg_put_chars.c ;\
mv smg_put_chars.o /d0library/tmp/d0librar/userlib/1214848/unix/a5/smg_phars401.o ;\
)
(cd /d0library/scratch;\
cc -c -o32 -dollar -G 0 -DD0FLAVOR=SIUNIX -woff 1172 -Wl,-LD_MSG:off=84 -I/d0library/scratch/test/unix/source -I/d0library/unix/source -I/d0library/test/c_inc -I/d0library/c_inc -O2 /d0library/unix/source/smg_put_chars_wide.c ;\
mv smg_put_chars_wide.o /d0library/tmp/d0librar/userlib/1214848/unix/a5/smg_pwide921.o ;\
)
(cd /d0library/scratch;\
cc -c -o32 -dollar -G 0 -DD0FLAVOR=SIUNIX -woff 1172 -Wl,-LD_MSG:off=84 -I/d0library/scratch/test/unix/source -I/d0library/unix/source -I/d0library/test/c_inc -I/d0library/c_inc -O2 /d0library/unix/source/smg_put_line.c ;\
mv smg_put_line.o /d0library/tmp/d0librar/userlib/1214848/unix/a5/smg_put_line.o ;\
)
(cd /d0library/scratch;\
cc -c -o32 -dollar -G 0 -DD0FLAVOR=SIUNIX -woff 1172 -Wl,-LD_MSG:off=84 -I/d0library/scratch/test/unix/source -I/d0library/unix/source -I/d0library/test/c_inc -I/d0library/c_inc -O2 /d0library/unix/source/smg_put_with_scroll.c ;\
mv smg_put_with_scroll.o /d0library/tmp/d0librar/userlib/1214848/unix/a5/smg_proll066.o ;\
)
(cd /d0library/scratch;\
cc -c -o32 -dollar -G 0 -DD0FLAVOR=SIUNIX -woff 1172 -Wl,-LD_MSG:off=84 -I/d0library/scratch/test/unix/source -I/d0library/unix/source -I/d0library/test/c_inc -I/d0library/c_inc -O2 /d0library/unix/source/smg_read_from_display.c ;\
mv smg_read_from_display.o /d0library/tmp/d0librar/userlib/1214848/unix/a5/smg_rplay228.o ;\
)
(cd /d0library/scratch;\
cc -c -o32 -dollar -G 0 -DD0FLAVOR=SIUNIX -woff 1172 -Wl,-LD_MSG:off=84 -I/d0library/scratch/test/unix/source -I/d0library/unix/source -I/d0library/test/c_inc -I/d0library/c_inc -O2 /d0library/unix/source/smg_read_keystroke.c ;\
mv smg_read_keystroke.o /d0library/tmp/d0librar/userlib/1214848/unix/a5/smg_rroke932.o ;\
)
(cd /d0library/scratch;\
cc -c -o32 -dollar -G 0 -DD0FLAVOR=SIUNIX -woff 1172 -Wl,-LD_MSG:off=84 -I/d0library/scratch/test/unix/source -I/d0library/unix/source -I/d0library/test/c_inc -I/d0library/c_inc -O2 /d0library/unix/source/smg_read_string.c ;\
mv smg_read_string.o /d0library/tmp/d0librar/userlib/1214848/unix/a5/smg_rring602.o ;\
)
(cd /d0library/scratch;\
cc -c -o32 -dollar -G 0 -DD0FLAVOR=SIUNIX -woff 1172 -Wl,-LD_MSG:off=84 -I/d0library/scratch/test/unix/source -I/d0library/unix/source -I/d0library/test/c_inc -I/d0library/c_inc -O2 /d0library/unix/source/smg_rendition.c ;\
mv smg_rendition.o /d0library/tmp/d0librar/userlib/1214848/unix/a5/smg_rtion404.o ;\
)
(cd /d0library/scratch;\
cc -c -o32 -dollar -G 0 -DD0FLAVOR=SIUNIX -woff 1172 -Wl,-LD_MSG:off=84 -I/d0library/scratch/test/unix/source -I/d0library/unix/source -I/d0library/test/c_inc -I/d0library/c_inc -O2 /d0library/unix/source/smg_repaint_screen.c ;\
mv smg_repaint_screen.o /d0library/tmp/d0librar/userlib/1214848/unix/a5/smg_rreen922.o ;\
)
(cd /d0library/scratch;\
cc -c -o32 -dollar -G 0 -DD0FLAVOR=SIUNIX -woff 1172 -Wl,-LD_MSG:off=84 -I/d0library/scratch/test/unix/source -I/d0library/unix/source -I/d0library/test/c_inc -I/d0library/c_inc -O2 /d0library/unix/source/smg_repaste_virtual_display.c ;\
mv smg_repaste_virtual_display.o /d0library/tmp/d0librar/userlib/1214848/unix/a5/smg_rplay911.o ;\
)
(cd /d0library/scratch;\
cc -c -o32 -dollar -G 0 -DD0FLAVOR=SIUNIX -woff 1172 -Wl,-LD_MSG:off=84 -I/d0library/scratch/test/unix/source -I/d0library/unix/source -I/d0library/test/c_inc -I/d0library/c_inc -O2 /d0library/unix/source/smg_reset_term.c ;\
mv smg_reset_term.o /d0library/tmp/d0librar/userlib/1214848/unix/a5/smg_rterm514.o ;\
)
(cd /d0library/scratch;\
cc -c -o32 -dollar -G 0 -DD0FLAVOR=SIUNIX -woff 1172 -Wl,-LD_MSG:off=84 -I/d0library/scratch/test/unix/source -I/d0library/unix/source -I/d0library/test/c_inc -I/d0library/c_inc -O2 /d0library/unix/source/smg_return_cursor_pos.c ;\
mv smg_return_cursor_pos.o /d0library/tmp/d0librar/userlib/1214848/unix/a5/smg_r_pos302.o ;\
)
(cd /d0library/scratch;\
cc -c -o32 -dollar -G 0 -DD0FLAVOR=SIUNIX -woff 1172 -Wl,-LD_MSG:off=84 -I/d0library/scratch/test/unix/source -I/d0library/unix/source -I/d0library/test/c_inc -I/d0library/c_inc -O2 /d0library/unix/source/smg_scroll.c ;\
mv smg_scroll.o /d0library/tmp/d0librar/userlib/1214848/unix/a5/smg_scroll.o ;\
)
(cd /d0library/scratch;\
cc -c -o32 -dollar -G 0 -DD0FLAVOR=SIUNIX -woff 1172 -Wl,-LD_MSG:off=84 -I/d0library/scratch/test/unix/source -I/d0library/unix/source -I/d0library/test/c_inc -I/d0library/c_inc -O2 /d0library/unix/source/smg_set_cursor_abs.c ;\
mv smg_set_cursor_abs.o /d0library/tmp/d0librar/userlib/1214848/unix/a5/smg_s_abs934.o ;\
)
(cd /d0library/scratch;\
cc -c -o32 -dollar -G 0 -DD0FLAVOR=SIUNIX -woff 1172 -Wl,-LD_MSG:off=84 -I/d0library/scratch/test/unix/source -I/d0library/unix/source -I/d0library/test/c_inc -I/d0library/c_inc -O2 /d0library/unix/source/smg_set_cursor_mode.c ;\
mv smg_set_cursor_mode.o /d0library/tmp/d0librar/userlib/1214848/unix/a5/smg_smode045.o ;\
)
(cd /d0library/scratch;\
cc -c -o32 -dollar -G 0 -DD0FLAVOR=SIUNIX -woff 1172 -Wl,-LD_MSG:off=84 -I/d0library/scratch/test/unix/source -I/d0library/unix/source -I/d0library/test/c_inc -I/d0library/c_inc -O2 /d0library/unix/source/smg_set_display_scroll_region.c ;\
mv smg_set_display_scroll_region.o /d0library/tmp/d0librar/userlib/1214848/unix/a5/smg_sgion106.o ;\
)
(cd /d0library/scratch;\
cc -c -o32 -dollar -G 0 -DD0FLAVOR=SIUNIX -woff 1172 -Wl,-LD_MSG:off=84 -I/d0library/scratch/test/unix/source -I/d0library/unix/source -I/d0library/test/c_inc -I/d0library/c_inc -O2 /d0library/unix/source/smg_unpaste_virtual_display.c ;\
mv smg_unpaste_virtual_display.o /d0library/tmp/d0librar/userlib/1214848/unix/a5/smg_uplay923.o ;\
)
(cd /d0library/scratch;\
cc -c -o32 -dollar -G 0 -DD0FLAVOR=SIUNIX -woff 1172 -Wl,-LD_MSG:off=84 -I/d0library/scratch/test/unix/source -I/d0library/unix/source -I/d0library/test/c_inc -I/d0library/c_inc -O2 /d0library/unix/source/smg_update.c ;\
mv smg_update.o /d0library/tmp/d0librar/userlib/1214848/unix/a5/smg_update.o ;\
)
(cd /d0library/scratch;\
cc -c -o32 -dollar -G 0 -DD0FLAVOR=SIUNIX -woff 1172 -Wl,-LD_MSG:off=84 -I/d0library/scratch/test/unix/source -I/d0library/unix/source -I/d0library/test/c_inc -I/d0library/c_inc -O2 /d0library/unix/source/smg_verify_display.c ;\
mv smg_verify_display.o /d0library/tmp/d0librar/userlib/1214848/unix/a5/smg_vplay946.o ;\
)
(cd /d0library/scratch;\
cc -c -o32 -dollar -G 0 -DD0FLAVOR=SIUNIX -woff 1172 -Wl,-LD_MSG:off=84 -I/d0library/scratch/test/unix/source -I/d0library/unix/source -I/d0library/test/c_inc -I/d0library/c_inc -O2 /d0library/unix/source/stdintosock.c ;\
mv stdintosock.o /d0library/tmp/d0librar/userlib/1214848/unix/a6/stdintosock.o ;\
)
(cd /d0library/scratch;\
cc -c -o32 -dollar -G 0 -DD0FLAVOR=SIUNIX -woff 1172 -Wl,-LD_MSG:off=84 -I/d0library/scratch/test/unix/source -I/d0library/unix/source -I/d0library/test/c_inc -I/d0library/c_inc -O2 /d0library/unix/source/stopme.c ;\
mv stopme.o /d0library/tmp/d0librar/userlib/1214848/unix/a6/stopme.o ;\
)
(cd /d0library/scratch;\
f77 -c -o32 -nocpp -static -col72 -backslash -G 0 -Wl,-LD_MSG:off=84 -O2 /d0library/unix/source/str_trim.f ;\
mv str_trim.o /d0library/tmp/d0librar/userlib/1214848/unix/a6/str_trim.o ;\
)
(cd /d0library/scratch;\
f77 -c -o32 -nocpp -static -col72 -backslash -G 0 -Wl,-LD_MSG:off=84 -O2 /d0library/unix/source/str_upcase.f ;\
mv str_upcase.o /d0library/tmp/d0librar/userlib/1214848/unix/a6/str_upcase.o ;\
)
(cd /d0library/scratch;\
cc -c -o32 -dollar -G 0 -DD0FLAVOR=SIUNIX -woff 1172 -Wl,-LD_MSG:off=84 -I/d0library/scratch/test/unix/source -I/d0library/unix/source -I/d0library/test/c_inc -I/d0library/c_inc -O2 /d0library/unix/source/sys_asctim.c ;\
mv sys_asctim.o /d0library/tmp/d0librar/userlib/1214848/unix/a6/sys_asctim.o ;\
)
(cd /d0library/scratch;\
cc -c -o32 -dollar -G 0 -DD0FLAVOR=SIUNIX -woff 1172 -Wl,-LD_MSG:off=84 -I/d0library/scratch/test/unix/source -I/d0library/unix/source -I/d0library/test/c_inc -I/d0library/c_inc -O2 /d0library/unix/source/sys_bintim.c ;\
mv sys_bintim.o /d0library/tmp/d0librar/userlib/1214848/unix/a6/sys_bintim.o ;\
)
(cd /d0library/scratch;\
cc -c -o32 -dollar -G 0 -DD0FLAVOR=SIUNIX -woff 1172 -Wl,-LD_MSG:off=84 -I/d0library/scratch/test/unix/source -I/d0library/unix/source -I/d0library/test/c_inc -I/d0library/c_inc -O2 /d0library/unix/source/sys_gettim.c ;\
mv sys_gettim.o /d0library/tmp/d0librar/userlib/1214848/unix/a6/sys_gettim.o ;\
)
(cd /d0library/scratch;\
cc -c -o32 -dollar -G 0 -DD0FLAVOR=SIUNIX -woff 1172 -Wl,-LD_MSG:off=84 -I/d0library/scratch/test/unix/source -I/d0library/unix/source -I/d0library/test/c_inc -I/d0library/c_inc -O2 /d0library/unix/source/sys_numtim.c ;\
mv sys_numtim.o /d0library/tmp/d0librar/userlib/1214848/unix/a6/sys_numtim.o ;\
)
(cd /d0library/scratch;\
cc -c -o32 -dollar -DD0FLAVOR=SIUNIX -woff 1167,1172,1116,1110 -Wl,-LD_MSG:off=84 -I/d0library/scratch/test/unix/source -I/d0library/unix/source -I/d0library/test/c_inc -I/d0library/c_inc -O2 /d0library/unix/source/tasteofd0.c ;\
mv tasteofd0.o /d0library/tmp/d0librar/userlib/1214848/unix/a1/tasteofd0.o ;\
)
(cd /d0library/scratch;\
f77 -c -o32 -nocpp -static -col72 -backslash -G 0 -Wl,-LD_MSG:off=84 -O2 /d0library/unix/source/time.f ;\
mv time.o /d0library/tmp/d0librar/userlib/1214848/unix/a6/time.o ;\
)
(cd /d0library/scratch;\
f77 -c -o32 -nocpp -static -col72 -backslash -G 0 -Wl,-LD_MSG:off=84 -O2 /d0library/unix/source/unix_to_vms_time.f ;\
mv unix_to_vms_time.o /d0library/tmp/d0librar/userlib/1214848/unix/a6/unix_time747.o ;\
)
(cd /d0library/scratch;\
cc -c -o32 -dollar -G 0 -DD0FLAVOR=SIUNIX -woff 1172 -Wl,-LD_MSG:off=84 -I/d0library/scratch/test/unix/source -I/d0library/unix/source -I/d0library/test/c_inc -I/d0library/c_inc -O2 /d0library/unix/source/utc_tz_offset.c ;\
mv utc_tz_offset.o /d0library/tmp/d0librar/userlib/1214848/unix/a6/utc_tfset417.o ;\
)
(cd /d0library/scratch;\
cc -c -o32 -dollar -G 0 -DD0FLAVOR=SIUNIX -woff 1172 -Wl,-LD_MSG:off=84 -I/d0library/scratch/test/unix/source -I/d0library/unix/source -I/d0library/test/c_inc -I/d0library/c_inc -O2 /d0library/unix/source/vfa.c ;\
mv vfa.o /d0library/tmp/d0librar/userlib/1214848/unix/a6/vfa.o ;\
)
(cd /d0library/scratch;\
cc -c -o32 -dollar -G 0 -DD0FLAVOR=SIUNIX -woff 1172 -Wl,-LD_MSG:off=84 -I/d0library/scratch/test/unix/source -I/d0library/unix/source -I/d0library/test/c_inc -I/d0library/c_inc -O2 /d0library/unix/source/vff.c ;\
mv vff.o /d0library/tmp/d0librar/userlib/1214848/unix/a6/vff.o ;\
)
(cd /d0library/scratch;\
cc -c -o32 -dollar -G 0 -DD0FLAVOR=SIUNIX -woff 1172 -Wl,-LD_MSG:off=84 -I/d0library/scratch/test/unix/source -I/d0library/unix/source -I/d0library/test/c_inc -I/d0library/c_inc -O2 /d0library/unix/source/vfl.c ;\
mv vfl.o /d0library/tmp/d0librar/userlib/1214848/unix/a6/vfl.o ;\
)
(cd /d0library/scratch;\
cc -c -o32 -dollar -G 0 -DD0FLAVOR=SIUNIX -woff 1172 -Wl,-LD_MSG:off=84 -I/d0library/scratch/test/unix/source -I/d0library/unix/source -I/d0library/test/c_inc -I/d0library/c_inc -O2 /d0library/unix/source/vfn.c ;\
mv vfn.o /d0library/tmp/d0librar/userlib/1214848/unix/a6/vfn.o ;\
)
(cd /d0library/scratch;\
f77 -c -o32 -nocpp -static -col72 -backslash -G 0 -Wl,-LD_MSG:off=84 -O2 /d0library/unix/source/vms_to_unix_time.f ;\
mv vms_to_unix_time.o /d0library/tmp/d0librar/userlib/1214848/unix/a6/vms_ttime747.o ;\
)
(cd /d0library/scratch;\
cc -c -o32 -dollar -DD0FLAVOR=SIUNIX -woff 1167,1172,1116,1110 -Wl,-LD_MSG:off=84 -I/d0library/scratch/test/unix/source -I/d0library/unix/source -I/d0library/test/c_inc -I/d0library/c_inc -O2 /d0library/unix/source/vmstounix.c ;\
mv vmstounix.o /d0library/tmp/d0librar/userlib/1214848/unix/a1/vmstounix.o ;\
)
(cd /d0library/scratch;\
cc -c -o32 -dollar -G 0 -DD0FLAVOR=SIUNIX -woff 1172 -Wl,-LD_MSG:off=84 -I/d0library/scratch/test/unix/source -I/d0library/unix/source -I/d0library/test/c_inc -I/d0library/c_inc -O2 /d0library/unix/source/vxinvb.c ;\
mv vxinvb.o /d0library/tmp/d0librar/userlib/1214848/unix/a6/vxinvb.o ;\
)
(cd /d0library/scratch;\
cc -c -o32 -dollar -G 0 -DD0FLAVOR=SIUNIX -woff 1172 -Wl,-LD_MSG:off=84 -I/d0library/scratch/test/unix/source -I/d0library/unix/source -I/d0library/test/c_inc -I/d0library/c_inc -O2 /d0library/unix/source/wscrl.c ;\
mv wscrl.o /d0library/tmp/d0librar/userlib/1214848/unix/a6/wscrl.o ;\
)
ar crsl /d0library/scratch/test/unix/unix.a `ls /d0library/tmp/d0librar/userlib/1214848/unix/a1/*.o 2> /dev/null`
ar crsl /d0library/scratch/test/unix/unix.a `ls /d0library/tmp/d0librar/userlib/1214848/unix/a2/*.o 2> /dev/null`
ar crsl /d0library/scratch/test/unix/unix.a `ls /d0library/tmp/d0librar/userlib/1214848/unix/a3/*.o 2> /dev/null`
ar crsl /d0library/scratch/test/unix/unix.a `ls /d0library/tmp/d0librar/userlib/1214848/unix/a4/*.o 2> /dev/null`
ar crsl /d0library/scratch/test/unix/unix.a `ls /d0library/tmp/d0librar/userlib/1214848/unix/a5/*.o 2> /dev/null`
ar crsl /d0library/scratch/test/unix/unix.a `ls /d0library/tmp/d0librar/userlib/1214848/unix/a6/*.o 2> /dev/null`
rmdirp /d0library/tmp/d0librar/userlib/1214848/unix
unix.a is up to date

Building main program libraries


Building executables:


Building main program c_depend
cc -o c_depend -o32 -dollar -DD0FLAVOR=SIUNIX -woff 1167,1172,1116,1110 -Wl,-LD_MSG:off=84 c_depend.o -ll /d0library/scratch/test/unix/unix.a -lcurses

Building main program check_exec
cc -o check_exec -o32 -dollar -G 0 -DD0FLAVOR=SIUNIX -woff 1172 -Wl,-LD_MSG:off=84 check_exec.o /d0library/scratch/test/unix/unix.a -lcurses

Building main program d0echo
cc -o d0echo -o32 -dollar -G 0 -DD0FLAVOR=SIUNIX -woff 1172 -Wl,-LD_MSG:off=84 d0echo.o /d0library/scratch/test/unix/unix.a -lcurses

Building main program d0rexec
cc -o d0rexec -o32 -dollar -G 0 -DD0FLAVOR=SIUNIX -woff 1172 -Wl,-LD_MSG:off=84 d0rexec.o /d0library/scratch/test/unix/unix.a -lcurses

Building main program d0rl
cc -o d0rl -o32 -dollar -G 0 -DD0FLAVOR=SIUNIX -woff 1172 -Wl,-LD_MSG:off=84 d0rl.o /d0library/scratch/test/unix/unix.a -lcurses

Building main program f_depend
cc -o f_depend -o32 -dollar -DD0FLAVOR=SIUNIX -woff 1167,1172,1116,1110 -Wl,-LD_MSG:off=84 f_depend.o -ll /d0library/scratch/test/unix/unix.a -lcurses

Building main program fa
cc -o fa -o32 -dollar -G 0 -DD0FLAVOR=SIUNIX -woff 1172 -Wl,-LD_MSG:off=84 fa.o /d0library/scratch/test/unix/unix.a -lcurses

Building main program ff
cc -o ff -o32 -dollar -G 0 -DD0FLAVOR=SIUNIX -woff 1172 -Wl,-LD_MSG:off=84 ff.o /d0library/scratch/test/unix/unix.a -lcurses

Building main program fl
cc -o fl -o32 -dollar -G 0 -DD0FLAVOR=SIUNIX -woff 1172 -Wl,-LD_MSG:off=84 fl.o /d0library/scratch/test/unix/unix.a -lcurses

Building main program fn
cc -o fn -o32 -dollar -G 0 -DD0FLAVOR=SIUNIX -woff 1172 -Wl,-LD_MSG:off=84 fn.o /d0library/scratch/test/unix/unix.a -lcurses

Building main program for_depend
cc -o for_depend -o32 -dollar -DD0FLAVOR=SIUNIX -woff 1167,1172,1116,1110 -Wl,-LD_MSG:off=84 for_depend.o -ll /d0library/scratch/test/unix/unix.a -lcurses

Building main program make__rcp701
cc -o make__rcp701 -o32 -dollar -G 0 -DD0FLAVOR=SIUNIX -woff 1172 -Wl,-LD_MSG:off=84 make__rcp701.o /d0library/scratch/test/unix/unix.a -lcurses

Building main program stdintosock
cc -o stdintosock -o32 -dollar -G 0 -DD0FLAVOR=SIUNIX -woff 1172 -Wl,-LD_MSG:off=84 stdintosock.o /d0library/scratch/test/unix/unix.a -lcurses

Building main program tasteofd0
cc -o tasteofd0 -o32 -dollar -DD0FLAVOR=SIUNIX -woff 1167,1172,1116,1110 -Wl,-LD_MSG:off=84 tasteofd0.o -ll /d0library/scratch/test/unix/unix.a -lcurses

Building main program vfa
cc -o vfa -o32 -dollar -G 0 -DD0FLAVOR=SIUNIX -woff 1172 -Wl,-LD_MSG:off=84 vfa.o /d0library/scratch/test/unix/unix.a -lcurses

Building main program vff
cc -o vff -o32 -dollar -G 0 -DD0FLAVOR=SIUNIX -woff 1172 -Wl,-LD_MSG:off=84 vff.o /d0library/scratch/test/unix/unix.a -lcurses

Building main program vfl
cc -o vfl -o32 -dollar -G 0 -DD0FLAVOR=SIUNIX -woff 1172 -Wl,-LD_MSG:off=84 vfl.o /d0library/scratch/test/unix/unix.a -lcurses

Building main program vfn
cc -o vfn -o32 -dollar -G 0 -DD0FLAVOR=SIUNIX -woff 1172 -Wl,-LD_MSG:off=84 vfn.o /d0library/scratch/test/unix/unix.a -lcurses

Building main program vmstounix
cc -o vmstounix -o32 -dollar -DD0FLAVOR=SIUNIX -woff 1167,1172,1116,1110 -Wl,-LD_MSG:off=84 vmstounix.o -ll /d0library/scratch/test/unix/unix.a -lcurses
mv -f make__rcp701 make_copy_fz_rcp
Deleting old contents of library.
Moving files from scratch to test area.
