
CC_DISTS             D0$LEVEL1$ROOT:[SOURCE]CC_DISTS.FOR
DUMPV                D0$LEVEL1$ROOT:[SOURCE]DUMPV.FOR
FINAL_STATS          D0$LEVEL1$ROOT:[SOURCE]L1BIT_COUNTERS.FOR
FIND_SAMCEN_IND      D0$LEVEL1$ROOT:[SOURCE]FIND_SAMCEN_IND.FOR
GDSP_FILL_DATA_BLOCK D0$LEVEL1$ROOT:[SOURCE]GDSP_FILL_DATA_BLOCK.FOR
GDSP_GET_CANDS       D0$LEVEL1$ROOT:[SOURCE]GDSP_GET_CANDS.FOR
GDSP_TOOL_NCAND_CUT  D0$LEVEL1$ROOT:[SOURCE]GDSP_TOOL_NCAND_CUT.FOR
HARD_FILL_L1         D0$LEVEL1$ROOT:[SOURCE]HARD_FILL_L1.FOR
HARD_INFO            D0$LEVEL1$ROOT:[SOURCE]HARD_INFO.FOR
HS_COMPARE           D0$LEVEL1$ROOT:[SOURCE]HS_COMPARE.FOR
ISAINFO              D0$LEVEL1$ROOT:[SOURCE]ISAINFO.FOR
ISA_FILL_L1          D0$LEVEL1$ROOT:[SOURCE]ISAINFO.FOR
L15CALDBB_DATA_BLOCK D0$LEVEL1$ROOT:[SOURCE]L15CALDBB_DATA_BLOCK_BUILDER.FOR
L15CAL_EM_SIM        D0$LEVEL1$ROOT:[SOURCE]L15CAL_EM_SIM.FOR
L15COOR_FRAME_CODE_I D0$LEVEL1$ROOT:[SOURCE]L15COOR_FRAME_CODE_INIT.FOR
L15COOR_STVSTM_INIT  D0$LEVEL1$ROOT:[SOURCE]L15COOR_STVSTM_INIT.FOR
L15COOR_TOOL_INIT    D0$LEVEL1$ROOT:[SOURCE]L15COOR_TOOL_INIT.FOR
L15C_DEBUG_TYPE_FW   D0$LEVEL1$ROOT:[SOURCE]L15C_DEBUG_TYPE_FW.FOR
L15C_FILL_DEBUG_SECT D0$LEVEL1$ROOT:[SOURCE]L15C_FILL_DEBUG_SECTION.FOR
L15C_FILL_DEBUG_T0   D0$LEVEL1$ROOT:[SOURCE]L15C_FILL_DEBUG_T0.FOR
L15C_FILL_DEBUG_T1   D0$LEVEL1$ROOT:[SOURCE]L15C_FILL_DEBUG_T0.FOR
L15C_FILL_DEBUG_T2   D0$LEVEL1$ROOT:[SOURCE]L15C_FILL_DEBUG_T0.FOR
L15C_FILL_DEBUG_T3   D0$LEVEL1$ROOT:[SOURCE]L15C_FILL_DEBUG_T0.FOR
L15C_FILL_DEBUG_T4   D0$LEVEL1$ROOT:[SOURCE]L15C_FILL_DEBUG_T0.FOR
L15C_FILL_FRAME_CODE D0$LEVEL1$ROOT:[SOURCE]L15C_FILL_FRAME_CODE_BLOCK.FOR
L15C_FILL_FRAME_PARA D0$LEVEL1$ROOT:[SOURCE]L15C_FILL_FRAME_PARAM_BLOCK.FOR
L15C_FILL_TOOL_PARAM D0$LEVEL1$ROOT:[SOURCE]L15C_FILL_TOOL_PARAM_BLOCK.FOR
L15C_GET_ENERGIES    D0$LEVEL1$ROOT:[SOURCE]L15C_GET_ENERGIES.FOR
L15_CAL_SIM          D0$LEVEL1$ROOT:[SOURCE]L15_CAL_SIM.FOR
L15_CAL_TERM_ON      D0$LEVEL1$ROOT:[SOURCE]L15_CAL_TERM_ON.FOR
L15_GLOBAL_DSP       D0$LEVEL1$ROOT:[SOURCE]L15_GLOBAL_DSP.FOR
L15_LOCAL_DSP        D0$LEVEL1$ROOT:[SOURCE]L15_LOCAL_DSP.FOR
L1BIT_COUNTERS       D0$LEVEL1$ROOT:[SOURCE]L1BIT_COUNTERS.FOR
L1COOR_BUILD_KEYWORD D0$LEVEL1$ROOT:[SOURCE]L1COOR_BUILD_KEYWORD.FOR
L1COOR_CUR_CHAR      D0$LEVEL1$ROOT:[SOURCE]L1COOR_NEXT_CHAR.FOR
L1COOR_GET_COMMAND_T D0$LEVEL1$ROOT:[SOURCE]L1COOR_GET_COMMAND_TYPE.FOR
L1COOR_GET_LIST      D0$LEVEL1$ROOT:[SOURCE]L1COOR_GET_LIST.FOR
L1COOR_GET_LIST_FLOA D0$LEVEL1$ROOT:[SOURCE]L1COOR_GET_LIST_FLOAT.FOR
L1COOR_GET_LIST_PARE D0$LEVEL1$ROOT:[SOURCE]L1COOR_GET_LIST_PAREN.FOR
L1COOR_INIT_CHAR     D0$LEVEL1$ROOT:[SOURCE]L1COOR_NEXT_CHAR.FOR
L1COOR_INIT_COMMAND_ D0$LEVEL1$ROOT:[SOURCE]L1COOR_GET_COMMAND_TYPE.FOR
L1COOR_INIT_KEYWORD_ D0$LEVEL1$ROOT:[SOURCE]L1COOR_BUILD_KEYWORD.FOR
L1COOR_NEXT_CHAR     D0$LEVEL1$ROOT:[SOURCE]L1COOR_NEXT_CHAR.FOR
L1COOR_REFSET_INIT   D0$LEVEL1$ROOT:[SOURCE]L1COOR_REFSET_INIT.FOR
L1COOR_REFSET_VERIFY D0$LEVEL1$ROOT:[SOURCE]L1COOR_REFSET_INIT.FOR
L1DBB_L15_SECTION    D0$LEVEL1$ROOT:[SOURCE]L1DBB_L15_SECTION.FOR
L1DMP_SP_TRIG_DEF    D0$LEVEL1$ROOT:[SOURCE]L1DMP_SP_TRIG_DEF.FOR
L1SIM                D0$LEVEL1$ROOT:[SOURCE]L1SIM.RCP;1                  
L1SIM                D0$LEVEL1$ROOT:[000000]L1SIM.RCP;1                         
L1SIM_EVENT          D0$LEVEL1$ROOT:[SOURCE]L1SIM_EVENT.FOR
L1_AND_L15_CONTROL_S D0$LEVEL1$ROOT:[SOURCE]L1_AND_L15_CONTROL_SSUM.FOR
L1_CALTRIG_DIALOG    D0$LEVEL1$ROOT:[SOURCE]L1_CALTRIG_DIALOG.FOR
L1_FRAMEWORK_SIM     D0$LEVEL1$ROOT:[SOURCE]L1_FRAMEWORK_SIM.FOR
L1_FW_AND_CT_PROGR   D0$LEVEL1$ROOT:[SOURCE]L1_FW_AND_CT_PROGR.FOR
L1_FW_AND_CT_RCP     D0$LEVEL1$ROOT:[SOURCE]L1_FW_AND_CT_RCP.FOR
L1_L15CAL_FILL       D0$LEVEL1$ROOT:[SOURCE]L1_L15CAL_FILL.FOR
L1_MUON_INIT         D0$LEVEL1$ROOT:[SOURCE]L1_MUON_INIT.FOR
L1_MUON_SIM          D0$LEVEL1$ROOT:[SOURCE]L1_MUON_SIM.FOR
LDSP_FILL_DATA_BLOCK D0$LEVEL1$ROOT:[SOURCE]LDSP_FILL_DATA_BLOCK.FOR
LDSP_GET_SUMS        D0$LEVEL1$ROOT:[SOURCE]LDSP_GET_SUMS.FOR
LDSP_GET_TOWERS      D0$LEVEL1$ROOT:[SOURCE]LDSP_GET_TOWERS.FOR
LDSP_TOOL_3X3        D0$LEVEL1$ROOT:[SOURCE]LDSP_TOOL_3X3.FOR
LDSP_TOOL_EM_ISO     D0$LEVEL1$ROOT:[SOURCE]LDSP_TOOL_EM_ISO.FOR
MUSIM                D0$LEVEL1$ROOT:[SOURCE]MUSIM.RCP;1                  
MUSIM                D0$LEVEL1$ROOT:[000000]MUSIM.RCP;1                         
MUSIM_BOOK_L1        D0$LEVEL1$ROOT:[SOURCE]MUSIM_BOOK_L1.FOR
MUSIM_BOOK_L15       D0$LEVEL1$ROOT:[SOURCE]MUSIM_BOOK_L15.FOR
MUSIM_EVENT          D0$LEVEL1$ROOT:[SOURCE]MUSIM_EVENT.FOR
MUSIM_FILL_L1        D0$LEVEL1$ROOT:[SOURCE]MUSIM_FILL_L1.FOR
MUSIM_FILL_L15       D0$LEVEL1$ROOT:[SOURCE]MUSIM_FILL_L15.FOR
MUSIM_INIT           D0$LEVEL1$ROOT:[SOURCE]MUSIM_INIT.FOR
MU_BOOK_CC           D0$LEVEL1$ROOT:[SOURCE]MU_BOOK_CC.FOR
MU_CCT_CF_BOT        D0$LEVEL1$ROOT:[SOURCE]MU_CCT_CF_BOT.FOR
MU_CCT_CF_TOP        D0$LEVEL1$ROOT:[SOURCE]MU_CCT_CF_TOP.FOR
MU_CCT_EF_BOT        D0$LEVEL1$ROOT:[SOURCE]MU_CCT_EF_BOT.FOR
MU_CCT_EF_TOP        D0$LEVEL1$ROOT:[SOURCE]MU_CCT_EF_TOP.FOR
MU_CCT_LATCH         D0$LEVEL1$ROOT:[SOURCE]MU_SUPERVISOR.FOR
MU_CHK_MAC_FLAGS     D0$LEVEL1$ROOT:[SOURCE]MU_CHK_MAC_FLAGS.FOR
MU_CHK_SMAC_FLAGS    D0$LEVEL1$ROOT:[SOURCE]MU_CHK_SMAC_FLAGS.FOR
MU_CHK_WMAC_FLAGS    D0$LEVEL1$ROOT:[SOURCE]MU_CHK_WMAC_FLAGS.FOR
MU_COOR_PARSE        D0$LEVEL1$ROOT:[SOURCE]MU_COOR_PARSE.FOR
MU_L15_PHYS_BITS     D0$LEVEL1$ROOT:[SOURCE]MU_SUP_L15.FOR
MU_L15_RAW_BITS      D0$LEVEL1$ROOT:[SOURCE]MU_SUP_L15.FOR
MU_L15_TABLES_1B     D0$LEVEL1$ROOT:[DATA]MU_L15_TABLES_1B.RCP;1         
MU_L15_TAB_INIT      D0$LEVEL1$ROOT:[SOURCE]MU_L15_TAB_INIT.FOR
MU_L15_TRIG_OCT      D0$LEVEL1$ROOT:[SOURCE]MU_TRIG_CRATE_L15.FOR
MU_L1BITS_TO_OCT     D0$LEVEL1$ROOT:[SOURCE]MU_L1BITS_TO_OCT.FOR
MU_L1_PHYS_BITS      D0$LEVEL1$ROOT:[SOURCE]MU_SUPERVISOR.FOR
MU_L1_RAW_BITS       D0$LEVEL1$ROOT:[SOURCE]MU_SUPERVISOR.FOR
MU_L1_TRIG_OCT       D0$LEVEL1$ROOT:[SOURCE]MU_SUPERVISOR.FOR
MU_OTC_CCTMAT_SET    D0$LEVEL1$ROOT:[SOURCE]MU_TRIG_CRATE_L15.FOR
MU_OTC_LUN_SET       D0$LEVEL1$ROOT:[SOURCE]MU_OTC_LOOKUP.FOR
MU_OTC_MGR           D0$LEVEL1$ROOT:[SOURCE]MU_OTC_MGR.FOR
MU_PROGR             D0$LEVEL1$ROOT:[SOURCE]MU_PROGR.FOR
MU_SAM_CCT           D0$LEVEL1$ROOT:[SOURCE]MU_SAM_CCT.FOR
MU_SAM_CCT_SUM       D0$LEVEL1$ROOT:[SOURCE]MU_SAM_CCT_SUM.FOR
MU_SAM_CCT_UUU       D0$LEVEL1$ROOT:[SOURCE]MU_SAM_CCT_UUU.FOR
MU_SAM_CCT_XXX       D0$LEVEL1$ROOT:[SOURCE]MU_SAM_CCT_XXX.FOR
MU_SAM_CCT_XYU       D0$LEVEL1$ROOT:[SOURCE]MU_SAM_CCT_XYU.FOR
MU_SAM_CCT_YYY       D0$LEVEL1$ROOT:[SOURCE]MU_SAM_CCT_YYY.FOR
MU_SAM_WAM_CCT       D0$LEVEL1$ROOT:[SOURCE]MU_SAM_WAM_CCT.FOR
MU_SUPERVISOR        D0$LEVEL1$ROOT:[SOURCE]MU_SUPERVISOR.FOR
MU_SUP_L1            D0$LEVEL1$ROOT:[SOURCE]MU_SUP_L1.FOR
MU_SWCCT_BOT         D0$LEVEL1$ROOT:[SOURCE]MU_SWCCT_BOT.FOR
MU_SWCCT_SSW         D0$LEVEL1$ROOT:[SOURCE]MU_SAM_WAM_CCT.FOR
MU_SWCCT_TOP         D0$LEVEL1$ROOT:[SOURCE]MU_SWCCT_TOP.FOR
MU_TRIG_CRATE_L1     D0$LEVEL1$ROOT:[SOURCE]MU_TRIG_CRATE_L1.FOR
MU_TRIG_DATA         D0$LEVEL1$ROOT:[SOURCE]MU_SUP_L15.FOR
MU_TRIG_MON          D0$LEVEL1$ROOT:[SOURCE]MU_TRIG_MON.FOR
MU_TRIG_REGION       D0$LEVEL1$ROOT:[SOURCE]MU_TRIG_REGION.FOR
MU_TRIG_REG_MASK     D0$LEVEL1$ROOT:[SOURCE]MU_SUPERVISOR.FOR
MU_TRIG_SECT         D0$LEVEL1$ROOT:[SOURCE]MU_TRIG_SECT.FOR
MU_WAM_CCT           D0$LEVEL1$ROOT:[SOURCE]MU_WAM_CCT.FOR
SAMCEN_CHSEL         D0$LEVEL1$ROOT:[SOURCE]SAMCEN_CHSEL.FOR
SAMCEN_CONSEC        D0$LEVEL1$ROOT:[SOURCE]SAMCEN_CONSEC.FOR
SAMCEN_CONSEC_LUN_SE D0$LEVEL1$ROOT:[SOURCE]SAMCEN_CONSEC.FOR
SIM_FILL_L1          D0$LEVEL1$ROOT:[SOURCE]SIM_FILL_L1.FOR
SKIP_EVENT           D0$LEVEL1$ROOT:[SOURCE]MU_SUP_L1.FOR
TRGR.FOR             D0$LEVEL1$ROOT:[SOURCE]SIM_FILL_L1.FOR
