*** /d0library/admin/tmp/d0librar/error_filter/26548/non_error.log	Sat Jul 12 03:58:48 1997
--- /d0library/admin/tmp/d0librar/error_filter/26548/error.log	Sat Jul 12 03:58:48 1997
***************
*** 2015,2020 ****
--- 2015,2021 ----
  
  
  
+ /usr/lib/ar: Warning:ignoring second definition of checksum32_ defined in archive
  
  
  
***************
*** 2029,2034 ****
--- 2030,2036 ----
  
  
  
+ /usr/lib/ar: Warning:ignoring second definition of checksum32_ defined in archive
  
  
  
***************
*** 2043,2048 ****
--- 2045,2051 ----
  
  
  
+ /usr/lib/ar: Warning:ignoring second definition of checksum32_ defined in archive
  
  
  
***************
*** 2057,2062 ****
--- 2060,2066 ----
  
  
  
+ /usr/lib/ar: Warning:ignoring second definition of checksum32_ defined in archive
  
  
  
***************
*** 2071,2076 ****
--- 2075,2081 ----
  
  
  
+ /usr/lib/ar: Warning:ignoring second definition of checksum32_ defined in archive
  
  
  
***************
*** 2085,2090 ****
--- 2090,2096 ----
  
  
  
+ /usr/lib/ar: Warning:ignoring second definition of checksum32_ defined in archive
  
  
  
***************
*** 2099,2104 ****
--- 2105,2111 ----
  
  
  
+ /usr/lib/ar: Warning:ignoring second definition of checksum32_ defined in archive
  
  
  
***************
*** 2113,2118 ****
--- 2120,2126 ----
  
  
  
+ /usr/lib/ar: Warning:ignoring second definition of checksum32_ defined in archive
  
  
  
***************
*** 2127,2132 ****
--- 2135,2141 ----
  
  
  
+ /usr/lib/ar: Warning:ignoring second definition of checksum32_ defined in archive
  
  Copying modules from deb_srcp_util.a into /d0library/general/deb_general.a
  
***************
*** 2142,2147 ****
--- 2151,2157 ----
  
  
  
+ /usr/lib/ar: Warning:ignoring second definition of checksum32_ defined in archive
  
  
  
***************
*** 2156,2161 ****
--- 2166,2172 ----
  
  
  
+ /usr/lib/ar: Warning:ignoring second definition of checksum32_ defined in archive
  
  
  
***************
*** 2170,2175 ****
--- 2181,2187 ----
  
  
  
+ /usr/lib/ar: Warning:ignoring second definition of checksum32_ defined in archive
  
  
  
***************
*** 2184,2189 ****
--- 2196,2202 ----
  
  
  
+ /usr/lib/ar: Warning:ignoring second definition of checksum32_ defined in archive
  
  
  
***************
*** 2198,2203 ****
--- 2211,2217 ----
  
  
  
+ /usr/lib/ar: Warning:ignoring second definition of checksum32_ defined in archive
  
  
  
***************
*** 2212,2217 ****
--- 2226,2232 ----
  
  
  
+ /usr/lib/ar: Warning:ignoring second definition of checksum32_ defined in archive
  
  
  
***************
*** 2226,2231 ****
--- 2241,2247 ----
  
  
  
+ /usr/lib/ar: Warning:ignoring second definition of checksum32_ defined in archive
  
  
  
***************
*** 2240,2245 ****
--- 2256,2262 ----
  
  
  
+ /usr/lib/ar: Warning:ignoring second definition of checksum32_ defined in archive
  
  
  
***************
*** 2254,2259 ****
--- 2271,2277 ----
  
  
  
+ /usr/lib/ar: Warning:ignoring second definition of checksum32_ defined in archive
  
  ff: file not found: /d0library/test/unix/lib/srcp_util_release /d0library/unix/lib/srcp_util_release /d0library/scratch/srcp_util/srcp_util_release
  Deleting old contents of library.
