ACCESS_MANUAL        D0$DOCS$ROOT:[000000]ACCESS_MANUAL.TXT;1                   
ADC_DATA_FORMAT      D0$DOCS$ROOT:[000000]ADC_DATA_FORMAT.DOC;1                 
ASPIRIN              D0$DOCS$ROOT:[000000]ASPIRIN.DOC;1                         
BUILDER_INTERFACES   D0$DOCS$ROOT:[000000]BUILDER_INTERFACES.DOC;1              
CALORIMETER_ADDRESSING D0$DOCS$ROOT:[000000]CALORIMETER_ADDRESSING.RNO;1          
CALOR_UTIL           D0$DOCS$ROOT:[000000]CALOR_UTIL.DOC;1                      
CERNLIB_REL          D0$DOCS$ROOT:[000000]CERNLIB_REL.RNO;1                     
CLIST                D0$DOCS$ROOT:[000000]CLIST.DOC;1                           
CMS_INTERFACE        D0$DOCS$ROOT:[000000]CMS_INTERFACE.DOC;1                   
CMS_INTERFACE_PRIMER D0$DOCS$ROOT:[000000]CMS_INTERFACE_PRIMER.DOC;1            
CMS_USER             D0$DOCS$ROOT:[000000]CMS_USER.DOC;1                        
COOR_SYSTEM          D0$DOCS$ROOT:[000000]COOR_SYSTEM.DOC;1                     
CREATING_A_D0LIBRARY D0$DOCS$ROOT:[000000]CREATING_A_D0LIBRARY.RNO;1            
CZAR_MANUAL          D0$DOCS$ROOT:[000000]CZAR_MANUAL.RNO;1                     
D0LIBRARY            D0$DOCS$ROOT:[000000]D0LIBRARY.DOC;1                       
D0_DATA_FORMAT       D0$DOCS$ROOT:[000000]D0_DATA_FORMAT.DOC;1                  
D0_ZEBRA_GUIDE       D0$DOCS$ROOT:[000000]D0_ZEBRA_GUIDE.DOC;1                  
DBANK                D0$DOCS$ROOT:[000000]DBANK.DOC;1                           
DECW_REMOTE          D0$DOCS$ROOT:[000000]DECW_REMOTE.DOC;1                     
DEFAULT              D0$DOCS$ROOT:[000000]DEFAULT.DOC;1                         
DI3000_GUIDE         D0$DOCS$ROOT:[000000]DI3000_GUIDE.DOC;1                    
DISK_USAGE           D0$DOCS$ROOT:[000000]DISK_USAGE.DOC;1                      
DOCUMENTS            D0$DOCS$ROOT:[000000]DOCUMENTS.DOC;1                       
DST_GUIDE            D0$DOCS$ROOT:[000000]DST_GUIDE.DOC;1                       
FAST_HBOOK           D0$DOCS$ROOT:[000000]FAST_HBOOK.DOC;1                      
GAMMA_RELEASE        D0$DOCS$ROOT:[000000]GAMMA_RELEASE.DOC;1                   
GRAPHICS_GUIDE       D0$DOCS$ROOT:[000000]GRAPHICS_GUIDE.DOC;1                  
GZXXXX_EXAMPLE       D0$DOCS$ROOT:[000000]GZXXXX_EXAMPLE.DOC;1                  
HDB_NAME_SUBSYS_PATH D0$DOCS$ROOT:[000000]HDB_NAME_SUBSYS_PATH.RNO;1            
IMU_MANUAL           D0$DOCS$ROOT:[000000]IMU_MANUAL.TXT;1                      
INDEX                D0$DOCS$ROOT:[000000]INDEX.DOC;1                           
ISAJET_IDENTS        D0$DOCS$ROOT:[000000]ISAJET_IDENTS.RNO;1                   
L2TOOLS              D0$DOCS$ROOT:[000000]L2TOOLS.DOC;1                         
LEVEL2_MANUAL        D0$DOCS$ROOT:[000000]LEVEL2_MANUAL.RNO;1                   
LIBRARY_RULES        D0$DOCS$ROOT:[000000]LIBRARY_RULES.DOC;1                   
LIBTEST              D0$DOCS$ROOT:[000000]LIBTEST.DOC;1                         
LOCAL_CMS            D0$DOCS$ROOT:[000000]LOCAL_CMS.RNO;1                       
MICRO_DST            D0$DOCS$ROOT:[000000]MICRO_DST.DOC;1                       
MUON_ZEBRA_UTIL      D0$DOCS$ROOT:[000000]MUON_ZEBRA_UTIL.DOC;1                 
MU_SMEAR             D0$DOCS$ROOT:[000000]MU_SMEAR.DOC;1                        
NEW_USER             D0$DOCS$ROOT:[000000]NEW_USER.DOC;1                        
NTUPLE               D0$DOCS$ROOT:[000000]NTUPLE.DOC;1                          
OFFLINE_STANDARDS    D0$DOCS$ROOT:[000000]OFFLINE_STANDARDS.DOC;1               
PAW_BEGINNERS_GUIDE  D0$DOCS$ROOT:[000000]PAW_BEGINNERS_GUIDE.DOC;1             
PRODUCTION_PASS      D0$DOCS$ROOT:[000000]PRODUCTION_PASS.DOC;1                 
PROGRAM_BUILDER      D0$DOCS$ROOT:[000000]PROGRAM_BUILDER.DOC;1                 
PROTOCOL             D0$DOCS$ROOT:[000000]PROTOCOL.RNO;1                        
PRXXXX_EXAMPLE       D0$DOCS$ROOT:[000000]PRXXXX_EXAMPLE.DOC;1                  
RECONSTRUCTION_HOOKS D0$DOCS$ROOT:[000000]RECONSTRUCTION_HOOKS.DOC;1            
RELEASE_FILE         D0$DOCS$ROOT:[000000]RELEASE_FILE.DOC;1                    
RELEASE_NOTES        D0$DOCS$ROOT:[000000]RELEASE_NOTES.DOC;1                   
SOFTWARE_TOOLS       D0$DOCS$ROOT:[000000]SOFTWARE_TOOLS.DOC;1                  
SORTING_UTILITIES    D0$DOCS$ROOT:[000000]SORTING_UTILITIES.MEM;1               
SRCP_OFFLINE_GUIDELINE D0$DOCS$ROOT:[000000]SRCP_OFFLINE_GUIDELINE.DOC;1          
STRINGS_MANUAL       D0$DOCS$ROOT:[000000]STRINGS_MANUAL.RNO;1                  
STRUCTURE_CHARTS     D0$DOCS$ROOT:[000000]STRUCTURE_CHARTS.DOC;1                
SUBSYS_PATH          D0$DOCS$ROOT:[000000]SUBSYS_PATH.RNO;1                     
TKR_MSG_FORMATS      D0$DOCS$ROOT:[000000]TKR_MSG_FORMATS.RNO;1                 
USER_LIST            D0$DOCS$ROOT:[000000]USER_LIST.TXT;1                       
ZBANK                D0$DOCS$ROOT:[000000]ZBANK.DOC;1                           
ZEBRA_REL            D0$DOCS$ROOT:[000000]ZEBRA_REL.RNO;1                       
ZEBRA_RULES          D0$DOCS$ROOT:[000000]ZEBRA_RULES.RNO;1                     
