
                                                                 2-Feb-1993 15:30:43	VAX FORTRAN V5.7-133                Page   1
                                                                15-Jan-1993 12:38:36	PASS_RELEASE.FOR;1                          

00001    ! DUMMY routine compiled as empty OBJ for concatenation during EXE building


COMMAND QUALIFIERS

  FORT/NOOPT/DEBUG/OBJ=DEB_PASS_RELEASE.OBJ PASS_RELEASE.FOR

  /CHECK=(NOBOUNDS,OVERFLOW,NOUNDERFLOW)
  /DEBUG=(SYMBOLS,TRACEBACK)
  /DESIGN=(NOCOMMENTS,NOPLACEHOLDERS)
  /SHOW=(NODICTIONARY,NOINCLUDE,MAP,NOPREPROCESSOR,SINGLE)
  /STANDARD=(NOSEMANTIC,NOSOURCE_FORM,NOSYNTAX)
  /WARNINGS=(NODECLARATIONS,GENERAL,NOULTRIX,NOVAXELN)
  /CONTINUATIONS=19  /NOCROSS_REFERENCE  /NOD_LINES  /NOEXTEND_SOURCE
  /F77  /NOG_FLOATING  /I4  /NOMACHINE_CODE  /NOOPTIMIZE  /NOPARALLEL
  /NOANALYSIS_DATA
  /NODIAGNOSTICS
  /LIST=D0GSLB$DKB0:[D0LIBRARY.BUILD_RELEASE.LEVEL2.L2SIM]PASS_RELEASE.LIS;2                                
  /OBJECT=D0GSLB$DKB0:[D0LIBRARY.BUILD_RELEASE.LEVEL2.L2SIM]DEB_PASS_RELEASE.OBJ;1                            


COMPILATION STATISTICS

  Run Time:           0.13 seconds
  Elapsed Time:       0.81 seconds
  Page Faults:        139
  Dynamic Memory:     424 pages
