
                                                                21-Sep-1993 17:21:51	VAX FORTRAN V5.7-133                Page   1
                                                                29-Jul-1993 15:30:09	VMS_FILTER_HSTRFL.FOR;1                     

00001    C-                                                                              
00002    C-                                                                              
00003    C-    Created by the PROGRAM BUILDER                                            
00004    C-    29-JUL-93 15:30:09                                                        
00005    C-                                                                              
00006    C-                                                                              
00007    C-                                                                              
00008          SUBROUTINE HSTRFL                                                         
00009    C----------------------------------------------------------------------         
00010    C-                                                                              
00011    C-   Purpose and Methods :                                                      
00012    C-      This is a DUMMY in ZEBRA_UTIL                                           
00013    C-      For production programs HSTRFL is build by PROGRAM_BUILDER              
00014    C-                                                                              
00015    C-   Created   3-NOV-1988   Serban D. Protopopescu                              
00016    C-                                                                              
00017    C----------------------------------------------------------------------         
00018          IMPLICIT NONE                                                             
00019          INCLUDE 'D0$INC:ZEBCOM.INC'                                               
00052          INTEGER LHSTR                                                             
00053          INTEGER CREATION_TIME,OFTIM,PRODID,VERSION,PASS                           
00054          CHARACTER*40 PROGRAM_NAME                                                 
00055          CHARACTER*8 CREATION_SITE                                                 
00056          CHARACTER*8 PROCESSING_SITE                                               
00057          CHARACTER*8 GTSITE                                                        
00058          PARAMETER( CREATION_TIME = 112807809 )                                    
00059          PARAMETER( PRODID = 2 )                                                   
00060          PARAMETER( VERSION = 5 )                                                  
00061          PARAMETER( PASS = 0 )                                                     
00062          PARAMETER( PROGRAM_NAME = 'VMS_FILTER_HSTRFL' )                           
00063          PARAMETER( CREATION_SITE = 'D0SB15' )                                     
00064          INTEGER OFFTIM                                                            
00065          EXTERNAL OFFTIM,GTSITE                                                    
00066    C----------------------------------------------------------------------         
00067    C                                                                               
00068          CALL BKHSTR(LHSTR)                                                        
00069          IQ(LHSTR+1)=1                                                             
00070          IQ(LHSTR+2)=PRODID                                                        
00071          IQ(LHSTR+3)=VERSION                                                       
00072          IQ(LHSTR+4)=PASS                                                          
00073          IQ(LHSTR+5)=CREATION_TIME                                                 
00074          IQ(LHSTR+6)=OFFTIM()                                                      
00075          CALL UCTOH(PROGRAM_NAME,Q(LHSTR+7),40,40)                                 
00076          CALL UCTOH(CREATION_SITE,Q(LHSTR+17),8,8)                                 
00077          PROCESSING_SITE = GTSITE()                                                
00078          CALL UCTOH(PROCESSING_SITE,Q(LHSTR+19),8,8)                               
00079      999 RETURN                                                                    
00080          END                                                                       

HSTRFL                                                          21-Sep-1993 17:21:51	VAX FORTRAN V5.7-133                Page   2
01                                                              29-Jul-1993 15:30:09	VMS_FILTER_HSTRFL.FOR;1                     

PROGRAM SECTIONS

    Name				 Bytes   Attributes

  0 $CODE                                  171   PIC CON REL LCL   SHR   EXE   RD NOWRT QUAD
  1 $PDATA                                  58   PIC CON REL LCL   SHR NOEXE   RD NOWRT QUAD
  2 $LOCAL                                 136   PIC CON REL LCL NOSHR NOEXE   RD   WRT QUAD
  3 ZEBCOM                              800092   PIC OVR REL GBL   SHR NOEXE   RD   WRT QUAD

    Total Space Allocated               800457


ENTRY POINTS

    Address  Type  Name          

  0-00000000       HSTRFL        


VARIABLES

    Address  Type  Name                                               Address  Type  Name                            

  3-000C3558  I*4  ENDZS                                            3-00000000  I*4  IXCOM                           
  3-00000008  I*4  IXDVR                                            3-00000004  I*4  IXMAIN                          
  3-0000002C  I*4  LHEAD                                            3-00000030  I*4  LHEADR                          
  2-00000008  I*4  LHSTR                                            2-0000000C  I*4  OFTIM                           
  2-00000000  CHAR PROCESSING_SITE                                


ARRAYS

    Address  Type  Name                Bytes  Dimensions

  3-0000000C  I*4  FENCE                  32  (8)
  3-0000004C  I*4  IQ                 800000  (200000)
  3-0000002C  I*4  LQ                 800000  (200000)
  3-00000034  I*4  LREF                   36  (9)
  3-0000004C  R*4  Q                  800000  (200000)
  3-00000058  I*4  ZSTOR              800000  (200000)




LABELS

    Address   Label   

  0-000000AA  999     

HSTRFL                                                          21-Sep-1993 17:21:51	VAX FORTRAN V5.7-133                Page   3
01                                                              29-Jul-1993 15:30:09	VMS_FILTER_HSTRFL.FOR;1                     

FUNCTIONS AND SUBROUTINES REFERENCED

  Type  Name            Type  Name            Type  Name            Type  Name          

        BKHSTR           CHAR GTSITE           I*4  OFFTIM                UCTOH         


COMMAND QUALIFIERS

  FORT/NOOPT/DEBUG/OBJ=DEB_VMS_FILTER_HSTRFL.OBJ VMS_FILTER_HSTRFL.FOR

  /CHECK=(NOBOUNDS,OVERFLOW,NOUNDERFLOW)
  /DEBUG=(SYMBOLS,TRACEBACK)
  /DESIGN=(NOCOMMENTS,NOPLACEHOLDERS)
  /SHOW=(NODICTIONARY,NOINCLUDE,MAP,NOPREPROCESSOR,SINGLE)
  /STANDARD=(NOSEMANTIC,NOSOURCE_FORM,NOSYNTAX)
  /WARNINGS=(NODECLARATIONS,GENERAL,NOULTRIX,NOVAXELN)
  /CONTINUATIONS=19  /NOCROSS_REFERENCE  /NOD_LINES  /NOEXTEND_SOURCE
  /F77  /NOG_FLOATING  /I4  /NOMACHINE_CODE  /NOOPTIMIZE  /NOPARALLEL
  /NOANALYSIS_DATA
  /NODIAGNOSTICS
  /LIST=D0GSLB$DKB0:[D0LIBRARY.BUILD_RELEASE.LEVEL2.L2SIM]VMS_FILTER_HSTRFL.LIS;2                           
  /OBJECT=D0GSLB$DKB0:[D0LIBRARY.BUILD_RELEASE.LEVEL2.L2SIM]DEB_VMS_FILTER_HSTRFL.OBJ;1                       


COMPILATION STATISTICS

  Run Time:           0.48 seconds
  Elapsed Time:       3.38 seconds
  Page Faults:        299
  Dynamic Memory:     476 pages
