
                                                                10-Aug-1994 09:31:09	VAX FORTRAN V5.7-133                Page   1
                                                                27-Apr-1994 10:58:57	VMS_FILTER_PARAMETERS.FOR;1                 

00001          SUBROUTINE FILTER_PARAMETERS(RUN_NUMBER,PARFLG)
00002    C----------------------------------------------------------------------
00003    C-
00004    C-   Purpose and Methods : Initialize Level-2 filter TOOLs at BEGIN RUN
00005    C-
00006    C-   Inputs  : RUN_NUMBER : Current run number
00007    C-             PARFLG : BYTE array of flags
00008    C-                      for new parameter sets to read
00009    C-   Outputs : None
00010    C-   Controls: None
00011    C-
00012    C-   Created   27-APR-94   by L2STATE
00013    C-
00014    C----------------------------------------------------------------------
00015          IMPLICIT NONE
00016          INTEGER RUN_NUMBER
00017          BYTE PARFLG(*)
00018    C----------------------------------------------------------------------
00019          CALL TOOL1_PARAMETERS(PARFLG(1))
00020          CALL L2_CONFIRM_L15_PARAMETERS(PARFLG(2))
00021          CALL L2JETS_PARAMETERS(PARFLG(10))
00022          CALL MUON_L2_PARAMETERS(PARFLG(12))
00023          CALL DNL_EVT_PASS_PARAMETERS(PARFLG(14))
00024          CALL L2_EM_PARAMETERS(PARFLG(17))
00025          CALL L2ETMISS_PARAMETERS(PARFLG(18))
00026          CALL L2ETSUM_PARAMETERS(PARFLG(19))
00027          CALL L2_PASS_FAIL_PARAMETERS(PARFLG(20))
00028          CALL L2_TEST_PARAMETERS(PARFLG(21))
00029          CALL L2SETUP_PARAMETERS(PARFLG(22))
00030          CALL L2_MIN_BIAS_PARAMETERS(PARFLG(25))
00031          CALL L2_PRESCALE_PARAMETERS(PARFLG(26))
00032          CALL L2_ETACUT_PARAMETERS(PARFLG(27))
00033          CALL L2TAU_PARAMETERS(PARFLG(28))
00034          CALL L2_MASSCUT_PARAMETERS(PARFLG(32))
00035          CALL L2_KEEP_CD_RAW_PARAMETERS(PARFLG(33))
00036          CALL L2_ACOL_JETS_PARAMETERS(PARFLG(34))
00037      999 RETURN
00038          END

FILTER_PARAMETERS                                               10-Aug-1994 09:31:09	VAX FORTRAN V5.7-133                Page   2
01                                                              27-Apr-1994 10:58:57	VMS_FILTER_PARAMETERS.FOR;1                 

PROGRAM SECTIONS

    Name				 Bytes   Attributes

  0 $CODE                                  268   PIC CON REL LCL   SHR   EXE   RD NOWRT QUAD
  2 $LOCAL                                 164   PIC CON REL LCL NOSHR NOEXE   RD   WRT QUAD

    Total Space Allocated                  432


ENTRY POINTS

    Address  Type  Name                            

  0-00000000       FILTER_PARAMETERS               


VARIABLES

    Address  Type  Name          

 AP-00000004@ I*4  RUN_NUMBER    


ARRAYS

    Address  Type  Name                Bytes  Dimensions

 AP-00000008@ L*1  PARFLG                 **  (*)


LABELS

    Address   Label   

      **      999     


FUNCTIONS AND SUBROUTINES REFERENCED

  Type  Name                              Type  Name                              Type  Name                            

        DNL_EVT_PASS_PARAMETERS                 L2ETMISS_PARAMETERS                     L2ETSUM_PARAMETERS              
        L2JETS_PARAMETERS                       L2SETUP_PARAMETERS                      L2TAU_PARAMETERS                
        L2_ACOL_JETS_PARAMETERS                 L2_CONFIRM_L15_PARAMETERS               L2_EM_PARAMETERS                
        L2_ETACUT_PARAMETERS                    L2_KEEP_CD_RAW_PARAMETERS               L2_MASSCUT_PARAMETERS           
        L2_MIN_BIAS_PARAMETERS                  L2_PASS_FAIL_PARAMETERS                 L2_PRESCALE_PARAMETERS          
        L2_TEST_PARAMETERS                      MUON_L2_PARAMETERS                      TOOL1_PARAMETERS                

FILTER_PARAMETERS                                               10-Aug-1994 09:31:09	VAX FORTRAN V5.7-133                Page   3
01                                                              27-Apr-1994 10:58:57	VMS_FILTER_PARAMETERS.FOR;1                 

COMMAND QUALIFIERS

  FORT VMS_FILTER_PARAMETERS.FOR

  /CHECK=(NOBOUNDS,OVERFLOW,NOUNDERFLOW)
  /DEBUG=(NOSYMBOLS,TRACEBACK)
  /DESIGN=(NOCOMMENTS,NOPLACEHOLDERS)
  /SHOW=(NODICTIONARY,NOINCLUDE,MAP,NOPREPROCESSOR,SINGLE)
  /STANDARD=(NOSEMANTIC,NOSOURCE_FORM,NOSYNTAX)
  /WARNINGS=(NODECLARATIONS,GENERAL,NOULTRIX,NOVAXELN)
  /CONTINUATIONS=19  /NOCROSS_REFERENCE  /NOD_LINES  /NOEXTEND_SOURCE
  /F77  /NOG_FLOATING  /I4  /NOMACHINE_CODE  /OPTIMIZE  /NOPARALLEL
  /NOANALYSIS_DATA
  /NODIAGNOSTICS
  /LIST=D0GSLB$DKA200:[D0LIBRARY.BUILD_RELEASE.LEVEL2.L2SIM]VMS_FILTER_PARAMETERS.LIS;1                     
  /OBJECT=D0GSLB$DKA200:[D0LIBRARY.BUILD_RELEASE.LEVEL2.L2SIM]VMS_FILTER_PARAMETERS.OBJ;1                     


COMPILATION STATISTICS

  Run Time:           0.10 seconds
  Elapsed Time:       1.67 seconds
  Page Faults:        287
  Dynamic Memory:     472 pages
