
                                                                10-Aug-1994 09:31:18	VAX FORTRAN V5.7-133                Page   1
                                                                27-Apr-1994 10:58:58	VMS_FILTER_STP.FOR;1                        

00001          PROGRAM VMS_FILTER_STP                                                  
00002    C----------------------------------------------------------------------
00003    C-
00004    C-   Purpose and Methods : Make up STP file for a Level-2 TYPE
00005    C-
00006    C-   Created   27-APR-94   by L2STATE
00007    C-
00008    C----------------------------------------------------------------------
00009          IMPLICIT NONE
00010          INCLUDE 'D0$INC:ZEBSTP.INC'
00077          INTEGER PFNUM,NBANK,LSL2H,GZSL2H
00078          LOGICAL ANS,OP_OK
00079          CHARACTER RCP_BANK(100)
00080    C----------------------------------------------------------------------
00081          CALL SETCOM
00082          CALL MZEBRA(0)
00083          CALL INZCOM(2)
00084          CALL INZSTP
00085          CALL BKSL2H(LSL2H)
00086          CALL ERRINI(0,.TRUE.) !one copy only
00087          CALL FILTER_STP_HISTORY
00088          CALL TOOL1_INIT
00089          CALL L2_CONFIRM_L15_INIT
00090          CALL L2JETS_INIT
00091          CALL MUON_L2_INIT
00092          CALL DNL_EVT_PASS_INIT
00093          CALL L2_EM_INIT
00094          CALL L2ETMISS_INIT
00095          CALL L2ETSUM_INIT
00096          CALL L2_PASS_FAIL_INIT
00097          CALL L2_TEST_INIT
00098          CALL L2SETUP_INIT
00099          CALL L2_MIN_BIAS_INIT
00100          CALL L2_PRESCALE_INIT
00101          CALL L2_ETACUT_INIT
00102          CALL L2TAU_INIT
00103          CALL L2_MASSCUT_INIT
00104          CALL L2_KEEP_CD_RAW_INIT
00105          CALL L2_ACOL_JETS_INIT
00106          CALL D0OPEN(12,'VMS_FILTER.STP','OU',OP_OK)
00107          IF(OP_OK) THEN
00108            CALL EZDIR(RCP_BANK,NBANK)
00109            CALL EZCHAIN(RCP_BANK,NBANK)
00110            CALL FZFILE(12,0,'O')
00111            LSL2H = GZSL2H()
00112            CALL FZOUT(12,IXSTP,LSL2H,1,' ',1,0,0)
00113            CALL FZENDO(12,'T')
00114            CLOSE(12)
00115            CALL DZSURV('LSTPH DOWNLOAD SURVEY',IXSTP,LSTPH)
00116          ENDIF
00117          END

VMS_FILTER_STP                                                  10-Aug-1994 09:31:18	VAX FORTRAN V5.7-133                Page   2
01                                                              27-Apr-1994 10:58:58	VMS_FILTER_STP.FOR;1                        

PROGRAM SECTIONS

    Name				 Bytes   Attributes

  0 $CODE                                  279   PIC CON REL LCL   SHR   EXE   RD NOWRT QUAD
  1 $PDATA                                  66   PIC CON REL LCL   SHR NOEXE   RD NOWRT QUAD
  2 $LOCAL                                 368   PIC CON REL LCL NOSHR NOEXE   RD   WRT QUAD
  3 ZEBSTP                              800484   PIC OVR REL GBL   SHR NOEXE   RD   WRT QUAD

    Total Space Allocated               801197


ENTRY POINTS

    Address  Type  Name                            

  0-00000000       VMS_FILTER_STP                  


VARIABLES

    Address  Type  Name              Address  Type  Name              Address  Type  Name              Address  Type  Name          

      **      L*4  ANS             3-000C36E0  I*4  ENDZC           3-00000004  I*4  IDVSTP          3-00000008  I*4  IDVSUM        
  3-00000000  I*4  IXSTP           3-000001B0  I*4  LCGEH           3-000001AC  I*4  LCGNH           3-000001A8  I*4  LCPDH         
  3-00000104  I*4  LDALH           3-00000100  I*4  LDGEH           3-000000F8  I*4  LDGNH           3-000000F4  I*4  LDPDH         
  3-000000FC  I*4  LDTMH           3-00000178  I*4  LFGEH           3-00000170  I*4  LFGNH           3-0000016C  I*4  LFPDH         
  3-00000174  I*4  LFTMH           3-0000004C  I*4  LLGEH           3-00000044  I*4  LLGNH           3-00000040  I*4  LLPDH         
  3-00000048  I*4  LLTMH           3-00000088  I*4  LMGEH           3-00000080  I*4  LMGNH           3-0000007C  I*4  LMPDH         
  3-00000084  I*4  LMTMH           3-000001A4  I*4  LSCAL           3-000000F0  I*4  LSCDC           3-00000168  I*4  LSFDC         
  2-00000068  I*4  LSL2H           3-0000003C  I*4  LSLV0           3-00000078  I*4  LSMUO           3-00000034  I*4  LSTPH         
  3-0000012C  I*4  LSTRD           3-000000B4  I*4  LSVTX           3-00000134  I*4  LTGAI           3-00000138  I*4  LTGEN         
  3-0000013C  I*4  LTGEO           3-00000130  I*4  LTPDH           3-000000C4  I*4  LVGEH           3-000000BC  I*4  LVGNH         
  3-000000B8  I*4  LVPDH           3-000000C0  I*4  LVTMH           3-00000038  I*4  LZSUM           2-00000064  I*4  NBANK         
  2-0000006C  L*4  OP_OK               **      I*4  PFNUM         


ARRAYS

    Address  Type  Name                Bytes  Dimensions

  3-00000054  R*4  C                  800000  (200000)
  3-0000000C  I*4  FENSTP                 40  (10)
  3-00000054  I*4  IC                 800000  (200000)
  3-00000034  I*4  LC                 800000  (200000)
  3-000001B4  I*4  LCA                    44  (11)
  3-00000108  I*4  LDC                    36  (9)
  3-0000017C  I*4  LFD                    40  (10)
  3-00000050  I*4  LLV                    40  (10)
  3-0000008C  I*4  LMU                    40  (10)
  3-00000140  I*4  LTR                    40  (10)
  3-000000C8  I*4  LVT                    40  (10)
  2-00000000  CHAR RCP_BANK              100  (100)
  3-000001E0  I*4  ZCONS              800000  (200000)

VMS_FILTER_STP                                                  10-Aug-1994 09:31:18	VAX FORTRAN V5.7-133                Page   3
01                                                              27-Apr-1994 10:58:58	VMS_FILTER_STP.FOR;1                        

FUNCTIONS AND SUBROUTINES REFERENCED

  Type  Name                              Type  Name                              Type  Name                            

        BKSL2H                                  D0OPEN                                  DNL_EVT_PASS_INIT               
        DZSURV                                  ERRINI                                  EZCHAIN                         
        EZDIR                                   FILTER_STP_HISTORY                      FZENDO                          
        FZFILE                                  FZOUT                              I*4  GZSL2H                          
        INZCOM                                  INZSTP                                  L2ETMISS_INIT                   
        L2ETSUM_INIT                            L2JETS_INIT                             L2SETUP_INIT                    
        L2TAU_INIT                              L2_ACOL_JETS_INIT                       L2_CONFIRM_L15_INIT             
        L2_EM_INIT                              L2_ETACUT_INIT                          L2_KEEP_CD_RAW_INIT             
        L2_MASSCUT_INIT                         L2_MIN_BIAS_INIT                        L2_PASS_FAIL_INIT               
        L2_PRESCALE_INIT                        L2_TEST_INIT                            MUON_L2_INIT                    
        MZEBRA                                  SETCOM                                  TOOL1_INIT                      


COMMAND QUALIFIERS

  FORT VMS_FILTER_STP.FOR

  /CHECK=(NOBOUNDS,OVERFLOW,NOUNDERFLOW)
  /DEBUG=(NOSYMBOLS,TRACEBACK)
  /DESIGN=(NOCOMMENTS,NOPLACEHOLDERS)
  /SHOW=(NODICTIONARY,NOINCLUDE,MAP,NOPREPROCESSOR,SINGLE)
  /STANDARD=(NOSEMANTIC,NOSOURCE_FORM,NOSYNTAX)
  /WARNINGS=(NODECLARATIONS,GENERAL,NOULTRIX,NOVAXELN)
  /CONTINUATIONS=19  /NOCROSS_REFERENCE  /NOD_LINES  /NOEXTEND_SOURCE
  /F77  /NOG_FLOATING  /I4  /NOMACHINE_CODE  /OPTIMIZE  /NOPARALLEL
  /NOANALYSIS_DATA
  /NODIAGNOSTICS
  /LIST=D0GSLB$DKA200:[D0LIBRARY.BUILD_RELEASE.LEVEL2.L2SIM]VMS_FILTER_STP.LIS;1                            
  /OBJECT=D0GSLB$DKA200:[D0LIBRARY.BUILD_RELEASE.LEVEL2.L2SIM]VMS_FILTER_STP.OBJ;1                            


COMPILATION STATISTICS

  Run Time:           0.09 seconds
  Elapsed Time:       1.59 seconds
  Page Faults:        352
  Dynamic Memory:     508 pages
