Getting list of VMS files and types
12 text files to fetch
Checking directories
Fetching text files
cd d0$disk:[d0library.c_inc]
lcd /d0lib/scratch/c_inc
ascii
get []000_c_inc_v1.01;1 000_c_inc_v1.01
get []cdc_rcp.h;1 cdc_rcp.h
get []cms_groups.list;1 cms_groups.list
get []entry_point_lib.lis;1 entry_point_lib.lis
get []fdc_rcp.h;1 fdc_rcp.h
get []smg.h;1 smg.h
get []smgdef.h;1 smgdef.h
get []table.h;1 table.h
get []trmdef.h;1 trmdef.h
get []unix.h;1 unix.h
get []v1.01-rel_notes;1 v1.01-rel_notes
get []zzip.h;1 zzip.h
Local directory now /d0lib/scratch/c_inc
Checking for executable shell scripts
0 menu files to fetch
0 fx files to fetch
0 fg files to fetch
0 fn files to fetch
0 rr files to fetch
0 rl files to fetch
0 re files to fetch
0 rz files to fetch
ff: file not found: /d0lib/unix/lib/c_inc_pre_release /d0lib/scratch/c_inc/c_inc_pre_release
Generating non-debug makefile
/d0lib/scratch/c_inc/c_inc.mms not found
Inserting version subroutines into libraries
ff: file not found: v*.for
ff: file not found: /d0lib/unix/lib/c_inc_release /d0lib/scratch/c_inc/c_inc_release
Deleting old contents of library.
Moving files from scratch to official area.
